#
# There is insufficient memory for the Java Runtime Environment to continue.
# Native memory allocation (mmap) failed to map 55574528 bytes for G1 virtual space
# Possible reasons:
#   The system is out of physical RAM or swap space
#   The process is running with CompressedOops enabled, and the Java Heap may be blocking the growth of the native heap
# Possible solutions:
#   Reduce memory load on the system
#   Increase physical memory or swap space
#   Check if swap backing store is full
#   Decrease Java heap size (-Xmx/-Xms)
#   Decrease number of Java threads
#   Decrease Java thread stack sizes (-Xss)
#   Set larger code cache with -XX:ReservedCodeCacheSize=
#   JVM is running with Unscaled Compressed Oops mode in which the Java heap is
#     placed in the first 4GB address space. The Java Heap base address is the
#     maximum limit for the native heap growth. Please use -XX:HeapBaseMinAddress
#     to set the Java Heap base and to place the Java Heap above 4GB virtual address.
# This output file may be truncated or incomplete.
#
#  Out of Memory Error (os_windows.cpp:3550), pid=32512, tid=28632
#
# JRE version: Java(TM) SE Runtime Environment (17.0.6+9) (build 17.0.6+9-LTS-190)
# Java VM: Java HotSpot(TM) 64-Bit Server VM (17.0.6+9-LTS-190, mixed mode, sharing, tiered, compressed oops, compressed class ptrs, g1 gc, windows-amd64)
# No core dump will be written. Minidumps are not enabled by default on client versions of Windows
#

---------------  S U M M A R Y ------------

Command Line: org.jetbrains.kotlin.cli.jvm.K2JVMCompiler @D:\Aplikasi_DBandeng\app\build\20231017_13515946981127132299.compiler.options

Host: Intel(R) Core(TM) i5-8250U CPU @ 1.60GHz, 8 cores, 7G,  Windows 11 , 64 bit Build 22621 (10.0.22621.2428)
Time: Tue Oct 17 14:04:50 2023 SE Asia Standard Time elapsed time: 8.778453 seconds (0d 0h 0m 8s)

---------------  T H R E A D  ---------------

Current thread (0x000001c624c7fb90):  VMThread "VM Thread" [stack: 0x000000b638900000,0x000000b638a00000] [id=28632]

Stack: [0x000000b638900000,0x000000b638a00000]
Native frames: (J=compiled Java code, j=interpreted, Vv=VM code, C=native code)
V  [jvm.dll+0x6734ea]
V  [jvm.dll+0x7d18f4]
V  [jvm.dll+0x7d309e]
V  [jvm.dll+0x7d3703]
V  [jvm.dll+0x2433c5]
V  [jvm.dll+0x6703f9]
V  [jvm.dll+0x664d32]
V  [jvm.dll+0x300086]
V  [jvm.dll+0x307606]
V  [jvm.dll+0x356c1e]
V  [jvm.dll+0x356e4f]
V  [jvm.dll+0x2d72e8]
V  [jvm.dll+0x2d57e5]
V  [jvm.dll+0x2d4dec]
V  [jvm.dll+0x31837b]
V  [jvm.dll+0x7d7f0b]
V  [jvm.dll+0x7d8c44]
V  [jvm.dll+0x7d915d]
V  [jvm.dll+0x7d9534]
V  [jvm.dll+0x7d9600]
V  [jvm.dll+0x781a7a]
V  [jvm.dll+0x672375]
C  [ucrtbase.dll+0x29363]
C  [KERNEL32.DLL+0x1257d]
C  [ntdll.dll+0x5aa78]

VM_Operation (0x000000b6383f2cc0): G1CollectForAllocation, mode: safepoint, requested by thread 0x000001c604bec910


---------------  P R O C E S S  ---------------

Threads class SMR info:
_java_thread_list=0x000001c626dc47b0, length=14, elements={
0x000001c604bec910, 0x000001c624c83680, 0x000001c624c842f0, 0x000001c624c9dfc0,
0x000001c624c9e880, 0x000001c624c9f750, 0x000001c624ca0010, 0x000001c624ca0ec0,
0x000001c624ca25f0, 0x000001c624cb6000, 0x000001c6258cbcd0, 0x000001c6258d01c0,
0x000001c624ca2b00, 0x000001c624ca5380
}

Java Threads: ( => current thread )
  0x000001c604bec910 JavaThread "main" [_thread_blocked, id=20872, stack(0x000000b638300000,0x000000b638400000)]
  0x000001c624c83680 JavaThread "Reference Handler" daemon [_thread_blocked, id=25772, stack(0x000000b638a00000,0x000000b638b00000)]
  0x000001c624c842f0 JavaThread "Finalizer" daemon [_thread_blocked, id=27880, stack(0x000000b638b00000,0x000000b638c00000)]
  0x000001c624c9dfc0 JavaThread "Signal Dispatcher" daemon [_thread_blocked, id=28444, stack(0x000000b638c00000,0x000000b638d00000)]
  0x000001c624c9e880 JavaThread "Attach Listener" daemon [_thread_blocked, id=28396, stack(0x000000b638d00000,0x000000b638e00000)]
  0x000001c624c9f750 JavaThread "Service Thread" daemon [_thread_blocked, id=28460, stack(0x000000b638e00000,0x000000b638f00000)]
  0x000001c624ca0010 JavaThread "Monitor Deflation Thread" daemon [_thread_blocked, id=29408, stack(0x000000b638f00000,0x000000b639000000)]
  0x000001c624ca0ec0 JavaThread "C2 CompilerThread0" daemon [_thread_in_native, id=28840, stack(0x000000b639000000,0x000000b639100000)]
  0x000001c624ca25f0 JavaThread "C1 CompilerThread0" daemon [_thread_blocked, id=30788, stack(0x000000b639100000,0x000000b639200000)]
  0x000001c624cb6000 JavaThread "Sweeper thread" daemon [_thread_blocked, id=33068, stack(0x000000b639200000,0x000000b639300000)]
  0x000001c6258cbcd0 JavaThread "Notification Thread" daemon [_thread_blocked, id=32228, stack(0x000000b639300000,0x000000b639400000)]
  0x000001c6258d01c0 JavaThread "Common-Cleaner" daemon [_thread_blocked, id=28380, stack(0x000000b639500000,0x000000b639600000)]
  0x000001c624ca2b00 JavaThread "C2 CompilerThread1" daemon [_thread_blocked, id=26800, stack(0x000000b639600000,0x000000b639700000)]
  0x000001c624ca5380 JavaThread "C2 CompilerThread2" daemon [_thread_blocked, id=29452, stack(0x000000b639f00000,0x000000b63a000000)]

Other Threads:
=>0x000001c624c7fb90 VMThread "VM Thread" [stack: 0x000000b638900000,0x000000b638a00000] [id=28632]
  0x000001c604c6dd20 WatcherThread [stack: 0x000000b639400000,0x000000b639500000] [id=23012]
  0x000001c604c47d60 GCTaskThread "GC Thread#0" [stack: 0x000000b638400000,0x000000b638500000] [id=16840]
  0x000001c625d6c4f0 GCTaskThread "GC Thread#1" [stack: 0x000000b639700000,0x000000b639800000] [id=28260]
  0x000001c625d6cbb0 GCTaskThread "GC Thread#2" [stack: 0x000000b639800000,0x000000b639900000] [id=10960]
  0x000001c625e07030 GCTaskThread "GC Thread#3" [stack: 0x000000b639900000,0x000000b639a00000] [id=23700]
  0x000001c625e1e6c0 GCTaskThread "GC Thread#4" [stack: 0x000000b639a00000,0x000000b639b00000] [id=8880]
  0x000001c625e1f180 GCTaskThread "GC Thread#5" [stack: 0x000000b639b00000,0x000000b639c00000] [id=11012]
  0x000001c626e19ca0 GCTaskThread "GC Thread#6" [stack: 0x000000b639c00000,0x000000b639d00000] [id=33376]
  0x000001c6271a15b0 GCTaskThread "GC Thread#7" [stack: 0x000000b639d00000,0x000000b639e00000] [id=29992]
  0x000001c604c58820 ConcurrentGCThread "G1 Main Marker" [stack: 0x000000b638500000,0x000000b638600000] [id=28488]
  0x000001c604c598d0 ConcurrentGCThread "G1 Conc#0" [stack: 0x000000b638600000,0x000000b638700000] [id=27676]
  0x000001c626d235c0 ConcurrentGCThread "G1 Conc#1" [stack: 0x000000b639e00000,0x000000b639f00000] [id=31004]
  0x000001c624b420c0 ConcurrentGCThread "G1 Refine#0" [stack: 0x000000b638700000,0x000000b638800000] [id=10932]
  0x000001c62b6e86f0 ConcurrentGCThread "G1 Refine#1" [stack: 0x000000b63a000000,0x000000b63a100000] [id=30780]
  0x000001c62b6eaf30 ConcurrentGCThread "G1 Refine#2" [stack: 0x000000b63a100000,0x000000b63a200000] [id=4436]
  0x000001c62b6e9b10 ConcurrentGCThread "G1 Refine#3" [stack: 0x000000b63a200000,0x000000b63a300000] [id=31208]
  0x000001c624b439f0 ConcurrentGCThread "G1 Service" [stack: 0x000000b638800000,0x000000b638900000] [id=2300]

Threads with active compile tasks:
C2 CompilerThread0     8811 8019   !   4       org.jetbrains.kotlin.metadata.ProtoBuf$Function::<init> (1410 bytes)
C2 CompilerThread1     8811 8215       4       jdk.internal.loader.URLClassPath$JarLoader$2::getInputStream (15 bytes)
C2 CompilerThread2     8811 8212       4       kotlin.collections.CollectionsKt__MutableCollectionsKt::addAll (74 bytes)

VM state: at safepoint (normal execution)

VM Mutex/Monitor currently owned by a thread:  ([mutex/lock_event])
[0x000001c604be9a70] Threads_lock - owner thread: 0x000001c624c7fb90
[0x000001c604be8900] Heap_lock - owner thread: 0x000001c604bec910

Heap address: 0x0000000081c00000, size: 2020 MB, Compressed Oops mode: 32-bit

CDS archive(s) mapped at: [0x0000000800000000-0x0000000800bd0000-0x0000000800bd0000), size 12386304, SharedBaseAddress: 0x0000000800000000, ArchiveRelocationMode: 0.
Compressed class space mapped at: 0x0000000800c00000-0x0000000840c00000, reserved size: 1073741824
Narrow klass base: 0x0000000800000000, Narrow klass shift: 0, Narrow klass range: 0x100000000

GC Precious Log:
 CPUs: 8 total, 8 available
 Memory: 8074M
 Large Page Support: Disabled
 NUMA Support: Disabled
 Compressed Oops: Enabled (32-bit)
 Heap Region Size: 1M
 Heap Min Capacity: 8M
 Heap Initial Capacity: 128M
 Heap Max Capacity: 2020M
 Pre-touch: Disabled
 Parallel Workers: 8
 Concurrent Workers: 2
 Concurrent Refinement Workers: 8
 Periodic GC: Disabled

Heap:
 garbage-first heap   total 131072K, used 59632K [0x0000000081c00000, 0x0000000100000000)
  region size 1024K, 5 young (5120K), 5 survivors (5120K)
 Metaspace       used 52448K, committed 52800K, reserved 1097728K
  class space    used 6249K, committed 6400K, reserved 1048576K

Heap Regions: E=young(eden), S=young(survivor), O=old, HS=humongous(starts), HC=humongous(continues), CS=collection set, F=free, OA=open archive, CA=closed archive, TAMS=top-at-mark-start (previous, next)
|   0|0x0000000081c00000, 0x0000000081d00000, 0x0000000081d00000|100%|HS|  |TAMS 0x0000000081d00000, 0x0000000081d00000| Complete 
|   1|0x0000000081d00000, 0x0000000081e00000, 0x0000000081e00000|100%|HC|  |TAMS 0x0000000081e00000, 0x0000000081e00000| Complete 
|   2|0x0000000081e00000, 0x0000000081f00000, 0x0000000081f00000|100%|HC|  |TAMS 0x0000000081f00000, 0x0000000081f00000| Complete 
|   3|0x0000000081f00000, 0x0000000082000000, 0x0000000082000000|100%|HC|  |TAMS 0x0000000082000000, 0x0000000082000000| Complete 
|   4|0x0000000082000000, 0x0000000082100000, 0x0000000082100000|100%| O|  |TAMS 0x0000000082100000, 0x0000000082100000| Untracked 
|   5|0x0000000082100000, 0x0000000082200000, 0x0000000082200000|100%| O|  |TAMS 0x0000000082200000, 0x0000000082200000| Untracked 
|   6|0x0000000082200000, 0x00000000822d8000, 0x0000000082300000| 84%| O|  |TAMS 0x00000000822d8000, 0x00000000822d8000| Untracked 
|   7|0x0000000082300000, 0x0000000082400000, 0x0000000082400000|100%|HS|  |TAMS 0x0000000082400000, 0x0000000082400000| Complete 
|   8|0x0000000082400000, 0x0000000082500000, 0x0000000082500000|100%|HC|  |TAMS 0x0000000082500000, 0x0000000082500000| Complete 
|   9|0x0000000082500000, 0x0000000082600000, 0x0000000082600000|100%|HC|  |TAMS 0x0000000082600000, 0x0000000082600000| Complete 
|  10|0x0000000082600000, 0x0000000082700000, 0x0000000082700000|100%|HC|  |TAMS 0x0000000082700000, 0x0000000082700000| Complete 
|  11|0x0000000082700000, 0x0000000082800000, 0x0000000082800000|100%| O|  |TAMS 0x0000000082800000, 0x0000000082800000| Untracked 
|  12|0x0000000082800000, 0x0000000082900000, 0x0000000082900000|100%| O|  |TAMS 0x0000000082900000, 0x0000000082900000| Untracked 
|  13|0x0000000082900000, 0x0000000082a00000, 0x0000000082a00000|100%| O|  |TAMS 0x0000000082a00000, 0x0000000082a00000| Untracked 
|  14|0x0000000082a00000, 0x0000000082b00000, 0x0000000082b00000|100%| O|  |TAMS 0x0000000082b00000, 0x0000000082b00000| Untracked 
|  15|0x0000000082b00000, 0x0000000082c00000, 0x0000000082c00000|100%| O|  |TAMS 0x0000000082c00000, 0x0000000082c00000| Untracked 
|  16|0x0000000082c00000, 0x0000000082d00000, 0x0000000082d00000|100%| O|  |TAMS 0x0000000082d00000, 0x0000000082d00000| Untracked 
|  17|0x0000000082d00000, 0x0000000082e00000, 0x0000000082e00000|100%| O|  |TAMS 0x0000000082e00000, 0x0000000082e00000| Untracked 
|  18|0x0000000082e00000, 0x0000000082f00000, 0x0000000082f00000|100%| O|  |TAMS 0x0000000082f00000, 0x0000000082f00000| Untracked 
|  19|0x0000000082f00000, 0x0000000083000000, 0x0000000083000000|100%| O|  |TAMS 0x0000000083000000, 0x0000000083000000| Untracked 
|  20|0x0000000083000000, 0x0000000083100000, 0x0000000083100000|100%|HS|  |TAMS 0x0000000083100000, 0x0000000083100000| Complete 
|  21|0x0000000083100000, 0x0000000083200000, 0x0000000083200000|100%|HC|  |TAMS 0x0000000083200000, 0x0000000083200000| Complete 
|  22|0x0000000083200000, 0x0000000083300000, 0x0000000083300000|100%| O|  |TAMS 0x0000000083300000, 0x0000000083300000| Untracked 
|  23|0x0000000083300000, 0x0000000083400000, 0x0000000083400000|100%| O|  |TAMS 0x0000000083400000, 0x0000000083400000| Untracked 
|  24|0x0000000083400000, 0x0000000083500000, 0x0000000083500000|100%| O|  |TAMS 0x0000000083500000, 0x0000000083500000| Untracked 
|  25|0x0000000083500000, 0x0000000083600000, 0x0000000083600000|100%| O|  |TAMS 0x0000000083600000, 0x0000000083600000| Untracked 
|  26|0x0000000083600000, 0x0000000083700000, 0x0000000083700000|100%| O|  |TAMS 0x0000000083700000, 0x0000000083700000| Untracked 
|  27|0x0000000083700000, 0x0000000083800000, 0x0000000083800000|100%| O|  |TAMS 0x0000000083800000, 0x0000000083800000| Untracked 
|  28|0x0000000083800000, 0x0000000083900000, 0x0000000083900000|100%| O|  |TAMS 0x0000000083900000, 0x0000000083900000| Untracked 
|  29|0x0000000083900000, 0x0000000083a00000, 0x0000000083a00000|100%| O|  |TAMS 0x0000000083a00000, 0x0000000083a00000| Untracked 
|  30|0x0000000083a00000, 0x0000000083b00000, 0x0000000083b00000|100%| O|  |TAMS 0x0000000083b00000, 0x0000000083b00000| Untracked 
|  31|0x0000000083b00000, 0x0000000083c00000, 0x0000000083c00000|100%| O|  |TAMS 0x0000000083c00000, 0x0000000083c00000| Untracked 
|  32|0x0000000083c00000, 0x0000000083d00000, 0x0000000083d00000|100%| O|  |TAMS 0x0000000083d00000, 0x0000000083d00000| Untracked 
|  33|0x0000000083d00000, 0x0000000083e00000, 0x0000000083e00000|100%| O|  |TAMS 0x0000000083e00000, 0x0000000083e00000| Untracked 
|  34|0x0000000083e00000, 0x0000000083e00000, 0x0000000083f00000|  0%| F|  |TAMS 0x0000000083e00000, 0x0000000083e00000| Untracked 
|  35|0x0000000083f00000, 0x0000000084000000, 0x0000000084000000|100%| O|  |TAMS 0x0000000084000000, 0x0000000084000000| Untracked 
|  36|0x0000000084000000, 0x0000000084100000, 0x0000000084100000|100%| O|  |TAMS 0x0000000084100000, 0x0000000084100000| Untracked 
|  37|0x0000000084100000, 0x0000000084200000, 0x0000000084200000|100%| O|  |TAMS 0x0000000084200000, 0x0000000084200000| Untracked 
|  38|0x0000000084200000, 0x0000000084300000, 0x0000000084300000|100%| O|  |TAMS 0x0000000084300000, 0x0000000084300000| Untracked 
|  39|0x0000000084300000, 0x0000000084400000, 0x0000000084400000|100%| O|  |TAMS 0x0000000084400000, 0x0000000084400000| Untracked 
|  40|0x0000000084400000, 0x0000000084500000, 0x0000000084500000|100%| O|  |TAMS 0x0000000084500000, 0x0000000084500000| Untracked 
|  41|0x0000000084500000, 0x0000000084600000, 0x0000000084600000|100%| O|  |TAMS 0x0000000084600000, 0x0000000084600000| Untracked 
|  42|0x0000000084600000, 0x0000000084700000, 0x0000000084700000|100%| O|  |TAMS 0x0000000084700000, 0x0000000084700000| Untracked 
|  43|0x0000000084700000, 0x0000000084800000, 0x0000000084800000|100%| O|  |TAMS 0x0000000084800000, 0x0000000084800000| Untracked 
|  44|0x0000000084800000, 0x0000000084900000, 0x0000000084900000|100%| O|  |TAMS 0x0000000084900000, 0x0000000084900000| Untracked 
|  45|0x0000000084900000, 0x0000000084a00000, 0x0000000084a00000|100%| O|  |TAMS 0x0000000084997800, 0x0000000084a00000| Untracked 
|  46|0x0000000084a00000, 0x0000000084b00000, 0x0000000084b00000|100%| O|  |TAMS 0x0000000084a00000, 0x0000000084b00000| Untracked 
|  47|0x0000000084b00000, 0x0000000084c00000, 0x0000000084c00000|100%| O|  |TAMS 0x0000000084b00000, 0x0000000084c00000| Untracked 
|  48|0x0000000084c00000, 0x0000000084d00000, 0x0000000084d00000|100%| O|  |TAMS 0x0000000084c00000, 0x0000000084d00000| Untracked 
|  49|0x0000000084d00000, 0x0000000084e00000, 0x0000000084e00000|100%| O|  |TAMS 0x0000000084d00000, 0x0000000084e00000| Untracked 
|  50|0x0000000084e00000, 0x0000000084f00000, 0x0000000084f00000|100%| O|  |TAMS 0x0000000084e00000, 0x0000000084f00000| Untracked 
|  51|0x0000000084f00000, 0x0000000085000000, 0x0000000085000000|100%| O|  |TAMS 0x0000000084f00000, 0x0000000085000000| Untracked 
|  52|0x0000000085000000, 0x0000000085100000, 0x0000000085100000|100%| O|  |TAMS 0x0000000085000000, 0x0000000085100000| Untracked 
|  53|0x0000000085100000, 0x0000000085200000, 0x0000000085200000|100%| O|  |TAMS 0x0000000085100000, 0x0000000085200000| Untracked 
|  54|0x0000000085200000, 0x0000000085264000, 0x0000000085300000| 39%| O|  |TAMS 0x0000000085200000, 0x0000000085230200| Untracked 
|  55|0x0000000085300000, 0x0000000085300000, 0x0000000085400000|  0%| F|  |TAMS 0x0000000085300000, 0x0000000085300000| Untracked 
|  56|0x0000000085400000, 0x0000000085400000, 0x0000000085500000|  0%| F|  |TAMS 0x0000000085400000, 0x0000000085400000| Untracked 
|  57|0x0000000085500000, 0x0000000085500000, 0x0000000085600000|  0%| F|  |TAMS 0x0000000085500000, 0x0000000085500000| Untracked 
|  58|0x0000000085600000, 0x0000000085600000, 0x0000000085700000|  0%| F|  |TAMS 0x0000000085600000, 0x0000000085600000| Untracked 
|  59|0x0000000085700000, 0x0000000085700000, 0x0000000085800000|  0%| F|  |TAMS 0x0000000085700000, 0x0000000085700000| Untracked 
|  60|0x0000000085800000, 0x0000000085800000, 0x0000000085900000|  0%| F|  |TAMS 0x0000000085800000, 0x0000000085800000| Untracked 
|  61|0x0000000085900000, 0x0000000085900000, 0x0000000085a00000|  0%| F|  |TAMS 0x0000000085900000, 0x0000000085900000| Untracked 
|  62|0x0000000085a00000, 0x0000000085a00000, 0x0000000085b00000|  0%| F|  |TAMS 0x0000000085a00000, 0x0000000085a00000| Untracked 
|  63|0x0000000085b00000, 0x0000000085b00000, 0x0000000085c00000|  0%| F|  |TAMS 0x0000000085b00000, 0x0000000085b00000| Untracked 
|  64|0x0000000085c00000, 0x0000000085c00000, 0x0000000085d00000|  0%| F|  |TAMS 0x0000000085c00000, 0x0000000085c00000| Untracked 
|  65|0x0000000085d00000, 0x0000000085d00000, 0x0000000085e00000|  0%| F|  |TAMS 0x0000000085d00000, 0x0000000085d00000| Untracked 
|  66|0x0000000085e00000, 0x0000000085e00000, 0x0000000085f00000|  0%| F|  |TAMS 0x0000000085e00000, 0x0000000085e00000| Untracked 
|  67|0x0000000085f00000, 0x0000000085f00000, 0x0000000086000000|  0%| F|  |TAMS 0x0000000085f00000, 0x0000000085f00000| Untracked 
|  68|0x0000000086000000, 0x0000000086000000, 0x0000000086100000|  0%| F|  |TAMS 0x0000000086000000, 0x0000000086000000| Untracked 
|  69|0x0000000086100000, 0x0000000086100000, 0x0000000086200000|  0%| F|  |TAMS 0x0000000086100000, 0x0000000086100000| Untracked 
|  70|0x0000000086200000, 0x0000000086200000, 0x0000000086300000|  0%| F|  |TAMS 0x0000000086200000, 0x0000000086200000| Untracked 
|  71|0x0000000086300000, 0x0000000086300000, 0x0000000086400000|  0%| F|  |TAMS 0x0000000086300000, 0x0000000086300000| Untracked 
|  72|0x0000000086400000, 0x0000000086400000, 0x0000000086500000|  0%| F|  |TAMS 0x0000000086400000, 0x0000000086400000| Untracked 
|  73|0x0000000086500000, 0x0000000086500000, 0x0000000086600000|  0%| F|  |TAMS 0x0000000086500000, 0x0000000086500000| Untracked 
|  74|0x0000000086600000, 0x0000000086700000, 0x0000000086700000|100%| S|CS|TAMS 0x0000000086600000, 0x0000000086600000| Complete 
|  75|0x0000000086700000, 0x0000000086800000, 0x0000000086800000|100%| S|CS|TAMS 0x0000000086700000, 0x0000000086700000| Complete 
|  76|0x0000000086800000, 0x0000000086900000, 0x0000000086900000|100%| S|CS|TAMS 0x0000000086800000, 0x0000000086800000| Complete 
|  77|0x0000000086900000, 0x0000000086a00000, 0x0000000086a00000|100%| S|CS|TAMS 0x0000000086900000, 0x0000000086900000| Complete 
|  78|0x0000000086a00000, 0x0000000086b00000, 0x0000000086b00000|100%| S|CS|TAMS 0x0000000086a00000, 0x0000000086a00000| Complete 
|  79|0x0000000086b00000, 0x0000000086b00000, 0x0000000086c00000|  0%| F|  |TAMS 0x0000000086b00000, 0x0000000086b00000| Untracked 
|  80|0x0000000086c00000, 0x0000000086c00000, 0x0000000086d00000|  0%| F|  |TAMS 0x0000000086c00000, 0x0000000086c00000| Untracked 
|  81|0x0000000086d00000, 0x0000000086d00000, 0x0000000086e00000|  0%| F|  |TAMS 0x0000000086d00000, 0x0000000086d00000| Untracked 
|  82|0x0000000086e00000, 0x0000000086e00000, 0x0000000086f00000|  0%| F|  |TAMS 0x0000000086e00000, 0x0000000086e00000| Untracked 
|  83|0x0000000086f00000, 0x0000000086f00000, 0x0000000087000000|  0%| F|  |TAMS 0x0000000086f00000, 0x0000000086f00000| Untracked 
|  84|0x0000000087000000, 0x0000000087000000, 0x0000000087100000|  0%| F|  |TAMS 0x0000000087000000, 0x0000000087000000| Untracked 
|  85|0x0000000087100000, 0x0000000087100000, 0x0000000087200000|  0%| F|  |TAMS 0x0000000087100000, 0x0000000087100000| Untracked 
|  86|0x0000000087200000, 0x0000000087200000, 0x0000000087300000|  0%| F|  |TAMS 0x0000000087200000, 0x0000000087200000| Untracked 
|  87|0x0000000087300000, 0x0000000087300000, 0x0000000087400000|  0%| F|  |TAMS 0x0000000087300000, 0x0000000087300000| Untracked 
|  88|0x0000000087400000, 0x0000000087400000, 0x0000000087500000|  0%| F|  |TAMS 0x0000000087400000, 0x0000000087400000| Untracked 
|  89|0x0000000087500000, 0x0000000087500000, 0x0000000087600000|  0%| F|  |TAMS 0x0000000087500000, 0x0000000087500000| Untracked 
|  90|0x0000000087600000, 0x0000000087600000, 0x0000000087700000|  0%| F|  |TAMS 0x0000000087600000, 0x0000000087600000| Untracked 
|  91|0x0000000087700000, 0x0000000087700000, 0x0000000087800000|  0%| F|  |TAMS 0x0000000087700000, 0x0000000087700000| Untracked 
|  92|0x0000000087800000, 0x0000000087800000, 0x0000000087900000|  0%| F|  |TAMS 0x0000000087800000, 0x0000000087800000| Untracked 
|  93|0x0000000087900000, 0x0000000087900000, 0x0000000087a00000|  0%| F|  |TAMS 0x0000000087900000, 0x0000000087900000| Untracked 
|  94|0x0000000087a00000, 0x0000000087a00000, 0x0000000087b00000|  0%| F|  |TAMS 0x0000000087a00000, 0x0000000087a00000| Untracked 
|  95|0x0000000087b00000, 0x0000000087b00000, 0x0000000087c00000|  0%| F|  |TAMS 0x0000000087b00000, 0x0000000087b00000| Untracked 
|  96|0x0000000087c00000, 0x0000000087c00000, 0x0000000087d00000|  0%| F|  |TAMS 0x0000000087c00000, 0x0000000087c00000| Untracked 
|  97|0x0000000087d00000, 0x0000000087d00000, 0x0000000087e00000|  0%| F|  |TAMS 0x0000000087d00000, 0x0000000087d00000| Untracked 
|  98|0x0000000087e00000, 0x0000000087e00000, 0x0000000087f00000|  0%| F|  |TAMS 0x0000000087e00000, 0x0000000087e00000| Untracked 
|  99|0x0000000087f00000, 0x0000000087f00000, 0x0000000088000000|  0%| F|  |TAMS 0x0000000087f00000, 0x0000000087f00000| Untracked 
| 100|0x0000000088000000, 0x0000000088000000, 0x0000000088100000|  0%| F|  |TAMS 0x0000000088000000, 0x0000000088000000| Untracked 
| 101|0x0000000088100000, 0x0000000088100000, 0x0000000088200000|  0%| F|  |TAMS 0x0000000088100000, 0x0000000088100000| Untracked 
| 102|0x0000000088200000, 0x0000000088200000, 0x0000000088300000|  0%| F|  |TAMS 0x0000000088200000, 0x0000000088200000| Untracked 
| 103|0x0000000088300000, 0x0000000088300000, 0x0000000088400000|  0%| F|  |TAMS 0x0000000088300000, 0x0000000088300000| Untracked 
| 104|0x0000000088400000, 0x0000000088400000, 0x0000000088500000|  0%| F|  |TAMS 0x0000000088400000, 0x0000000088400000| Untracked 
| 105|0x0000000088500000, 0x0000000088500000, 0x0000000088600000|  0%| F|  |TAMS 0x0000000088500000, 0x0000000088500000| Untracked 
| 106|0x0000000088600000, 0x0000000088600000, 0x0000000088700000|  0%| F|  |TAMS 0x0000000088600000, 0x0000000088600000| Untracked 
| 107|0x0000000088700000, 0x0000000088700000, 0x0000000088800000|  0%| F|  |TAMS 0x0000000088700000, 0x0000000088700000| Untracked 
| 108|0x0000000088800000, 0x0000000088800000, 0x0000000088900000|  0%| F|  |TAMS 0x0000000088800000, 0x0000000088800000| Untracked 
| 109|0x0000000088900000, 0x0000000088900000, 0x0000000088a00000|  0%| F|  |TAMS 0x0000000088900000, 0x0000000088900000| Untracked 
| 110|0x0000000088a00000, 0x0000000088a00000, 0x0000000088b00000|  0%| F|  |TAMS 0x0000000088a00000, 0x0000000088a00000| Untracked 
| 111|0x0000000088b00000, 0x0000000088b00000, 0x0000000088c00000|  0%| F|  |TAMS 0x0000000088b00000, 0x0000000088b00000| Untracked 
| 112|0x0000000088c00000, 0x0000000088c00000, 0x0000000088d00000|  0%| F|  |TAMS 0x0000000088c00000, 0x0000000088c00000| Untracked 
| 113|0x0000000088d00000, 0x0000000088d00000, 0x0000000088e00000|  0%| F|  |TAMS 0x0000000088d00000, 0x0000000088d00000| Untracked 
| 114|0x0000000088e00000, 0x0000000088e00000, 0x0000000088f00000|  0%| F|  |TAMS 0x0000000088e00000, 0x0000000088e00000| Untracked 
| 115|0x0000000088f00000, 0x0000000088f00000, 0x0000000089000000|  0%| F|  |TAMS 0x0000000088f00000, 0x0000000088f00000| Untracked 
| 116|0x0000000089000000, 0x0000000089000000, 0x0000000089100000|  0%| F|  |TAMS 0x0000000089000000, 0x0000000089000000| Untracked 
| 117|0x0000000089100000, 0x0000000089100000, 0x0000000089200000|  0%| F|  |TAMS 0x0000000089100000, 0x0000000089100000| Untracked 
| 118|0x0000000089200000, 0x0000000089200000, 0x0000000089300000|  0%| F|  |TAMS 0x0000000089200000, 0x0000000089200000| Untracked 
| 119|0x0000000089300000, 0x0000000089300000, 0x0000000089400000|  0%| F|  |TAMS 0x0000000089300000, 0x0000000089300000| Untracked 
| 120|0x0000000089400000, 0x0000000089400000, 0x0000000089500000|  0%| F|  |TAMS 0x0000000089400000, 0x0000000089400000| Untracked 
| 121|0x0000000089500000, 0x0000000089500000, 0x0000000089600000|  0%| F|  |TAMS 0x0000000089500000, 0x0000000089500000| Untracked 
| 122|0x0000000089600000, 0x0000000089600000, 0x0000000089700000|  0%| F|  |TAMS 0x0000000089600000, 0x0000000089600000| Untracked 
| 123|0x0000000089700000, 0x0000000089700000, 0x0000000089800000|  0%| F|  |TAMS 0x0000000089700000, 0x0000000089700000| Untracked 
| 124|0x0000000089800000, 0x0000000089800000, 0x0000000089900000|  0%| F|  |TAMS 0x0000000089800000, 0x0000000089800000| Untracked 
| 125|0x0000000089900000, 0x0000000089900000, 0x0000000089a00000|  0%| F|  |TAMS 0x0000000089900000, 0x0000000089900000| Untracked 
| 126|0x0000000089a00000, 0x0000000089a00000, 0x0000000089b00000|  0%| F|  |TAMS 0x0000000089a00000, 0x0000000089a00000| Untracked 
| 127|0x0000000089b00000, 0x0000000089b00000, 0x0000000089c00000|  0%| F|  |TAMS 0x0000000089b00000, 0x0000000089b00000| Untracked 

Card table byte_map: [0x000001c61dac0000,0x000001c61dec0000] _byte_map_base: 0x000001c61d6b2000

Marking Bits (Prev, Next): (CMBitMap*) 0x000001c604c482b0, (CMBitMap*) 0x000001c604c48270
 Prev Bits: [0x000001c620250000, 0x000001c6221e0000)
 Next Bits: [0x000001c61e2c0000, 0x000001c620250000)

Polling page: 0x000001c60dc20000

Metaspace:

Usage:
  Non-class:     45.12 MB used.
      Class:      6.10 MB used.
       Both:     51.22 MB used.

Virtual space:
  Non-class space:       48.00 MB reserved,      45.31 MB ( 94%) committed,  6 nodes.
      Class space:        1.00 GB reserved,       6.25 MB ( <1%) committed,  1 nodes.
             Both:        1.05 GB reserved,      51.56 MB (  5%) committed. 

Chunk freelists:
   Non-Class:  2.30 MB
       Class:  1.56 MB
        Both:  3.86 MB

MaxMetaspaceSize: unlimited
CompressedClassSpaceSize: 1.00 GB
Initial GC threshold: 21.00 MB
Current GC threshold: 78.06 MB
CDS: on
MetaspaceReclaimPolicy: balanced
 - commit_granule_bytes: 65536.
 - commit_granule_words: 8192.
 - virtual_space_node_default_size: 1048576.
 - enlarge_chunks_in_place: 1.
 - new_chunks_are_fully_committed: 0.
 - uncommit_free_chunks: 1.
 - use_allocation_guard: 0.
 - handle_deallocations: 1.


Internal statistics:

num_allocs_failed_limit: 6.
num_arena_births: 306.
num_arena_deaths: 0.
num_vsnodes_births: 7.
num_vsnodes_deaths: 0.
num_space_committed: 823.
num_space_uncommitted: 0.
num_chunks_returned_to_freelist: 6.
num_chunks_taken_from_freelist: 2144.
num_chunk_merges: 6.
num_chunk_splits: 1724.
num_chunks_enlarged: 1504.
num_purges: 0.
num_inconsistent_stats: 0.

CodeHeap 'non-profiled nmethods': size=120000Kb used=3812Kb max_used=3812Kb free=116188Kb
 bounds [0x000001c615710000, 0x000001c615ad0000, 0x000001c61cc40000]
CodeHeap 'profiled nmethods': size=120000Kb used=16221Kb max_used=16221Kb free=103779Kb
 bounds [0x000001c60dc40000, 0x000001c60ec20000, 0x000001c615170000]
CodeHeap 'non-nmethods': size=5760Kb used=1310Kb max_used=1412Kb free=4449Kb
 bounds [0x000001c615170000, 0x000001c6153e0000, 0x000001c615710000]
 total_blobs=7797 nmethods=7176 adapters=531
 compilation: enabled
              stopped_count=0, restarted_count=0
 full_count=0

Compilation events (20 events):
Event: 8.708 Thread 0x000001c624ca25f0 8206       3       java.lang.invoke.MethodHandles$Lookup::checkMethod (87 bytes)
Event: 8.709 Thread 0x000001c624ca25f0 nmethod 8206 0x000001c60ec11d90 code [0x000001c60ec11fa0, 0x000001c60ec12718]
Event: 8.709 Thread 0x000001c624ca25f0 8207       3       java.lang.invoke.BoundMethodHandle$Species_L::make (11 bytes)
Event: 8.709 Thread 0x000001c624ca25f0 nmethod 8207 0x000001c60ec12990 code [0x000001c60ec12b40, 0x000001c60ec12da8]
Event: 8.709 Thread 0x000001c624ca25f0 8208       3       org.jetbrains.kotlin.load.java.lazy.descriptors.LazyJavaClassDescriptor::getUnsubstitutedMemberScope (8 bytes)
Event: 8.710 Thread 0x000001c624ca25f0 nmethod 8208 0x000001c60ec12e90 code [0x000001c60ec13160, 0x000001c60ec13e48]
Event: 8.713 Thread 0x000001c624ca25f0 8209       3       java.lang.invoke.MethodHandles$Lookup::maybeBindCaller (72 bytes)
Event: 8.713 Thread 0x000001c624ca25f0 nmethod 8209 0x000001c60ec14310 code [0x000001c60ec14540, 0x000001c60ec14e08]
Event: 8.715 Thread 0x000001c624ca25f0 8210       3       java.lang.invoke.LambdaFormEditor$Transform::equals (32 bytes)
Event: 8.715 Thread 0x000001c624ca25f0 nmethod 8210 0x000001c60ec15110 code [0x000001c60ec152c0, 0x000001c60ec154a8]
Event: 8.717 Thread 0x000001c624ca25f0 8211       1       org.jetbrains.kotlin.load.java.lazy.LazyJavaPackageFragmentProvider::access$getC$p (5 bytes)
Event: 8.718 Thread 0x000001c624ca25f0 nmethod 8211 0x000001c615ac8310 code [0x000001c615ac84a0, 0x000001c615ac8558]
Event: 8.718 Thread 0x000001c624ca5380 8212       4       kotlin.collections.CollectionsKt__MutableCollectionsKt::addAll (74 bytes)
Event: 8.718 Thread 0x000001c624ca2b00 8213       4       gnu.trove.THashMap::get (21 bytes)
Event: 8.718 Thread 0x000001c624ca25f0 8214       3       org.jetbrains.kotlin.cli.jvm.compiler.KotlinCliJavaFileManagerImpl$knownClassNamesInPackage$1::invoke (16 bytes)
Event: 8.718 Thread 0x000001c624ca25f0 nmethod 8214 0x000001c60ec15590 code [0x000001c60ec15760, 0x000001c60ec15b68]
Event: 8.724 Thread 0x000001c624ca2b00 nmethod 8213 0x000001c615ac8610 code [0x000001c615ac87e0, 0x000001c615ac8c38]
Event: 8.728 Thread 0x000001c624ca2b00 8215       4       jdk.internal.loader.URLClassPath$JarLoader$2::getInputStream (15 bytes)
Event: 8.747 Thread 0x000001c624ca25f0 8216       3       java.lang.invoke.MethodType::dropParameterTypes (162 bytes)
Event: 8.749 Thread 0x000001c624ca25f0 nmethod 8216 0x000001c60ec15c90 code [0x000001c60ec15f80, 0x000001c60ec16f08]

GC Heap History (20 events):
Event: 4.214 GC heap after
{Heap after GC invocations=10 (full 0):
 garbage-first heap   total 74752K, used 34442K [0x0000000081c00000, 0x0000000100000000)
  region size 1024K, 4 young (4096K), 4 survivors (4096K)
 Metaspace       used 39285K, committed 39552K, reserved 1089536K
  class space    used 4846K, committed 4928K, reserved 1048576K
}
Event: 4.386 GC heap before
{Heap before GC invocations=10 (full 0):
 garbage-first heap   total 74752K, used 56970K [0x0000000081c00000, 0x0000000100000000)
  region size 1024K, 26 young (26624K), 4 survivors (4096K)
 Metaspace       used 39733K, committed 40000K, reserved 1089536K
  class space    used 4898K, committed 4992K, reserved 1048576K
}
Event: 4.396 GC heap after
{Heap after GC invocations=11 (full 0):
 garbage-first heap   total 74752K, used 35937K [0x0000000081c00000, 0x0000000100000000)
  region size 1024K, 2 young (2048K), 2 survivors (2048K)
 Metaspace       used 39733K, committed 40000K, reserved 1089536K
  class space    used 4898K, committed 4992K, reserved 1048576K
}
Event: 4.887 GC heap before
{Heap before GC invocations=11 (full 0):
 garbage-first heap   total 74752K, used 56417K [0x0000000081c00000, 0x0000000100000000)
  region size 1024K, 23 young (23552K), 2 survivors (2048K)
 Metaspace       used 42987K, committed 43200K, reserved 1089536K
  class space    used 5237K, committed 5312K, reserved 1048576K
}
Event: 4.897 GC heap after
{Heap after GC invocations=12 (full 0):
 garbage-first heap   total 74752K, used 38752K [0x0000000081c00000, 0x0000000100000000)
  region size 1024K, 3 young (3072K), 3 survivors (3072K)
 Metaspace       used 42987K, committed 43200K, reserved 1089536K
  class space    used 5237K, committed 5312K, reserved 1048576K
}
Event: 5.530 GC heap before
{Heap before GC invocations=13 (full 0):
 garbage-first heap   total 74752K, used 58208K [0x0000000081c00000, 0x0000000100000000)
  region size 1024K, 22 young (22528K), 3 survivors (3072K)
 Metaspace       used 45889K, committed 46208K, reserved 1097728K
  class space    used 5535K, committed 5696K, reserved 1048576K
}
Event: 5.550 GC heap after
{Heap after GC invocations=14 (full 0):
 garbage-first heap   total 74752K, used 42639K [0x0000000081c00000, 0x0000000100000000)
  region size 1024K, 3 young (3072K), 3 survivors (3072K)
 Metaspace       used 45889K, committed 46208K, reserved 1097728K
  class space    used 5535K, committed 5696K, reserved 1048576K
}
Event: 6.044 GC heap before
{Heap before GC invocations=14 (full 0):
 garbage-first heap   total 74752K, used 57999K [0x0000000081c00000, 0x0000000100000000)
  region size 1024K, 18 young (18432K), 3 survivors (3072K)
 Metaspace       used 46961K, committed 47296K, reserved 1097728K
  class space    used 5594K, committed 5760K, reserved 1048576K
}
Event: 6.057 GC heap after
{Heap after GC invocations=15 (full 0):
 garbage-first heap   total 97280K, used 45920K [0x0000000081c00000, 0x0000000100000000)
  region size 1024K, 3 young (3072K), 3 survivors (3072K)
 Metaspace       used 46961K, committed 47296K, reserved 1097728K
  class space    used 5594K, committed 5760K, reserved 1048576K
}
Event: 6.706 GC heap before
{Heap before GC invocations=16 (full 0):
 garbage-first heap   total 97280K, used 72544K [0x0000000081c00000, 0x0000000100000000)
  region size 1024K, 29 young (29696K), 3 survivors (3072K)
 Metaspace       used 47296K, committed 47616K, reserved 1097728K
  class space    used 5611K, committed 5760K, reserved 1048576K
}
Event: 6.729 GC heap after
{Heap after GC invocations=17 (full 0):
 garbage-first heap   total 97280K, used 50622K [0x0000000081c00000, 0x0000000100000000)
  region size 1024K, 4 young (4096K), 4 survivors (4096K)
 Metaspace       used 47296K, committed 47616K, reserved 1097728K
  class space    used 5611K, committed 5760K, reserved 1048576K
}
Event: 7.102 GC heap before
{Heap before GC invocations=17 (full 0):
 garbage-first heap   total 97280K, used 74174K [0x0000000081c00000, 0x0000000100000000)
  region size 1024K, 27 young (27648K), 4 survivors (4096K)
 Metaspace       used 47592K, committed 47936K, reserved 1097728K
  class space    used 5636K, committed 5824K, reserved 1048576K
}
Event: 7.124 GC heap after
{Heap after GC invocations=18 (full 0):
 garbage-first heap   total 97280K, used 55111K [0x0000000081c00000, 0x0000000100000000)
  region size 1024K, 4 young (4096K), 4 survivors (4096K)
 Metaspace       used 47592K, committed 47936K, reserved 1097728K
  class space    used 5636K, committed 5824K, reserved 1048576K
}
Event: 7.232 GC heap before
{Heap before GC invocations=18 (full 0):
 garbage-first heap   total 117760K, used 75591K [0x0000000081c00000, 0x0000000100000000)
  region size 1024K, 24 young (24576K), 4 survivors (4096K)
 Metaspace       used 47631K, committed 47936K, reserved 1097728K
  class space    used 5636K, committed 5824K, reserved 1048576K
}
Event: 7.241 GC heap after
{Heap after GC invocations=19 (full 0):
 garbage-first heap   total 117760K, used 55674K [0x0000000081c00000, 0x0000000100000000)
  region size 1024K, 1 young (1024K), 1 survivors (1024K)
 Metaspace       used 47631K, committed 47936K, reserved 1097728K
  class space    used 5636K, committed 5824K, reserved 1048576K
}
Event: 7.325 GC heap before
{Heap before GC invocations=20 (full 0):
 garbage-first heap   total 117760K, used 89466K [0x0000000081c00000, 0x0000000100000000)
  region size 1024K, 34 young (34816K), 1 survivors (1024K)
 Metaspace       used 47632K, committed 48000K, reserved 1097728K
  class space    used 5636K, committed 5824K, reserved 1048576K
}
Event: 7.328 GC heap after
{Heap after GC invocations=21 (full 0):
 garbage-first heap   total 117760K, used 55090K [0x0000000081c00000, 0x0000000100000000)
  region size 1024K, 1 young (1024K), 1 survivors (1024K)
 Metaspace       used 47632K, committed 48000K, reserved 1097728K
  class space    used 5636K, committed 5824K, reserved 1048576K
}
Event: 7.427 GC heap before
{Heap before GC invocations=21 (full 0):
 garbage-first heap   total 117760K, used 59186K [0x0000000081c00000, 0x0000000100000000)
  region size 1024K, 5 young (5120K), 1 survivors (1024K)
 Metaspace       used 47906K, committed 48192K, reserved 1097728K
  class space    used 5670K, committed 5824K, reserved 1048576K
}
Event: 7.430 GC heap after
{Heap after GC invocations=22 (full 0):
 garbage-first heap   total 117760K, used 54461K [0x0000000081c00000, 0x0000000100000000)
  region size 1024K, 1 young (1024K), 1 survivors (1024K)
 Metaspace       used 47906K, committed 48192K, reserved 1097728K
  class space    used 5670K, committed 5824K, reserved 1048576K
}
Event: 8.755 GC heap before
{Heap before GC invocations=22 (full 0):
 garbage-first heap   total 117760K, used 90301K [0x0000000081c00000, 0x0000000100000000)
  region size 1024K, 36 young (36864K), 1 survivors (1024K)
 Metaspace       used 52448K, committed 52800K, reserved 1097728K
  class space    used 6249K, committed 6400K, reserved 1048576K
}

Deoptimization events (20 events):
Event: 8.695 Thread 0x000001c604bec910 DEOPT PACKING pc=0x000001c615a07770 sp=0x000000b6383f8410
Event: 8.695 Thread 0x000001c604bec910 DEOPT UNPACKING pc=0x000001c6151c23a3 sp=0x000000b6383f83d8 mode 2
Event: 8.699 Thread 0x000001c604bec910 DEOPT PACKING pc=0x000001c60e8e557c sp=0x000000b6383f9050
Event: 8.699 Thread 0x000001c604bec910 DEOPT UNPACKING pc=0x000001c6151c2b43 sp=0x000000b6383f85c0 mode 0
Event: 8.699 Thread 0x000001c604bec910 Uncommon trap: trap_request=0xffffffc6 fr.pc=0x000001c615a07770 relative=0x0000000000000810
Event: 8.699 Thread 0x000001c604bec910 Uncommon trap: reason=bimorphic_or_optimized_type_check action=maybe_recompile pc=0x000001c615a07770 method=org.jetbrains.kotlin.com.intellij.extapi.psi.StubBasedPsiElementBase.getStubOrPsiChild(Lorg/jetbrains/kotlin/com/intellij/psi/stubs/IStubElementTyp
Event: 8.699 Thread 0x000001c604bec910 DEOPT PACKING pc=0x000001c615a07770 sp=0x000000b6383f8c80
Event: 8.699 Thread 0x000001c604bec910 DEOPT UNPACKING pc=0x000001c6151c23a3 sp=0x000000b6383f8c48 mode 2
Event: 8.699 Thread 0x000001c604bec910 Uncommon trap: trap_request=0xffffffc6 fr.pc=0x000001c615a0ae3c relative=0x000000000000027c
Event: 8.699 Thread 0x000001c604bec910 Uncommon trap: reason=bimorphic_or_optimized_type_check action=maybe_recompile pc=0x000001c615a0ae3c method=org.jetbrains.kotlin.com.intellij.psi.impl.source.tree.CompositeElement.countChildren(Lorg/jetbrains/kotlin/com/intellij/psi/tree/TokenSet;)I @ 3 c
Event: 8.699 Thread 0x000001c604bec910 DEOPT PACKING pc=0x000001c615a0ae3c sp=0x000000b6383f8b50
Event: 8.699 Thread 0x000001c604bec910 DEOPT UNPACKING pc=0x000001c6151c23a3 sp=0x000000b6383f8b00 mode 2
Event: 8.706 Thread 0x000001c604bec910 Uncommon trap: trap_request=0xffffffc6 fr.pc=0x000001c615a07770 relative=0x0000000000000810
Event: 8.706 Thread 0x000001c604bec910 Uncommon trap: reason=bimorphic_or_optimized_type_check action=maybe_recompile pc=0x000001c615a07770 method=org.jetbrains.kotlin.com.intellij.extapi.psi.StubBasedPsiElementBase.getStubOrPsiChild(Lorg/jetbrains/kotlin/com/intellij/psi/stubs/IStubElementTyp
Event: 8.706 Thread 0x000001c604bec910 DEOPT PACKING pc=0x000001c615a07770 sp=0x000000b6383f8d50
Event: 8.706 Thread 0x000001c604bec910 DEOPT UNPACKING pc=0x000001c6151c23a3 sp=0x000000b6383f8d18 mode 2
Event: 8.715 Thread 0x000001c604bec910 Uncommon trap: trap_request=0xffffff45 fr.pc=0x000001c61586eb8c relative=0x00000000000000ec
Event: 8.715 Thread 0x000001c604bec910 Uncommon trap: reason=unstable_if action=reinterpret pc=0x000001c61586eb8c method=java.lang.ThreadLocal$ThreadLocalMap.getEntry(Ljava/lang/ThreadLocal;)Ljava/lang/ThreadLocal$ThreadLocalMap$Entry; @ 29 c2
Event: 8.715 Thread 0x000001c604bec910 DEOPT PACKING pc=0x000001c61586eb8c sp=0x000000b6383f8bd0
Event: 8.715 Thread 0x000001c604bec910 DEOPT UNPACKING pc=0x000001c6151c23a3 sp=0x000000b6383f8ae8 mode 2

Classes unloaded (0 events):
No events

Classes redefined (0 events):
No events

Internal exceptions (20 events):
Event: 6.309 Thread 0x000001c604bec910 Implicit null exception at 0x000001c615866f6f to 0x000001c615867164
Event: 6.309 Thread 0x000001c604bec910 Implicit null exception at 0x000001c61575bf6f to 0x000001c61575c14c
Event: 6.843 Thread 0x000001c604bec910 Exception <a 'java/lang/NoSuchMethodError'{0x000000008723d1c0}: 'java.lang.Object java.lang.invoke.DirectMethodHandle$Holder.newInvokeSpecial(java.lang.Object, int, java.lang.Object)'> (0x000000008723d1c0) 
thrown [s\open\src\hotspot\share\interpreter\linkResolver.cpp, line 759]
Event: 6.845 Thread 0x000001c604bec910 Exception <a 'java/lang/NoSuchMethodError'{0x0000000087243620}: 'int java.lang.invoke.DirectMethodHandle$Holder.invokeInterface(java.lang.Object, java.lang.Object)'> (0x0000000087243620) 
thrown [s\open\src\hotspot\share\interpreter\linkResolver.cpp, line 759]
Event: 7.422 Thread 0x000001c604bec910 Exception <a 'java/lang/NoSuchMethodError'{0x0000000088bcb4f8}: 'java.lang.Object java.lang.invoke.DirectMethodHandle$Holder.newInvokeSpecial(java.lang.Object, java.lang.Object, java.lang.Object, java.lang.Object, java.lang.Object, java.lang.Object)'> (0x0000000088bcb4f8) 
thrown [s\open\src\hotspot\share\interpreter\linkResolver.cpp, line 759]
Event: 7.548 Thread 0x000001c604bec910 Exception <a 'java/lang/NoSuchMethodError'{0x0000000088b8c868}: 'int java.lang.invoke.DirectMethodHandle$Holder.invokeStaticInit(java.lang.Object, int)'> (0x0000000088b8c868) 
thrown [s\open\src\hotspot\share\interpreter\linkResolver.cpp, line 759]
Event: 7.688 Thread 0x000001c604bec910 Exception <a 'java/lang/NoSuchMethodError'{0x0000000088423908}: 'java.lang.Object java.lang.invoke.DirectMethodHandle$Holder.newInvokeSpecial(java.lang.Object, java.lang.Object, java.lang.Object, java.lang.Object, java.lang.Object, java.lang.Object, java.lang.Object)'> (0x0000000088423908) 
thrown [s\open\src\hotspot\share\interpreter\linkResolver.cpp, line 759]
Event: 7.688 Thread 0x000001c604bec910 Exception <a 'java/lang/NoSuchMethodError'{0x0000000088428f60}: 'java.lang.Object java.lang.invoke.Invokers$Holder.linkToTargetMethod(java.lang.Object, java.lang.Object, java.lang.Object, java.lang.Object, java.lang.Object, java.lang.Object, java.lang.Object)'> (0x0000000088428f60) 
thrown [s\open\src\hotspot\share\interpreter\linkResolver.cpp, line 759]
Event: 7.691 Thread 0x000001c604bec910 Implicit null exception at 0x000001c615838720 to 0x000001c6158388b0
Event: 7.691 Thread 0x000001c604bec910 Implicit null exception at 0x000001c6157919e0 to 0x000001c615791a7a
Event: 7.701 Thread 0x000001c604bec910 Implicit null exception at 0x000001c61577190f to 0x000001c615771989
Event: 7.731 Thread 0x000001c604bec910 Implicit null exception at 0x000001c6158752cc to 0x000001c6158753c0
Event: 8.145 Thread 0x000001c604bec910 Exception <a 'java/lang/NoSuchMethodError'{0x0000000087a3f3f0}: 'java.lang.Object java.lang.invoke.DirectMethodHandle$Holder.invokeInterface(java.lang.Object, java.lang.Object, java.lang.Object)'> (0x0000000087a3f3f0) 
thrown [s\open\src\hotspot\share\interpreter\linkResolver.cpp, line 759]
Event: 8.145 Thread 0x000001c604bec910 Exception <a 'java/lang/IncompatibleClassChangeError'{0x0000000087a42d60}: Found class java.lang.Object, but interface was expected> (0x0000000087a42d60) 
thrown [s\open\src\hotspot\share\interpreter\linkResolver.cpp, line 826]
Event: 8.436 Thread 0x000001c604bec910 Implicit null exception at 0x000001c615a59e60 to 0x000001c615a62620
Event: 8.436 Thread 0x000001c604bec910 Implicit null exception at 0x000001c615a41f00 to 0x000001c615a48d54
Event: 8.536 Thread 0x000001c604bec910 Exception <a 'java/lang/NoSuchMethodError'{0x00000000872d78e8}: 'void java.lang.invoke.DirectMethodHandle$Holder.invokeStatic(java.lang.Object, java.lang.Object, java.lang.Object)'> (0x00000000872d78e8) 
thrown [s\open\src\hotspot\share\interpreter\linkResolver.cpp, line 759]
Event: 8.620 Thread 0x000001c604bec910 Exception <a 'java/lang/NoSuchMethodError'{0x0000000086e06100}: 'java.lang.Object java.lang.invoke.DirectMethodHandle$Holder.newInvokeSpecial(java.lang.Object, int, java.lang.Object, java.lang.Object)'> (0x0000000086e06100) 
thrown [s\open\src\hotspot\share\interpreter\linkResolver.cpp, line 759]
Event: 8.621 Thread 0x000001c604bec910 Exception <a 'java/lang/NoSuchMethodError'{0x0000000086e0b048}: 'java.lang.Object java.lang.invoke.DirectMethodHandle$Holder.invokeSpecial(java.lang.Object, java.lang.Object, int, java.lang.Object, java.lang.Object)'> (0x0000000086e0b048) 
thrown [s\open\src\hotspot\share\interpreter\linkResolver.cpp, line 759]
Event: 8.690 Thread 0x000001c604bec910 Exception <a 'java/lang/NoSuchMethodError'{0x0000000086ddfb00}: 'int java.lang.invoke.DirectMethodHandle$Holder.invokeVirtual(java.lang.Object, java.lang.Object, java.lang.Object)'> (0x0000000086ddfb00) 
thrown [s\open\src\hotspot\share\interpreter\linkResolver.cpp, line 759]

VM Operations (20 events):
Event: 8.064 Executing VM operation: ICBufferFull done
Event: 8.214 Executing VM operation: ICBufferFull
Event: 8.214 Executing VM operation: ICBufferFull done
Event: 8.323 Executing VM operation: ICBufferFull
Event: 8.323 Executing VM operation: ICBufferFull done
Event: 8.428 Executing VM operation: ICBufferFull
Event: 8.429 Executing VM operation: ICBufferFull done
Event: 8.472 Executing VM operation: HandshakeAllThreads
Event: 8.472 Executing VM operation: HandshakeAllThreads done
Event: 8.480 Executing VM operation: ICBufferFull
Event: 8.480 Executing VM operation: ICBufferFull done
Event: 8.551 Executing VM operation: ICBufferFull
Event: 8.552 Executing VM operation: ICBufferFull done
Event: 8.614 Executing VM operation: ICBufferFull
Event: 8.614 Executing VM operation: ICBufferFull done
Event: 8.698 Executing VM operation: HandshakeAllThreads
Event: 8.698 Executing VM operation: HandshakeAllThreads done
Event: 8.750 Executing VM operation: HandshakeAllThreads
Event: 8.750 Executing VM operation: HandshakeAllThreads done
Event: 8.755 Executing VM operation: G1CollectForAllocation

Events (20 events):
Event: 7.521 Thread 0x000001c624cb6000 flushing nmethod 0x000001c60e4c0b90
Event: 7.521 Thread 0x000001c624cb6000 flushing nmethod 0x000001c60e522d90
Event: 7.521 Thread 0x000001c624cb6000 flushing nmethod 0x000001c60e523110
Event: 7.524 Thread 0x000001c624cb6000 flushing nmethod 0x000001c60e655d10
Event: 7.524 Thread 0x000001c624cb6000 flushing nmethod 0x000001c60e66e990
Event: 7.524 Thread 0x000001c624cb6000 flushing nmethod 0x000001c60e673990
Event: 7.524 Thread 0x000001c624cb6000 flushing nmethod 0x000001c60e674490
Event: 7.525 Thread 0x000001c624cb6000 flushing nmethod 0x000001c60e685310
Event: 7.525 Thread 0x000001c624cb6000 flushing nmethod 0x000001c60e686290
Event: 7.525 Thread 0x000001c624cb6000 flushing nmethod 0x000001c60e695890
Event: 7.525 Thread 0x000001c624cb6000 flushing nmethod 0x000001c60e698610
Event: 7.525 Thread 0x000001c624cb6000 flushing nmethod 0x000001c60e69a090
Event: 7.525 Thread 0x000001c624cb6000 flushing nmethod 0x000001c60e6a7d90
Event: 7.525 Thread 0x000001c624cb6000 flushing nmethod 0x000001c60e6cc610
Event: 7.525 Thread 0x000001c624cb6000 flushing nmethod 0x000001c60e6cf210
Event: 7.525 Thread 0x000001c624cb6000 flushing nmethod 0x000001c60e6dd110
Event: 8.561 loading class java/util/regex/Pattern$Bound
Event: 8.561 loading class java/util/regex/Pattern$Bound done
Event: 8.561 loading class java/util/regex/Pattern$NotBehind
Event: 8.561 loading class java/util/regex/Pattern$NotBehind done


Dynamic libraries:
0x00007ff6b9930000 - 0x00007ff6b9940000 	C:\Program Files\Java\jdk-17\bin\java.exe
0x00007fff1e7f0000 - 0x00007fff1ea07000 	C:\WINDOWS\SYSTEM32\ntdll.dll
0x00007fff1d690000 - 0x00007fff1d754000 	C:\WINDOWS\System32\KERNEL32.DLL
0x00007fff1be20000 - 0x00007fff1c1c6000 	C:\WINDOWS\System32\KERNELBASE.dll
0x00007fff1bd00000 - 0x00007fff1be11000 	C:\WINDOWS\System32\ucrtbase.dll
0x00007ffefc2a0000 - 0x00007ffefc2b8000 	C:\Program Files\Java\jdk-17\bin\jli.dll
0x00007ffefc280000 - 0x00007ffefc29b000 	C:\Program Files\Java\jdk-17\bin\VCRUNTIME140.dll
0x00007fff1c990000 - 0x00007fff1ca40000 	C:\WINDOWS\System32\ADVAPI32.dll
0x00007fff1e190000 - 0x00007fff1e237000 	C:\WINDOWS\System32\msvcrt.dll
0x00007fff1de50000 - 0x00007fff1def6000 	C:\WINDOWS\System32\sechost.dll
0x00007fff1d760000 - 0x00007fff1d877000 	C:\WINDOWS\System32\RPCRT4.dll
0x00007fff1d8b0000 - 0x00007fff1da5d000 	C:\WINDOWS\System32\USER32.dll
0x00007fff06f00000 - 0x00007fff07193000 	C:\WINDOWS\WinSxS\amd64_microsoft.windows.common-controls_6595b64144ccf1df_6.0.22621.2361_none_2712ced57382f843\COMCTL32.dll
0x00007fff1c1d0000 - 0x00007fff1c1f6000 	C:\WINDOWS\System32\win32u.dll
0x00007fff1d880000 - 0x00007fff1d8a9000 	C:\WINDOWS\System32\GDI32.dll
0x00007fff1bbe0000 - 0x00007fff1bcf8000 	C:\WINDOWS\System32\gdi32full.dll
0x00007fff1c280000 - 0x00007fff1c31a000 	C:\WINDOWS\System32\msvcp_win.dll
0x00007fff155c0000 - 0x00007fff155ca000 	C:\WINDOWS\SYSTEM32\VERSION.dll
0x00007fff1da60000 - 0x00007fff1da91000 	C:\WINDOWS\System32\IMM32.DLL
0x00007fff09290000 - 0x00007fff0929c000 	C:\Program Files\Java\jdk-17\bin\vcruntime140_1.dll
0x00007ffedd370000 - 0x00007ffedd3fe000 	C:\Program Files\Java\jdk-17\bin\msvcp140.dll
0x00007ffed8690000 - 0x00007ffed9267000 	C:\Program Files\Java\jdk-17\bin\server\jvm.dll
0x00007fff1c550000 - 0x00007fff1c558000 	C:\WINDOWS\System32\PSAPI.DLL
0x00007fff15b00000 - 0x00007fff15b34000 	C:\WINDOWS\SYSTEM32\WINMM.dll
0x00007ffef6880000 - 0x00007ffef6889000 	C:\WINDOWS\SYSTEM32\WSOCK32.dll
0x00007fff1e110000 - 0x00007fff1e181000 	C:\WINDOWS\System32\WS2_32.dll
0x00007fff1ac40000 - 0x00007fff1ac58000 	C:\WINDOWS\SYSTEM32\kernel.appcore.dll
0x00007fff08750000 - 0x00007fff0875a000 	C:\Program Files\Java\jdk-17\bin\jimage.dll
0x00007fff19510000 - 0x00007fff1973e000 	C:\WINDOWS\SYSTEM32\DBGHELP.DLL
0x00007fff1dac0000 - 0x00007fff1de4a000 	C:\WINDOWS\System32\combase.dll
0x00007fff1c560000 - 0x00007fff1c637000 	C:\WINDOWS\System32\OLEAUT32.dll
0x00007fff14b80000 - 0x00007fff14bb2000 	C:\WINDOWS\SYSTEM32\dbgcore.DLL
0x00007fff1c200000 - 0x00007fff1c27a000 	C:\WINDOWS\System32\bcryptPrimitives.dll
0x00007ffefc1d0000 - 0x00007ffefc1f5000 	C:\Program Files\Java\jdk-17\bin\java.dll
0x00007ffedcad0000 - 0x00007ffedcba7000 	C:\Program Files\Java\jdk-17\bin\jsvml.dll
0x00007fff1ce30000 - 0x00007fff1d688000 	C:\WINDOWS\System32\SHELL32.dll
0x00007fff19ae0000 - 0x00007fff1a3d2000 	C:\WINDOWS\SYSTEM32\windows.storage.dll
0x00007fff199a0000 - 0x00007fff19ade000 	C:\WINDOWS\SYSTEM32\wintypes.dll
0x00007fff1cb00000 - 0x00007fff1cbf3000 	C:\WINDOWS\System32\SHCORE.dll
0x00007fff1df00000 - 0x00007fff1df5e000 	C:\WINDOWS\System32\shlwapi.dll
0x00007fff1baa0000 - 0x00007fff1bac6000 	C:\WINDOWS\SYSTEM32\profapi.dll
0x00007ffee11c0000 - 0x00007ffee11d9000 	C:\Program Files\Java\jdk-17\bin\net.dll
0x00007fff158f0000 - 0x00007fff15a27000 	C:\WINDOWS\SYSTEM32\WINHTTP.dll
0x00007fff1b120000 - 0x00007fff1b189000 	C:\WINDOWS\system32\mswsock.dll
0x00007ffedeec0000 - 0x00007ffedeed6000 	C:\Program Files\Java\jdk-17\bin\nio.dll
0x00007ffedd4d0000 - 0x00007ffedd4e8000 	C:\Program Files\Java\jdk-17\bin\zip.dll
0x00007fff08590000 - 0x00007fff085a0000 	C:\Program Files\Java\jdk-17\bin\verify.dll

dbghelp: loaded successfully - version: 4.0.5 - missing functions: none
symbol engine: initialized successfully - sym options: 0x614 - pdb path: .;C:\Program Files\Java\jdk-17\bin;C:\WINDOWS\SYSTEM32;C:\WINDOWS\WinSxS\amd64_microsoft.windows.common-controls_6595b64144ccf1df_6.0.22621.2361_none_2712ced57382f843;C:\Program Files\Java\jdk-17\bin\server

VM Arguments:
java_command: org.jetbrains.kotlin.cli.jvm.K2JVMCompiler @D:\Aplikasi_DBandeng\app\build\20231017_13515946981127132299.compiler.options
java_class_path (initial): C:\Users\ASUS\.gradle\caches\modules-2\files-2.1\org.jetbrains.kotlin\kotlin-compiler-embeddable\1.8.0\eb9118d4bcceaa2a94b2ae2a33a4ddba7c9a947f\kotlin-compiler-embeddable-1.8.0.jar;C:\Users\ASUS\.gradle\caches\modules-2\files-2.1\org.jetbrains.kotlin\kotlin-stdlib\1.8.0\1796921c7a3e2e2665a83e6c8d33399336cd39bc\kotlin-stdlib-1.8.0.jar;C:\Users\ASUS\.gradle\caches\modules-2\files-2.1\org.jetbrains.kotlin\kotlin-script-runtime\1.8.0\b2f7e760d283cb339974851c222a4c1d48f2d3d\kotlin-script-runtime-1.8.0.jar;C:\Users\ASUS\.gradle\caches\modules-2\files-2.1\org.jetbrains.kotlin\kotlin-reflect\1.6.10\1cbe9c92c12a94eea200d23c2bbaedaf3daf5132\kotlin-reflect-1.6.10.jar;C:\Users\ASUS\.gradle\caches\modules-2\files-2.1\org.jetbrains.kotlin\kotlin-daemon-embeddable\1.8.0\d255216c551685dc3a7e852b53617f5f01aaaa5c\kotlin-daemon-embeddable-1.8.0.jar;C:\Users\ASUS\.gradle\caches\modules-2\files-2.1\org.jetbrains.intellij.deps\trove4j\1.0.20200330\3afb14d5f9ceb459d724e907a21145e8ff394f02\trove4j-1.0.20200330.jar;C:\Users\ASUS\.gradle\caches\modules-2\files-2.1\net.java.dev.jna\jna\5.6.0\330f2244e9030119ab3030fc3fededc86713d9cc\jna-5.6.0.jar;C:\Users\ASUS\.gradle\caches\modules-2\files-2.1\org.jetbrains.kotlin\kotlin-stdlib-common\1.8.0\f7197e7cc76453ac59f8b0f8d5137cc600becd36\kotlin-stdlib-common-1.8.0.jar;C:\Users\ASUS\.gradle\caches\modules-2\files-2.1\org.jetbrains\annotations\13.0\919f0dfe192fb4e063e7dacadee7f8bb9a2672a9\annotations-13.0.jar
Launcher Type: SUN_STANDARD

[Global flags]
     intx CICompilerCount                          = 4                                         {product} {ergonomic}
     uint ConcGCThreads                            = 2                                         {product} {ergonomic}
     uint G1ConcRefinementThreads                  = 8                                         {product} {ergonomic}
   size_t G1HeapRegionSize                         = 1048576                                   {product} {ergonomic}
    uintx GCDrainStackTargetSize                   = 64                                        {product} {ergonomic}
   size_t InitialHeapSize                          = 134217728                                 {product} {ergonomic}
   size_t MarkStackSize                            = 4194304                                   {product} {ergonomic}
   size_t MaxHeapSize                              = 2118123520                                {product} {ergonomic}
   size_t MaxNewSize                               = 1270874112                                {product} {ergonomic}
   size_t MinHeapDeltaBytes                        = 1048576                                   {product} {ergonomic}
   size_t MinHeapSize                              = 8388608                                   {product} {ergonomic}
    uintx NonNMethodCodeHeapSize                   = 5839372                                {pd product} {ergonomic}
    uintx NonProfiledCodeHeapSize                  = 122909434                              {pd product} {ergonomic}
    uintx ProfiledCodeHeapSize                     = 122909434                              {pd product} {ergonomic}
    uintx ReservedCodeCacheSize                    = 251658240                              {pd product} {ergonomic}
     bool SegmentedCodeCache                       = true                                      {product} {ergonomic}
   size_t SoftMaxHeapSize                          = 2118123520                             {manageable} {ergonomic}
     bool UseCompressedClassPointers               = true                           {product lp64_product} {ergonomic}
     bool UseCompressedOops                        = true                           {product lp64_product} {ergonomic}
     bool UseG1GC                                  = true                                      {product} {ergonomic}
     bool UseLargePagesIndividualAllocation        = false                                  {pd product} {ergonomic}

Logging:
Log output configuration:
 #0: stdout all=warning uptime,level,tags
 #1: stderr all=off uptime,level,tags

Environment Variables:
PATH=C:\Program Files\Common Files\Oracle\Java\javapath;C:\Python310\Scripts\;C:\Python310\;C:\Program Files (x86)\Common Files\Intel\Shared Files\cpp\bin\Intel64;C:\Program Files (x86)\Intel\iCLS Client\;C:\Program Files\Intel\iCLS Client\;C:\Windows\system32;C:\Windows;C:\Windows\System32\Wbem;C:\Windows\System32\WindowsPowerShell\v1.0\;C:\Windows\System32\OpenSSH\;C:\Program Files (x86)\Intel\Intel(R) Management Engine Components\DAL;C:\Program Files\Intel\Intel(R) Management Engine Components\DAL;C:\Program Files (x86)\Intel\Intel(R) Management Engine Components\IPT;C:\Program Files\Intel\Intel(R) Management Engine Components\IPT;C:\Program Files (x86)\NVIDIA Corporation\PhysX\Common;C:\Program Files\Microsoft VS Code\bin;C:\ProgramData\chocolatey\bin;C:\WINDOWS\system32;C:\WINDOWS;C:\WINDOWS\System32\Wbem;C:\WINDOWS\System32\WindowsPowerShell\v1.0\;C:\WINDOWS\System32\OpenSSH\;C:\xampp\php;C:\ProgramData\ComposerSetup\bin;D:\Git\cmd;C:\Users\ASUS\AppData\Roaming\nvm;C:\Program Files\nodejs;C:\Users\ASUS\AppData\Roaming\npm;C:\Users\ASUS\AppData\Roaming\nvm;C:\Program Files\nodejs\;C:\Program Files\dotnet\;C:\Users\ASUS\AppData\Local\Microsoft\WindowsApps;;D:\IntelliJ IDEA 2023.2\bin;
USERNAME=ASUS
OS=Windows_NT
PROCESSOR_IDENTIFIER=Intel64 Family 6 Model 142 Stepping 10, GenuineIntel



---------------  S Y S T E M  ---------------

OS:
 Windows 11 , 64 bit Build 22621 (10.0.22621.2428)
OS uptime: 1 days 17:12 hours

CPU: total 8 (initial active 8) (4 cores per cpu, 2 threads per core) family 6 model 142 stepping 10 microcode 0xe0, cx8, cmov, fxsr, ht, mmx, 3dnowpref, sse, sse2, sse3, ssse3, sse4.1, sse4.2, popcnt, lzcnt, tsc, tscinvbit, avx, avx2, aes, erms, clmul, bmi1, bmi2, adx, fma, vzeroupper, clflush, clflushopt

Memory: 4k page, system-wide physical 8074M (604M free)
TotalPageFile size 15699M (AvailPageFile size 50M)
current process WorkingSet (physical memory assigned to process): 313M, peak: 316M
current process commit charge ("private bytes"): 368M, peak: 419M

vm_info: Java HotSpot(TM) 64-Bit Server VM (17.0.6+9-LTS-190) for windows-amd64 JRE (17.0.6+9-LTS-190), built on Dec  6 2022 15:53:54 by "mach5one" with MS VC++ 17.1 (VS2022)

END.
