#
# There is insufficient memory for the Java Runtime Environment to continue.
# Native memory allocation (mmap) failed to map 47185920 bytes for G1 virtual space
# Possible reasons:
#   The system is out of physical RAM or swap space
#   The process is running with CompressedOops enabled, and the Java Heap may be blocking the growth of the native heap
# Possible solutions:
#   Reduce memory load on the system
#   Increase physical memory or swap space
#   Check if swap backing store is full
#   Decrease Java heap size (-Xmx/-Xms)
#   Decrease number of Java threads
#   Decrease Java thread stack sizes (-Xss)
#   Set larger code cache with -XX:ReservedCodeCacheSize=
#   JVM is running with Unscaled Compressed Oops mode in which the Java heap is
#     placed in the first 4GB address space. The Java Heap base address is the
#     maximum limit for the native heap growth. Please use -XX:HeapBaseMinAddress
#     to set the Java Heap base and to place the Java Heap above 4GB virtual address.
# This output file may be truncated or incomplete.
#
#  Out of Memory Error (os_windows.cpp:3550), pid=20364, tid=24120
#
# JRE version: Java(TM) SE Runtime Environment (17.0.6+9) (build 17.0.6+9-LTS-190)
# Java VM: Java HotSpot(TM) 64-Bit Server VM (17.0.6+9-LTS-190, mixed mode, sharing, tiered, compressed oops, compressed class ptrs, g1 gc, windows-amd64)
# No core dump will be written. Minidumps are not enabled by default on client versions of Windows
#

---------------  S U M M A R Y ------------

Command Line: org.jetbrains.kotlin.cli.jvm.K2JVMCompiler @D:\Aplikasi_DBandeng\app\build\20231017_3535699147193776937.compiler.options

Host: Intel(R) Core(TM) i5-8250U CPU @ 1.60GHz, 8 cores, 7G,  Windows 11 , 64 bit Build 22621 (10.0.22621.2428)
Time: Tue Oct 17 14:03:48 2023 SE Asia Standard Time elapsed time: 10.339044 seconds (0d 0h 0m 10s)

---------------  T H R E A D  ---------------

Current thread (0x0000015163780d00):  VMThread "VM Thread" [stack: 0x0000001856b00000,0x0000001856c00000] [id=24120]

Stack: [0x0000001856b00000,0x0000001856c00000]
Native frames: (J=compiled Java code, j=interpreted, Vv=VM code, C=native code)
V  [jvm.dll+0x6734ea]
V  [jvm.dll+0x7d18f4]
V  [jvm.dll+0x7d309e]
V  [jvm.dll+0x7d3703]
V  [jvm.dll+0x2433c5]
V  [jvm.dll+0x6703f9]
V  [jvm.dll+0x664d32]
V  [jvm.dll+0x300086]
V  [jvm.dll+0x307606]
V  [jvm.dll+0x356c1e]
V  [jvm.dll+0x356e4f]
V  [jvm.dll+0x2d72e8]
V  [jvm.dll+0x2d57e5]
V  [jvm.dll+0x2d4dec]
V  [jvm.dll+0x31837b]
V  [jvm.dll+0x7d7f0b]
V  [jvm.dll+0x7d8c44]
V  [jvm.dll+0x7d915d]
V  [jvm.dll+0x7d9534]
V  [jvm.dll+0x7d9600]
V  [jvm.dll+0x781a7a]
V  [jvm.dll+0x672375]
C  [ucrtbase.dll+0x29363]
C  [KERNEL32.DLL+0x1257d]
C  [ntdll.dll+0x5aa78]

VM_Operation (0x00000018565f41e0): G1CollectForAllocation, mode: safepoint, requested by thread 0x00000151456ae6c0


---------------  P R O C E S S  ---------------

Threads class SMR info:
_java_thread_list=0x00000151664d0610, length=14, elements={
0x00000151456ae6c0, 0x0000015163783820, 0x00000151637845a0, 0x000001516379dbf0,
0x000001516379e6b0, 0x00000151637a0f80, 0x00000151637a1840, 0x00000151637aa900,
0x00000151637af3f0, 0x00000151637b1d00, 0x00000151644cd020, 0x00000151644f3590,
0x000001516451c250, 0x0000015166375a00
}

Java Threads: ( => current thread )
  0x00000151456ae6c0 JavaThread "main" [_thread_blocked, id=26652, stack(0x0000001856500000,0x0000001856600000)]
  0x0000015163783820 JavaThread "Reference Handler" daemon [_thread_blocked, id=24468, stack(0x0000001856c00000,0x0000001856d00000)]
  0x00000151637845a0 JavaThread "Finalizer" daemon [_thread_blocked, id=6192, stack(0x0000001856d00000,0x0000001856e00000)]
  0x000001516379dbf0 JavaThread "Signal Dispatcher" daemon [_thread_blocked, id=27316, stack(0x0000001856e00000,0x0000001856f00000)]
  0x000001516379e6b0 JavaThread "Attach Listener" daemon [_thread_blocked, id=27268, stack(0x0000001856f00000,0x0000001857000000)]
  0x00000151637a0f80 JavaThread "Service Thread" daemon [_thread_blocked, id=30864, stack(0x0000001857000000,0x0000001857100000)]
  0x00000151637a1840 JavaThread "Monitor Deflation Thread" daemon [_thread_blocked, id=12060, stack(0x0000001857100000,0x0000001857200000)]
  0x00000151637aa900 JavaThread "C2 CompilerThread0" daemon [_thread_blocked, id=33448, stack(0x0000001857200000,0x0000001857300000)]
  0x00000151637af3f0 JavaThread "C1 CompilerThread0" daemon [_thread_blocked, id=13220, stack(0x0000001857300000,0x0000001857400000)]
  0x00000151637b1d00 JavaThread "Sweeper thread" daemon [_thread_blocked, id=19100, stack(0x0000001857400000,0x0000001857500000)]
  0x00000151644cd020 JavaThread "Notification Thread" daemon [_thread_blocked, id=15256, stack(0x0000001857500000,0x0000001857600000)]
  0x00000151644f3590 JavaThread "Common-Cleaner" daemon [_thread_blocked, id=30872, stack(0x0000001857700000,0x0000001857800000)]
  0x000001516451c250 JavaThread "C2 CompilerThread1" daemon [_thread_blocked, id=23888, stack(0x0000001857800000,0x0000001857900000)]
  0x0000015166375a00 JavaThread "C2 CompilerThread2" daemon [_thread_blocked, id=27588, stack(0x0000001857e00000,0x0000001857f00000)]

Other Threads:
=>0x0000015163780d00 VMThread "VM Thread" [stack: 0x0000001856b00000,0x0000001856c00000] [id=24120]
  0x0000015145726aa0 WatcherThread [stack: 0x0000001857600000,0x0000001857700000] [id=24412]
  0x0000015145708040 GCTaskThread "GC Thread#0" [stack: 0x0000001856600000,0x0000001856700000] [id=25696]
  0x00000151649fb430 GCTaskThread "GC Thread#1" [stack: 0x0000001857900000,0x0000001857a00000] [id=26352]
  0x0000015164a0f010 GCTaskThread "GC Thread#2" [stack: 0x0000001857a00000,0x0000001857b00000] [id=26380]
  0x0000015164a42b10 GCTaskThread "GC Thread#3" [stack: 0x0000001857b00000,0x0000001857c00000] [id=24868]
  0x0000015164a431d0 GCTaskThread "GC Thread#4" [stack: 0x0000001857c00000,0x0000001857d00000] [id=3216]
  0x0000015164a43480 GCTaskThread "GC Thread#5" [stack: 0x0000001857d00000,0x0000001857e00000] [id=26932]
  0x0000015165c5f0c0 GCTaskThread "GC Thread#6" [stack: 0x0000001857f00000,0x0000001858000000] [id=25040]
  0x0000015165c5f370 GCTaskThread "GC Thread#7" [stack: 0x0000001858000000,0x0000001858100000] [id=33064]
  0x0000015145718b10 ConcurrentGCThread "G1 Main Marker" [stack: 0x0000001856700000,0x0000001856800000] [id=22380]
  0x0000015145719bd0 ConcurrentGCThread "G1 Conc#0" [stack: 0x0000001856800000,0x0000001856900000] [id=32804]
  0x0000015164ff6df0 ConcurrentGCThread "G1 Conc#1" [stack: 0x0000001858100000,0x0000001858200000] [id=19824]
  0x00000151636420c0 ConcurrentGCThread "G1 Refine#0" [stack: 0x0000001856900000,0x0000001856a00000] [id=13060]
  0x000001516944d660 ConcurrentGCThread "G1 Refine#1" [stack: 0x0000001858200000,0x0000001858300000] [id=16652]
  0x000001516944cdc0 ConcurrentGCThread "G1 Refine#2" [stack: 0x0000001858300000,0x0000001858400000] [id=16560]
  0x0000015163642c00 ConcurrentGCThread "G1 Service" [stack: 0x0000001856a00000,0x0000001856b00000] [id=11756]

Threads with active compile tasks:
C2 CompilerThread0    10372 9693       4       org.jetbrains.kotlin.resolve.calls.components.candidate.ResolutionCandidate::getSystem (80 bytes)
C2 CompilerThread1    10372 9645       4       org.jetbrains.kotlin.psi.KtImportInfo::computeNameAsString (148 bytes)
C2 CompilerThread2    10372 9701       4       org.jetbrains.kotlin.resolve.OverridingUtil::resolveUnknownVisibilityForMember (248 bytes)

VM state: at safepoint (normal execution)

VM Mutex/Monitor currently owned by a thread:  ([mutex/lock_event])
[0x00000151456aa9c0] Threads_lock - owner thread: 0x0000015163780d00
[0x00000151456aaa50] Heap_lock - owner thread: 0x00000151456ae6c0

Heap address: 0x0000000081c00000, size: 2020 MB, Compressed Oops mode: 32-bit

CDS archive(s) mapped at: [0x0000000800000000-0x0000000800bd0000-0x0000000800bd0000), size 12386304, SharedBaseAddress: 0x0000000800000000, ArchiveRelocationMode: 0.
Compressed class space mapped at: 0x0000000800c00000-0x0000000840c00000, reserved size: 1073741824
Narrow klass base: 0x0000000800000000, Narrow klass shift: 0, Narrow klass range: 0x100000000

GC Precious Log:
 CPUs: 8 total, 8 available
 Memory: 8074M
 Large Page Support: Disabled
 NUMA Support: Disabled
 Compressed Oops: Enabled (32-bit)
 Heap Region Size: 1M
 Heap Min Capacity: 8M
 Heap Initial Capacity: 128M
 Heap Max Capacity: 2020M
 Pre-touch: Disabled
 Parallel Workers: 8
 Concurrent Workers: 2
 Concurrent Refinement Workers: 8
 Periodic GC: Disabled

Heap:
 garbage-first heap   total 131072K, used 68391K [0x0000000081c00000, 0x0000000100000000)
  region size 1024K, 6 young (6144K), 6 survivors (6144K)
 Metaspace       used 57012K, committed 57408K, reserved 1105920K
  class space    used 6724K, committed 6912K, reserved 1048576K

Heap Regions: E=young(eden), S=young(survivor), O=old, HS=humongous(starts), HC=humongous(continues), CS=collection set, F=free, OA=open archive, CA=closed archive, TAMS=top-at-mark-start (previous, next)
|   0|0x0000000081c00000, 0x0000000081d00000, 0x0000000081d00000|100%|HS|  |TAMS 0x0000000081d00000, 0x0000000081c00000| Complete 
|   1|0x0000000081d00000, 0x0000000081e00000, 0x0000000081e00000|100%|HC|  |TAMS 0x0000000081e00000, 0x0000000081d00000| Complete 
|   2|0x0000000081e00000, 0x0000000081f00000, 0x0000000081f00000|100%|HC|  |TAMS 0x0000000081f00000, 0x0000000081e00000| Complete 
|   3|0x0000000081f00000, 0x0000000082000000, 0x0000000082000000|100%|HC|  |TAMS 0x0000000082000000, 0x0000000081f00000| Complete 
|   4|0x0000000082000000, 0x0000000082100000, 0x0000000082100000|100%| O|  |TAMS 0x0000000082100000, 0x0000000082000000| Untracked 
|   5|0x0000000082100000, 0x0000000082200000, 0x0000000082200000|100%| O|  |TAMS 0x0000000082200000, 0x0000000082100000| Untracked 
|   6|0x0000000082200000, 0x00000000822daa00, 0x0000000082300000| 85%| O|  |TAMS 0x00000000822daa00, 0x0000000082200000| Untracked 
|   7|0x0000000082300000, 0x0000000082400000, 0x0000000082400000|100%|HS|  |TAMS 0x0000000082400000, 0x0000000082300000| Complete 
|   8|0x0000000082400000, 0x0000000082500000, 0x0000000082500000|100%|HC|  |TAMS 0x0000000082500000, 0x0000000082400000| Complete 
|   9|0x0000000082500000, 0x0000000082600000, 0x0000000082600000|100%|HC|  |TAMS 0x0000000082600000, 0x0000000082500000| Complete 
|  10|0x0000000082600000, 0x0000000082700000, 0x0000000082700000|100%|HC|  |TAMS 0x0000000082700000, 0x0000000082600000| Complete 
|  11|0x0000000082700000, 0x0000000082800000, 0x0000000082800000|100%| O|  |TAMS 0x0000000082800000, 0x0000000082700000| Untracked 
|  12|0x0000000082800000, 0x0000000082900000, 0x0000000082900000|100%| O|  |TAMS 0x0000000082900000, 0x0000000082800000| Untracked 
|  13|0x0000000082900000, 0x0000000082a00000, 0x0000000082a00000|100%| O|  |TAMS 0x0000000082a00000, 0x0000000082900000| Untracked 
|  14|0x0000000082a00000, 0x0000000082b00000, 0x0000000082b00000|100%| O|  |TAMS 0x0000000082b00000, 0x0000000082a00000| Untracked 
|  15|0x0000000082b00000, 0x0000000082c00000, 0x0000000082c00000|100%| O|  |TAMS 0x0000000082c00000, 0x0000000082b00000| Untracked 
|  16|0x0000000082c00000, 0x0000000082d00000, 0x0000000082d00000|100%| O|  |TAMS 0x0000000082d00000, 0x0000000082c00000| Untracked 
|  17|0x0000000082d00000, 0x0000000082e00000, 0x0000000082e00000|100%| O|  |TAMS 0x0000000082e00000, 0x0000000082d00000| Untracked 
|  18|0x0000000082e00000, 0x0000000082f00000, 0x0000000082f00000|100%| O|  |TAMS 0x0000000082f00000, 0x0000000082e00000| Untracked 
|  19|0x0000000082f00000, 0x0000000083000000, 0x0000000083000000|100%| O|  |TAMS 0x0000000083000000, 0x0000000082f00000| Untracked 
|  20|0x0000000083000000, 0x0000000083100000, 0x0000000083100000|100%|HS|  |TAMS 0x0000000083100000, 0x0000000083000000| Complete 
|  21|0x0000000083100000, 0x0000000083200000, 0x0000000083200000|100%|HC|  |TAMS 0x0000000083200000, 0x0000000083100000| Complete 
|  22|0x0000000083200000, 0x0000000083300000, 0x0000000083300000|100%| O|  |TAMS 0x0000000083300000, 0x0000000083200000| Untracked 
|  23|0x0000000083300000, 0x0000000083400000, 0x0000000083400000|100%| O|  |TAMS 0x0000000083400000, 0x0000000083300000| Untracked 
|  24|0x0000000083400000, 0x0000000083500000, 0x0000000083500000|100%| O|  |TAMS 0x0000000083500000, 0x0000000083400000| Untracked 
|  25|0x0000000083500000, 0x0000000083600000, 0x0000000083600000|100%| O|  |TAMS 0x0000000083600000, 0x0000000083500000| Untracked 
|  26|0x0000000083600000, 0x0000000083700000, 0x0000000083700000|100%| O|  |TAMS 0x0000000083700000, 0x0000000083600000| Untracked 
|  27|0x0000000083700000, 0x0000000083800000, 0x0000000083800000|100%| O|  |TAMS 0x0000000083800000, 0x0000000083700000| Untracked 
|  28|0x0000000083800000, 0x0000000083900000, 0x0000000083900000|100%| O|  |TAMS 0x0000000083900000, 0x0000000083800000| Untracked 
|  29|0x0000000083900000, 0x0000000083a00000, 0x0000000083a00000|100%| O|  |TAMS 0x0000000083a00000, 0x0000000083900000| Untracked 
|  30|0x0000000083a00000, 0x0000000083b00000, 0x0000000083b00000|100%| O|  |TAMS 0x0000000083b00000, 0x0000000083a00000| Untracked 
|  31|0x0000000083b00000, 0x0000000083c00000, 0x0000000083c00000|100%| O|  |TAMS 0x0000000083c00000, 0x0000000083b00000| Untracked 
|  32|0x0000000083c00000, 0x0000000083d00000, 0x0000000083d00000|100%| O|  |TAMS 0x0000000083d00000, 0x0000000083c00000| Untracked 
|  33|0x0000000083d00000, 0x0000000083e00000, 0x0000000083e00000|100%| O|  |TAMS 0x0000000083e00000, 0x0000000083d00000| Untracked 
|  34|0x0000000083e00000, 0x0000000083f00000, 0x0000000083f00000|100%| O|  |TAMS 0x0000000083f00000, 0x0000000083e00000| Untracked 
|  35|0x0000000083f00000, 0x0000000084000000, 0x0000000084000000|100%| O|  |TAMS 0x0000000084000000, 0x0000000083f00000| Untracked 
|  36|0x0000000084000000, 0x0000000084100000, 0x0000000084100000|100%| O|  |TAMS 0x0000000084100000, 0x0000000084000000| Untracked 
|  37|0x0000000084100000, 0x0000000084200000, 0x0000000084200000|100%| O|  |TAMS 0x0000000084200000, 0x0000000084100000| Untracked 
|  38|0x0000000084200000, 0x0000000084300000, 0x0000000084300000|100%| O|  |TAMS 0x0000000084300000, 0x0000000084200000| Untracked 
|  39|0x0000000084300000, 0x0000000084400000, 0x0000000084400000|100%| O|  |TAMS 0x0000000084400000, 0x0000000084300000| Untracked 
|  40|0x0000000084400000, 0x0000000084500000, 0x0000000084500000|100%| O|  |TAMS 0x0000000084500000, 0x0000000084400000| Untracked 
|  41|0x0000000084500000, 0x0000000084600000, 0x0000000084600000|100%| O|  |TAMS 0x0000000084600000, 0x0000000084500000| Untracked 
|  42|0x0000000084600000, 0x0000000084700000, 0x0000000084700000|100%| O|  |TAMS 0x0000000084700000, 0x0000000084600000| Untracked 
|  43|0x0000000084700000, 0x0000000084800000, 0x0000000084800000|100%| O|  |TAMS 0x0000000084800000, 0x0000000084700000| Untracked 
|  44|0x0000000084800000, 0x0000000084900000, 0x0000000084900000|100%| O|  |TAMS 0x0000000084900000, 0x0000000084800000| Untracked 
|  45|0x0000000084900000, 0x0000000084a00000, 0x0000000084a00000|100%| O|  |TAMS 0x0000000084a00000, 0x0000000084900000| Untracked 
|  46|0x0000000084a00000, 0x0000000084b00000, 0x0000000084b00000|100%| O|  |TAMS 0x0000000084a00000, 0x0000000084a00000| Untracked 
|  47|0x0000000084b00000, 0x0000000084c00000, 0x0000000084c00000|100%| O|  |TAMS 0x0000000084b00000, 0x0000000084b00000| Untracked 
|  48|0x0000000084c00000, 0x0000000084d00000, 0x0000000084d00000|100%| O|  |TAMS 0x0000000084c00000, 0x0000000084c00000| Untracked 
|  49|0x0000000084d00000, 0x0000000084e00000, 0x0000000084e00000|100%| O|  |TAMS 0x0000000084d00000, 0x0000000084d00000| Untracked 
|  50|0x0000000084e00000, 0x0000000084f00000, 0x0000000084f00000|100%| O|  |TAMS 0x0000000084e00000, 0x0000000084e00000| Untracked 
|  51|0x0000000084f00000, 0x0000000085000000, 0x0000000085000000|100%| O|  |TAMS 0x0000000084f00000, 0x0000000084f00000| Untracked 
|  52|0x0000000085000000, 0x0000000085100000, 0x0000000085100000|100%| O|  |TAMS 0x0000000085000000, 0x0000000085000000| Untracked 
|  53|0x0000000085100000, 0x0000000085200000, 0x0000000085200000|100%| O|  |TAMS 0x0000000085100000, 0x0000000085100000| Untracked 
|  54|0x0000000085200000, 0x0000000085300000, 0x0000000085300000|100%| O|  |TAMS 0x0000000085200000, 0x0000000085200000| Untracked 
|  55|0x0000000085300000, 0x0000000085300000, 0x0000000085400000|  0%| F|  |TAMS 0x0000000085300000, 0x0000000085300000| Untracked 
|  56|0x0000000085400000, 0x0000000085500000, 0x0000000085500000|100%| O|  |TAMS 0x0000000085400000, 0x0000000085400000| Untracked 
|  57|0x0000000085500000, 0x0000000085600000, 0x0000000085600000|100%| O|  |TAMS 0x0000000085500000, 0x0000000085500000| Untracked 
|  58|0x0000000085600000, 0x0000000085700000, 0x0000000085700000|100%| O|  |TAMS 0x0000000085600000, 0x0000000085600000| Untracked 
|  59|0x0000000085700000, 0x0000000085800000, 0x0000000085800000|100%| O|  |TAMS 0x0000000085700000, 0x0000000085700000| Untracked 
|  60|0x0000000085800000, 0x0000000085900000, 0x0000000085900000|100%| O|  |TAMS 0x0000000085800000, 0x0000000085800000| Untracked 
|  61|0x0000000085900000, 0x0000000085a00000, 0x0000000085a00000|100%| O|  |TAMS 0x0000000085900000, 0x0000000085900000| Untracked 
|  62|0x0000000085a00000, 0x0000000085a00000, 0x0000000085b00000|  0%| F|  |TAMS 0x0000000085a00000, 0x0000000085a00000| Untracked 
|  63|0x0000000085b00000, 0x0000000085b00000, 0x0000000085c00000|  0%| F|  |TAMS 0x0000000085b00000, 0x0000000085b00000| Untracked 
|  64|0x0000000085c00000, 0x0000000085c00000, 0x0000000085d00000|  0%| F|  |TAMS 0x0000000085c00000, 0x0000000085c00000| Untracked 
|  65|0x0000000085d00000, 0x0000000085d00000, 0x0000000085e00000|  0%| F|  |TAMS 0x0000000085d00000, 0x0000000085d00000| Untracked 
|  66|0x0000000085e00000, 0x0000000085e00000, 0x0000000085f00000|  0%| F|  |TAMS 0x0000000085e00000, 0x0000000085e00000| Untracked 
|  67|0x0000000085f00000, 0x0000000085f00000, 0x0000000086000000|  0%| F|  |TAMS 0x0000000085f00000, 0x0000000085f00000| Untracked 
|  68|0x0000000086000000, 0x0000000086000000, 0x0000000086100000|  0%| F|  |TAMS 0x0000000086000000, 0x0000000086000000| Untracked 
|  69|0x0000000086100000, 0x0000000086100000, 0x0000000086200000|  0%| F|  |TAMS 0x0000000086100000, 0x0000000086100000| Untracked 
|  70|0x0000000086200000, 0x0000000086200000, 0x0000000086300000|  0%| F|  |TAMS 0x0000000086200000, 0x0000000086200000| Untracked 
|  71|0x0000000086300000, 0x0000000086300000, 0x0000000086400000|  0%| F|  |TAMS 0x0000000086300000, 0x0000000086300000| Untracked 
|  72|0x0000000086400000, 0x0000000086400000, 0x0000000086500000|  0%| F|  |TAMS 0x0000000086400000, 0x0000000086400000| Untracked 
|  73|0x0000000086500000, 0x0000000086500000, 0x0000000086600000|  0%| F|  |TAMS 0x0000000086500000, 0x0000000086500000| Untracked 
|  74|0x0000000086600000, 0x0000000086600000, 0x0000000086700000|  0%| F|  |TAMS 0x0000000086600000, 0x0000000086600000| Untracked 
|  75|0x0000000086700000, 0x0000000086700000, 0x0000000086800000|  0%| F|  |TAMS 0x0000000086700000, 0x0000000086700000| Untracked 
|  76|0x0000000086800000, 0x0000000086800000, 0x0000000086900000|  0%| F|  |TAMS 0x0000000086800000, 0x0000000086800000| Untracked 
|  77|0x0000000086900000, 0x0000000086900000, 0x0000000086a00000|  0%| F|  |TAMS 0x0000000086900000, 0x0000000086900000| Untracked 
|  78|0x0000000086a00000, 0x0000000086a00000, 0x0000000086b00000|  0%| F|  |TAMS 0x0000000086a00000, 0x0000000086a00000| Untracked 
|  79|0x0000000086b00000, 0x0000000086b00000, 0x0000000086c00000|  0%| F|  |TAMS 0x0000000086b00000, 0x0000000086b00000| Untracked 
|  80|0x0000000086c00000, 0x0000000086c00000, 0x0000000086d00000|  0%| F|  |TAMS 0x0000000086c00000, 0x0000000086c00000| Untracked 
|  81|0x0000000086d00000, 0x0000000086def250, 0x0000000086e00000| 93%| S|CS|TAMS 0x0000000086d00000, 0x0000000086d00000| Complete 
|  82|0x0000000086e00000, 0x0000000086f00000, 0x0000000086f00000|100%| S|CS|TAMS 0x0000000086e00000, 0x0000000086e00000| Complete 
|  83|0x0000000086f00000, 0x0000000087000000, 0x0000000087000000|100%| S|CS|TAMS 0x0000000086f00000, 0x0000000086f00000| Complete 
|  84|0x0000000087000000, 0x0000000087100000, 0x0000000087100000|100%| S|CS|TAMS 0x0000000087000000, 0x0000000087000000| Complete 
|  85|0x0000000087100000, 0x0000000087200000, 0x0000000087200000|100%| S|CS|TAMS 0x0000000087100000, 0x0000000087100000| Complete 
|  86|0x0000000087200000, 0x0000000087300000, 0x0000000087300000|100%| S|CS|TAMS 0x0000000087200000, 0x0000000087200000| Complete 
|  87|0x0000000087300000, 0x0000000087300000, 0x0000000087400000|  0%| F|  |TAMS 0x0000000087300000, 0x0000000087300000| Untracked 
|  88|0x0000000087400000, 0x0000000087400000, 0x0000000087500000|  0%| F|  |TAMS 0x0000000087400000, 0x0000000087400000| Untracked 
|  89|0x0000000087500000, 0x0000000087500000, 0x0000000087600000|  0%| F|  |TAMS 0x0000000087500000, 0x0000000087500000| Untracked 
|  90|0x0000000087600000, 0x0000000087600000, 0x0000000087700000|  0%| F|  |TAMS 0x0000000087600000, 0x0000000087600000| Untracked 
|  91|0x0000000087700000, 0x0000000087700000, 0x0000000087800000|  0%| F|  |TAMS 0x0000000087700000, 0x0000000087700000| Untracked 
|  92|0x0000000087800000, 0x0000000087800000, 0x0000000087900000|  0%| F|  |TAMS 0x0000000087800000, 0x0000000087800000| Untracked 
|  93|0x0000000087900000, 0x0000000087900000, 0x0000000087a00000|  0%| F|  |TAMS 0x0000000087900000, 0x0000000087900000| Untracked 
|  94|0x0000000087a00000, 0x0000000087a00000, 0x0000000087b00000|  0%| F|  |TAMS 0x0000000087a00000, 0x0000000087a00000| Untracked 
|  95|0x0000000087b00000, 0x0000000087b00000, 0x0000000087c00000|  0%| F|  |TAMS 0x0000000087b00000, 0x0000000087b00000| Untracked 
|  96|0x0000000087c00000, 0x0000000087c00000, 0x0000000087d00000|  0%| F|  |TAMS 0x0000000087c00000, 0x0000000087c00000| Untracked 
|  97|0x0000000087d00000, 0x0000000087d00000, 0x0000000087e00000|  0%| F|  |TAMS 0x0000000087d00000, 0x0000000087d00000| Untracked 
|  98|0x0000000087e00000, 0x0000000087e00000, 0x0000000087f00000|  0%| F|  |TAMS 0x0000000087e00000, 0x0000000087e00000| Untracked 
|  99|0x0000000087f00000, 0x0000000087f00000, 0x0000000088000000|  0%| F|  |TAMS 0x0000000087f00000, 0x0000000087f00000| Untracked 
| 100|0x0000000088000000, 0x0000000088000000, 0x0000000088100000|  0%| F|  |TAMS 0x0000000088000000, 0x0000000088000000| Untracked 
| 101|0x0000000088100000, 0x0000000088100000, 0x0000000088200000|  0%| F|  |TAMS 0x0000000088100000, 0x0000000088100000| Untracked 
| 102|0x0000000088200000, 0x0000000088200000, 0x0000000088300000|  0%| F|  |TAMS 0x0000000088200000, 0x0000000088200000| Untracked 
| 103|0x0000000088300000, 0x0000000088300000, 0x0000000088400000|  0%| F|  |TAMS 0x0000000088300000, 0x0000000088300000| Untracked 
| 104|0x0000000088400000, 0x0000000088400000, 0x0000000088500000|  0%| F|  |TAMS 0x0000000088400000, 0x0000000088400000| Untracked 
| 105|0x0000000088500000, 0x0000000088500000, 0x0000000088600000|  0%| F|  |TAMS 0x0000000088500000, 0x0000000088500000| Untracked 
| 106|0x0000000088600000, 0x0000000088600000, 0x0000000088700000|  0%| F|  |TAMS 0x0000000088600000, 0x0000000088600000| Untracked 
| 107|0x0000000088700000, 0x0000000088700000, 0x0000000088800000|  0%| F|  |TAMS 0x0000000088700000, 0x0000000088700000| Untracked 
| 108|0x0000000088800000, 0x0000000088800000, 0x0000000088900000|  0%| F|  |TAMS 0x0000000088800000, 0x0000000088800000| Untracked 
| 109|0x0000000088900000, 0x0000000088900000, 0x0000000088a00000|  0%| F|  |TAMS 0x0000000088900000, 0x0000000088900000| Untracked 
| 110|0x0000000088a00000, 0x0000000088a00000, 0x0000000088b00000|  0%| F|  |TAMS 0x0000000088a00000, 0x0000000088a00000| Untracked 
| 111|0x0000000088b00000, 0x0000000088b00000, 0x0000000088c00000|  0%| F|  |TAMS 0x0000000088b00000, 0x0000000088b00000| Untracked 
| 112|0x0000000088c00000, 0x0000000088c00000, 0x0000000088d00000|  0%| F|  |TAMS 0x0000000088c00000, 0x0000000088c00000| Untracked 
| 113|0x0000000088d00000, 0x0000000088d00000, 0x0000000088e00000|  0%| F|  |TAMS 0x0000000088d00000, 0x0000000088d00000| Untracked 
| 114|0x0000000088e00000, 0x0000000088e00000, 0x0000000088f00000|  0%| F|  |TAMS 0x0000000088e00000, 0x0000000088e00000| Untracked 
| 115|0x0000000088f00000, 0x0000000088f00000, 0x0000000089000000|  0%| F|  |TAMS 0x0000000088f00000, 0x0000000088f00000| Untracked 
| 116|0x0000000089000000, 0x0000000089000000, 0x0000000089100000|  0%| F|  |TAMS 0x0000000089000000, 0x0000000089000000| Untracked 
| 117|0x0000000089100000, 0x0000000089100000, 0x0000000089200000|  0%| F|  |TAMS 0x0000000089100000, 0x0000000089100000| Untracked 
| 118|0x0000000089200000, 0x0000000089200000, 0x0000000089300000|  0%| F|  |TAMS 0x0000000089200000, 0x0000000089200000| Untracked 
| 119|0x0000000089300000, 0x0000000089300000, 0x0000000089400000|  0%| F|  |TAMS 0x0000000089300000, 0x0000000089300000| Untracked 
| 120|0x0000000089400000, 0x0000000089400000, 0x0000000089500000|  0%| F|  |TAMS 0x0000000089400000, 0x0000000089400000| Untracked 
| 121|0x0000000089500000, 0x0000000089500000, 0x0000000089600000|  0%| F|  |TAMS 0x0000000089500000, 0x0000000089500000| Untracked 
| 122|0x0000000089600000, 0x0000000089600000, 0x0000000089700000|  0%| F|  |TAMS 0x0000000089600000, 0x0000000089600000| Untracked 
| 123|0x0000000089700000, 0x0000000089700000, 0x0000000089800000|  0%| F|  |TAMS 0x0000000089700000, 0x0000000089700000| Untracked 
| 124|0x0000000089800000, 0x0000000089800000, 0x0000000089900000|  0%| F|  |TAMS 0x0000000089800000, 0x0000000089800000| Untracked 
| 125|0x0000000089900000, 0x0000000089900000, 0x0000000089a00000|  0%| F|  |TAMS 0x0000000089900000, 0x0000000089900000| Untracked 
| 126|0x0000000089a00000, 0x0000000089a00000, 0x0000000089b00000|  0%| F|  |TAMS 0x0000000089a00000, 0x0000000089a00000| Untracked 
| 127|0x0000000089b00000, 0x0000000089b00000, 0x0000000089c00000|  0%| F|  |TAMS 0x0000000089b00000, 0x0000000089b00000| Untracked 

Card table byte_map: [0x000001515c670000,0x000001515ca70000] _byte_map_base: 0x000001515c262000

Marking Bits (Prev, Next): (CMBitMap*) 0x00000151457085a0, (CMBitMap*) 0x0000015145708560
 Prev Bits: [0x000001515ee00000, 0x0000015160d90000)
 Next Bits: [0x000001515ce70000, 0x000001515ee00000)

Polling page: 0x00000151436a0000

Metaspace:

Usage:
  Non-class:     49.11 MB used.
      Class:      6.57 MB used.
       Both:     55.68 MB used.

Virtual space:
  Non-class space:       56.00 MB reserved,      49.31 MB ( 88%) committed,  7 nodes.
      Class space:        1.00 GB reserved,       6.75 MB ( <1%) committed,  1 nodes.
             Both:        1.05 GB reserved,      56.06 MB (  5%) committed. 

Chunk freelists:
   Non-Class:  2.55 MB
       Class:  1.11 MB
        Both:  3.66 MB

MaxMetaspaceSize: unlimited
CompressedClassSpaceSize: 1.00 GB
Initial GC threshold: 21.00 MB
Current GC threshold: 78.06 MB
CDS: on
MetaspaceReclaimPolicy: balanced
 - commit_granule_bytes: 65536.
 - commit_granule_words: 8192.
 - virtual_space_node_default_size: 1048576.
 - enlarge_chunks_in_place: 1.
 - new_chunks_are_fully_committed: 0.
 - uncommit_free_chunks: 1.
 - use_allocation_guard: 0.
 - handle_deallocations: 1.


Internal statistics:

num_allocs_failed_limit: 6.
num_arena_births: 330.
num_arena_deaths: 0.
num_vsnodes_births: 8.
num_vsnodes_deaths: 0.
num_space_committed: 895.
num_space_uncommitted: 0.
num_chunks_returned_to_freelist: 6.
num_chunks_taken_from_freelist: 2344.
num_chunk_merges: 6.
num_chunk_splits: 1872.
num_chunks_enlarged: 1637.
num_purges: 0.
num_inconsistent_stats: 0.

CodeHeap 'non-profiled nmethods': size=120000Kb used=4099Kb max_used=4099Kb free=115900Kb
 bounds [0x0000015154a00000, 0x0000015154e10000, 0x000001515bf30000]
CodeHeap 'profiled nmethods': size=120000Kb used=19421Kb max_used=19421Kb free=100578Kb
 bounds [0x000001514cf30000, 0x000001514e230000, 0x0000015154460000]
CodeHeap 'non-nmethods': size=5760Kb used=1313Kb max_used=1406Kb free=4446Kb
 bounds [0x0000015154460000, 0x00000151546d0000, 0x0000015154a00000]
 total_blobs=8698 nmethods=8068 adapters=539
 compilation: enabled
              stopped_count=0, restarted_count=0
 full_count=0

Compilation events (20 events):
Event: 10.300 Thread 0x00000151637af3f0 9738       3       org.jetbrains.kotlin.metadata.jvm.JvmProtoBuf$JvmFieldSignature::getDefaultInstance (4 bytes)
Event: 10.300 Thread 0x00000151637af3f0 nmethod 9738 0x000001514e224e90 code [0x000001514e225020, 0x000001514e225118]
Event: 10.301 Thread 0x00000151637af3f0 9739       3       org.jetbrains.kotlin.metadata.jvm.JvmProtoBuf$JvmPropertySignature::isInitialized (25 bytes)
Event: 10.301 Thread 0x00000151637af3f0 nmethod 9739 0x000001514e225190 code [0x000001514e225340, 0x000001514e225538]
Event: 10.301 Thread 0x00000151637af3f0 9733       3       org.jetbrains.kotlin.metadata.ProtoBuf$Type::hasOuterTypeId (20 bytes)
Event: 10.301 Thread 0x00000151637af3f0 nmethod 9733 0x000001514e225610 code [0x000001514e2257a0, 0x000001514e225918]
Event: 10.301 Thread 0x00000151637af3f0 9740       3       org.jetbrains.kotlin.types.AbstractClassTypeConstructor::<init> (14 bytes)
Event: 10.301 Thread 0x00000151637af3f0 nmethod 9740 0x000001514e225990 code [0x000001514e225b40, 0x000001514e225cf8]
Event: 10.302 Thread 0x00000151637af3f0 9746       3       org.jetbrains.kotlin.metadata.jvm.JvmProtoBuf$JvmFieldSignature::getSerializedSize (73 bytes)
Event: 10.302 Thread 0x00000151637af3f0 nmethod 9746 0x000001514e225e10 code [0x000001514e226040, 0x000001514e2267a8]
Event: 10.302 Thread 0x00000151637af3f0 9725       3       org.jetbrains.kotlin.resolve.calls.tower.PSICallResolver::isEmpty (60 bytes)
Event: 10.303 Thread 0x00000151637af3f0 nmethod 9725 0x000001514e226a90 code [0x000001514e226c80, 0x000001514e227388]
Event: 10.303 Thread 0x00000151637af3f0 9742       1       org.jetbrains.kotlin.metadata.ProtoBuf$Class::getFunctionList (5 bytes)
Event: 10.303 Thread 0x00000151637af3f0 nmethod 9742 0x0000015154e00210 code [0x0000015154e003a0, 0x0000015154e00478]
Event: 10.303 Thread 0x00000151637af3f0 9743       1       org.jetbrains.kotlin.metadata.ProtoBuf$Class::getPropertyList (5 bytes)
Event: 10.303 Thread 0x00000151637af3f0 nmethod 9743 0x0000015154e00510 code [0x0000015154e006a0, 0x0000015154e00778]
Event: 10.303 Thread 0x00000151637af3f0 9744       1       org.jetbrains.kotlin.metadata.ProtoBuf$Class::getTypeAliasList (5 bytes)
Event: 10.303 Thread 0x00000151637af3f0 nmethod 9744 0x0000015154e00810 code [0x0000015154e009a0, 0x0000015154e00a78]
Event: 10.303 Thread 0x00000151637af3f0 9745       1       org.jetbrains.kotlin.metadata.ProtoBuf$Class::getNestedClassNameList (5 bytes)
Event: 10.303 Thread 0x00000151637af3f0 nmethod 9745 0x0000015154e00b10 code [0x0000015154e00ca0, 0x0000015154e00d78]

GC Heap History (20 events):
Event: 4.073 GC heap after
{Heap after GC invocations=10 (full 0):
 garbage-first heap   total 74752K, used 34553K [0x0000000081c00000, 0x0000000100000000)
  region size 1024K, 4 young (4096K), 4 survivors (4096K)
 Metaspace       used 39275K, committed 39488K, reserved 1089536K
  class space    used 4849K, committed 4928K, reserved 1048576K
}
Event: 4.231 GC heap before
{Heap before GC invocations=10 (full 0):
 garbage-first heap   total 74752K, used 57081K [0x0000000081c00000, 0x0000000100000000)
  region size 1024K, 26 young (26624K), 4 survivors (4096K)
 Metaspace       used 39770K, committed 40000K, reserved 1089536K
  class space    used 4907K, committed 4992K, reserved 1048576K
}
Event: 4.243 GC heap after
{Heap after GC invocations=11 (full 0):
 garbage-first heap   total 74752K, used 35992K [0x0000000081c00000, 0x0000000100000000)
  region size 1024K, 2 young (2048K), 2 survivors (2048K)
 Metaspace       used 39770K, committed 40000K, reserved 1089536K
  class space    used 4907K, committed 4992K, reserved 1048576K
}
Event: 4.720 GC heap before
{Heap before GC invocations=11 (full 0):
 garbage-first heap   total 74752K, used 56472K [0x0000000081c00000, 0x0000000100000000)
  region size 1024K, 23 young (23552K), 2 survivors (2048K)
 Metaspace       used 42918K, committed 43136K, reserved 1089536K
  class space    used 5240K, committed 5312K, reserved 1048576K
}
Event: 4.731 GC heap after
{Heap after GC invocations=12 (full 0):
 garbage-first heap   total 74752K, used 38762K [0x0000000081c00000, 0x0000000100000000)
  region size 1024K, 3 young (3072K), 3 survivors (3072K)
 Metaspace       used 42918K, committed 43136K, reserved 1089536K
  class space    used 5240K, committed 5312K, reserved 1048576K
}
Event: 5.334 GC heap before
{Heap before GC invocations=13 (full 0):
 garbage-first heap   total 74752K, used 58218K [0x0000000081c00000, 0x0000000100000000)
  region size 1024K, 22 young (22528K), 3 survivors (3072K)
 Metaspace       used 45818K, committed 46144K, reserved 1089536K
  class space    used 5538K, committed 5696K, reserved 1048576K
}
Event: 5.349 GC heap after
{Heap after GC invocations=14 (full 0):
 garbage-first heap   total 74752K, used 42789K [0x0000000081c00000, 0x0000000100000000)
  region size 1024K, 3 young (3072K), 3 survivors (3072K)
 Metaspace       used 45818K, committed 46144K, reserved 1089536K
  class space    used 5538K, committed 5696K, reserved 1048576K
}
Event: 5.828 GC heap before
{Heap before GC invocations=14 (full 0):
 garbage-first heap   total 74752K, used 58149K [0x0000000081c00000, 0x0000000100000000)
  region size 1024K, 18 young (18432K), 3 survivors (3072K)
 Metaspace       used 46921K, committed 47232K, reserved 1097728K
  class space    used 5597K, committed 5760K, reserved 1048576K
}
Event: 5.842 GC heap after
{Heap after GC invocations=15 (full 0):
 garbage-first heap   total 100352K, used 46245K [0x0000000081c00000, 0x0000000100000000)
  region size 1024K, 3 young (3072K), 3 survivors (3072K)
 Metaspace       used 46921K, committed 47232K, reserved 1097728K
  class space    used 5597K, committed 5760K, reserved 1048576K
}
Event: 6.499 GC heap before
{Heap before GC invocations=16 (full 0):
 garbage-first heap   total 100352K, used 74917K [0x0000000081c00000, 0x0000000100000000)
  region size 1024K, 31 young (31744K), 3 survivors (3072K)
 Metaspace       used 47308K, committed 47616K, reserved 1097728K
  class space    used 5614K, committed 5760K, reserved 1048576K
}
Event: 6.521 GC heap after
{Heap after GC invocations=17 (full 0):
 garbage-first heap   total 100352K, used 51050K [0x0000000081c00000, 0x0000000100000000)
  region size 1024K, 4 young (4096K), 4 survivors (4096K)
 Metaspace       used 47308K, committed 47616K, reserved 1097728K
  class space    used 5614K, committed 5760K, reserved 1048576K
}
Event: 6.837 GC heap before
{Heap before GC invocations=17 (full 0):
 garbage-first heap   total 100352K, used 76650K [0x0000000081c00000, 0x0000000100000000)
  region size 1024K, 29 young (29696K), 4 survivors (4096K)
 Metaspace       used 47605K, committed 47936K, reserved 1097728K
  class space    used 5638K, committed 5824K, reserved 1048576K
}
Event: 6.861 GC heap after
{Heap after GC invocations=18 (full 0):
 garbage-first heap   total 100352K, used 55222K [0x0000000081c00000, 0x0000000100000000)
  region size 1024K, 4 young (4096K), 4 survivors (4096K)
 Metaspace       used 47605K, committed 47936K, reserved 1097728K
  class space    used 5638K, committed 5824K, reserved 1048576K
}
Event: 6.949 GC heap before
{Heap before GC invocations=18 (full 0):
 garbage-first heap   total 126976K, used 77750K [0x0000000081c00000, 0x0000000100000000)
  region size 1024K, 26 young (26624K), 4 survivors (4096K)
 Metaspace       used 47616K, committed 47936K, reserved 1097728K
  class space    used 5638K, committed 5824K, reserved 1048576K
}
Event: 6.959 GC heap after
{Heap after GC invocations=19 (full 0):
 garbage-first heap   total 126976K, used 55627K [0x0000000081c00000, 0x0000000100000000)
  region size 1024K, 1 young (1024K), 1 survivors (1024K)
 Metaspace       used 47616K, committed 47936K, reserved 1097728K
  class space    used 5638K, committed 5824K, reserved 1048576K
}
Event: 7.349 GC heap before
{Heap before GC invocations=20 (full 0):
 garbage-first heap   total 126976K, used 95563K [0x0000000081c00000, 0x0000000100000000)
  region size 1024K, 40 young (40960K), 1 survivors (1024K)
 Metaspace       used 49303K, committed 49600K, reserved 1097728K
  class space    used 5862K, committed 6016K, reserved 1048576K
}
Event: 7.358 GC heap after
{Heap after GC invocations=21 (full 0):
 garbage-first heap   total 126976K, used 56299K [0x0000000081c00000, 0x0000000100000000)
  region size 1024K, 2 young (2048K), 2 survivors (2048K)
 Metaspace       used 49303K, committed 49600K, reserved 1097728K
  class space    used 5862K, committed 6016K, reserved 1048576K
}
Event: 9.225 GC heap before
{Heap before GC invocations=21 (full 0):
 garbage-first heap   total 126976K, used 100331K [0x0000000081c00000, 0x0000000100000000)
  region size 1024K, 45 young (46080K), 2 survivors (2048K)
 Metaspace       used 55000K, committed 55360K, reserved 1097728K
  class space    used 6606K, committed 6784K, reserved 1048576K
}
Event: 9.245 GC heap after
{Heap after GC invocations=22 (full 0):
 garbage-first heap   total 126976K, used 62267K [0x0000000081c00000, 0x0000000100000000)
  region size 1024K, 6 young (6144K), 6 survivors (6144K)
 Metaspace       used 55000K, committed 55360K, reserved 1097728K
  class space    used 6606K, committed 6784K, reserved 1048576K
}
Event: 10.307 GC heap before
{Heap before GC invocations=22 (full 0):
 garbage-first heap   total 126976K, used 101179K [0x0000000081c00000, 0x0000000100000000)
  region size 1024K, 43 young (44032K), 6 survivors (6144K)
 Metaspace       used 57012K, committed 57408K, reserved 1105920K
  class space    used 6724K, committed 6912K, reserved 1048576K
}

Deoptimization events (20 events):
Event: 9.788 Thread 0x00000151456ae6c0 DEOPT PACKING pc=0x0000015154a1ce24 sp=0x00000018565f8b20
Event: 9.788 Thread 0x00000151456ae6c0 DEOPT UNPACKING pc=0x00000151544b23a3 sp=0x00000018565f8b08 mode 2
Event: 9.881 Thread 0x00000151456ae6c0 DEOPT PACKING pc=0x000001514d94c88c sp=0x00000018565f5c50
Event: 9.881 Thread 0x00000151456ae6c0 DEOPT UNPACKING pc=0x00000151544b2b43 sp=0x00000018565f5100 mode 0
Event: 9.930 Thread 0x00000151456ae6c0 Uncommon trap: trap_request=0xffffff45 fr.pc=0x0000015154b8d7a8 relative=0x00000000000017a8
Event: 9.930 Thread 0x00000151456ae6c0 Uncommon trap: reason=unstable_if action=reinterpret pc=0x0000015154b8d7a8 method=org.jetbrains.kotlin.descriptors.impl.FunctionDescriptorImpl.performOverriddenLazyCalculationIfNeeded()V @ 6 c2
Event: 9.930 Thread 0x00000151456ae6c0 DEOPT PACKING pc=0x0000015154b8d7a8 sp=0x00000018565f4de0
Event: 9.930 Thread 0x00000151456ae6c0 DEOPT UNPACKING pc=0x00000151544b23a3 sp=0x00000018565f4cd8 mode 2
Event: 9.941 Thread 0x00000151456ae6c0 Uncommon trap: trap_request=0xffffffc6 fr.pc=0x0000015154bae68c relative=0x000000000000086c
Event: 9.941 Thread 0x00000151456ae6c0 Uncommon trap: reason=bimorphic_or_optimized_type_check action=maybe_recompile pc=0x0000015154bae68c method=org.jetbrains.kotlin.resolve.OverridingUtil.collectOverriddenDeclarations(Lorg/jetbrains/kotlin/descriptors/CallableMemberDescriptor;Ljava/util/Set
Event: 9.941 Thread 0x00000151456ae6c0 DEOPT PACKING pc=0x0000015154bae68c sp=0x00000018565f5ca0
Event: 9.941 Thread 0x00000151456ae6c0 DEOPT UNPACKING pc=0x00000151544b23a3 sp=0x00000018565f5c50 mode 2
Event: 9.941 Thread 0x00000151456ae6c0 Uncommon trap: trap_request=0xffffffc6 fr.pc=0x0000015154bae68c relative=0x000000000000086c
Event: 9.941 Thread 0x00000151456ae6c0 Uncommon trap: reason=bimorphic_or_optimized_type_check action=maybe_recompile pc=0x0000015154bae68c method=org.jetbrains.kotlin.resolve.OverridingUtil.collectOverriddenDeclarations(Lorg/jetbrains/kotlin/descriptors/CallableMemberDescriptor;Ljava/util/Set
Event: 9.941 Thread 0x00000151456ae6c0 DEOPT PACKING pc=0x0000015154bae68c sp=0x00000018565f5c10
Event: 9.941 Thread 0x00000151456ae6c0 DEOPT UNPACKING pc=0x00000151544b23a3 sp=0x00000018565f5bd0 mode 2
Event: 9.941 Thread 0x00000151456ae6c0 Uncommon trap: trap_request=0xffffffde fr.pc=0x0000015154bacbac relative=0x000000000000098c
Event: 9.941 Thread 0x00000151456ae6c0 Uncommon trap: reason=class_check action=maybe_recompile pc=0x0000015154bacbac method=org.jetbrains.kotlin.resolve.OverridingUtil.filterOutOverridden(Ljava/util/Set;)Ljava/util/Set; @ 10 c2
Event: 9.941 Thread 0x00000151456ae6c0 DEOPT PACKING pc=0x0000015154bacbac sp=0x00000018565f5c90
Event: 9.941 Thread 0x00000151456ae6c0 DEOPT UNPACKING pc=0x00000151544b23a3 sp=0x00000018565f5c60 mode 2

Classes unloaded (0 events):
No events

Classes redefined (0 events):
No events

Internal exceptions (20 events):
Event: 7.366 Thread 0x00000151456ae6c0 Exception <a 'java/lang/NoSuchMethodError'{0x0000000089b3cab8}: 'java.lang.Object java.lang.invoke.DirectMethodHandle$Holder.newInvokeSpecial(java.lang.Object, java.lang.Object, java.lang.Object, java.lang.Object, java.lang.Object, java.lang.Object, java.lang.Object)'> (0x0000000089b3cab8) 
thrown [s\open\src\hotspot\share\interpreter\linkResolver.cpp, line 759]
Event: 7.366 Thread 0x00000151456ae6c0 Exception <a 'java/lang/NoSuchMethodError'{0x0000000089b42110}: 'java.lang.Object java.lang.invoke.Invokers$Holder.linkToTargetMethod(java.lang.Object, java.lang.Object, java.lang.Object, java.lang.Object, java.lang.Object, java.lang.Object, java.lang.Object)'> (0x0000000089b42110) 
thrown [s\open\src\hotspot\share\interpreter\linkResolver.cpp, line 759]
Event: 7.412 Thread 0x00000151456ae6c0 Implicit null exception at 0x0000015154b66b4c to 0x0000015154b66c40
Event: 7.727 Thread 0x00000151456ae6c0 Implicit null exception at 0x0000015154d4ab60 to 0x0000015154d4aca0
Event: 7.824 Thread 0x00000151456ae6c0 Exception <a 'java/lang/NoSuchMethodError'{0x0000000088d5fef0}: 'java.lang.Object java.lang.invoke.DirectMethodHandle$Holder.invokeInterface(java.lang.Object, java.lang.Object, java.lang.Object)'> (0x0000000088d5fef0) 
thrown [s\open\src\hotspot\share\interpreter\linkResolver.cpp, line 759]
Event: 7.824 Thread 0x00000151456ae6c0 Exception <a 'java/lang/IncompatibleClassChangeError'{0x0000000088d63860}: Found class java.lang.Object, but interface was expected> (0x0000000088d63860) 
thrown [s\open\src\hotspot\share\interpreter\linkResolver.cpp, line 826]
Event: 8.113 Thread 0x00000151456ae6c0 Implicit null exception at 0x0000015154d4bc27 to 0x0000015154d52e64
Event: 8.216 Thread 0x00000151456ae6c0 Exception <a 'java/lang/NoSuchMethodError'{0x00000000885fbfd8}: 'void java.lang.invoke.DirectMethodHandle$Holder.invokeStatic(java.lang.Object, java.lang.Object, java.lang.Object)'> (0x00000000885fbfd8) 
thrown [s\open\src\hotspot\share\interpreter\linkResolver.cpp, line 759]
Event: 8.307 Thread 0x00000151456ae6c0 Exception <a 'java/lang/NoSuchMethodError'{0x0000000088132ca8}: 'java.lang.Object java.lang.invoke.DirectMethodHandle$Holder.newInvokeSpecial(java.lang.Object, int, java.lang.Object, java.lang.Object)'> (0x0000000088132ca8) 
thrown [s\open\src\hotspot\share\interpreter\linkResolver.cpp, line 759]
Event: 8.308 Thread 0x00000151456ae6c0 Exception <a 'java/lang/NoSuchMethodError'{0x0000000088137bf0}: 'java.lang.Object java.lang.invoke.DirectMethodHandle$Holder.invokeSpecial(java.lang.Object, java.lang.Object, int, java.lang.Object, java.lang.Object)'> (0x0000000088137bf0) 
thrown [s\open\src\hotspot\share\interpreter\linkResolver.cpp, line 759]
Event: 8.371 Thread 0x00000151456ae6c0 Exception <a 'java/lang/NoSuchMethodError'{0x0000000087f0cc48}: 'int java.lang.invoke.DirectMethodHandle$Holder.invokeVirtual(java.lang.Object, java.lang.Object, java.lang.Object)'> (0x0000000087f0cc48) 
thrown [s\open\src\hotspot\share\interpreter\linkResolver.cpp, line 759]
Event: 8.487 Thread 0x00000151456ae6c0 Exception <a 'java/lang/NoSuchMethodError'{0x0000000087c6b868}: 'java.lang.Object java.lang.invoke.DirectMethodHandle$Holder.invokeStatic(java.lang.Object, java.lang.Object, java.lang.Object, java.lang.Object, int)'> (0x0000000087c6b868) 
thrown [s\open\src\hotspot\share\interpreter\linkResolver.cpp, line 759]
Event: 8.488 Thread 0x00000151456ae6c0 Exception <a 'java/lang/NoSuchMethodError'{0x0000000087c757f8}: 'java.lang.Object java.lang.invoke.DirectMethodHandle$Holder.newInvokeSpecial(java.lang.Object, java.lang.Object, java.lang.Object, java.lang.Object, int)'> (0x0000000087c757f8) 
thrown [s\open\src\hotspot\share\interpreter\linkResolver.cpp, line 759]
Event: 8.489 Thread 0x00000151456ae6c0 Exception <a 'java/lang/NoSuchMethodError'{0x0000000087c7a878}: 'java.lang.Object java.lang.invoke.DirectMethodHandle$Holder.invokeSpecial(java.lang.Object, java.lang.Object, java.lang.Object, java.lang.Object, java.lang.Object, int)'> (0x0000000087c7a878) 
thrown [s\open\src\hotspot\share\interpreter\linkResolver.cpp, line 759]
Event: 8.489 Thread 0x00000151456ae6c0 Exception <a 'java/lang/NoSuchMethodError'{0x0000000087c7f2a8}: 'java.lang.Object java.lang.invoke.Invokers$Holder.linkToTargetMethod(java.lang.Object, java.lang.Object, java.lang.Object, int, java.lang.Object)'> (0x0000000087c7f2a8) 
thrown [s\open\src\hotspot\share\interpreter\linkResolver.cpp, line 759]
Event: 8.528 Thread 0x00000151456ae6c0 Exception <a 'java/lang/NoSuchMethodError'{0x0000000087bcb7e8}: 'void java.lang.invoke.DirectMethodHandle$Holder.invokeInterface(java.lang.Object, java.lang.Object)'> (0x0000000087bcb7e8) 
thrown [s\open\src\hotspot\share\interpreter\linkResolver.cpp, line 759]
Event: 9.197 Thread 0x00000151456ae6c0 Exception <a 'java/lang/IncompatibleClassChangeError'{0x0000000086b5b3a8}: Found class java.lang.Object, but interface was expected> (0x0000000086b5b3a8) 
thrown [s\open\src\hotspot\share\interpreter\linkResolver.cpp, line 826]
Event: 9.737 Thread 0x00000151456ae6c0 Implicit null exception at 0x0000015154a1b872 to 0x0000015154a1be8c
Event: 9.738 Thread 0x00000151456ae6c0 Implicit null exception at 0x0000015154d138a0 to 0x0000015154d14edc
Event: 9.788 Thread 0x00000151456ae6c0 Implicit null exception at 0x0000015154a1c7f2 to 0x0000015154a1ce0c

VM Operations (20 events):
Event: 9.223 Executing VM operation: HandshakeAllThreads done
Event: 9.225 Executing VM operation: G1CollectForAllocation
Event: 9.245 Executing VM operation: G1CollectForAllocation done
Event: 9.250 Executing VM operation: HandshakeAllThreads
Event: 9.250 Executing VM operation: HandshakeAllThreads done
Event: 9.378 Executing VM operation: ICBufferFull
Event: 9.379 Executing VM operation: ICBufferFull done
Event: 9.635 Executing VM operation: ICBufferFull
Event: 9.636 Executing VM operation: ICBufferFull done
Event: 9.733 Executing VM operation: ICBufferFull
Event: 9.733 Executing VM operation: ICBufferFull done
Event: 9.881 Executing VM operation: HandshakeAllThreads
Event: 9.881 Executing VM operation: HandshakeAllThreads done
Event: 9.891 Executing VM operation: ICBufferFull
Event: 9.892 Executing VM operation: ICBufferFull done
Event: 10.048 Executing VM operation: ICBufferFull
Event: 10.048 Executing VM operation: ICBufferFull done
Event: 10.192 Executing VM operation: ICBufferFull
Event: 10.193 Executing VM operation: ICBufferFull done
Event: 10.306 Executing VM operation: G1CollectForAllocation

Events (20 events):
Event: 8.783 Thread 0x00000151637b1d00 flushing nmethod 0x000001514dbb0010
Event: 8.783 Thread 0x00000151637b1d00 flushing nmethod 0x000001514dbb4010
Event: 8.783 Thread 0x00000151637b1d00 flushing nmethod 0x000001514dbb6190
Event: 8.783 Thread 0x00000151637b1d00 flushing nmethod 0x000001514dbb7210
Event: 8.783 Thread 0x00000151637b1d00 flushing nmethod 0x000001514dbb8610
Event: 8.783 Thread 0x00000151637b1d00 flushing nmethod 0x000001514dbba390
Event: 8.783 Thread 0x00000151637b1d00 flushing nmethod 0x000001514dbba710
Event: 8.783 Thread 0x00000151637b1d00 flushing nmethod 0x000001514dbbe910
Event: 8.783 Thread 0x00000151637b1d00 flushing nmethod 0x000001514dbc4610
Event: 8.783 Thread 0x00000151637b1d00 flushing nmethod 0x000001514dbc6310
Event: 8.783 Thread 0x00000151637b1d00 flushing nmethod 0x000001514dbc8b90
Event: 8.783 Thread 0x00000151637b1d00 flushing nmethod 0x000001514dbcee10
Event: 8.783 Thread 0x00000151637b1d00 flushing nmethod 0x000001514dbd5410
Event: 8.783 Thread 0x00000151637b1d00 flushing nmethod 0x000001514dbd6690
Event: 8.783 Thread 0x00000151637b1d00 flushing nmethod 0x000001514dbdaf10
Event: 8.783 Thread 0x00000151637b1d00 flushing nmethod 0x000001514dbe2490
Event: 8.783 Thread 0x00000151637b1d00 flushing nmethod 0x000001514dbe4410
Event: 8.783 Thread 0x00000151637b1d00 flushing nmethod 0x000001514dc18c10
Event: 9.998 loading class jdk/internal/math/FDBigInteger
Event: 9.998 loading class jdk/internal/math/FDBigInteger done


Dynamic libraries:
0x00007ff6b9930000 - 0x00007ff6b9940000 	C:\Program Files\Java\jdk-17\bin\java.exe
0x00007fff1e7f0000 - 0x00007fff1ea07000 	C:\WINDOWS\SYSTEM32\ntdll.dll
0x00007fff1d690000 - 0x00007fff1d754000 	C:\WINDOWS\System32\KERNEL32.DLL
0x00007fff1be20000 - 0x00007fff1c1c6000 	C:\WINDOWS\System32\KERNELBASE.dll
0x00007fff1bd00000 - 0x00007fff1be11000 	C:\WINDOWS\System32\ucrtbase.dll
0x00007ffefc2a0000 - 0x00007ffefc2b8000 	C:\Program Files\Java\jdk-17\bin\jli.dll
0x00007ffefc280000 - 0x00007ffefc29b000 	C:\Program Files\Java\jdk-17\bin\VCRUNTIME140.dll
0x00007fff1c990000 - 0x00007fff1ca40000 	C:\WINDOWS\System32\ADVAPI32.dll
0x00007fff1e190000 - 0x00007fff1e237000 	C:\WINDOWS\System32\msvcrt.dll
0x00007fff1de50000 - 0x00007fff1def6000 	C:\WINDOWS\System32\sechost.dll
0x00007fff1d760000 - 0x00007fff1d877000 	C:\WINDOWS\System32\RPCRT4.dll
0x00007fff1d8b0000 - 0x00007fff1da5d000 	C:\WINDOWS\System32\USER32.dll
0x00007fff06f00000 - 0x00007fff07193000 	C:\WINDOWS\WinSxS\amd64_microsoft.windows.common-controls_6595b64144ccf1df_6.0.22621.2361_none_2712ced57382f843\COMCTL32.dll
0x00007fff1c1d0000 - 0x00007fff1c1f6000 	C:\WINDOWS\System32\win32u.dll
0x00007fff1d880000 - 0x00007fff1d8a9000 	C:\WINDOWS\System32\GDI32.dll
0x00007fff1bbe0000 - 0x00007fff1bcf8000 	C:\WINDOWS\System32\gdi32full.dll
0x00007fff1c280000 - 0x00007fff1c31a000 	C:\WINDOWS\System32\msvcp_win.dll
0x00007fff155c0000 - 0x00007fff155ca000 	C:\WINDOWS\SYSTEM32\VERSION.dll
0x00007fff1da60000 - 0x00007fff1da91000 	C:\WINDOWS\System32\IMM32.DLL
0x00007fff09290000 - 0x00007fff0929c000 	C:\Program Files\Java\jdk-17\bin\vcruntime140_1.dll
0x00007ffedd370000 - 0x00007ffedd3fe000 	C:\Program Files\Java\jdk-17\bin\msvcp140.dll
0x00007ffed8690000 - 0x00007ffed9267000 	C:\Program Files\Java\jdk-17\bin\server\jvm.dll
0x00007fff1c550000 - 0x00007fff1c558000 	C:\WINDOWS\System32\PSAPI.DLL
0x00007ffef6880000 - 0x00007ffef6889000 	C:\WINDOWS\SYSTEM32\WSOCK32.dll
0x00007fff15b00000 - 0x00007fff15b34000 	C:\WINDOWS\SYSTEM32\WINMM.dll
0x00007fff1e110000 - 0x00007fff1e181000 	C:\WINDOWS\System32\WS2_32.dll
0x00007fff1ac40000 - 0x00007fff1ac58000 	C:\WINDOWS\SYSTEM32\kernel.appcore.dll
0x00007fff08750000 - 0x00007fff0875a000 	C:\Program Files\Java\jdk-17\bin\jimage.dll
0x00007fff19510000 - 0x00007fff1973e000 	C:\WINDOWS\SYSTEM32\DBGHELP.DLL
0x00007fff1dac0000 - 0x00007fff1de4a000 	C:\WINDOWS\System32\combase.dll
0x00007fff1c560000 - 0x00007fff1c637000 	C:\WINDOWS\System32\OLEAUT32.dll
0x00007fff14b80000 - 0x00007fff14bb2000 	C:\WINDOWS\SYSTEM32\dbgcore.DLL
0x00007fff1c200000 - 0x00007fff1c27a000 	C:\WINDOWS\System32\bcryptPrimitives.dll
0x00007ffefc1d0000 - 0x00007ffefc1f5000 	C:\Program Files\Java\jdk-17\bin\java.dll
0x00007ffedcad0000 - 0x00007ffedcba7000 	C:\Program Files\Java\jdk-17\bin\jsvml.dll
0x00007fff1ce30000 - 0x00007fff1d688000 	C:\WINDOWS\System32\SHELL32.dll
0x00007fff19ae0000 - 0x00007fff1a3d2000 	C:\WINDOWS\SYSTEM32\windows.storage.dll
0x00007fff199a0000 - 0x00007fff19ade000 	C:\WINDOWS\SYSTEM32\wintypes.dll
0x00007fff1cb00000 - 0x00007fff1cbf3000 	C:\WINDOWS\System32\SHCORE.dll
0x00007fff1df00000 - 0x00007fff1df5e000 	C:\WINDOWS\System32\shlwapi.dll
0x00007fff1baa0000 - 0x00007fff1bac6000 	C:\WINDOWS\SYSTEM32\profapi.dll
0x00007ffee11c0000 - 0x00007ffee11d9000 	C:\Program Files\Java\jdk-17\bin\net.dll
0x00007fff158f0000 - 0x00007fff15a27000 	C:\WINDOWS\SYSTEM32\WINHTTP.dll
0x00007fff1b120000 - 0x00007fff1b189000 	C:\WINDOWS\system32\mswsock.dll
0x00007ffedeec0000 - 0x00007ffedeed6000 	C:\Program Files\Java\jdk-17\bin\nio.dll
0x00007ffedd4d0000 - 0x00007ffedd4e8000 	C:\Program Files\Java\jdk-17\bin\zip.dll
0x00007fff08590000 - 0x00007fff085a0000 	C:\Program Files\Java\jdk-17\bin\verify.dll

dbghelp: loaded successfully - version: 4.0.5 - missing functions: none
symbol engine: initialized successfully - sym options: 0x614 - pdb path: .;C:\Program Files\Java\jdk-17\bin;C:\WINDOWS\SYSTEM32;C:\WINDOWS\WinSxS\amd64_microsoft.windows.common-controls_6595b64144ccf1df_6.0.22621.2361_none_2712ced57382f843;C:\Program Files\Java\jdk-17\bin\server

VM Arguments:
java_command: org.jetbrains.kotlin.cli.jvm.K2JVMCompiler @D:\Aplikasi_DBandeng\app\build\20231017_3535699147193776937.compiler.options
java_class_path (initial): C:\Users\ASUS\.gradle\caches\modules-2\files-2.1\org.jetbrains.kotlin\kotlin-compiler-embeddable\1.8.0\eb9118d4bcceaa2a94b2ae2a33a4ddba7c9a947f\kotlin-compiler-embeddable-1.8.0.jar;C:\Users\ASUS\.gradle\caches\modules-2\files-2.1\org.jetbrains.kotlin\kotlin-stdlib\1.8.0\1796921c7a3e2e2665a83e6c8d33399336cd39bc\kotlin-stdlib-1.8.0.jar;C:\Users\ASUS\.gradle\caches\modules-2\files-2.1\org.jetbrains.kotlin\kotlin-script-runtime\1.8.0\b2f7e760d283cb339974851c222a4c1d48f2d3d\kotlin-script-runtime-1.8.0.jar;C:\Users\ASUS\.gradle\caches\modules-2\files-2.1\org.jetbrains.kotlin\kotlin-reflect\1.6.10\1cbe9c92c12a94eea200d23c2bbaedaf3daf5132\kotlin-reflect-1.6.10.jar;C:\Users\ASUS\.gradle\caches\modules-2\files-2.1\org.jetbrains.kotlin\kotlin-daemon-embeddable\1.8.0\d255216c551685dc3a7e852b53617f5f01aaaa5c\kotlin-daemon-embeddable-1.8.0.jar;C:\Users\ASUS\.gradle\caches\modules-2\files-2.1\org.jetbrains.intellij.deps\trove4j\1.0.20200330\3afb14d5f9ceb459d724e907a21145e8ff394f02\trove4j-1.0.20200330.jar;C:\Users\ASUS\.gradle\caches\modules-2\files-2.1\net.java.dev.jna\jna\5.6.0\330f2244e9030119ab3030fc3fededc86713d9cc\jna-5.6.0.jar;C:\Users\ASUS\.gradle\caches\modules-2\files-2.1\org.jetbrains.kotlin\kotlin-stdlib-common\1.8.0\f7197e7cc76453ac59f8b0f8d5137cc600becd36\kotlin-stdlib-common-1.8.0.jar;C:\Users\ASUS\.gradle\caches\modules-2\files-2.1\org.jetbrains\annotations\13.0\919f0dfe192fb4e063e7dacadee7f8bb9a2672a9\annotations-13.0.jar
Launcher Type: SUN_STANDARD

[Global flags]
     intx CICompilerCount                          = 4                                         {product} {ergonomic}
     uint ConcGCThreads                            = 2                                         {product} {ergonomic}
     uint G1ConcRefinementThreads                  = 8                                         {product} {ergonomic}
   size_t G1HeapRegionSize                         = 1048576                                   {product} {ergonomic}
    uintx GCDrainStackTargetSize                   = 64                                        {product} {ergonomic}
   size_t InitialHeapSize                          = 134217728                                 {product} {ergonomic}
   size_t MarkStackSize                            = 4194304                                   {product} {ergonomic}
   size_t MaxHeapSize                              = 2118123520                                {product} {ergonomic}
   size_t MaxNewSize                               = 1270874112                                {product} {ergonomic}
   size_t MinHeapDeltaBytes                        = 1048576                                   {product} {ergonomic}
   size_t MinHeapSize                              = 8388608                                   {product} {ergonomic}
    uintx NonNMethodCodeHeapSize                   = 5839372                                {pd product} {ergonomic}
    uintx NonProfiledCodeHeapSize                  = 122909434                              {pd product} {ergonomic}
    uintx ProfiledCodeHeapSize                     = 122909434                              {pd product} {ergonomic}
    uintx ReservedCodeCacheSize                    = 251658240                              {pd product} {ergonomic}
     bool SegmentedCodeCache                       = true                                      {product} {ergonomic}
   size_t SoftMaxHeapSize                          = 2118123520                             {manageable} {ergonomic}
     bool UseCompressedClassPointers               = true                           {product lp64_product} {ergonomic}
     bool UseCompressedOops                        = true                           {product lp64_product} {ergonomic}
     bool UseG1GC                                  = true                                      {product} {ergonomic}
     bool UseLargePagesIndividualAllocation        = false                                  {pd product} {ergonomic}

Logging:
Log output configuration:
 #0: stdout all=warning uptime,level,tags
 #1: stderr all=off uptime,level,tags

Environment Variables:
PATH=C:\Program Files\Common Files\Oracle\Java\javapath;C:\Python310\Scripts\;C:\Python310\;C:\Program Files (x86)\Common Files\Intel\Shared Files\cpp\bin\Intel64;C:\Program Files (x86)\Intel\iCLS Client\;C:\Program Files\Intel\iCLS Client\;C:\Windows\system32;C:\Windows;C:\Windows\System32\Wbem;C:\Windows\System32\WindowsPowerShell\v1.0\;C:\Windows\System32\OpenSSH\;C:\Program Files (x86)\Intel\Intel(R) Management Engine Components\DAL;C:\Program Files\Intel\Intel(R) Management Engine Components\DAL;C:\Program Files (x86)\Intel\Intel(R) Management Engine Components\IPT;C:\Program Files\Intel\Intel(R) Management Engine Components\IPT;C:\Program Files (x86)\NVIDIA Corporation\PhysX\Common;C:\Program Files\Microsoft VS Code\bin;C:\ProgramData\chocolatey\bin;C:\WINDOWS\system32;C:\WINDOWS;C:\WINDOWS\System32\Wbem;C:\WINDOWS\System32\WindowsPowerShell\v1.0\;C:\WINDOWS\System32\OpenSSH\;C:\xampp\php;C:\ProgramData\ComposerSetup\bin;D:\Git\cmd;C:\Users\ASUS\AppData\Roaming\nvm;C:\Program Files\nodejs;C:\Users\ASUS\AppData\Roaming\npm;C:\Users\ASUS\AppData\Roaming\nvm;C:\Program Files\nodejs\;C:\Program Files\dotnet\;C:\Users\ASUS\AppData\Local\Microsoft\WindowsApps;;D:\IntelliJ IDEA 2023.2\bin;
USERNAME=ASUS
OS=Windows_NT
PROCESSOR_IDENTIFIER=Intel64 Family 6 Model 142 Stepping 10, GenuineIntel



---------------  S Y S T E M  ---------------

OS:
 Windows 11 , 64 bit Build 22621 (10.0.22621.2428)
OS uptime: 1 days 17:11 hours

CPU: total 8 (initial active 8) (4 cores per cpu, 2 threads per core) family 6 model 142 stepping 10 microcode 0xe0, cx8, cmov, fxsr, ht, mmx, 3dnowpref, sse, sse2, sse3, ssse3, sse4.1, sse4.2, popcnt, lzcnt, tsc, tscinvbit, avx, avx2, aes, erms, clmul, bmi1, bmi2, adx, fma, vzeroupper, clflush, clflushopt

Memory: 4k page, system-wide physical 8074M (489M free)
TotalPageFile size 15699M (AvailPageFile size 47M)
current process WorkingSet (physical memory assigned to process): 297M, peak: 319M
current process commit charge ("private bytes"): 343M, peak: 388M

vm_info: Java HotSpot(TM) 64-Bit Server VM (17.0.6+9-LTS-190) for windows-amd64 JRE (17.0.6+9-LTS-190), built on Dec  6 2022 15:53:54 by "mach5one" with MS VC++ 17.1 (VS2022)

END.
