#
# There is insufficient memory for the Java Runtime Environment to continue.
# Native memory allocation (mmap) failed to map 92274688 bytes for G1 virtual space
# Possible reasons:
#   The system is out of physical RAM or swap space
#   The process is running with CompressedOops enabled, and the Java Heap may be blocking the growth of the native heap
# Possible solutions:
#   Reduce memory load on the system
#   Increase physical memory or swap space
#   Check if swap backing store is full
#   Decrease Java heap size (-Xmx/-Xms)
#   Decrease number of Java threads
#   Decrease Java thread stack sizes (-Xss)
#   Set larger code cache with -XX:ReservedCodeCacheSize=
#   JVM is running with Unscaled Compressed Oops mode in which the Java heap is
#     placed in the first 4GB address space. The Java Heap base address is the
#     maximum limit for the native heap growth. Please use -XX:HeapBaseMinAddress
#     to set the Java Heap base and to place the Java Heap above 4GB virtual address.
# This output file may be truncated or incomplete.
#
#  Out of Memory Error (os_windows.cpp:3550), pid=8780, tid=12464
#
# JRE version: Java(TM) SE Runtime Environment (17.0.6+9) (build 17.0.6+9-LTS-190)
# Java VM: Java HotSpot(TM) 64-Bit Server VM (17.0.6+9-LTS-190, mixed mode, sharing, tiered, compressed oops, compressed class ptrs, g1 gc, windows-amd64)
# No core dump will be written. Minidumps are not enabled by default on client versions of Windows
#

---------------  S U M M A R Y ------------

Command Line: --add-opens=java.base/java.util=ALL-UNNAMED --add-opens=java.base/java.lang=ALL-UNNAMED --add-opens=java.base/java.lang.invoke=ALL-UNNAMED --add-opens=java.prefs/java.util.prefs=ALL-UNNAMED --add-opens=java.base/java.nio.charset=ALL-UNNAMED --add-opens=java.base/java.net=ALL-UNNAMED --add-opens=java.base/java.util.concurrent.atomic=ALL-UNNAMED -Xmx2048m -Dfile.encoding=UTF-8 -Duser.country=US -Duser.language=en -Duser.variant org.gradle.launcher.daemon.bootstrap.GradleDaemon 8.0.2

Host: Intel(R) Core(TM) i5-8250U CPU @ 1.60GHz, 8 cores, 7G,  Windows 11 , 64 bit Build 22621 (10.0.22621.2215)
Time: Thu Oct  5 20:02:45 2023 SE Asia Standard Time elapsed time: 14.560485 seconds (0d 0h 0m 14s)

---------------  T H R E A D  ---------------

Current thread (0x000001ae1d77d130):  VMThread "VM Thread" [stack: 0x000000acb1700000,0x000000acb1800000] [id=12464]

Stack: [0x000000acb1700000,0x000000acb1800000]
Native frames: (J=compiled Java code, j=interpreted, Vv=VM code, C=native code)
V  [jvm.dll+0x6734ea]
V  [jvm.dll+0x7d18f4]
V  [jvm.dll+0x7d309e]
V  [jvm.dll+0x7d3703]
V  [jvm.dll+0x2433c5]
V  [jvm.dll+0x6703f9]
V  [jvm.dll+0x664d32]
V  [jvm.dll+0x300086]
V  [jvm.dll+0x307606]
V  [jvm.dll+0x356c1e]
V  [jvm.dll+0x356e4f]
V  [jvm.dll+0x2d72e8]
V  [jvm.dll+0x2d57e5]
V  [jvm.dll+0x2d4dec]
V  [jvm.dll+0x31837b]
V  [jvm.dll+0x7d7f0b]
V  [jvm.dll+0x7d8c44]
V  [jvm.dll+0x7d915d]
V  [jvm.dll+0x7d9534]
V  [jvm.dll+0x7d9600]
V  [jvm.dll+0x781a7a]
V  [jvm.dll+0x672375]
C  [ucrtbase.dll+0x29363]
C  [KERNEL32.DLL+0x1257d]
C  [ntdll.dll+0x5aa68]

VM_Operation (0x000000acb30f6c40): G1CollectForAllocation, mode: safepoint, requested by thread 0x000001ae1f9fb890


---------------  P R O C E S S  ---------------

Threads class SMR info:
_java_thread_list=0x000001ae24a088e0, length=127, elements={
0x000001ae7f560820, 0x000001ae1d7837f0, 0x000001ae1d784570, 0x000001ae1d798c20,
0x000001ae1d7995e0, 0x000001ae1d79bfb0, 0x000001ae1d79c870, 0x000001ae1d7a0e20,
0x000001ae1d7c9e00, 0x000001ae1d7cc710, 0x000001ae1e4f3420, 0x000001ae1e4f5900,
0x000001ae20a69730, 0x000001ae1e68f4b0, 0x000001ae1fb16020, 0x000001ae20604230,
0x000001ae1fa13080, 0x000001ae1ff6eaa0, 0x000001ae1f638790, 0x000001ae20291420,
0x000001ae1f9fb890, 0x000001ae20012230, 0x000001ae200113c0, 0x000001ae20012700,
0x000001ae20013570, 0x000001ae20012bd0, 0x000001ae20010080, 0x000001ae20011890,
0x000001ae200130a0, 0x000001ae20013a40, 0x000001ae20011d60, 0x000001ae20010550,
0x000001ae20010a20, 0x000001ae20010ef0, 0x000001ae2323cfd0, 0x000001ae2323cb00,
0x000001ae2323c630, 0x000001ae232382d0, 0x000001ae23236ac0, 0x000001ae2323bc90,
0x000001ae23237930, 0x000001ae2323a480, 0x000001ae2323ae20, 0x000001ae2323b7c0,
0x000001ae2323c160, 0x000001ae23237460, 0x000001ae23236f90, 0x000001ae23239140,
0x000001ae23239610, 0x000001ae23239ae0, 0x000001ae23237e00, 0x000001ae23239fb0,
0x000001ae232365f0, 0x000001ae2326e530, 0x000001ae2326ea00, 0x000001ae23272890,
0x000001ae232740a0, 0x000001ae2326fd40, 0x000001ae2326f870, 0x000001ae2326eed0,
0x000001ae2326f3a0, 0x000001ae23270bb0, 0x000001ae232753e0, 0x000001ae23273bd0,
0x000001ae23271080, 0x000001ae23270210, 0x000001ae23273700, 0x000001ae232758b0,
0x000001ae232706e0, 0x000001ae23271550, 0x000001ae2326e060, 0x000001ae23271a20,
0x000001ae23271ef0, 0x000001ae232723c0, 0x000001ae23274f10, 0x000001ae23272d60,
0x000001ae23273230, 0x000001ae23274570, 0x000001ae23274a40, 0x000001ae1f3c4e80,
0x000001ae1f3c1e60, 0x000001ae1f3c0ff0, 0x000001ae1f3c0180, 0x000001ae1f3c31a0,
0x000001ae1f3c0b20, 0x000001ae1f3c0650, 0x000001ae1f3c14c0, 0x000001ae1f3c2cd0,
0x000001ae1f3bf7e0, 0x000001ae1f3c49b0, 0x000001ae1f3c1990, 0x000001ae1f3c5cf0,
0x000001ae1f3c2800, 0x000001ae1f3c5350, 0x000001ae1f3c5820, 0x000001ae1f3bfcb0,
0x000001ae1f3c61c0, 0x000001ae1f3c2330, 0x000001ae1f3c6690, 0x000001ae1f3c3670,
0x000001ae1f3bee40, 0x000001ae1f3c3b40, 0x000001ae1f3c4010, 0x000001ae1f3bf310,
0x000001ae1f3c44e0, 0x000001ae1fed8840, 0x000001ae1fed1990, 0x000001ae1fed3b40,
0x000001ae1fed5cf0, 0x000001ae1fed6b60, 0x000001ae1fed7030, 0x000001ae1fed1e60,
0x000001ae1fed5820, 0x000001ae1fed2330, 0x000001ae1fed79d0, 0x000001ae1fed2800,
0x000001ae1fed4010, 0x000001ae1fed2cd0, 0x000001ae1fed7ea0, 0x000001ae1fed31a0,
0x000001ae1fed44e0, 0x000001ae1fed5350, 0x000001ae1fed4e80, 0x000001ae1fed3670,
0x000001ae1fed49b0, 0x000001ae1fed61c0, 0x000001ae1fed8370
}

Java Threads: ( => current thread )
  0x000001ae7f560820 JavaThread "main" [_thread_blocked, id=2600, stack(0x000000acb1100000,0x000000acb1200000)]
  0x000001ae1d7837f0 JavaThread "Reference Handler" daemon [_thread_blocked, id=7072, stack(0x000000acb1800000,0x000000acb1900000)]
  0x000001ae1d784570 JavaThread "Finalizer" daemon [_thread_blocked, id=12552, stack(0x000000acb1900000,0x000000acb1a00000)]
  0x000001ae1d798c20 JavaThread "Signal Dispatcher" daemon [_thread_blocked, id=14156, stack(0x000000acb1a00000,0x000000acb1b00000)]
  0x000001ae1d7995e0 JavaThread "Attach Listener" daemon [_thread_blocked, id=14572, stack(0x000000acb1b00000,0x000000acb1c00000)]
  0x000001ae1d79bfb0 JavaThread "Service Thread" daemon [_thread_blocked, id=6604, stack(0x000000acb1c00000,0x000000acb1d00000)]
  0x000001ae1d79c870 JavaThread "Monitor Deflation Thread" daemon [_thread_blocked, id=9452, stack(0x000000acb1d00000,0x000000acb1e00000)]
  0x000001ae1d7a0e20 JavaThread "C2 CompilerThread0" daemon [_thread_blocked, id=2664, stack(0x000000acb1e00000,0x000000acb1f00000)]
  0x000001ae1d7c9e00 JavaThread "C1 CompilerThread0" daemon [_thread_blocked, id=2236, stack(0x000000acb1f00000,0x000000acb2000000)]
  0x000001ae1d7cc710 JavaThread "Sweeper thread" daemon [_thread_blocked, id=8940, stack(0x000000acb2000000,0x000000acb2100000)]
  0x000001ae1e4f3420 JavaThread "Common-Cleaner" daemon [_thread_blocked, id=10088, stack(0x000000acb2100000,0x000000acb2200000)]
  0x000001ae1e4f5900 JavaThread "Notification Thread" daemon [_thread_blocked, id=2232, stack(0x000000acb2200000,0x000000acb2300000)]
  0x000001ae20a69730 JavaThread "Daemon health stats" [_thread_blocked, id=10492, stack(0x000000acb2a00000,0x000000acb2b00000)]
  0x000001ae1e68f4b0 JavaThread "Incoming local TCP Connector on port 50780" [_thread_in_native, id=7396, stack(0x000000acb2400000,0x000000acb2500000)]
  0x000001ae1fb16020 JavaThread "Daemon periodic checks" [_thread_blocked, id=11656, stack(0x000000acb2900000,0x000000acb2a00000)]
  0x000001ae20604230 JavaThread "C2 CompilerThread1" daemon [_thread_blocked, id=1880, stack(0x000000acb2b00000,0x000000acb2c00000)]
  0x000001ae1fa13080 JavaThread "C2 CompilerThread2" daemon [_thread_blocked, id=13364, stack(0x000000acb2c00000,0x000000acb2d00000)]
  0x000001ae1ff6eaa0 JavaThread "Daemon" [_thread_blocked, id=10840, stack(0x000000acb2d00000,0x000000acb2e00000)]
  0x000001ae1f638790 JavaThread "Handler for socket connection from /127.0.0.1:50780 to /127.0.0.1:50781" [_thread_in_native, id=11572, stack(0x000000acb2e00000,0x000000acb2f00000)]
  0x000001ae20291420 JavaThread "Cancel handler" [_thread_blocked, id=5420, stack(0x000000acb2f00000,0x000000acb3000000)]
  0x000001ae1f9fb890 JavaThread "Daemon worker" [_thread_blocked, id=13332, stack(0x000000acb3000000,0x000000acb3100000)]
  0x000001ae20012230 JavaThread "Asynchronous log dispatcher for DefaultDaemonConnection: socket connection from /127.0.0.1:50780 to /127.0.0.1:50781" [_thread_blocked, id=2692, stack(0x000000acb3100000,0x000000acb3200000)]
  0x000001ae200113c0 JavaThread "Stdin handler" [_thread_blocked, id=4488, stack(0x000000acb3200000,0x000000acb3300000)]
  0x000001ae20012700 JavaThread "Daemon client event forwarder" [_thread_blocked, id=15136, stack(0x000000acb3300000,0x000000acb3400000)]
  0x000001ae20013570 JavaThread "Cache worker for journal cache (C:\Users\ASUS\.gradle\caches\journal-1)" [_thread_blocked, id=12528, stack(0x000000acb3400000,0x000000acb3500000)]
  0x000001ae20012bd0 JavaThread "File lock request listener" [_thread_in_native, id=11188, stack(0x000000acb3500000,0x000000acb3600000)]
  0x000001ae20010080 JavaThread "Cache worker for file hash cache (C:\Users\ASUS\.gradle\caches\8.0.2\fileHashes)" [_thread_blocked, id=12496, stack(0x000000acb3600000,0x000000acb3700000)]
  0x000001ae20011890 JavaThread "File watcher server" daemon [_thread_in_native, id=5976, stack(0x000000acb3a00000,0x000000acb3b00000)]
  0x000001ae200130a0 JavaThread "File watcher consumer" daemon [_thread_blocked, id=3368, stack(0x000000acb3b00000,0x000000acb3c00000)]
  0x000001ae20013a40 JavaThread "jar transforms" [_thread_blocked, id=3128, stack(0x000000acb3c00000,0x000000acb3d00000)]
  0x000001ae20011d60 JavaThread "jar transforms Thread 2" [_thread_blocked, id=8140, stack(0x000000acb3d00000,0x000000acb3e00000)]
  0x000001ae20010550 JavaThread "jar transforms Thread 3" [_thread_blocked, id=1840, stack(0x000000acb3e00000,0x000000acb3f00000)]
  0x000001ae20010a20 JavaThread "jar transforms Thread 4" [_thread_blocked, id=1788, stack(0x000000acb3f00000,0x000000acb4000000)]
  0x000001ae20010ef0 JavaThread "jar transforms Thread 5" [_thread_blocked, id=13012, stack(0x000000acb4000000,0x000000acb4100000)]
  0x000001ae2323cfd0 JavaThread "jar transforms Thread 6" [_thread_blocked, id=7008, stack(0x000000acb4100000,0x000000acb4200000)]
  0x000001ae2323cb00 JavaThread "jar transforms Thread 7" [_thread_blocked, id=9296, stack(0x000000acb4200000,0x000000acb4300000)]
  0x000001ae2323c630 JavaThread "jar transforms Thread 8" [_thread_blocked, id=12920, stack(0x000000acb4300000,0x000000acb4400000)]
  0x000001ae232382d0 JavaThread "Cache worker for checksums cache (D:\Aplikasi_DBandeng\.gradle\8.0.2\checksums)" [_thread_blocked, id=860, stack(0x000000acb4500000,0x000000acb4600000)]
  0x000001ae23236ac0 JavaThread "Cache worker for cache directory md-rule (C:\Users\ASUS\.gradle\caches\8.0.2\md-rule)" [_thread_blocked, id=4688, stack(0x000000acb4600000,0x000000acb4700000)]
  0x000001ae2323bc90 JavaThread "Cache worker for file content cache (C:\Users\ASUS\.gradle\caches\8.0.2\fileContent)" [_thread_blocked, id=7468, stack(0x000000acb4700000,0x000000acb4800000)]
  0x000001ae23237930 JavaThread "Cache worker for file hash cache (D:\Aplikasi_DBandeng\.gradle\8.0.2\fileHashes)" [_thread_blocked, id=12096, stack(0x000000acb4800000,0x000000acb4900000)]
  0x000001ae2323a480 JavaThread "Cache worker for cache directory md-supplier (C:\Users\ASUS\.gradle\caches\8.0.2\md-supplier)" [_thread_blocked, id=8024, stack(0x000000acb4900000,0x000000acb4a00000)]
  0x000001ae2323ae20 JavaThread "Cache worker for execution history cache (C:\Users\ASUS\.gradle\caches\8.0.2\executionHistory)" [_thread_blocked, id=6856, stack(0x000000acb4a00000,0x000000acb4b00000)]
  0x000001ae2323b7c0 JavaThread "Cache worker for kotlin-dsl (C:\Users\ASUS\.gradle\caches\8.0.2\kotlin-dsl)" [_thread_blocked, id=8384, stack(0x000000acb4b00000,0x000000acb4c00000)]
  0x000001ae2323c160 JavaThread "Cache worker for dependencies-accessors (D:\Aplikasi_DBandeng\.gradle\8.0.2\dependencies-accessors)" [_thread_blocked, id=6308, stack(0x000000acb4c00000,0x000000acb4d00000)]
  0x000001ae23237460 JavaThread "Cache worker for Build Output Cleanup Cache (D:\Aplikasi_DBandeng\.gradle\buildOutputCleanup)" [_thread_blocked, id=972, stack(0x000000acb4d00000,0x000000acb4e00000)]
  0x000001ae23236f90 JavaThread "Unconstrained build operations" [_thread_blocked, id=10700, stack(0x000000acb4e00000,0x000000acb4f00000)]
  0x000001ae23239140 JavaThread "Unconstrained build operations Thread 2" [_thread_blocked, id=9660, stack(0x000000acb4f00000,0x000000acb5000000)]
  0x000001ae23239610 JavaThread "Unconstrained build operations Thread 3" [_thread_blocked, id=2008, stack(0x000000acb5000000,0x000000acb5100000)]
  0x000001ae23239ae0 JavaThread "Unconstrained build operations Thread 4" [_thread_blocked, id=9584, stack(0x000000acb5100000,0x000000acb5200000)]
  0x000001ae23237e00 JavaThread "Unconstrained build operations Thread 5" [_thread_blocked, id=5940, stack(0x000000acb5200000,0x000000acb5300000)]
  0x000001ae23239fb0 JavaThread "Unconstrained build operations Thread 6" [_thread_blocked, id=5588, stack(0x000000acb5300000,0x000000acb5400000)]
  0x000001ae232365f0 JavaThread "Unconstrained build operations Thread 7" [_thread_blocked, id=13064, stack(0x000000acb5400000,0x000000acb5500000)]
  0x000001ae2326e530 JavaThread "Unconstrained build operations Thread 8" [_thread_blocked, id=13912, stack(0x000000acb5500000,0x000000acb5600000)]
  0x000001ae2326ea00 JavaThread "Unconstrained build operations Thread 9" [_thread_blocked, id=11968, stack(0x000000acb5600000,0x000000acb5700000)]
  0x000001ae23272890 JavaThread "Unconstrained build operations Thread 10" [_thread_blocked, id=6368, stack(0x000000acb5700000,0x000000acb5800000)]
  0x000001ae232740a0 JavaThread "Unconstrained build operations Thread 11" [_thread_blocked, id=1660, stack(0x000000acb5800000,0x000000acb5900000)]
  0x000001ae2326fd40 JavaThread "Unconstrained build operations Thread 12" [_thread_blocked, id=12764, stack(0x000000acb5900000,0x000000acb5a00000)]
  0x000001ae2326f870 JavaThread "Unconstrained build operations Thread 13" [_thread_blocked, id=12616, stack(0x000000acb5a00000,0x000000acb5b00000)]
  0x000001ae2326eed0 JavaThread "Unconstrained build operations Thread 14" [_thread_blocked, id=2564, stack(0x000000acb5b00000,0x000000acb5c00000)]
  0x000001ae2326f3a0 JavaThread "Unconstrained build operations Thread 15" [_thread_blocked, id=3752, stack(0x000000acb5c00000,0x000000acb5d00000)]
  0x000001ae23270bb0 JavaThread "Unconstrained build operations Thread 16" [_thread_blocked, id=7788, stack(0x000000acb5d00000,0x000000acb5e00000)]
  0x000001ae232753e0 JavaThread "Unconstrained build operations Thread 17" [_thread_blocked, id=1492, stack(0x000000acb5e00000,0x000000acb5f00000)]
  0x000001ae23273bd0 JavaThread "Unconstrained build operations Thread 18" [_thread_blocked, id=6116, stack(0x000000acb5f00000,0x000000acb6000000)]
  0x000001ae23271080 JavaThread "Unconstrained build operations Thread 19" [_thread_blocked, id=12696, stack(0x000000acb6000000,0x000000acb6100000)]
  0x000001ae23270210 JavaThread "Unconstrained build operations Thread 20" [_thread_blocked, id=14384, stack(0x000000acb6100000,0x000000acb6200000)]
  0x000001ae23273700 JavaThread "Unconstrained build operations Thread 21" [_thread_blocked, id=5564, stack(0x000000acb6200000,0x000000acb6300000)]
  0x000001ae232758b0 JavaThread "Unconstrained build operations Thread 22" [_thread_blocked, id=7736, stack(0x000000acb6300000,0x000000acb6400000)]
  0x000001ae232706e0 JavaThread "Unconstrained build operations Thread 23" [_thread_blocked, id=6740, stack(0x000000acb6400000,0x000000acb6500000)]
  0x000001ae23271550 JavaThread "Unconstrained build operations Thread 24" [_thread_blocked, id=5176, stack(0x000000acb6500000,0x000000acb6600000)]
  0x000001ae2326e060 JavaThread "Unconstrained build operations Thread 25" [_thread_blocked, id=13480, stack(0x000000acb6600000,0x000000acb6700000)]
  0x000001ae23271a20 JavaThread "Unconstrained build operations Thread 26" [_thread_blocked, id=10584, stack(0x000000acb6700000,0x000000acb6800000)]
  0x000001ae23271ef0 JavaThread "Unconstrained build operations Thread 27" [_thread_blocked, id=11248, stack(0x000000acb6800000,0x000000acb6900000)]
  0x000001ae232723c0 JavaThread "Unconstrained build operations Thread 28" [_thread_blocked, id=13528, stack(0x000000acb6900000,0x000000acb6a00000)]
  0x000001ae23274f10 JavaThread "Unconstrained build operations Thread 29" [_thread_blocked, id=14532, stack(0x000000acb6a00000,0x000000acb6b00000)]
  0x000001ae23272d60 JavaThread "Unconstrained build operations Thread 30" [_thread_blocked, id=6924, stack(0x000000acb6b00000,0x000000acb6c00000)]
  0x000001ae23273230 JavaThread "Unconstrained build operations Thread 31" [_thread_blocked, id=12432, stack(0x000000acb6c00000,0x000000acb6d00000)]
  0x000001ae23274570 JavaThread "Unconstrained build operations Thread 32" [_thread_blocked, id=4260, stack(0x000000acb6d00000,0x000000acb6e00000)]
  0x000001ae23274a40 JavaThread "Unconstrained build operations Thread 33" [_thread_blocked, id=6976, stack(0x000000acb6e00000,0x000000acb6f00000)]
  0x000001ae1f3c4e80 JavaThread "Unconstrained build operations Thread 34" [_thread_blocked, id=13628, stack(0x000000acb6f00000,0x000000acb7000000)]
  0x000001ae1f3c1e60 JavaThread "Unconstrained build operations Thread 35" [_thread_blocked, id=11700, stack(0x000000acb7000000,0x000000acb7100000)]
  0x000001ae1f3c0ff0 JavaThread "Unconstrained build operations Thread 36" [_thread_blocked, id=12752, stack(0x000000acb7100000,0x000000acb7200000)]
  0x000001ae1f3c0180 JavaThread "Unconstrained build operations Thread 37" [_thread_blocked, id=12376, stack(0x000000acb7200000,0x000000acb7300000)]
  0x000001ae1f3c31a0 JavaThread "Unconstrained build operations Thread 38" [_thread_blocked, id=8208, stack(0x000000acb7300000,0x000000acb7400000)]
  0x000001ae1f3c0b20 JavaThread "Unconstrained build operations Thread 39" [_thread_blocked, id=3160, stack(0x000000acb7400000,0x000000acb7500000)]
  0x000001ae1f3c0650 JavaThread "Unconstrained build operations Thread 40" [_thread_blocked, id=10744, stack(0x000000acb7500000,0x000000acb7600000)]
  0x000001ae1f3c14c0 JavaThread "Unconstrained build operations Thread 41" [_thread_blocked, id=13144, stack(0x000000acb7600000,0x000000acb7700000)]
  0x000001ae1f3c2cd0 JavaThread "Unconstrained build operations Thread 42" [_thread_blocked, id=10924, stack(0x000000acb7700000,0x000000acb7800000)]
  0x000001ae1f3bf7e0 JavaThread "Unconstrained build operations Thread 43" [_thread_blocked, id=15064, stack(0x000000acb7800000,0x000000acb7900000)]
  0x000001ae1f3c49b0 JavaThread "Unconstrained build operations Thread 44" [_thread_blocked, id=13392, stack(0x000000acb7900000,0x000000acb7a00000)]
  0x000001ae1f3c1990 JavaThread "Unconstrained build operations Thread 45" [_thread_blocked, id=4176, stack(0x000000acb7a00000,0x000000acb7b00000)]
  0x000001ae1f3c5cf0 JavaThread "Unconstrained build operations Thread 46" [_thread_blocked, id=7712, stack(0x000000acb7b00000,0x000000acb7c00000)]
  0x000001ae1f3c2800 JavaThread "Unconstrained build operations Thread 47" [_thread_blocked, id=10996, stack(0x000000acb7c00000,0x000000acb7d00000)]
  0x000001ae1f3c5350 JavaThread "Unconstrained build operations Thread 48" [_thread_blocked, id=6764, stack(0x000000acb7d00000,0x000000acb7e00000)]
  0x000001ae1f3c5820 JavaThread "Unconstrained build operations Thread 49" [_thread_blocked, id=2996, stack(0x000000acb7e00000,0x000000acb7f00000)]
  0x000001ae1f3bfcb0 JavaThread "Unconstrained build operations Thread 50" [_thread_blocked, id=13928, stack(0x000000acb7f00000,0x000000acb8000000)]
  0x000001ae1f3c61c0 JavaThread "Unconstrained build operations Thread 51" [_thread_blocked, id=8872, stack(0x000000acb8000000,0x000000acb8100000)]
  0x000001ae1f3c2330 JavaThread "Unconstrained build operations Thread 52" [_thread_blocked, id=3496, stack(0x000000acb8100000,0x000000acb8200000)]
  0x000001ae1f3c6690 JavaThread "Unconstrained build operations Thread 53" [_thread_blocked, id=9552, stack(0x000000acb8200000,0x000000acb8300000)]
  0x000001ae1f3c3670 JavaThread "Unconstrained build operations Thread 54" [_thread_blocked, id=10312, stack(0x000000acb8300000,0x000000acb8400000)]
  0x000001ae1f3bee40 JavaThread "Unconstrained build operations Thread 55" [_thread_blocked, id=5540, stack(0x000000acb8400000,0x000000acb8500000)]
  0x000001ae1f3c3b40 JavaThread "Unconstrained build operations Thread 56" [_thread_blocked, id=8972, stack(0x000000acb8500000,0x000000acb8600000)]
  0x000001ae1f3c4010 JavaThread "Unconstrained build operations Thread 57" [_thread_blocked, id=10368, stack(0x000000acb8600000,0x000000acb8700000)]
  0x000001ae1f3bf310 JavaThread "Unconstrained build operations Thread 58" [_thread_blocked, id=8364, stack(0x000000acb8700000,0x000000acb8800000)]
  0x000001ae1f3c44e0 JavaThread "Unconstrained build operations Thread 59" [_thread_blocked, id=708, stack(0x000000acb8800000,0x000000acb8900000)]
  0x000001ae1fed8840 JavaThread "Unconstrained build operations Thread 60" [_thread_blocked, id=9792, stack(0x000000acb8900000,0x000000acb8a00000)]
  0x000001ae1fed1990 JavaThread "Unconstrained build operations Thread 61" [_thread_blocked, id=1212, stack(0x000000acb8a00000,0x000000acb8b00000)]
  0x000001ae1fed3b40 JavaThread "Unconstrained build operations Thread 62" [_thread_blocked, id=3564, stack(0x000000acb8b00000,0x000000acb8c00000)]
  0x000001ae1fed5cf0 JavaThread "Unconstrained build operations Thread 63" [_thread_blocked, id=12564, stack(0x000000acb8c00000,0x000000acb8d00000)]
  0x000001ae1fed6b60 JavaThread "Unconstrained build operations Thread 64" [_thread_blocked, id=14916, stack(0x000000acb8d00000,0x000000acb8e00000)]
  0x000001ae1fed7030 JavaThread "Unconstrained build operations Thread 65" [_thread_blocked, id=10520, stack(0x000000acb8e00000,0x000000acb8f00000)]
  0x000001ae1fed1e60 JavaThread "Unconstrained build operations Thread 66" [_thread_blocked, id=6488, stack(0x000000acb8f00000,0x000000acb9000000)]
  0x000001ae1fed5820 JavaThread "Unconstrained build operations Thread 67" [_thread_blocked, id=10488, stack(0x000000acb9000000,0x000000acb9100000)]
  0x000001ae1fed2330 JavaThread "Unconstrained build operations Thread 68" [_thread_blocked, id=11836, stack(0x000000acb9100000,0x000000acb9200000)]
  0x000001ae1fed79d0 JavaThread "Unconstrained build operations Thread 69" [_thread_blocked, id=1540, stack(0x000000acb9200000,0x000000acb9300000)]
  0x000001ae1fed2800 JavaThread "Unconstrained build operations Thread 70" [_thread_blocked, id=6052, stack(0x000000acb9300000,0x000000acb9400000)]
  0x000001ae1fed4010 JavaThread "Unconstrained build operations Thread 71" [_thread_blocked, id=11664, stack(0x000000acb9400000,0x000000acb9500000)]
  0x000001ae1fed2cd0 JavaThread "Unconstrained build operations Thread 72" [_thread_blocked, id=11064, stack(0x000000acb9500000,0x000000acb9600000)]
  0x000001ae1fed7ea0 JavaThread "Unconstrained build operations Thread 73" [_thread_blocked, id=9980, stack(0x000000acb9600000,0x000000acb9700000)]
  0x000001ae1fed31a0 JavaThread "Unconstrained build operations Thread 74" [_thread_blocked, id=1084, stack(0x000000acb9700000,0x000000acb9800000)]
  0x000001ae1fed44e0 JavaThread "Unconstrained build operations Thread 75" [_thread_blocked, id=2612, stack(0x000000acb9800000,0x000000acb9900000)]
  0x000001ae1fed5350 JavaThread "Unconstrained build operations Thread 76" [_thread_blocked, id=2864, stack(0x000000acb9900000,0x000000acb9a00000)]
  0x000001ae1fed4e80 JavaThread "Unconstrained build operations Thread 77" [_thread_blocked, id=3256, stack(0x000000acb9a00000,0x000000acb9b00000)]
  0x000001ae1fed3670 JavaThread "Unconstrained build operations Thread 78" [_thread_blocked, id=12056, stack(0x000000acb9b00000,0x000000acb9c00000)]
  0x000001ae1fed49b0 JavaThread "Unconstrained build operations Thread 79" [_thread_blocked, id=7976, stack(0x000000acb9c00000,0x000000acb9d00000)]
  0x000001ae1fed61c0 JavaThread "Unconstrained build operations Thread 80" [_thread_blocked, id=7076, stack(0x000000acb9d00000,0x000000acb9e00000)]
  0x000001ae1fed8370 JavaThread "Memory manager" [_thread_blocked, id=12816, stack(0x000000acb9e00000,0x000000acb9f00000)]

Other Threads:
=>0x000001ae1d77d130 VMThread "VM Thread" [stack: 0x000000acb1700000,0x000000acb1800000] [id=12464]
  0x000001ae1e4f5dd0 WatcherThread [stack: 0x000000acb2300000,0x000000acb2400000] [id=9420]
  0x000001ae7f5b9e90 GCTaskThread "GC Thread#0" [stack: 0x000000acb1200000,0x000000acb1300000] [id=15028]
  0x000001ae1f410a30 GCTaskThread "GC Thread#1" [stack: 0x000000acb2500000,0x000000acb2600000] [id=8832]
  0x000001ae1f1097e0 GCTaskThread "GC Thread#2" [stack: 0x000000acb2600000,0x000000acb2700000] [id=6516]
  0x000001ae1f031560 GCTaskThread "GC Thread#3" [stack: 0x000000acb2700000,0x000000acb2800000] [id=9780]
  0x000001ae1f7f1df0 GCTaskThread "GC Thread#4" [stack: 0x000000acb2800000,0x000000acb2900000] [id=13356]
  0x000001ae23978790 GCTaskThread "GC Thread#5" [stack: 0x000000acb3700000,0x000000acb3800000] [id=8964]
  0x000001ae20a9b220 GCTaskThread "GC Thread#6" [stack: 0x000000acb3800000,0x000000acb3900000] [id=5344]
  0x000001ae20a99f50 GCTaskThread "GC Thread#7" [stack: 0x000000acb3900000,0x000000acb3a00000] [id=12208]
  0x000001ae7f5cbcf0 ConcurrentGCThread "G1 Main Marker" [stack: 0x000000acb1300000,0x000000acb1400000] [id=1708]
  0x000001ae7f5ccdb0 ConcurrentGCThread "G1 Conc#0" [stack: 0x000000acb1400000,0x000000acb1500000] [id=1164]
  0x000001ae20a9b780 ConcurrentGCThread "G1 Conc#1" [stack: 0x000000acb4400000,0x000000acb4500000] [id=7204]
  0x000001ae7f62ec20 ConcurrentGCThread "G1 Refine#0" [stack: 0x000000acb1500000,0x000000acb1600000] [id=10008]
  0x000001ae1d636720 ConcurrentGCThread "G1 Service" [stack: 0x000000acb1600000,0x000000acb1700000] [id=13204]

Threads with active compile tasks:
C1 CompilerThread0    14598 8436       3       org.gradle.api.internal.artifacts.ivyservice.resolveengine.graph.builder.ModuleSelectors::first (23 bytes)
C2 CompilerThread2    14598 8414       4       java.util.Properties::loadConvert (540 bytes)

VM state: at safepoint (normal execution)

VM Mutex/Monitor currently owned by a thread:  ([mutex/lock_event])
[0x000001ae7f55d030] Threads_lock - owner thread: 0x000001ae1d77d130
[0x000001ae7f55ce80] Heap_lock - owner thread: 0x000001ae1f9fb890

Heap address: 0x0000000080000000, size: 2048 MB, Compressed Oops mode: 32-bit

CDS archive(s) mapped at: [0x0000000800000000-0x0000000800bd0000-0x0000000800bd0000), size 12386304, SharedBaseAddress: 0x0000000800000000, ArchiveRelocationMode: 0.
Compressed class space mapped at: 0x0000000800c00000-0x0000000840c00000, reserved size: 1073741824
Narrow klass base: 0x0000000800000000, Narrow klass shift: 0, Narrow klass range: 0x100000000

GC Precious Log:
 CPUs: 8 total, 8 available
 Memory: 8074M
 Large Page Support: Disabled
 NUMA Support: Disabled
 Compressed Oops: Enabled (32-bit)
 Heap Region Size: 1M
 Heap Min Capacity: 8M
 Heap Initial Capacity: 128M
 Heap Max Capacity: 2G
 Pre-touch: Disabled
 Parallel Workers: 8
 Concurrent Workers: 2
 Concurrent Refinement Workers: 8
 Periodic GC: Disabled

Heap:
 garbage-first heap   total 168960K, used 96822K [0x0000000080000000, 0x0000000100000000)
  region size 1024K, 4 young (4096K), 4 survivors (4096K)
 Metaspace       used 73887K, committed 74624K, reserved 1114112K
  class space    used 10267K, committed 10624K, reserved 1048576K

Heap Regions: E=young(eden), S=young(survivor), O=old, HS=humongous(starts), HC=humongous(continues), CS=collection set, F=free, OA=open archive, CA=closed archive, TAMS=top-at-mark-start (previous, next)
|   0|0x0000000080000000, 0x0000000080100000, 0x0000000080100000|100%|HS|  |TAMS 0x0000000080100000, 0x0000000080100000| Complete 
|   1|0x0000000080100000, 0x0000000080200000, 0x0000000080200000|100%|HC|  |TAMS 0x0000000080200000, 0x0000000080200000| Complete 
|   2|0x0000000080200000, 0x0000000080300000, 0x0000000080300000|100%|HC|  |TAMS 0x0000000080300000, 0x0000000080300000| Complete 
|   3|0x0000000080300000, 0x0000000080400000, 0x0000000080400000|100%|HC|  |TAMS 0x0000000080400000, 0x0000000080400000| Complete 
|   4|0x0000000080400000, 0x0000000080500000, 0x0000000080500000|100%| O|  |TAMS 0x0000000080500000, 0x0000000080500000| Untracked 
|   5|0x0000000080500000, 0x0000000080600000, 0x0000000080600000|100%| O|  |TAMS 0x0000000080600000, 0x0000000080600000| Untracked 
|   6|0x0000000080600000, 0x0000000080700000, 0x0000000080700000|100%| O|  |TAMS 0x0000000080700000, 0x0000000080700000| Untracked 
|   7|0x0000000080700000, 0x0000000080800000, 0x0000000080800000|100%| O|  |TAMS 0x0000000080800000, 0x0000000080800000| Untracked 
|   8|0x0000000080800000, 0x0000000080900000, 0x0000000080900000|100%| O|  |TAMS 0x0000000080900000, 0x0000000080900000| Untracked 
|   9|0x0000000080900000, 0x0000000080a00000, 0x0000000080a00000|100%| O|  |TAMS 0x0000000080a00000, 0x0000000080a00000| Untracked 
|  10|0x0000000080a00000, 0x0000000080b00000, 0x0000000080b00000|100%| O|  |TAMS 0x0000000080b00000, 0x0000000080b00000| Untracked 
|  11|0x0000000080b00000, 0x0000000080c00000, 0x0000000080c00000|100%|HS|  |TAMS 0x0000000080c00000, 0x0000000080c00000| Complete 
|  12|0x0000000080c00000, 0x0000000080d00000, 0x0000000080d00000|100%|HC|  |TAMS 0x0000000080d00000, 0x0000000080d00000| Complete 
|  13|0x0000000080d00000, 0x0000000080e00000, 0x0000000080e00000|100%|HS|  |TAMS 0x0000000080e00000, 0x0000000080e00000| Complete 
|  14|0x0000000080e00000, 0x0000000080f00000, 0x0000000080f00000|100%|HC|  |TAMS 0x0000000080f00000, 0x0000000080f00000| Complete 
|  15|0x0000000080f00000, 0x0000000081000000, 0x0000000081000000|100%|HC|  |TAMS 0x0000000081000000, 0x0000000081000000| Complete 
|  16|0x0000000081000000, 0x0000000081100000, 0x0000000081100000|100%|HS|  |TAMS 0x0000000081100000, 0x0000000081100000| Complete 
|  17|0x0000000081100000, 0x0000000081200000, 0x0000000081200000|100%|HC|  |TAMS 0x0000000081200000, 0x0000000081200000| Complete 
|  18|0x0000000081200000, 0x0000000081300000, 0x0000000081300000|100%|HC|  |TAMS 0x0000000081300000, 0x0000000081300000| Complete 
|  19|0x0000000081300000, 0x0000000081400000, 0x0000000081400000|100%|HS|  |TAMS 0x0000000081400000, 0x0000000081400000| Complete 
|  20|0x0000000081400000, 0x0000000081500000, 0x0000000081500000|100%|HC|  |TAMS 0x0000000081500000, 0x0000000081500000| Complete 
|  21|0x0000000081500000, 0x0000000081600000, 0x0000000081600000|100%|HC|  |TAMS 0x0000000081600000, 0x0000000081600000| Complete 
|  22|0x0000000081600000, 0x0000000081700000, 0x0000000081700000|100%| O|  |TAMS 0x0000000081700000, 0x0000000081700000| Untracked 
|  23|0x0000000081700000, 0x0000000081800000, 0x0000000081800000|100%| O|  |TAMS 0x0000000081800000, 0x0000000081800000| Untracked 
|  24|0x0000000081800000, 0x0000000081900000, 0x0000000081900000|100%| O|  |TAMS 0x0000000081900000, 0x0000000081900000| Untracked 
|  25|0x0000000081900000, 0x0000000081a00000, 0x0000000081a00000|100%| O|  |TAMS 0x0000000081a00000, 0x0000000081a00000| Untracked 
|  26|0x0000000081a00000, 0x0000000081b00000, 0x0000000081b00000|100%| O|  |TAMS 0x0000000081b00000, 0x0000000081b00000| Untracked 
|  27|0x0000000081b00000, 0x0000000081c00000, 0x0000000081c00000|100%| O|  |TAMS 0x0000000081c00000, 0x0000000081c00000| Untracked 
|  28|0x0000000081c00000, 0x0000000081d00000, 0x0000000081d00000|100%| O|  |TAMS 0x0000000081d00000, 0x0000000081d00000| Untracked 
|  29|0x0000000081d00000, 0x0000000081e00000, 0x0000000081e00000|100%| O|  |TAMS 0x0000000081e00000, 0x0000000081e00000| Untracked 
|  30|0x0000000081e00000, 0x0000000081f00000, 0x0000000081f00000|100%| O|  |TAMS 0x0000000081f00000, 0x0000000081f00000| Untracked 
|  31|0x0000000081f00000, 0x0000000082000000, 0x0000000082000000|100%| O|  |TAMS 0x0000000082000000, 0x0000000082000000| Untracked 
|  32|0x0000000082000000, 0x0000000082100000, 0x0000000082100000|100%| O|  |TAMS 0x0000000082100000, 0x0000000082100000| Untracked 
|  33|0x0000000082100000, 0x0000000082200000, 0x0000000082200000|100%| O|  |TAMS 0x0000000082200000, 0x0000000082200000| Untracked 
|  34|0x0000000082200000, 0x0000000082300000, 0x0000000082300000|100%| O|  |TAMS 0x0000000082300000, 0x0000000082300000| Untracked 
|  35|0x0000000082300000, 0x0000000082400000, 0x0000000082400000|100%| O|  |TAMS 0x0000000082400000, 0x0000000082400000| Untracked 
|  36|0x0000000082400000, 0x0000000082500000, 0x0000000082500000|100%|HS|  |TAMS 0x0000000082500000, 0x0000000082500000| Complete 
|  37|0x0000000082500000, 0x0000000082600000, 0x0000000082600000|100%|HC|  |TAMS 0x0000000082600000, 0x0000000082600000| Complete 
|  38|0x0000000082600000, 0x0000000082700000, 0x0000000082700000|100%|HC|  |TAMS 0x0000000082700000, 0x0000000082700000| Complete 
|  39|0x0000000082700000, 0x0000000082800000, 0x0000000082800000|100%| O|  |TAMS 0x0000000082800000, 0x0000000082800000| Untracked 
|  40|0x0000000082800000, 0x0000000082900000, 0x0000000082900000|100%| O|  |TAMS 0x0000000082900000, 0x0000000082900000| Untracked 
|  41|0x0000000082900000, 0x0000000082a00000, 0x0000000082a00000|100%| O|  |TAMS 0x0000000082a00000, 0x0000000082a00000| Untracked 
|  42|0x0000000082a00000, 0x0000000082b00000, 0x0000000082b00000|100%| O|  |TAMS 0x0000000082b00000, 0x0000000082b00000| Untracked 
|  43|0x0000000082b00000, 0x0000000082c00000, 0x0000000082c00000|100%| O|  |TAMS 0x0000000082c00000, 0x0000000082c00000| Untracked 
|  44|0x0000000082c00000, 0x0000000082d00000, 0x0000000082d00000|100%|HS|  |TAMS 0x0000000082d00000, 0x0000000082d00000| Complete 
|  45|0x0000000082d00000, 0x0000000082e00000, 0x0000000082e00000|100%|HC|  |TAMS 0x0000000082e00000, 0x0000000082e00000| Complete 
|  46|0x0000000082e00000, 0x0000000082f00000, 0x0000000082f00000|100%|HC|  |TAMS 0x0000000082f00000, 0x0000000082f00000| Complete 
|  47|0x0000000082f00000, 0x0000000083000000, 0x0000000083000000|100%|HC|  |TAMS 0x0000000083000000, 0x0000000083000000| Complete 
|  48|0x0000000083000000, 0x0000000083100000, 0x0000000083100000|100%| O|  |TAMS 0x0000000083100000, 0x0000000083100000| Untracked 
|  49|0x0000000083100000, 0x0000000083200000, 0x0000000083200000|100%| O|  |TAMS 0x0000000083200000, 0x0000000083200000| Untracked 
|  50|0x0000000083200000, 0x0000000083300000, 0x0000000083300000|100%| O|  |TAMS 0x0000000083300000, 0x0000000083300000| Untracked 
|  51|0x0000000083300000, 0x0000000083400000, 0x0000000083400000|100%| O|  |TAMS 0x0000000083400000, 0x0000000083400000| Untracked 
|  52|0x0000000083400000, 0x0000000083500000, 0x0000000083500000|100%| O|  |TAMS 0x0000000083500000, 0x0000000083500000| Untracked 
|  53|0x0000000083500000, 0x0000000083600000, 0x0000000083600000|100%| O|  |TAMS 0x0000000083600000, 0x0000000083600000| Untracked 
|  54|0x0000000083600000, 0x0000000083700000, 0x0000000083700000|100%| O|  |TAMS 0x0000000083700000, 0x0000000083700000| Untracked 
|  55|0x0000000083700000, 0x0000000083800000, 0x0000000083800000|100%| O|  |TAMS 0x0000000083800000, 0x0000000083800000| Untracked 
|  56|0x0000000083800000, 0x0000000083900000, 0x0000000083900000|100%| O|  |TAMS 0x0000000083900000, 0x0000000083900000| Untracked 
|  57|0x0000000083900000, 0x0000000083a00000, 0x0000000083a00000|100%| O|  |TAMS 0x0000000083a00000, 0x0000000083a00000| Untracked 
|  58|0x0000000083a00000, 0x0000000083b00000, 0x0000000083b00000|100%| O|  |TAMS 0x0000000083b00000, 0x0000000083b00000| Untracked 
|  59|0x0000000083b00000, 0x0000000083c00000, 0x0000000083c00000|100%| O|  |TAMS 0x0000000083c00000, 0x0000000083c00000| Untracked 
|  60|0x0000000083c00000, 0x0000000083d00000, 0x0000000083d00000|100%| O|  |TAMS 0x0000000083d00000, 0x0000000083d00000| Untracked 
|  61|0x0000000083d00000, 0x0000000083e00000, 0x0000000083e00000|100%|HS|  |TAMS 0x0000000083e00000, 0x0000000083e00000| Complete 
|  62|0x0000000083e00000, 0x0000000083f00000, 0x0000000083f00000|100%|HS|  |TAMS 0x0000000083f00000, 0x0000000083f00000| Complete 
|  63|0x0000000083f00000, 0x0000000084000000, 0x0000000084000000|100%|HC|  |TAMS 0x0000000084000000, 0x0000000084000000| Complete 
|  64|0x0000000084000000, 0x0000000084100000, 0x0000000084100000|100%|HS|  |TAMS 0x0000000084100000, 0x0000000084100000| Complete 
|  65|0x0000000084100000, 0x0000000084200000, 0x0000000084200000|100%|HS|  |TAMS 0x0000000084200000, 0x0000000084200000| Complete 
|  66|0x0000000084200000, 0x0000000084300000, 0x0000000084300000|100%|HC|  |TAMS 0x0000000084300000, 0x0000000084300000| Complete 
|  67|0x0000000084300000, 0x0000000084400000, 0x0000000084400000|100%|HC|  |TAMS 0x0000000084400000, 0x0000000084400000| Complete 
|  68|0x0000000084400000, 0x0000000084500000, 0x0000000084500000|100%|HC|  |TAMS 0x0000000084500000, 0x0000000084500000| Complete 
|  69|0x0000000084500000, 0x0000000084600000, 0x0000000084600000|100%| O|  |TAMS 0x0000000084600000, 0x0000000084600000| Untracked 
|  70|0x0000000084600000, 0x0000000084700000, 0x0000000084700000|100%| O|  |TAMS 0x0000000084700000, 0x0000000084700000| Untracked 
|  71|0x0000000084700000, 0x0000000084800000, 0x0000000084800000|100%| O|  |TAMS 0x0000000084800000, 0x0000000084800000| Untracked 
|  72|0x0000000084800000, 0x0000000084900000, 0x0000000084900000|100%| O|  |TAMS 0x0000000084900000, 0x0000000084900000| Untracked 
|  73|0x0000000084900000, 0x0000000084a00000, 0x0000000084a00000|100%| O|  |TAMS 0x0000000084a00000, 0x0000000084a00000| Untracked 
|  74|0x0000000084a00000, 0x0000000084b00000, 0x0000000084b00000|100%| O|  |TAMS 0x0000000084b00000, 0x0000000084b00000| Untracked 
|  75|0x0000000084b00000, 0x0000000084c00000, 0x0000000084c00000|100%| O|  |TAMS 0x0000000084c00000, 0x0000000084c00000| Untracked 
|  76|0x0000000084c00000, 0x0000000084d00000, 0x0000000084d00000|100%| O|  |TAMS 0x0000000084d00000, 0x0000000084d00000| Untracked 
|  77|0x0000000084d00000, 0x0000000084e00000, 0x0000000084e00000|100%| O|  |TAMS 0x0000000084e00000, 0x0000000084e00000| Untracked 
|  78|0x0000000084e00000, 0x0000000084f00000, 0x0000000084f00000|100%| O|  |TAMS 0x0000000084f00000, 0x0000000084f00000| Untracked 
|  79|0x0000000084f00000, 0x0000000085000000, 0x0000000085000000|100%| O|  |TAMS 0x0000000084f90a00, 0x0000000085000000| Untracked 
|  80|0x0000000085000000, 0x0000000085100000, 0x0000000085100000|100%| O|  |TAMS 0x0000000085100000, 0x0000000085100000| Untracked 
|  81|0x0000000085100000, 0x0000000085200000, 0x0000000085200000|100%| O|  |TAMS 0x0000000085200000, 0x0000000085200000| Untracked 
|  82|0x0000000085200000, 0x0000000085300000, 0x0000000085300000|100%| O|  |TAMS 0x0000000085200000, 0x0000000085300000| Untracked 
|  83|0x0000000085300000, 0x0000000085400000, 0x0000000085400000|100%| O|  |TAMS 0x0000000085400000, 0x0000000085400000| Untracked 
|  84|0x0000000085400000, 0x0000000085500000, 0x0000000085500000|100%| O|  |TAMS 0x0000000085400000, 0x0000000085500000| Untracked 
|  85|0x0000000085500000, 0x0000000085600000, 0x0000000085600000|100%| O|  |TAMS 0x0000000085600000, 0x0000000085600000| Untracked 
|  86|0x0000000085600000, 0x0000000085700000, 0x0000000085700000|100%| O|  |TAMS 0x0000000085700000, 0x0000000085700000| Untracked 
|  87|0x0000000085700000, 0x0000000085800000, 0x0000000085800000|100%| O|  |TAMS 0x0000000085800000, 0x0000000085800000| Untracked 
|  88|0x0000000085800000, 0x0000000085800000, 0x0000000085900000|  0%| F|  |TAMS 0x0000000085800000, 0x0000000085800000| Untracked 
|  89|0x0000000085900000, 0x0000000085a00000, 0x0000000085a00000|100%| O|  |TAMS 0x0000000085900000, 0x0000000085a00000| Untracked 
|  90|0x0000000085a00000, 0x0000000085b00000, 0x0000000085b00000|100%| O|  |TAMS 0x0000000085a00000, 0x0000000085b00000| Untracked 
|  91|0x0000000085b00000, 0x0000000085c00000, 0x0000000085c00000|100%| O|  |TAMS 0x0000000085b00000, 0x0000000085c00000| Untracked 
|  92|0x0000000085c00000, 0x0000000085c74000, 0x0000000085d00000| 45%| O|  |TAMS 0x0000000085c00000, 0x0000000085c74000| Untracked 
|  93|0x0000000085d00000, 0x0000000085d00000, 0x0000000085e00000|  0%| F|  |TAMS 0x0000000085d00000, 0x0000000085d00000| Untracked 
|  94|0x0000000085e00000, 0x0000000085e00000, 0x0000000085f00000|  0%| F|  |TAMS 0x0000000085e00000, 0x0000000085e00000| Untracked 
|  95|0x0000000085f00000, 0x0000000085f00000, 0x0000000086000000|  0%| F|  |TAMS 0x0000000085f00000, 0x0000000085f00000| Untracked 
|  96|0x0000000086000000, 0x0000000086000000, 0x0000000086100000|  0%| F|  |TAMS 0x0000000086000000, 0x0000000086000000| Untracked 
|  97|0x0000000086100000, 0x0000000086100000, 0x0000000086200000|  0%| F|  |TAMS 0x0000000086100000, 0x0000000086100000| Untracked 
|  98|0x0000000086200000, 0x0000000086200000, 0x0000000086300000|  0%| F|  |TAMS 0x0000000086200000, 0x0000000086200000| Untracked 
|  99|0x0000000086300000, 0x0000000086300000, 0x0000000086400000|  0%| F|  |TAMS 0x0000000086300000, 0x0000000086300000| Untracked 
| 100|0x0000000086400000, 0x0000000086400000, 0x0000000086500000|  0%| F|  |TAMS 0x0000000086400000, 0x0000000086400000| Untracked 
| 101|0x0000000086500000, 0x0000000086500000, 0x0000000086600000|  0%| F|  |TAMS 0x0000000086500000, 0x0000000086500000| Untracked 
| 102|0x0000000086600000, 0x0000000086600000, 0x0000000086700000|  0%| F|  |TAMS 0x0000000086600000, 0x0000000086600000| Untracked 
| 103|0x0000000086700000, 0x0000000086700000, 0x0000000086800000|  0%| F|  |TAMS 0x0000000086700000, 0x0000000086700000| Untracked 
| 104|0x0000000086800000, 0x0000000086800000, 0x0000000086900000|  0%| F|  |TAMS 0x0000000086800000, 0x0000000086800000| Untracked 
| 105|0x0000000086900000, 0x0000000086900000, 0x0000000086a00000|  0%| F|  |TAMS 0x0000000086900000, 0x0000000086900000| Untracked 
| 106|0x0000000086a00000, 0x0000000086a00000, 0x0000000086b00000|  0%| F|  |TAMS 0x0000000086a00000, 0x0000000086a00000| Untracked 
| 107|0x0000000086b00000, 0x0000000086b00000, 0x0000000086c00000|  0%| F|  |TAMS 0x0000000086b00000, 0x0000000086b00000| Untracked 
| 108|0x0000000086c00000, 0x0000000086c00000, 0x0000000086d00000|  0%| F|  |TAMS 0x0000000086c00000, 0x0000000086c00000| Untracked 
| 109|0x0000000086d00000, 0x0000000086d00000, 0x0000000086e00000|  0%| F|  |TAMS 0x0000000086d00000, 0x0000000086d00000| Untracked 
| 110|0x0000000086e00000, 0x0000000086e00000, 0x0000000086f00000|  0%| F|  |TAMS 0x0000000086e00000, 0x0000000086e00000| Untracked 
| 111|0x0000000086f00000, 0x0000000086f00000, 0x0000000087000000|  0%| F|  |TAMS 0x0000000086f00000, 0x0000000086f00000| Untracked 
| 112|0x0000000087000000, 0x0000000087000000, 0x0000000087100000|  0%| F|  |TAMS 0x0000000087000000, 0x0000000087000000| Untracked 
| 113|0x0000000087100000, 0x0000000087100000, 0x0000000087200000|  0%| F|  |TAMS 0x0000000087100000, 0x0000000087100000| Untracked 
| 114|0x0000000087200000, 0x0000000087200000, 0x0000000087300000|  0%| F|  |TAMS 0x0000000087200000, 0x0000000087200000| Untracked 
| 115|0x0000000087300000, 0x0000000087300000, 0x0000000087400000|  0%| F|  |TAMS 0x0000000087300000, 0x0000000087300000| Untracked 
| 116|0x0000000087400000, 0x0000000087400000, 0x0000000087500000|  0%| F|  |TAMS 0x0000000087400000, 0x0000000087400000| Untracked 
| 117|0x0000000087500000, 0x0000000087500000, 0x0000000087600000|  0%| F|  |TAMS 0x0000000087500000, 0x0000000087500000| Untracked 
| 118|0x0000000087600000, 0x0000000087600000, 0x0000000087700000|  0%| F|  |TAMS 0x0000000087600000, 0x0000000087600000| Untracked 
| 119|0x0000000087700000, 0x0000000087700000, 0x0000000087800000|  0%| F|  |TAMS 0x0000000087700000, 0x0000000087700000| Untracked 
| 120|0x0000000087800000, 0x0000000087800000, 0x0000000087900000|  0%| F|  |TAMS 0x0000000087800000, 0x0000000087800000| Untracked 
| 121|0x0000000087900000, 0x0000000087919830, 0x0000000087a00000|  9%| S|CS|TAMS 0x0000000087900000, 0x0000000087900000| Complete 
| 122|0x0000000087a00000, 0x0000000087b00000, 0x0000000087b00000|100%| S|CS|TAMS 0x0000000087a00000, 0x0000000087a00000| Complete 
| 123|0x0000000087b00000, 0x0000000087c00000, 0x0000000087c00000|100%| S|CS|TAMS 0x0000000087b00000, 0x0000000087b00000| Complete 
| 124|0x0000000087c00000, 0x0000000087d00000, 0x0000000087d00000|100%| S|CS|TAMS 0x0000000087c00000, 0x0000000087c00000| Complete 
| 125|0x0000000087d00000, 0x0000000087d00000, 0x0000000087e00000|  0%| F|  |TAMS 0x0000000087d00000, 0x0000000087d00000| Untracked 
| 126|0x0000000087e00000, 0x0000000087e00000, 0x0000000087f00000|  0%| F|  |TAMS 0x0000000087e00000, 0x0000000087e00000| Untracked 
| 127|0x0000000087f00000, 0x0000000087f00000, 0x0000000088000000|  0%| F|  |TAMS 0x0000000087f00000, 0x0000000087f00000| Untracked 
| 128|0x0000000088000000, 0x0000000088000000, 0x0000000088100000|  0%| F|  |TAMS 0x0000000088000000, 0x0000000088000000| Untracked 
| 129|0x0000000088100000, 0x0000000088100000, 0x0000000088200000|  0%| F|  |TAMS 0x0000000088100000, 0x0000000088100000| Untracked 
| 130|0x0000000088200000, 0x0000000088200000, 0x0000000088300000|  0%| F|  |TAMS 0x0000000088200000, 0x0000000088200000| Untracked 
| 131|0x0000000088300000, 0x0000000088300000, 0x0000000088400000|  0%| F|  |TAMS 0x0000000088300000, 0x0000000088300000| Untracked 
| 132|0x0000000088400000, 0x0000000088400000, 0x0000000088500000|  0%| F|  |TAMS 0x0000000088400000, 0x0000000088400000| Untracked 
| 133|0x0000000088500000, 0x0000000088500000, 0x0000000088600000|  0%| F|  |TAMS 0x0000000088500000, 0x0000000088500000| Untracked 
| 134|0x0000000088600000, 0x0000000088600000, 0x0000000088700000|  0%| F|  |TAMS 0x0000000088600000, 0x0000000088600000| Untracked 
| 135|0x0000000088700000, 0x0000000088700000, 0x0000000088800000|  0%| F|  |TAMS 0x0000000088700000, 0x0000000088700000| Untracked 
| 136|0x0000000088800000, 0x0000000088800000, 0x0000000088900000|  0%| F|  |TAMS 0x0000000088800000, 0x0000000088800000| Untracked 
| 137|0x0000000088900000, 0x0000000088900000, 0x0000000088a00000|  0%| F|  |TAMS 0x0000000088900000, 0x0000000088900000| Untracked 
| 138|0x0000000088a00000, 0x0000000088a00000, 0x0000000088b00000|  0%| F|  |TAMS 0x0000000088a00000, 0x0000000088a00000| Untracked 
| 139|0x0000000088b00000, 0x0000000088b00000, 0x0000000088c00000|  0%| F|  |TAMS 0x0000000088b00000, 0x0000000088b00000| Untracked 
| 140|0x0000000088c00000, 0x0000000088c00000, 0x0000000088d00000|  0%| F|  |TAMS 0x0000000088c00000, 0x0000000088c00000| Untracked 
| 141|0x0000000088d00000, 0x0000000088d00000, 0x0000000088e00000|  0%| F|  |TAMS 0x0000000088d00000, 0x0000000088d00000| Untracked 
| 142|0x0000000088e00000, 0x0000000088e00000, 0x0000000088f00000|  0%| F|  |TAMS 0x0000000088e00000, 0x0000000088e00000| Untracked 
| 143|0x0000000088f00000, 0x0000000088f00000, 0x0000000089000000|  0%| F|  |TAMS 0x0000000088f00000, 0x0000000088f00000| Untracked 
| 144|0x0000000089000000, 0x0000000089000000, 0x0000000089100000|  0%| F|  |TAMS 0x0000000089000000, 0x0000000089000000| Untracked 
| 145|0x0000000089100000, 0x0000000089100000, 0x0000000089200000|  0%| F|  |TAMS 0x0000000089100000, 0x0000000089100000| Untracked 
| 146|0x0000000089200000, 0x0000000089200000, 0x0000000089300000|  0%| F|  |TAMS 0x0000000089200000, 0x0000000089200000| Untracked 
| 147|0x0000000089300000, 0x0000000089300000, 0x0000000089400000|  0%| F|  |TAMS 0x0000000089300000, 0x0000000089300000| Untracked 
| 148|0x0000000089400000, 0x0000000089400000, 0x0000000089500000|  0%| F|  |TAMS 0x0000000089400000, 0x0000000089400000| Untracked 
| 149|0x0000000089500000, 0x0000000089500000, 0x0000000089600000|  0%| F|  |TAMS 0x0000000089500000, 0x0000000089500000| Untracked 
| 150|0x0000000089600000, 0x0000000089600000, 0x0000000089700000|  0%| F|  |TAMS 0x0000000089600000, 0x0000000089600000| Untracked 
| 151|0x0000000089700000, 0x0000000089700000, 0x0000000089800000|  0%| F|  |TAMS 0x0000000089700000, 0x0000000089700000| Untracked 
| 152|0x0000000089800000, 0x0000000089800000, 0x0000000089900000|  0%| F|  |TAMS 0x0000000089800000, 0x0000000089800000| Untracked 
| 153|0x0000000089900000, 0x0000000089900000, 0x0000000089a00000|  0%| F|  |TAMS 0x0000000089900000, 0x0000000089900000| Untracked 
| 154|0x0000000089a00000, 0x0000000089a00000, 0x0000000089b00000|  0%| F|  |TAMS 0x0000000089a00000, 0x0000000089a00000| Untracked 
| 155|0x0000000089b00000, 0x0000000089b00000, 0x0000000089c00000|  0%| F|  |TAMS 0x0000000089b00000, 0x0000000089b00000| Untracked 
| 156|0x0000000089c00000, 0x0000000089c00000, 0x0000000089d00000|  0%| F|  |TAMS 0x0000000089c00000, 0x0000000089c00000| Untracked 
| 157|0x0000000089d00000, 0x0000000089d00000, 0x0000000089e00000|  0%| F|  |TAMS 0x0000000089d00000, 0x0000000089d00000| Untracked 
| 158|0x0000000089e00000, 0x0000000089e00000, 0x0000000089f00000|  0%| F|  |TAMS 0x0000000089e00000, 0x0000000089e00000| Untracked 
| 159|0x0000000089f00000, 0x0000000089f00000, 0x000000008a000000|  0%| F|  |TAMS 0x0000000089f00000, 0x0000000089f00000| Untracked 
| 160|0x000000008a000000, 0x000000008a000000, 0x000000008a100000|  0%| F|  |TAMS 0x000000008a000000, 0x000000008a000000| Untracked 
| 161|0x000000008a100000, 0x000000008a100000, 0x000000008a200000|  0%| F|  |TAMS 0x000000008a100000, 0x000000008a100000| Untracked 
| 162|0x000000008a200000, 0x000000008a200000, 0x000000008a300000|  0%| F|  |TAMS 0x000000008a200000, 0x000000008a200000| Untracked 
| 163|0x000000008a300000, 0x000000008a300000, 0x000000008a400000|  0%| F|  |TAMS 0x000000008a300000, 0x000000008a300000| Untracked 
| 164|0x000000008a400000, 0x000000008a400000, 0x000000008a500000|  0%| F|  |TAMS 0x000000008a400000, 0x000000008a400000| Untracked 

Card table byte_map: [0x000001ae167b0000,0x000001ae16bb0000] _byte_map_base: 0x000001ae163b0000

Marking Bits (Prev, Next): (CMBitMap*) 0x000001ae7f5bb400, (CMBitMap*) 0x000001ae7f5bb3c0
 Prev Bits: [0x000001ae18fb0000, 0x000001ae1afb0000)
 Next Bits: [0x000001ae16fb0000, 0x000001ae18fb0000)

Polling page: 0x000001ae7d490000

Metaspace:

Usage:
  Non-class:     62.13 MB used.
      Class:     10.03 MB used.
       Both:     72.16 MB used.

Virtual space:
  Non-class space:       64.00 MB reserved,      62.50 MB ( 98%) committed,  8 nodes.
      Class space:        1.00 GB reserved,      10.38 MB (  1%) committed,  1 nodes.
             Both:        1.06 GB reserved,      72.88 MB (  7%) committed. 

Chunk freelists:
   Non-Class:  976.00 KB
       Class:  1.53 MB
        Both:  2.48 MB

MaxMetaspaceSize: unlimited
CompressedClassSpaceSize: 1.00 GB
Initial GC threshold: 21.00 MB
Current GC threshold: 108.69 MB
CDS: on
MetaspaceReclaimPolicy: balanced
 - commit_granule_bytes: 65536.
 - commit_granule_words: 8192.
 - virtual_space_node_default_size: 1048576.
 - enlarge_chunks_in_place: 1.
 - new_chunks_are_fully_committed: 0.
 - uncommit_free_chunks: 1.
 - use_allocation_guard: 0.
 - handle_deallocations: 1.


Internal statistics:

num_allocs_failed_limit: 6.
num_arena_births: 886.
num_arena_deaths: 0.
num_vsnodes_births: 9.
num_vsnodes_deaths: 0.
num_space_committed: 1166.
num_space_uncommitted: 0.
num_chunks_returned_to_freelist: 6.
num_chunks_taken_from_freelist: 3873.
num_chunk_merges: 6.
num_chunk_splits: 2599.
num_chunks_enlarged: 1768.
num_purges: 0.
num_inconsistent_stats: 0.

CodeHeap 'non-profiled nmethods': size=120000Kb used=5007Kb max_used=5007Kb free=114993Kb
 bounds [0x000001ae0f280000, 0x000001ae0f770000, 0x000001ae167b0000]
CodeHeap 'profiled nmethods': size=120000Kb used=14696Kb max_used=14696Kb free=105304Kb
 bounds [0x000001ae077b0000, 0x000001ae08610000, 0x000001ae0ece0000]
CodeHeap 'non-nmethods': size=5760Kb used=2383Kb max_used=2516Kb free=3376Kb
 bounds [0x000001ae0ece0000, 0x000001ae0ef70000, 0x000001ae0f280000]
 total_blobs=8576 nmethods=7662 adapters=825
 compilation: enabled
              stopped_count=0, restarted_count=0
 full_count=0

Compilation events (20 events):
Event: 14.552 Thread 0x000001ae1d7c9e00 nmethod 8426 0x000001ae08607090 code [0x000001ae08607240, 0x000001ae08607468]
Event: 14.552 Thread 0x000001ae1d7c9e00 8427       3       org.gradle.api.internal.artifacts.ivyservice.resolveengine.graph.builder.PendingDependencies::increaseHardEdgeCount (11 bytes)
Event: 14.552 Thread 0x000001ae1d7c9e00 nmethod 8427 0x000001ae08607510 code [0x000001ae086076a0, 0x000001ae086077b8]
Event: 14.552 Thread 0x000001ae1d7c9e00 8431       3       org.gradle.internal.component.external.model.GradleDependencyMetadata::<init> (30 bytes)
Event: 14.552 Thread 0x000001ae1d7c9e00 nmethod 8431 0x000001ae08607890 code [0x000001ae08607aa0, 0x000001ae08608158]
Event: 14.553 Thread 0x000001ae1d7c9e00 8433       1       org.gradle.internal.component.external.model.GradleDependencyMetadata::getReason (5 bytes)
Event: 14.553 Thread 0x000001ae1d7c9e00 nmethod 8433 0x000001ae0f762d10 code [0x000001ae0f762ea0, 0x000001ae0f762f78]
Event: 14.553 Thread 0x000001ae1d7c9e00 8434       1       org.gradle.internal.component.external.model.GradleDependencyMetadata::isChanging (2 bytes)
Event: 14.553 Thread 0x000001ae1d7c9e00 nmethod 8434 0x000001ae0f763010 code [0x000001ae0f7631a0, 0x000001ae0f763278]
Event: 14.553 Thread 0x000001ae1d7c9e00 8429       1       org.gradle.internal.component.external.model.AbstractMutableModuleComponentResolveMetadata$ImmutableVariantImpl::getAttributes (5 bytes)
Event: 14.553 Thread 0x000001ae1d7c9e00 nmethod 8429 0x000001ae0f763310 code [0x000001ae0f7634a0, 0x000001ae0f763578]
Event: 14.553 Thread 0x000001ae1d7c9e00 8430       1       org.gradle.internal.component.external.model.AbstractMutableModuleComponentResolveMetadata$ImmutableVariantImpl::getDependencyConstraints (5 bytes)
Event: 14.553 Thread 0x000001ae1d7c9e00 nmethod 8430 0x000001ae0f763610 code [0x000001ae0f7637a0, 0x000001ae0f763878]
Event: 14.553 Thread 0x000001ae1d7c9e00 8432       1       org.gradle.internal.component.external.model.AbstractMutableModuleComponentResolveMetadata$ImmutableVariantImpl::getCapabilities (5 bytes)
Event: 14.553 Thread 0x000001ae1d7c9e00 nmethod 8432 0x000001ae0f763910 code [0x000001ae0f763aa0, 0x000001ae0f763b78]
Event: 14.553 Thread 0x000001ae1d7c9e00 8437       3       java.util.Collections$SingletonList::get (41 bytes)
Event: 14.553 Thread 0x000001ae1d7c9e00 nmethod 8437 0x000001ae08608410 code [0x000001ae08608660, 0x000001ae08608d88]
Event: 14.553 Thread 0x000001ae1d7c9e00 8435       3       org.gradle.api.internal.artifacts.ivyservice.resolveengine.graph.builder.DependencyState::addMainReason (72 bytes)
Event: 14.554 Thread 0x000001ae1d7c9e00 nmethod 8435 0x000001ae08609090 code [0x000001ae086092e0, 0x000001ae08609d28]
Event: 14.554 Thread 0x000001ae1d7c9e00 8436       3       org.gradle.api.internal.artifacts.ivyservice.resolveengine.graph.builder.ModuleSelectors::first (23 bytes)

GC Heap History (20 events):
Event: 10.114 GC heap after
{Heap after GC invocations=15 (full 0):
 garbage-first heap   total 140288K, used 79904K [0x0000000080000000, 0x0000000100000000)
  region size 1024K, 3 young (3072K), 3 survivors (3072K)
 Metaspace       used 47735K, committed 48384K, reserved 1097728K
  class space    used 6663K, committed 6976K, reserved 1048576K
}
Event: 10.514 GC heap before
{Heap before GC invocations=15 (full 0):
 garbage-first heap   total 140288K, used 102432K [0x0000000080000000, 0x0000000100000000)
  region size 1024K, 25 young (25600K), 3 survivors (3072K)
 Metaspace       used 50886K, committed 51520K, reserved 1097728K
  class space    used 7052K, committed 7360K, reserved 1048576K
}
Event: 10.517 GC heap after
{Heap after GC invocations=16 (full 0):
 garbage-first heap   total 140288K, used 80451K [0x0000000080000000, 0x0000000100000000)
  region size 1024K, 3 young (3072K), 3 survivors (3072K)
 Metaspace       used 50886K, committed 51520K, reserved 1097728K
  class space    used 7052K, committed 7360K, reserved 1048576K
}
Event: 11.005 GC heap before
{Heap before GC invocations=17 (full 0):
 garbage-first heap   total 140288K, used 108099K [0x0000000080000000, 0x0000000100000000)
  region size 1024K, 27 young (27648K), 3 survivors (3072K)
 Metaspace       used 54478K, committed 55168K, reserved 1097728K
  class space    used 7515K, committed 7808K, reserved 1048576K
}
Event: 11.011 GC heap after
{Heap after GC invocations=18 (full 0):
 garbage-first heap   total 168960K, used 88601K [0x0000000080000000, 0x0000000100000000)
  region size 1024K, 4 young (4096K), 4 survivors (4096K)
 Metaspace       used 54478K, committed 55168K, reserved 1097728K
  class space    used 7515K, committed 7808K, reserved 1048576K
}
Event: 11.049 GC heap before
{Heap before GC invocations=18 (full 0):
 garbage-first heap   total 168960K, used 94745K [0x0000000080000000, 0x0000000100000000)
  region size 1024K, 8 young (8192K), 4 survivors (4096K)
 Metaspace       used 54484K, committed 55168K, reserved 1097728K
  class space    used 7515K, committed 7808K, reserved 1048576K
}
Event: 11.054 GC heap after
{Heap after GC invocations=19 (full 0):
 garbage-first heap   total 168960K, used 89697K [0x0000000080000000, 0x0000000100000000)
  region size 1024K, 1 young (1024K), 1 survivors (1024K)
 Metaspace       used 54484K, committed 55168K, reserved 1097728K
  class space    used 7515K, committed 7808K, reserved 1048576K
}
Event: 11.691 GC heap before
{Heap before GC invocations=19 (full 0):
 garbage-first heap   total 168960K, used 123489K [0x0000000080000000, 0x0000000100000000)
  region size 1024K, 34 young (34816K), 1 survivors (1024K)
 Metaspace       used 57371K, committed 58048K, reserved 1105920K
  class space    used 7886K, committed 8192K, reserved 1048576K
}
Event: 11.695 GC heap after
{Heap after GC invocations=20 (full 0):
 garbage-first heap   total 168960K, used 91564K [0x0000000080000000, 0x0000000100000000)
  region size 1024K, 3 young (3072K), 3 survivors (3072K)
 Metaspace       used 57371K, committed 58048K, reserved 1105920K
  class space    used 7886K, committed 8192K, reserved 1048576K
}
Event: 12.349 GC heap before
{Heap before GC invocations=21 (full 0):
 garbage-first heap   total 168960K, used 124332K [0x0000000080000000, 0x0000000100000000)
  region size 1024K, 37 young (37888K), 3 survivors (3072K)
 Metaspace       used 61021K, committed 61760K, reserved 1105920K
  class space    used 8353K, committed 8704K, reserved 1048576K
}
Event: 12.355 GC heap after
{Heap after GC invocations=22 (full 0):
 garbage-first heap   total 168960K, used 89414K [0x0000000080000000, 0x0000000100000000)
  region size 1024K, 5 young (5120K), 5 survivors (5120K)
 Metaspace       used 61021K, committed 61760K, reserved 1105920K
  class space    used 8353K, committed 8704K, reserved 1048576K
}
Event: 12.408 GC heap before
{Heap before GC invocations=22 (full 0):
 garbage-first heap   total 168960K, used 91462K [0x0000000080000000, 0x0000000100000000)
  region size 1024K, 8 young (8192K), 5 survivors (5120K)
 Metaspace       used 61453K, committed 62144K, reserved 1105920K
  class space    used 8391K, committed 8704K, reserved 1048576K
}
Event: 12.413 GC heap after
{Heap after GC invocations=23 (full 0):
 garbage-first heap   total 168960K, used 89386K [0x0000000080000000, 0x0000000100000000)
  region size 1024K, 1 young (1024K), 1 survivors (1024K)
 Metaspace       used 61453K, committed 62144K, reserved 1105920K
  class space    used 8391K, committed 8704K, reserved 1048576K
}
Event: 13.040 GC heap before
{Heap before GC invocations=23 (full 0):
 garbage-first heap   total 168960K, used 128298K [0x0000000080000000, 0x0000000100000000)
  region size 1024K, 39 young (39936K), 1 survivors (1024K)
 Metaspace       used 65971K, committed 66688K, reserved 1114112K
  class space    used 8978K, committed 9344K, reserved 1048576K
}
Event: 13.047 GC heap after
{Heap after GC invocations=24 (full 0):
 garbage-first heap   total 168960K, used 92057K [0x0000000080000000, 0x0000000100000000)
  region size 1024K, 4 young (4096K), 4 survivors (4096K)
 Metaspace       used 65971K, committed 66688K, reserved 1114112K
  class space    used 8978K, committed 9344K, reserved 1048576K
}
Event: 13.754 GC heap before
{Heap before GC invocations=25 (full 0):
 garbage-first heap   total 168960K, used 130969K [0x0000000080000000, 0x0000000100000000)
  region size 1024K, 42 young (43008K), 4 survivors (4096K)
 Metaspace       used 68904K, committed 69696K, reserved 1114112K
  class space    used 9442K, committed 9792K, reserved 1048576K
}
Event: 13.761 GC heap after
{Heap after GC invocations=26 (full 0):
 garbage-first heap   total 168960K, used 94202K [0x0000000080000000, 0x0000000100000000)
  region size 1024K, 3 young (3072K), 3 survivors (3072K)
 Metaspace       used 68904K, committed 69696K, reserved 1114112K
  class space    used 9442K, committed 9792K, reserved 1048576K
}
Event: 13.884 GC heap before
{Heap before GC invocations=26 (full 0):
 garbage-first heap   total 168960K, used 99322K [0x0000000080000000, 0x0000000100000000)
  region size 1024K, 8 young (8192K), 3 survivors (3072K)
 Metaspace       used 69634K, committed 70400K, reserved 1114112K
  class space    used 9588K, committed 9920K, reserved 1048576K
}
Event: 13.888 GC heap after
{Heap after GC invocations=27 (full 0):
 garbage-first heap   total 168960K, used 94134K [0x0000000080000000, 0x0000000100000000)
  region size 1024K, 1 young (1024K), 1 survivors (1024K)
 Metaspace       used 69634K, committed 70400K, reserved 1114112K
  class space    used 9588K, committed 9920K, reserved 1048576K
}
Event: 14.554 GC heap before
{Heap before GC invocations=27 (full 0):
 garbage-first heap   total 168960K, used 134070K [0x0000000080000000, 0x0000000100000000)
  region size 1024K, 40 young (40960K), 1 survivors (1024K)
 Metaspace       used 73887K, committed 74624K, reserved 1114112K
  class space    used 10267K, committed 10624K, reserved 1048576K
}

Deoptimization events (20 events):
Event: 14.098 Thread 0x000001ae1f9fb890 DEOPT PACKING pc=0x000001ae0f3568cc sp=0x000000acb30f7ff0
Event: 14.098 Thread 0x000001ae1f9fb890 DEOPT UNPACKING pc=0x000001ae0ed323a3 sp=0x000000acb30f7fb8 mode 2
Event: 14.103 Thread 0x000001ae1f9fb890 Uncommon trap: trap_request=0xffffffde fr.pc=0x000001ae0f3568cc relative=0x00000000000004cc
Event: 14.103 Thread 0x000001ae1f9fb890 Uncommon trap: reason=class_check action=maybe_recompile pc=0x000001ae0f3568cc method=org.gradle.internal.instantiation.generator.AbstractClassGenerator$InjectionAnnotationValidator.validateMethod(Ljava/lang/reflect/Method;Lorg/gradle/internal/reflect/Pro
Event: 14.103 Thread 0x000001ae1f9fb890 DEOPT PACKING pc=0x000001ae0f3568cc sp=0x000000acb30f8180
Event: 14.103 Thread 0x000001ae1f9fb890 DEOPT UNPACKING pc=0x000001ae0ed323a3 sp=0x000000acb30f8148 mode 2
Event: 14.274 Thread 0x000001ae1f9fb890 Uncommon trap: trap_request=0xffffffdc fr.pc=0x000001ae0f73dec4 relative=0x00000000000002a4
Event: 14.274 Thread 0x000001ae1f9fb890 Uncommon trap: reason=class_check action=make_not_entrant pc=0x000001ae0f73dec4 method=java.util.ArrayList.toArray([Ljava/lang/Object;)[Ljava/lang/Object; @ 21 c2
Event: 14.274 Thread 0x000001ae1f9fb890 DEOPT PACKING pc=0x000001ae0f73dec4 sp=0x000000acb30f7db0
Event: 14.274 Thread 0x000001ae1f9fb890 DEOPT UNPACKING pc=0x000001ae0ed323a3 sp=0x000000acb30f7d80 mode 2
Event: 14.474 Thread 0x000001ae1f9fb890 Uncommon trap: trap_request=0xffffff45 fr.pc=0x000001ae0f36a3e8 relative=0x00000000000004a8
Event: 14.474 Thread 0x000001ae1f9fb890 Uncommon trap: reason=unstable_if action=reinterpret pc=0x000001ae0f36a3e8 method=java.lang.StringLatin1.regionMatchesCI([BI[BII)Z @ 72 c2
Event: 14.474 Thread 0x000001ae1f9fb890 DEOPT PACKING pc=0x000001ae0f36a3e8 sp=0x000000acb30f8210
Event: 14.474 Thread 0x000001ae1f9fb890 DEOPT UNPACKING pc=0x000001ae0ed323a3 sp=0x000000acb30f8178 mode 2
Event: 14.540 Thread 0x000001ae1f9fb890 Uncommon trap: trap_request=0xfffffff4 fr.pc=0x000001ae0f74e084 relative=0x00000000000000e4
Event: 14.540 Thread 0x000001ae1f9fb890 Uncommon trap: reason=null_check action=make_not_entrant pc=0x000001ae0f74e084 method=org.gradle.tooling.internal.provider.runner.ClientBuildEventGenerator$Disabled.accept(Lorg/gradle/internal/operations/BuildOperationDescriptor;)Lorg/gradle/tooling/inter
Event: 14.540 Thread 0x000001ae1f9fb890 DEOPT PACKING pc=0x000001ae0f74e084 sp=0x000000acb30f9a40
Event: 14.540 Thread 0x000001ae1f9fb890 DEOPT UNPACKING pc=0x000001ae0ed323a3 sp=0x000000acb30f99c8 mode 2
Event: 14.543 Thread 0x000001ae1f9fb890 DEOPT PACKING pc=0x000001ae07e3b566 sp=0x000000acb30f8450
Event: 14.543 Thread 0x000001ae1f9fb890 DEOPT UNPACKING pc=0x000001ae0ed32b43 sp=0x000000acb30f7918 mode 0

Classes unloaded (0 events):
No events

Classes redefined (0 events):
No events

Internal exceptions (20 events):
Event: 12.443 Thread 0x000001ae1f9fb890 Exception <a 'java/lang/ClassNotFoundException'{0x000000008a3de768}: org/jetbrains/kotlin/gradle/targets/js/npm/NpmDependencyExtensionDelegateCustomizer> (0x000000008a3de768) 
thrown [s\open\src\hotspot\share\classfile\systemDictionary.cpp, line 256]
Event: 12.445 Thread 0x000001ae1f9fb890 Exception <a 'java/lang/ClassNotFoundException'{0x000000008a201e58}: org/jetbrains/kotlin/gradle/targets/js/npm/NpmDependencyExtensionKt$defaultNpmDependencyDelegate$1Customizer> (0x000000008a201e58) 
thrown [s\open\src\hotspot\share\classfile\systemDictionary.cpp, line 256]
Event: 12.449 Thread 0x000001ae1f9fb890 Exception <a 'java/lang/ClassNotFoundException'{0x000000008a2370c0}: org/jetbrains/kotlin/gradle/targets/js/npm/DefaultDevNpmDependencyExtensionBeanInfo> (0x000000008a2370c0) 
thrown [s\open\src\hotspot\share\classfile\systemDictionary.cpp, line 256]
Event: 12.450 Thread 0x000001ae1f9fb890 Exception <a 'java/lang/ClassNotFoundException'{0x000000008a242618}: org/jetbrains/kotlin/gradle/targets/js/npm/DefaultDevNpmDependencyExtensionCustomizer> (0x000000008a242618) 
thrown [s\open\src\hotspot\share\classfile\systemDictionary.cpp, line 256]
Event: 12.454 Thread 0x000001ae1f9fb890 Exception <a 'java/lang/ClassNotFoundException'{0x000000008a27c360}: org/jetbrains/kotlin/gradle/targets/js/npm/DefaultPeerNpmDependencyExtensionBeanInfo> (0x000000008a27c360) 
thrown [s\open\src\hotspot\share\classfile\systemDictionary.cpp, line 256]
Event: 12.455 Thread 0x000001ae1f9fb890 Exception <a 'java/lang/ClassNotFoundException'{0x000000008a287c18}: org/jetbrains/kotlin/gradle/targets/js/npm/DefaultPeerNpmDependencyExtensionCustomizer> (0x000000008a287c18) 
thrown [s\open\src\hotspot\share\classfile\systemDictionary.cpp, line 256]
Event: 12.459 Thread 0x000001ae1f9fb890 Exception <a 'java/lang/ClassNotFoundException'{0x000000008a2c8978}: org/jetbrains/kotlin/gradle/targets/js/npm/DefaultPeerNpmDependencyExtension$delegate$1BeanInfo> (0x000000008a2c8978) 
thrown [s\open\src\hotspot\share\classfile\systemDictionary.cpp, line 256]
Event: 12.460 Thread 0x000001ae1f9fb890 Exception <a 'java/lang/ClassNotFoundException'{0x000000008a2d40c8}: org/jetbrains/kotlin/gradle/targets/js/npm/DefaultPeerNpmDependencyExtension$delegate$1Customizer> (0x000000008a2d40c8) 
thrown [s\open\src\hotspot\share\classfile\systemDictionary.cpp, line 256]
Event: 14.052 Thread 0x000001ae1f9fb890 Exception <a 'java/lang/NoSuchMethodError'{0x0000000089a1a3d0}: 'int java.lang.invoke.DirectMethodHandle$Holder.invokeSpecialIFC(java.lang.Object, java.lang.Object, java.lang.Object, java.lang.Object, java.lang.Object)'> (0x0000000089a1a3d0) 
thrown [s\open\src\hotspot\share\interpreter\linkResolver.cpp, line 759]
Event: 14.267 Thread 0x000001ae1f9fb890 Exception <a 'java/lang/ClassNotFoundException'{0x0000000088ef2138}: com/android/build/gradle/internal/api/ApkVariantOutputImpl_DecoratedBeanInfo> (0x0000000088ef2138) 
thrown [s\open\src\hotspot\share\classfile\systemDictionary.cpp, line 256]
Event: 14.268 Thread 0x000001ae1f9fb890 Exception <a 'java/lang/ClassNotFoundException'{0x0000000088effa88}: com/android/build/gradle/internal/api/ApkVariantOutputImplBeanInfo> (0x0000000088effa88) 
thrown [s\open\src\hotspot\share\classfile\systemDictionary.cpp, line 256]
Event: 14.269 Thread 0x000001ae1f9fb890 Exception <a 'java/lang/ClassNotFoundException'{0x0000000088d0d8c8}: com/android/build/gradle/internal/api/BaseVariantOutputImplBeanInfo> (0x0000000088d0d8c8) 
thrown [s\open\src\hotspot\share\classfile\systemDictionary.cpp, line 256]
Event: 14.269 Thread 0x000001ae1f9fb890 Exception <a 'java/lang/ClassNotFoundException'{0x0000000088d1b200}: com/android/build/gradle/internal/api/BaseVariantOutputImplCustomizer> (0x0000000088d1b200) 
thrown [s\open\src\hotspot\share\classfile\systemDictionary.cpp, line 256]
Event: 14.270 Thread 0x000001ae1f9fb890 Exception <a 'java/lang/ClassNotFoundException'{0x0000000088d3ba38}: com/android/build/gradle/internal/api/ApkVariantOutputImplCustomizer> (0x0000000088d3ba38) 
thrown [s\open\src\hotspot\share\classfile\systemDictionary.cpp, line 256]
Event: 14.271 Thread 0x000001ae1f9fb890 Exception <a 'java/lang/ClassNotFoundException'{0x0000000088d572b8}: com/android/build/gradle/internal/api/ApkVariantOutputImpl_DecoratedCustomizer> (0x0000000088d572b8) 
thrown [s\open\src\hotspot\share\classfile\systemDictionary.cpp, line 256]
Event: 14.340 Thread 0x000001ae1f9fb890 Exception <a 'java/lang/ClassNotFoundException'{0x00000000889d2c80}: com/android/build/gradle/internal/api/ReadOnlyBuildTypeBeanInfo> (0x00000000889d2c80) 
thrown [s\open\src\hotspot\share\classfile\systemDictionary.cpp, line 256]
Event: 14.340 Thread 0x000001ae1f9fb890 Exception <a 'java/lang/ClassNotFoundException'{0x00000000889e0578}: com/android/build/gradle/internal/api/ReadOnlyBaseConfigBeanInfo> (0x00000000889e0578) 
thrown [s\open\src\hotspot\share\classfile\systemDictionary.cpp, line 256]
Event: 14.341 Thread 0x000001ae1f9fb890 Exception <a 'java/lang/ClassNotFoundException'{0x00000000889ede90}: com/android/build/gradle/internal/api/ReadOnlyBaseConfigCustomizer> (0x00000000889ede90) 
thrown [s\open\src\hotspot\share\classfile\systemDictionary.cpp, line 256]
Event: 14.342 Thread 0x000001ae1f9fb890 Exception <a 'java/lang/ClassNotFoundException'{0x000000008880c858}: com/android/build/gradle/internal/api/ReadOnlyBuildTypeCustomizer> (0x000000008880c858) 
thrown [s\open\src\hotspot\share\classfile\systemDictionary.cpp, line 256]
Event: 14.540 Thread 0x000001ae1f9fb890 Implicit null exception at 0x000001ae0f74dfe0 to 0x000001ae0f74e078

VM Operations (20 events):
Event: 12.413 Executing VM operation: G1CollectForAllocation done
Event: 12.773 Executing VM operation: HandshakeAllThreads
Event: 12.773 Executing VM operation: HandshakeAllThreads done
Event: 13.039 Executing VM operation: G1CollectForAllocation
Event: 13.047 Executing VM operation: G1CollectForAllocation done
Event: 13.112 Executing VM operation: G1Concurrent
Event: 13.117 Executing VM operation: G1Concurrent done
Event: 13.150 Executing VM operation: G1Concurrent
Event: 13.150 Executing VM operation: G1Concurrent done
Event: 13.359 Executing VM operation: HandshakeAllThreads
Event: 13.359 Executing VM operation: HandshakeAllThreads done
Event: 13.754 Executing VM operation: G1CollectForAllocation
Event: 13.761 Executing VM operation: G1CollectForAllocation done
Event: 13.884 Executing VM operation: G1CollectForAllocation
Event: 13.888 Executing VM operation: G1CollectForAllocation done
Event: 14.392 Executing VM operation: ICBufferFull
Event: 14.392 Executing VM operation: ICBufferFull done
Event: 14.505 Executing VM operation: HandshakeAllThreads
Event: 14.505 Executing VM operation: HandshakeAllThreads done
Event: 14.554 Executing VM operation: G1CollectForAllocation

Events (20 events):
Event: 12.103 loading class java/time/format/DateTimeFormatterBuilder$WeekBasedFieldPrinterParser
Event: 12.103 loading class java/time/format/DateTimeFormatterBuilder$WeekBasedFieldPrinterParser done
Event: 12.116 loading class com/sun/jmx/mbeanserver/StandardMBeanSupport
Event: 12.116 loading class com/sun/jmx/mbeanserver/StandardMBeanSupport done
Event: 12.117 loading class com/sun/jmx/mbeanserver/StandardMBeanIntrospector
Event: 12.117 loading class com/sun/jmx/mbeanserver/StandardMBeanIntrospector done
Event: 12.766 loading class java/util/concurrent/LinkedBlockingDeque$Itr
Event: 12.766 loading class java/util/concurrent/LinkedBlockingDeque$AbstractItr
Event: 12.766 loading class java/util/concurrent/LinkedBlockingDeque$AbstractItr done
Event: 12.766 loading class java/util/concurrent/LinkedBlockingDeque$Itr done
Event: 12.905 loading class java/util/ArrayList$SubList$1
Event: 12.905 loading class java/util/ArrayList$SubList$1 done
Event: 13.233 loading class jdk/internal/loader/URLClassPath$FileLoader
Event: 13.233 loading class jdk/internal/loader/URLClassPath$FileLoader done
Event: 13.234 loading class jdk/internal/loader/URLClassPath$FileLoader$1
Event: 13.235 loading class jdk/internal/loader/URLClassPath$FileLoader$1 done
Event: 14.421 loading class java/io/CharArrayWriter
Event: 14.421 loading class java/io/CharArrayWriter done
Event: 14.537 loading class java/lang/AbstractMethodError
Event: 14.537 loading class java/lang/AbstractMethodError done


Dynamic libraries:
0x00007ff788290000 - 0x00007ff7882a0000 	C:\Program Files\Java\jdk-17\bin\java.exe
0x00007ffcf15f0000 - 0x00007ffcf1804000 	C:\WINDOWS\SYSTEM32\ntdll.dll
0x00007ffcf0180000 - 0x00007ffcf0244000 	C:\WINDOWS\System32\KERNEL32.DLL
0x00007ffceeab0000 - 0x00007ffceee54000 	C:\WINDOWS\System32\KERNELBASE.dll
0x00007ffcef140000 - 0x00007ffcef251000 	C:\WINDOWS\System32\ucrtbase.dll
0x00007ffcd8c80000 - 0x00007ffcd8c9b000 	C:\Program Files\Java\jdk-17\bin\VCRUNTIME140.dll
0x00007ffcd8210000 - 0x00007ffcd8228000 	C:\Program Files\Java\jdk-17\bin\jli.dll
0x00007ffcefd80000 - 0x00007ffcefe30000 	C:\WINDOWS\System32\ADVAPI32.dll
0x00007ffcef380000 - 0x00007ffcef427000 	C:\WINDOWS\System32\msvcrt.dll
0x00007ffcef510000 - 0x00007ffcef5b6000 	C:\WINDOWS\System32\sechost.dll
0x00007ffcef5d0000 - 0x00007ffcef6e7000 	C:\WINDOWS\System32\RPCRT4.dll
0x00007ffcf1400000 - 0x00007ffcf15ae000 	C:\WINDOWS\System32\USER32.dll
0x00007ffcd4c40000 - 0x00007ffcd4ed3000 	C:\WINDOWS\WinSxS\amd64_microsoft.windows.common-controls_6595b64144ccf1df_6.0.22621.2215_none_270d72677387dfc3\COMCTL32.dll
0x00007ffcef090000 - 0x00007ffcef0b6000 	C:\WINDOWS\System32\win32u.dll
0x00007ffcf1210000 - 0x00007ffcf1239000 	C:\WINDOWS\System32\GDI32.dll
0x00007ffcef260000 - 0x00007ffcef378000 	C:\WINDOWS\System32\gdi32full.dll
0x00007ffceea10000 - 0x00007ffceeaaa000 	C:\WINDOWS\System32\msvcp_win.dll
0x00007ffce80f0000 - 0x00007ffce80fa000 	C:\WINDOWS\SYSTEM32\VERSION.dll
0x00007ffcef8f0000 - 0x00007ffcef921000 	C:\WINDOWS\System32\IMM32.DLL
0x00007ffcdc410000 - 0x00007ffcdc41c000 	C:\Program Files\Java\jdk-17\bin\vcruntime140_1.dll
0x00007ffcc0d20000 - 0x00007ffcc0dae000 	C:\Program Files\Java\jdk-17\bin\msvcp140.dll
0x00007ffcaddc0000 - 0x00007ffcae997000 	C:\Program Files\Java\jdk-17\bin\server\jvm.dll
0x00007ffcef5c0000 - 0x00007ffcef5c8000 	C:\WINDOWS\System32\PSAPI.DLL
0x00007ffce8d30000 - 0x00007ffce8d39000 	C:\WINDOWS\SYSTEM32\WSOCK32.dll
0x00007ffce80b0000 - 0x00007ffce80e4000 	C:\WINDOWS\SYSTEM32\WINMM.dll
0x00007ffcf0900000 - 0x00007ffcf0971000 	C:\WINDOWS\System32\WS2_32.dll
0x00007ffced9a0000 - 0x00007ffced9b8000 	C:\WINDOWS\SYSTEM32\kernel.appcore.dll
0x00007ffcd9730000 - 0x00007ffcd973a000 	C:\Program Files\Java\jdk-17\bin\jimage.dll
0x00007ffcec360000 - 0x00007ffcec58e000 	C:\WINDOWS\SYSTEM32\DBGHELP.DLL
0x00007ffcef9a0000 - 0x00007ffcefd2a000 	C:\WINDOWS\System32\combase.dll
0x00007ffcef430000 - 0x00007ffcef507000 	C:\WINDOWS\System32\OLEAUT32.dll
0x00007ffcd0740000 - 0x00007ffcd0772000 	C:\WINDOWS\SYSTEM32\dbgcore.DLL
0x00007ffcef0c0000 - 0x00007ffcef13a000 	C:\WINDOWS\System32\bcryptPrimitives.dll
0x00007ffcd7240000 - 0x00007ffcd7265000 	C:\Program Files\Java\jdk-17\bin\java.dll
0x00007ffcbf1c0000 - 0x00007ffcbf297000 	C:\Program Files\Java\jdk-17\bin\jsvml.dll
0x00007ffcf09b0000 - 0x00007ffcf11d3000 	C:\WINDOWS\System32\SHELL32.dll
0x00007ffcec930000 - 0x00007ffced21a000 	C:\WINDOWS\SYSTEM32\windows.storage.dll
0x00007ffcec7f0000 - 0x00007ffcec92e000 	C:\WINDOWS\SYSTEM32\wintypes.dll
0x00007ffcefe30000 - 0x00007ffceff23000 	C:\WINDOWS\System32\SHCORE.dll
0x00007ffcef940000 - 0x00007ffcef99e000 	C:\WINDOWS\System32\shlwapi.dll
0x00007ffcee8d0000 - 0x00007ffcee8f6000 	C:\WINDOWS\SYSTEM32\profapi.dll
0x00007ffcd6e60000 - 0x00007ffcd6e79000 	C:\Program Files\Java\jdk-17\bin\net.dll
0x00007ffce7850000 - 0x00007ffce7987000 	C:\WINDOWS\SYSTEM32\WINHTTP.dll
0x00007ffcedf10000 - 0x00007ffcedf79000 	C:\WINDOWS\system32\mswsock.dll
0x00007ffcd6c00000 - 0x00007ffcd6c16000 	C:\Program Files\Java\jdk-17\bin\nio.dll
0x00007ffcd6b50000 - 0x00007ffcd6b68000 	C:\Program Files\Java\jdk-17\bin\zip.dll
0x00007ffcd8740000 - 0x00007ffcd8750000 	C:\Program Files\Java\jdk-17\bin\verify.dll
0x00007ffcd8390000 - 0x00007ffcd83b7000 	C:\Users\ASUS\.gradle\native\68d5fa5c4cc2d200863cafc0d521ce42e7d3e7ee720ec0a83991735586a16f82\windows-amd64\native-platform.dll
0x00007ffcb0280000 - 0x00007ffcb03c4000 	C:\Users\ASUS\.gradle\native\e376f236ea51e6404a007f0833ffe2c6e607c4080706a723a18a27aeea778392\windows-amd64\native-platform-file-events.dll
0x00007ffcd8200000 - 0x00007ffcd820a000 	C:\Program Files\Java\jdk-17\bin\management.dll
0x00007ffcd81d0000 - 0x00007ffcd81db000 	C:\Program Files\Java\jdk-17\bin\management_ext.dll
0x00007ffcee1c0000 - 0x00007ffcee1db000 	C:\WINDOWS\SYSTEM32\CRYPTSP.dll
0x00007ffced960000 - 0x00007ffced995000 	C:\WINDOWS\system32\rsaenh.dll
0x00007ffcee050000 - 0x00007ffcee07c000 	C:\WINDOWS\SYSTEM32\USERENV.dll
0x00007ffcee370000 - 0x00007ffcee398000 	C:\WINDOWS\SYSTEM32\bcrypt.dll
0x00007ffcee1b0000 - 0x00007ffcee1bc000 	C:\WINDOWS\SYSTEM32\CRYPTBASE.dll
0x00007ffced480000 - 0x00007ffced4ad000 	C:\WINDOWS\SYSTEM32\IPHLPAPI.DLL
0x00007ffcef930000 - 0x00007ffcef939000 	C:\WINDOWS\System32\NSI.dll
0x00007ffce8100000 - 0x00007ffce8119000 	C:\WINDOWS\SYSTEM32\dhcpcsvc6.DLL
0x00007ffce7c60000 - 0x00007ffce7c7f000 	C:\WINDOWS\SYSTEM32\dhcpcsvc.DLL
0x00007ffced4f0000 - 0x00007ffced5e2000 	C:\WINDOWS\SYSTEM32\DNSAPI.dll
0x00007ffcd7200000 - 0x00007ffcd720d000 	C:\Program Files\Java\jdk-17\bin\sunmscapi.dll
0x00007ffceef20000 - 0x00007ffcef086000 	C:\WINDOWS\System32\CRYPT32.dll
0x00007ffcee340000 - 0x00007ffcee36e000 	C:\WINDOWS\SYSTEM32\ncrypt.dll
0x00007ffcee300000 - 0x00007ffcee337000 	C:\WINDOWS\SYSTEM32\NTASN1.dll
0x00007ffce91c0000 - 0x00007ffce91c8000 	C:\WINDOWS\system32\wshunix.dll

dbghelp: loaded successfully - version: 4.0.5 - missing functions: none
symbol engine: initialized successfully - sym options: 0x614 - pdb path: .;C:\Program Files\Java\jdk-17\bin;C:\WINDOWS\SYSTEM32;C:\WINDOWS\WinSxS\amd64_microsoft.windows.common-controls_6595b64144ccf1df_6.0.22621.2215_none_270d72677387dfc3;C:\Program Files\Java\jdk-17\bin\server;C:\Users\ASUS\.gradle\native\68d5fa5c4cc2d200863cafc0d521ce42e7d3e7ee720ec0a83991735586a16f82\windows-amd64;C:\Users\ASUS\.gradle\native\e376f236ea51e6404a007f0833ffe2c6e607c4080706a723a18a27aeea778392\windows-amd64

VM Arguments:
jvm_args: --add-opens=java.base/java.util=ALL-UNNAMED --add-opens=java.base/java.lang=ALL-UNNAMED --add-opens=java.base/java.lang.invoke=ALL-UNNAMED --add-opens=java.prefs/java.util.prefs=ALL-UNNAMED --add-opens=java.base/java.nio.charset=ALL-UNNAMED --add-opens=java.base/java.net=ALL-UNNAMED --add-opens=java.base/java.util.concurrent.atomic=ALL-UNNAMED -Xmx2048m -Dfile.encoding=UTF-8 -Duser.country=US -Duser.language=en -Duser.variant 
java_command: org.gradle.launcher.daemon.bootstrap.GradleDaemon 8.0.2
java_class_path (initial): C:\Users\ASUS\.gradle\wrapper\dists\gradle-8.0.2-bin\25jlreiuz6u3xu2phlpa2vv4m\gradle-8.0.2\lib\gradle-launcher-8.0.2.jar
Launcher Type: SUN_STANDARD

[Global flags]
     intx CICompilerCount                          = 4                                         {product} {ergonomic}
     uint ConcGCThreads                            = 2                                         {product} {ergonomic}
     uint G1ConcRefinementThreads                  = 8                                         {product} {ergonomic}
   size_t G1HeapRegionSize                         = 1048576                                   {product} {ergonomic}
    uintx GCDrainStackTargetSize                   = 64                                        {product} {ergonomic}
   size_t InitialHeapSize                          = 134217728                                 {product} {ergonomic}
   size_t MarkStackSize                            = 4194304                                   {product} {ergonomic}
   size_t MaxHeapSize                              = 2147483648                                {product} {command line}
   size_t MaxNewSize                               = 1287651328                                {product} {ergonomic}
   size_t MinHeapDeltaBytes                        = 1048576                                   {product} {ergonomic}
   size_t MinHeapSize                              = 8388608                                   {product} {ergonomic}
    uintx NonNMethodCodeHeapSize                   = 5839372                                {pd product} {ergonomic}
    uintx NonProfiledCodeHeapSize                  = 122909434                              {pd product} {ergonomic}
    uintx ProfiledCodeHeapSize                     = 122909434                              {pd product} {ergonomic}
    uintx ReservedCodeCacheSize                    = 251658240                              {pd product} {ergonomic}
     bool SegmentedCodeCache                       = true                                      {product} {ergonomic}
   size_t SoftMaxHeapSize                          = 2147483648                             {manageable} {ergonomic}
     bool UseCompressedClassPointers               = true                           {product lp64_product} {ergonomic}
     bool UseCompressedOops                        = true                           {product lp64_product} {ergonomic}
     bool UseG1GC                                  = true                                      {product} {ergonomic}
     bool UseLargePagesIndividualAllocation        = false                                  {pd product} {ergonomic}

Logging:
Log output configuration:
 #0: stdout all=warning uptime,level,tags
 #1: stderr all=off uptime,level,tags

Environment Variables:
PATH=C:\Program Files\Common Files\Oracle\Java\javapath;C:\Python310\Scripts\;C:\Python310\;C:\Program Files (x86)\Common Files\Intel\Shared Files\cpp\bin\Intel64;C:\Program Files (x86)\Intel\iCLS Client\;C:\Program Files\Intel\iCLS Client\;C:\Windows\system32;C:\Windows;C:\Windows\System32\Wbem;C:\Windows\System32\WindowsPowerShell\v1.0\;C:\Windows\System32\OpenSSH\;C:\Program Files (x86)\Intel\Intel(R) Management Engine Components\DAL;C:\Program Files\Intel\Intel(R) Management Engine Components\DAL;C:\Program Files (x86)\Intel\Intel(R) Management Engine Components\IPT;C:\Program Files\Intel\Intel(R) Management Engine Components\IPT;C:\Program Files (x86)\NVIDIA Corporation\PhysX\Common;C:\Program Files\Microsoft VS Code\bin;C:\ProgramData\chocolatey\bin;C:\WINDOWS\system32;C:\WINDOWS;C:\WINDOWS\System32\Wbem;C:\WINDOWS\System32\WindowsPowerShell\v1.0\;C:\WINDOWS\System32\OpenSSH\;C:\xampp\php;C:\ProgramData\ComposerSetup\bin;D:\Git\cmd;C:\Users\ASUS\AppData\Roaming\nvm;C:\Program Files\nodejs;C:\Users\ASUS\AppData\Roaming\npm;C:\Users\ASUS\AppData\Roaming\nvm;C:\Program Files\nodejs\;C:\Program Files\dotnet\;C:\Users\ASUS\AppData\Local\Microsoft\WindowsApps;;D:\IntelliJ IDEA 2023.2\bin;
USERNAME=ASUS
OS=Windows_NT
PROCESSOR_IDENTIFIER=Intel64 Family 6 Model 142 Stepping 10, GenuineIntel



---------------  S Y S T E M  ---------------

OS:
 Windows 11 , 64 bit Build 22621 (10.0.22621.2215)
OS uptime: 0 days 3:38 hours

CPU: total 8 (initial active 8) (4 cores per cpu, 2 threads per core) family 6 model 142 stepping 10 microcode 0xe0, cx8, cmov, fxsr, ht, mmx, 3dnowpref, sse, sse2, sse3, ssse3, sse4.1, sse4.2, popcnt, lzcnt, tsc, tscinvbit, avx, avx2, aes, erms, clmul, bmi1, bmi2, adx, fma, vzeroupper, clflush, clflushopt

Memory: 4k page, system-wide physical 8074M (940M free)
TotalPageFile size 8521M (AvailPageFile size 19M)
current process WorkingSet (physical memory assigned to process): 402M, peak: 402M
current process commit charge ("private bytes"): 450M, peak: 538M

vm_info: Java HotSpot(TM) 64-Bit Server VM (17.0.6+9-LTS-190) for windows-amd64 JRE (17.0.6+9-LTS-190), built on Dec  6 2022 15:53:54 by "mach5one" with MS VC++ 17.1 (VS2022)

END.
