#
# There is insufficient memory for the Java Runtime Environment to continue.
# Native memory allocation (mmap) failed to map 80740352 bytes for G1 virtual space
# Possible reasons:
#   The system is out of physical RAM or swap space
#   The process is running with CompressedOops enabled, and the Java Heap may be blocking the growth of the native heap
# Possible solutions:
#   Reduce memory load on the system
#   Increase physical memory or swap space
#   Check if swap backing store is full
#   Decrease Java heap size (-Xmx/-Xms)
#   Decrease number of Java threads
#   Decrease Java thread stack sizes (-Xss)
#   Set larger code cache with -XX:ReservedCodeCacheSize=
#   JVM is running with Unscaled Compressed Oops mode in which the Java heap is
#     placed in the first 4GB address space. The Java Heap base address is the
#     maximum limit for the native heap growth. Please use -XX:HeapBaseMinAddress
#     to set the Java Heap base and to place the Java Heap above 4GB virtual address.
# This output file may be truncated or incomplete.
#
#  Out of Memory Error (os_windows.cpp:3550), pid=13740, tid=7756
#
# JRE version: Java(TM) SE Runtime Environment (17.0.6+9) (build 17.0.6+9-LTS-190)
# Java VM: Java HotSpot(TM) 64-Bit Server VM (17.0.6+9-LTS-190, mixed mode, sharing, tiered, compressed oops, compressed class ptrs, g1 gc, windows-amd64)
# No core dump will be written. Minidumps are not enabled by default on client versions of Windows
#

---------------  S U M M A R Y ------------

Command Line: --add-opens=java.base/java.util=ALL-UNNAMED --add-opens=java.base/java.lang=ALL-UNNAMED --add-opens=java.base/java.lang.invoke=ALL-UNNAMED --add-opens=java.prefs/java.util.prefs=ALL-UNNAMED --add-opens=java.base/java.nio.charset=ALL-UNNAMED --add-opens=java.base/java.net=ALL-UNNAMED --add-opens=java.base/java.util.concurrent.atomic=ALL-UNNAMED -Xmx2048m -Dfile.encoding=UTF-8 -Duser.country=US -Duser.language=en -Duser.variant org.gradle.launcher.daemon.bootstrap.GradleDaemon 8.0.2

Host: Intel(R) Core(TM) i5-8250U CPU @ 1.60GHz, 8 cores, 7G,  Windows 11 , 64 bit Build 22621 (10.0.22621.2215)
Time: Thu Oct  5 20:03:54 2023 SE Asia Standard Time elapsed time: 24.802179 seconds (0d 0h 0m 24s)

---------------  T H R E A D  ---------------

Current thread (0x000001b47b160720):  VMThread "VM Thread" [stack: 0x0000005279400000,0x0000005279500000] [id=7756]

Stack: [0x0000005279400000,0x0000005279500000]
Native frames: (J=compiled Java code, j=interpreted, Vv=VM code, C=native code)
V  [jvm.dll+0x6734ea]
V  [jvm.dll+0x7d18f4]
V  [jvm.dll+0x7d309e]
V  [jvm.dll+0x7d3703]
V  [jvm.dll+0x2433c5]
V  [jvm.dll+0x6703f9]
V  [jvm.dll+0x664d32]
V  [jvm.dll+0x300086]
V  [jvm.dll+0x307606]
V  [jvm.dll+0x356c1e]
V  [jvm.dll+0x356e4f]
V  [jvm.dll+0x2d72e8]
V  [jvm.dll+0x2d57e5]
V  [jvm.dll+0x2d4dec]
V  [jvm.dll+0x3186a1]
V  [jvm.dll+0x7d7f0b]
V  [jvm.dll+0x7d8c44]
V  [jvm.dll+0x7d915d]
V  [jvm.dll+0x7d9534]
V  [jvm.dll+0x7d9600]
V  [jvm.dll+0x781a7a]
V  [jvm.dll+0x672375]
C  [ucrtbase.dll+0x29363]
C  [KERNEL32.DLL+0x1257d]
C  [ntdll.dll+0x5aa68]

VM_Operation (0x000000527a6f4208): G1TryInitiateConcMark, mode: safepoint, requested by thread 0x000001b47d533c70


---------------  P R O C E S S  ---------------

Threads class SMR info:
_java_thread_list=0x000001b400f1b090, length=127, elements={
0x000001b45cfbac40, 0x000001b47b165320, 0x000001b47b166190, 0x000001b47b1779c0,
0x000001b47b178570, 0x000001b47b179120, 0x000001b47b17bae0, 0x000001b47b18fa20,
0x000001b47b1b04d0, 0x000001b47b1b12b0, 0x000001b47bcf54a0, 0x000001b47bcfadb0,
0x000001b47d534ae0, 0x000001b47d535480, 0x000001b47d537160, 0x000001b47d535e20,
0x000001b47d534140, 0x000001b47d537630, 0x000001b47d533c70, 0x000001b47d535950,
0x000001b47d5362f0, 0x000001b47d5367c0, 0x000001b47d534610, 0x000001b47d534fb0,
0x000001b47dc1e9c0, 0x000001b47dc1f360, 0x000001b47dc1d1b0, 0x000001b47dc1db50,
0x000001b47dc21eb0, 0x000001b47dc1b9a0, 0x000001b47dc206a0, 0x000001b47dc1e020,
0x000001b47dc1ab30, 0x000001b47dc21510, 0x000001b47dc1b000, 0x000001b47dc1ee90,
0x000001b47dc21040, 0x000001b47dc1cce0, 0x000001b47dc219e0, 0x000001b47dc1d680,
0x000001b47dc20b70, 0x000001b47caee110, 0x000001b47ed9e650, 0x000001b47caeeab0,
0x000001b47caeb0f0, 0x000001b47cae85a0, 0x000001b47cae8f40, 0x000001b47caeba90,
0x000001b47cae9410, 0x000001b47caebf60, 0x000001b47cae9db0, 0x000001b47cae80d0,
0x000001b47caecdd0, 0x000001b47caec430, 0x000001b47caed770, 0x000001b47caedc40,
0x000001b47caeef80, 0x000001b47caef450, 0x000001b47caef920, 0x000001b403d680b0,
0x000001b403d6b5a0, 0x000001b403d6e0f0, 0x000001b403d67be0, 0x000001b403d6dc20,
0x000001b403d6c8e0, 0x000001b403d6ef60, 0x000001b403d6ac00, 0x000001b403d69d90,
0x000001b403d68f20, 0x000001b403d68a50, 0x000001b403d68580, 0x000001b403d693f0,
0x000001b403d698c0, 0x000001b403d6a260, 0x000001b403d6b0d0, 0x000001b403d6bf40,
0x000001b403d6cdb0, 0x000001b403d6a730, 0x000001b403d6ba70, 0x000001b403d6d280,
0x000001b403d6c410, 0x000001b403d6d750, 0x000001b403d6e5c0, 0x000001b403d6ea90,
0x000001b403d6f430, 0x000001b403bceda0, 0x000001b403bcaf10, 0x000001b403bcf740,
0x000001b403bcda60, 0x000001b403bc8d60, 0x000001b403bcf270, 0x000001b403bc7ef0,
0x000001b403bc83c0, 0x000001b403bc8890, 0x000001b403bc9230, 0x000001b403bcaa40,
0x000001b403bcd0c0, 0x000001b403bcb3e0, 0x000001b403bcc250, 0x000001b403bc9700,
0x000001b403bc9bd0, 0x000001b403bcd590, 0x000001b403bca0a0, 0x000001b403bca570,
0x000001b403bcdf30, 0x000001b403bcb8b0, 0x000001b403bcc720, 0x000001b403bcbd80,
0x000001b403bce400, 0x000001b403bccbf0, 0x000001b403bce8d0, 0x000001b47e7bba60,
0x000001b47e7bef50, 0x000001b47e7bc400, 0x000001b47e7bd740, 0x000001b47e7bbf30,
0x000001b47e7bc8d0, 0x000001b47e7bd270, 0x000001b47e7ba250, 0x000001b47e7bcda0,
0x000001b47e7bb0c0, 0x000001b47e7bdc10, 0x000001b47e7b8a40, 0x000001b47e7b93e0,
0x000001b47e7b98b0, 0x000001b47f4944f0, 0x000001b47e7ba720
}

Java Threads: ( => current thread )
  0x000001b45cfbac40 JavaThread "main" [_thread_blocked, id=9656, stack(0x0000005278e00000,0x0000005278f00000)]
  0x000001b47b165320 JavaThread "Reference Handler" daemon [_thread_blocked, id=1948, stack(0x0000005279500000,0x0000005279600000)]
  0x000001b47b166190 JavaThread "Finalizer" daemon [_thread_blocked, id=4728, stack(0x0000005279600000,0x0000005279700000)]
  0x000001b47b1779c0 JavaThread "Signal Dispatcher" daemon [_thread_blocked, id=2148, stack(0x0000005279700000,0x0000005279800000)]
  0x000001b47b178570 JavaThread "Attach Listener" daemon [_thread_blocked, id=7796, stack(0x0000005279800000,0x0000005279900000)]
  0x000001b47b179120 JavaThread "Service Thread" daemon [_thread_blocked, id=1524, stack(0x0000005279900000,0x0000005279a00000)]
  0x000001b47b17bae0 JavaThread "Monitor Deflation Thread" daemon [_thread_blocked, id=8592, stack(0x0000005279a00000,0x0000005279b00000)]
  0x000001b47b18fa20 JavaThread "C2 CompilerThread0" daemon [_thread_in_native, id=2636, stack(0x0000005279b00000,0x0000005279c00000)]
  0x000001b47b1b04d0 JavaThread "C1 CompilerThread0" daemon [_thread_blocked, id=2440, stack(0x0000005279c00000,0x0000005279d00000)]
  0x000001b47b1b12b0 JavaThread "Sweeper thread" daemon [_thread_blocked, id=1704, stack(0x0000005279d00000,0x0000005279e00000)]
  0x000001b47bcf54a0 JavaThread "Common-Cleaner" daemon [_thread_blocked, id=1300, stack(0x0000005279e00000,0x0000005279f00000)]
  0x000001b47bcfadb0 JavaThread "Notification Thread" daemon [_thread_blocked, id=6012, stack(0x0000005279f00000,0x000000527a000000)]
  0x000001b47d534ae0 JavaThread "Daemon health stats" [_thread_blocked, id=9140, stack(0x000000527a700000,0x000000527a800000)]
  0x000001b47d535480 JavaThread "Incoming local TCP Connector on port 50818" [_thread_in_native, id=12896, stack(0x000000527a800000,0x000000527a900000)]
  0x000001b47d537160 JavaThread "Daemon periodic checks" [_thread_blocked, id=4772, stack(0x000000527a900000,0x000000527aa00000)]
  0x000001b47d535e20 JavaThread "Daemon" [_thread_blocked, id=9460, stack(0x000000527aa00000,0x000000527ab00000)]
  0x000001b47d534140 JavaThread "Handler for socket connection from /127.0.0.1:50818 to /127.0.0.1:50819" [_thread_in_native, id=12472, stack(0x000000527ab00000,0x000000527ac00000)]
  0x000001b47d537630 JavaThread "Cancel handler" [_thread_blocked, id=13664, stack(0x000000527a100000,0x000000527a200000)]
  0x000001b47d533c70 JavaThread "Daemon worker" [_thread_blocked, id=3948, stack(0x000000527a600000,0x000000527a700000)]
  0x000001b47d535950 JavaThread "Asynchronous log dispatcher for DefaultDaemonConnection: socket connection from /127.0.0.1:50818 to /127.0.0.1:50819" [_thread_blocked, id=12972, stack(0x000000527ac00000,0x000000527ad00000)]
  0x000001b47d5362f0 JavaThread "Stdin handler" [_thread_blocked, id=6752, stack(0x000000527ad00000,0x000000527ae00000)]
  0x000001b47d5367c0 JavaThread "Daemon client event forwarder" [_thread_blocked, id=7428, stack(0x000000527ae00000,0x000000527af00000)]
  0x000001b47d534610 JavaThread "Cache worker for journal cache (C:\Users\ASUS\.gradle\caches\journal-1)" [_thread_blocked, id=5500, stack(0x000000527af00000,0x000000527b000000)]
  0x000001b47d534fb0 JavaThread "File lock request listener" [_thread_in_native, id=3444, stack(0x000000527b000000,0x000000527b100000)]
  0x000001b47dc1e9c0 JavaThread "Cache worker for file hash cache (C:\Users\ASUS\.gradle\caches\8.0.2\fileHashes)" [_thread_blocked, id=12716, stack(0x000000527b100000,0x000000527b200000)]
  0x000001b47dc1f360 JavaThread "File watcher server" daemon [_thread_in_native, id=13896, stack(0x000000527b600000,0x000000527b700000)]
  0x000001b47dc1d1b0 JavaThread "File watcher consumer" daemon [_thread_blocked, id=7096, stack(0x000000527b700000,0x000000527b800000)]
  0x000001b47dc1db50 JavaThread "jar transforms" [_thread_blocked, id=2832, stack(0x000000527b800000,0x000000527b900000)]
  0x000001b47dc21eb0 JavaThread "jar transforms Thread 2" [_thread_blocked, id=12024, stack(0x000000527b900000,0x000000527ba00000)]
  0x000001b47dc1b9a0 JavaThread "jar transforms Thread 3" [_thread_blocked, id=14728, stack(0x000000527ba00000,0x000000527bb00000)]
  0x000001b47dc206a0 JavaThread "jar transforms Thread 4" [_thread_blocked, id=14308, stack(0x000000527bb00000,0x000000527bc00000)]
  0x000001b47dc1e020 JavaThread "jar transforms Thread 5" [_thread_blocked, id=15000, stack(0x000000527bc00000,0x000000527bd00000)]
  0x000001b47dc1ab30 JavaThread "jar transforms Thread 6" [_thread_blocked, id=9636, stack(0x000000527bd00000,0x000000527be00000)]
  0x000001b47dc21510 JavaThread "jar transforms Thread 7" [_thread_blocked, id=8088, stack(0x000000527be00000,0x000000527bf00000)]
  0x000001b47dc1b000 JavaThread "jar transforms Thread 8" [_thread_blocked, id=6584, stack(0x000000527bf00000,0x000000527c000000)]
  0x000001b47dc1ee90 JavaThread "Cache worker for checksums cache (D:\Aplikasi_DBandeng\.gradle\8.0.2\checksums)" [_thread_blocked, id=8912, stack(0x000000527c200000,0x000000527c300000)]
  0x000001b47dc21040 JavaThread "Cache worker for cache directory md-rule (C:\Users\ASUS\.gradle\caches\8.0.2\md-rule)" [_thread_blocked, id=3164, stack(0x000000527c300000,0x000000527c400000)]
  0x000001b47dc1cce0 JavaThread "Cache worker for file content cache (C:\Users\ASUS\.gradle\caches\8.0.2\fileContent)" [_thread_blocked, id=4556, stack(0x000000527c400000,0x000000527c500000)]
  0x000001b47dc219e0 JavaThread "Cache worker for file hash cache (D:\Aplikasi_DBandeng\.gradle\8.0.2\fileHashes)" [_thread_blocked, id=13764, stack(0x000000527b200000,0x000000527b300000)]
  0x000001b47dc1d680 JavaThread "Cache worker for cache directory md-supplier (C:\Users\ASUS\.gradle\caches\8.0.2\md-supplier)" [_thread_blocked, id=10044, stack(0x000000527c000000,0x000000527c100000)]
  0x000001b47dc20b70 JavaThread "Cache worker for execution history cache (C:\Users\ASUS\.gradle\caches\8.0.2\executionHistory)" [_thread_blocked, id=15060, stack(0x000000527c500000,0x000000527c600000)]
  0x000001b47caee110 JavaThread "Cache worker for kotlin-dsl (C:\Users\ASUS\.gradle\caches\8.0.2\kotlin-dsl)" [_thread_blocked, id=2668, stack(0x000000527c600000,0x000000527c700000)]
  0x000001b47ed9e650 JavaThread "C2 CompilerThread1" daemon [_thread_blocked, id=8824, stack(0x000000527c700000,0x000000527c800000)]
  0x000001b47caeeab0 JavaThread "Cache worker for dependencies-accessors (D:\Aplikasi_DBandeng\.gradle\8.0.2\dependencies-accessors)" [_thread_blocked, id=12324, stack(0x000000527c800000,0x000000527c900000)]
  0x000001b47caeb0f0 JavaThread "Cache worker for Build Output Cleanup Cache (D:\Aplikasi_DBandeng\.gradle\buildOutputCleanup)" [_thread_blocked, id=11112, stack(0x000000527ca00000,0x000000527cb00000)]
  0x000001b47cae85a0 JavaThread "Unconstrained build operations" [_thread_blocked, id=15316, stack(0x000000527cb00000,0x000000527cc00000)]
  0x000001b47cae8f40 JavaThread "Unconstrained build operations Thread 2" [_thread_blocked, id=3340, stack(0x000000527cc00000,0x000000527cd00000)]
  0x000001b47caeba90 JavaThread "Unconstrained build operations Thread 3" [_thread_blocked, id=6528, stack(0x000000527cd00000,0x000000527ce00000)]
  0x000001b47cae9410 JavaThread "Unconstrained build operations Thread 4" [_thread_blocked, id=12144, stack(0x000000527ce00000,0x000000527cf00000)]
  0x000001b47caebf60 JavaThread "Unconstrained build operations Thread 5" [_thread_blocked, id=3716, stack(0x000000527cf00000,0x000000527d000000)]
  0x000001b47cae9db0 JavaThread "Unconstrained build operations Thread 6" [_thread_blocked, id=10664, stack(0x000000527d000000,0x000000527d100000)]
  0x000001b47cae80d0 JavaThread "Unconstrained build operations Thread 7" [_thread_blocked, id=13548, stack(0x000000527d100000,0x000000527d200000)]
  0x000001b47caecdd0 JavaThread "Unconstrained build operations Thread 8" [_thread_blocked, id=15288, stack(0x000000527d200000,0x000000527d300000)]
  0x000001b47caec430 JavaThread "Unconstrained build operations Thread 9" [_thread_blocked, id=11440, stack(0x000000527d300000,0x000000527d400000)]
  0x000001b47caed770 JavaThread "Unconstrained build operations Thread 10" [_thread_blocked, id=7492, stack(0x000000527d400000,0x000000527d500000)]
  0x000001b47caedc40 JavaThread "Unconstrained build operations Thread 11" [_thread_blocked, id=5636, stack(0x000000527d500000,0x000000527d600000)]
  0x000001b47caeef80 JavaThread "Unconstrained build operations Thread 12" [_thread_blocked, id=1088, stack(0x000000527d600000,0x000000527d700000)]
  0x000001b47caef450 JavaThread "Unconstrained build operations Thread 13" [_thread_blocked, id=4744, stack(0x000000527d700000,0x000000527d800000)]
  0x000001b47caef920 JavaThread "Unconstrained build operations Thread 14" [_thread_blocked, id=848, stack(0x000000527d800000,0x000000527d900000)]
  0x000001b403d680b0 JavaThread "Unconstrained build operations Thread 15" [_thread_blocked, id=8724, stack(0x000000527d900000,0x000000527da00000)]
  0x000001b403d6b5a0 JavaThread "Unconstrained build operations Thread 16" [_thread_blocked, id=12756, stack(0x000000527da00000,0x000000527db00000)]
  0x000001b403d6e0f0 JavaThread "Unconstrained build operations Thread 17" [_thread_blocked, id=14192, stack(0x000000527db00000,0x000000527dc00000)]
  0x000001b403d67be0 JavaThread "Unconstrained build operations Thread 18" [_thread_blocked, id=12404, stack(0x000000527dc00000,0x000000527dd00000)]
  0x000001b403d6dc20 JavaThread "Unconstrained build operations Thread 19" [_thread_blocked, id=4576, stack(0x000000527dd00000,0x000000527de00000)]
  0x000001b403d6c8e0 JavaThread "Unconstrained build operations Thread 20" [_thread_blocked, id=9760, stack(0x000000527de00000,0x000000527df00000)]
  0x000001b403d6ef60 JavaThread "Unconstrained build operations Thread 21" [_thread_blocked, id=8108, stack(0x000000527df00000,0x000000527e000000)]
  0x000001b403d6ac00 JavaThread "Unconstrained build operations Thread 22" [_thread_blocked, id=12328, stack(0x000000527e000000,0x000000527e100000)]
  0x000001b403d69d90 JavaThread "Unconstrained build operations Thread 23" [_thread_blocked, id=12260, stack(0x000000527e100000,0x000000527e200000)]
  0x000001b403d68f20 JavaThread "Unconstrained build operations Thread 24" [_thread_blocked, id=13948, stack(0x000000527e200000,0x000000527e300000)]
  0x000001b403d68a50 JavaThread "Unconstrained build operations Thread 25" [_thread_blocked, id=15232, stack(0x000000527e300000,0x000000527e400000)]
  0x000001b403d68580 JavaThread "Unconstrained build operations Thread 26" [_thread_blocked, id=12196, stack(0x000000527e400000,0x000000527e500000)]
  0x000001b403d693f0 JavaThread "Unconstrained build operations Thread 27" [_thread_blocked, id=15332, stack(0x000000527e500000,0x000000527e600000)]
  0x000001b403d698c0 JavaThread "Unconstrained build operations Thread 28" [_thread_blocked, id=4608, stack(0x000000527e600000,0x000000527e700000)]
  0x000001b403d6a260 JavaThread "Unconstrained build operations Thread 29" [_thread_blocked, id=11812, stack(0x000000527e700000,0x000000527e800000)]
  0x000001b403d6b0d0 JavaThread "Unconstrained build operations Thread 30" [_thread_blocked, id=10512, stack(0x000000527e800000,0x000000527e900000)]
  0x000001b403d6bf40 JavaThread "Unconstrained build operations Thread 31" [_thread_blocked, id=7036, stack(0x000000527e900000,0x000000527ea00000)]
  0x000001b403d6cdb0 JavaThread "Unconstrained build operations Thread 32" [_thread_blocked, id=7804, stack(0x000000527ea00000,0x000000527eb00000)]
  0x000001b403d6a730 JavaThread "Unconstrained build operations Thread 33" [_thread_blocked, id=2364, stack(0x000000527eb00000,0x000000527ec00000)]
  0x000001b403d6ba70 JavaThread "Unconstrained build operations Thread 34" [_thread_blocked, id=13944, stack(0x000000527ec00000,0x000000527ed00000)]
  0x000001b403d6d280 JavaThread "Unconstrained build operations Thread 35" [_thread_blocked, id=10172, stack(0x000000527ed00000,0x000000527ee00000)]
  0x000001b403d6c410 JavaThread "Unconstrained build operations Thread 36" [_thread_blocked, id=1772, stack(0x000000527ee00000,0x000000527ef00000)]
  0x000001b403d6d750 JavaThread "Unconstrained build operations Thread 37" [_thread_blocked, id=4988, stack(0x000000527ef00000,0x000000527f000000)]
  0x000001b403d6e5c0 JavaThread "Unconstrained build operations Thread 38" [_thread_blocked, id=6640, stack(0x000000527f000000,0x000000527f100000)]
  0x000001b403d6ea90 JavaThread "Unconstrained build operations Thread 39" [_thread_blocked, id=1460, stack(0x000000527f100000,0x000000527f200000)]
  0x000001b403d6f430 JavaThread "Unconstrained build operations Thread 40" [_thread_blocked, id=8640, stack(0x000000527f200000,0x000000527f300000)]
  0x000001b403bceda0 JavaThread "Unconstrained build operations Thread 41" [_thread_blocked, id=1748, stack(0x000000527f300000,0x000000527f400000)]
  0x000001b403bcaf10 JavaThread "Unconstrained build operations Thread 42" [_thread_blocked, id=11728, stack(0x000000527f400000,0x000000527f500000)]
  0x000001b403bcf740 JavaThread "Unconstrained build operations Thread 43" [_thread_blocked, id=14364, stack(0x000000527f500000,0x000000527f600000)]
  0x000001b403bcda60 JavaThread "Unconstrained build operations Thread 44" [_thread_blocked, id=12316, stack(0x000000527f600000,0x000000527f700000)]
  0x000001b403bc8d60 JavaThread "Unconstrained build operations Thread 45" [_thread_blocked, id=14440, stack(0x000000527f700000,0x000000527f800000)]
  0x000001b403bcf270 JavaThread "Unconstrained build operations Thread 46" [_thread_blocked, id=3368, stack(0x000000527f800000,0x000000527f900000)]
  0x000001b403bc7ef0 JavaThread "Unconstrained build operations Thread 47" [_thread_blocked, id=5976, stack(0x000000527f900000,0x000000527fa00000)]
  0x000001b403bc83c0 JavaThread "Unconstrained build operations Thread 48" [_thread_blocked, id=15028, stack(0x000000527fa00000,0x000000527fb00000)]
  0x000001b403bc8890 JavaThread "Unconstrained build operations Thread 49" [_thread_blocked, id=6704, stack(0x000000527fb00000,0x000000527fc00000)]
  0x000001b403bc9230 JavaThread "Unconstrained build operations Thread 50" [_thread_blocked, id=7116, stack(0x000000527fc00000,0x000000527fd00000)]
  0x000001b403bcaa40 JavaThread "Unconstrained build operations Thread 51" [_thread_blocked, id=8964, stack(0x000000527fd00000,0x000000527fe00000)]
  0x000001b403bcd0c0 JavaThread "Unconstrained build operations Thread 52" [_thread_blocked, id=13284, stack(0x000000527fe00000,0x000000527ff00000)]
  0x000001b403bcb3e0 JavaThread "Unconstrained build operations Thread 53" [_thread_blocked, id=13436, stack(0x000000527ff00000,0x0000005280000000)]
  0x000001b403bcc250 JavaThread "Unconstrained build operations Thread 54" [_thread_blocked, id=10108, stack(0x0000005200000000,0x0000005200100000)]
  0x000001b403bc9700 JavaThread "Unconstrained build operations Thread 55" [_thread_blocked, id=11572, stack(0x0000005200100000,0x0000005200200000)]
  0x000001b403bc9bd0 JavaThread "Unconstrained build operations Thread 56" [_thread_blocked, id=10840, stack(0x0000005200200000,0x0000005200300000)]
  0x000001b403bcd590 JavaThread "Unconstrained build operations Thread 57" [_thread_blocked, id=5172, stack(0x0000005200300000,0x0000005200400000)]
  0x000001b403bca0a0 JavaThread "Unconstrained build operations Thread 58" [_thread_blocked, id=13332, stack(0x0000005200400000,0x0000005200500000)]
  0x000001b403bca570 JavaThread "Unconstrained build operations Thread 59" [_thread_blocked, id=7072, stack(0x0000005200500000,0x0000005200600000)]
  0x000001b403bcdf30 JavaThread "Unconstrained build operations Thread 60" [_thread_blocked, id=12852, stack(0x0000005200600000,0x0000005200700000)]
  0x000001b403bcb8b0 JavaThread "Unconstrained build operations Thread 61" [_thread_blocked, id=11968, stack(0x0000005200700000,0x0000005200800000)]
  0x000001b403bcc720 JavaThread "Unconstrained build operations Thread 62" [_thread_blocked, id=13912, stack(0x0000005200800000,0x0000005200900000)]
  0x000001b403bcbd80 JavaThread "Unconstrained build operations Thread 63" [_thread_blocked, id=13064, stack(0x0000005200900000,0x0000005200a00000)]
  0x000001b403bce400 JavaThread "Unconstrained build operations Thread 64" [_thread_blocked, id=6604, stack(0x0000005200a00000,0x0000005200b00000)]
  0x000001b403bccbf0 JavaThread "Unconstrained build operations Thread 65" [_thread_blocked, id=15136, stack(0x0000005200b00000,0x0000005200c00000)]
  0x000001b403bce8d0 JavaThread "Unconstrained build operations Thread 66" [_thread_blocked, id=860, stack(0x0000005200c00000,0x0000005200d00000)]
  0x000001b47e7bba60 JavaThread "Unconstrained build operations Thread 67" [_thread_blocked, id=8140, stack(0x0000005200d00000,0x0000005200e00000)]
  0x000001b47e7bef50 JavaThread "Unconstrained build operations Thread 68" [_thread_blocked, id=1788, stack(0x0000005200e00000,0x0000005200f00000)]
  0x000001b47e7bc400 JavaThread "Unconstrained build operations Thread 69" [_thread_blocked, id=6368, stack(0x0000005200f00000,0x0000005201000000)]
  0x000001b47e7bd740 JavaThread "Unconstrained build operations Thread 70" [_thread_blocked, id=8940, stack(0x0000005201000000,0x0000005201100000)]
  0x000001b47e7bbf30 JavaThread "Unconstrained build operations Thread 71" [_thread_blocked, id=2008, stack(0x0000005201100000,0x0000005201200000)]
  0x000001b47e7bc8d0 JavaThread "Unconstrained build operations Thread 72" [_thread_blocked, id=13356, stack(0x0000005201200000,0x0000005201300000)]
  0x000001b47e7bd270 JavaThread "Unconstrained build operations Thread 73" [_thread_blocked, id=8832, stack(0x0000005201300000,0x0000005201400000)]
  0x000001b47e7ba250 JavaThread "Unconstrained build operations Thread 74" [_thread_blocked, id=5588, stack(0x0000005201400000,0x0000005201500000)]
  0x000001b47e7bcda0 JavaThread "Unconstrained build operations Thread 75" [_thread_blocked, id=13204, stack(0x0000005201500000,0x0000005201600000)]
  0x000001b47e7bb0c0 JavaThread "Unconstrained build operations Thread 76" [_thread_blocked, id=11628, stack(0x0000005201600000,0x0000005201700000)]
  0x000001b47e7bdc10 JavaThread "Unconstrained build operations Thread 77" [_thread_blocked, id=11948, stack(0x0000005201700000,0x0000005201800000)]
  0x000001b47e7b8a40 JavaThread "Unconstrained build operations Thread 78" [_thread_blocked, id=3752, stack(0x0000005201800000,0x0000005201900000)]
  0x000001b47e7b93e0 JavaThread "Unconstrained build operations Thread 79" [_thread_blocked, id=2564, stack(0x0000005201900000,0x0000005201a00000)]
  0x000001b47e7b98b0 JavaThread "Unconstrained build operations Thread 80" [_thread_blocked, id=12616, stack(0x0000005201a00000,0x0000005201b00000)]
  0x000001b47f4944f0 JavaThread "C2 CompilerThread2" daemon [_thread_blocked, id=3128, stack(0x0000005201b00000,0x0000005201c00000)]
  0x000001b47e7ba720 JavaThread "Memory manager" [_thread_blocked, id=7188, stack(0x0000005201c00000,0x0000005201d00000)]

Other Threads:
=>0x000001b47b160720 VMThread "VM Thread" [stack: 0x0000005279400000,0x0000005279500000] [id=7756]
  0x000001b45d04ccf0 WatcherThread [stack: 0x000000527a000000,0x000000527a100000] [id=1860]
  0x000001b45d017500 GCTaskThread "GC Thread#0" [stack: 0x0000005278f00000,0x0000005279000000] [id=9260]
  0x000001b47c171970 GCTaskThread "GC Thread#1" [stack: 0x000000527a300000,0x000000527a400000] [id=4356]
  0x000001b47c882f60 GCTaskThread "GC Thread#2" [stack: 0x000000527a400000,0x000000527a500000] [id=10336]
  0x000001b47c9427a0 GCTaskThread "GC Thread#3" [stack: 0x000000527a500000,0x000000527a600000] [id=10580]
  0x000001b47cc32e10 GCTaskThread "GC Thread#4" [stack: 0x000000527a200000,0x000000527a300000] [id=7932]
  0x000001b47f3b61d0 GCTaskThread "GC Thread#5" [stack: 0x000000527b300000,0x000000527b400000] [id=9176]
  0x000001b47f3b6480 GCTaskThread "GC Thread#6" [stack: 0x000000527b400000,0x000000527b500000] [id=8020]
  0x000001b47f3b69e0 GCTaskThread "GC Thread#7" [stack: 0x000000527b500000,0x000000527b600000] [id=10204]
  0x000001b45d028440 ConcurrentGCThread "G1 Main Marker" [stack: 0x0000005279000000,0x0000005279100000] [id=5972]
  0x000001b45d02a600 ConcurrentGCThread "G1 Conc#0" [stack: 0x0000005279100000,0x0000005279200000] [id=5156]
  0x000001b47f3b59c0 ConcurrentGCThread "G1 Conc#1" [stack: 0x000000527c100000,0x000000527c200000] [id=8660]
  0x000001b45d089310 ConcurrentGCThread "G1 Refine#0" [stack: 0x0000005279200000,0x0000005279300000] [id=8452]
  0x000001b47b0220c0 ConcurrentGCThread "G1 Service" [stack: 0x0000005279300000,0x0000005279400000] [id=9324]

Threads with active compile tasks:
C2 CompilerThread0    24852 7051       4       sun.reflect.generics.parser.SignatureParser::parsePackageNameAndSimpleClassTypeSignature (119 bytes)
C1 CompilerThread0    24852 7230   !   3       sun.nio.cs.StreamDecoder::readBytes (271 bytes)
C2 CompilerThread2    24852 7198       4       org.objectweb.asm.MethodWriter::visitMethodInsn (191 bytes)

VM state: at safepoint (normal execution)

VM Mutex/Monitor currently owned by a thread:  ([mutex/lock_event])
[0x000001b45cfb6a30] Threads_lock - owner thread: 0x000001b47b160720
[0x000001b45cfb6910] Heap_lock - owner thread: 0x000001b47d533c70

Heap address: 0x0000000080000000, size: 2048 MB, Compressed Oops mode: 32-bit

CDS archive(s) mapped at: [0x0000000800000000-0x0000000800bd0000-0x0000000800bd0000), size 12386304, SharedBaseAddress: 0x0000000800000000, ArchiveRelocationMode: 0.
Compressed class space mapped at: 0x0000000800c00000-0x0000000840c00000, reserved size: 1073741824
Narrow klass base: 0x0000000800000000, Narrow klass shift: 0, Narrow klass range: 0x100000000

GC Precious Log:
 CPUs: 8 total, 8 available
 Memory: 8074M
 Large Page Support: Disabled
 NUMA Support: Disabled
 Compressed Oops: Enabled (32-bit)
 Heap Region Size: 1M
 Heap Min Capacity: 8M
 Heap Initial Capacity: 128M
 Heap Max Capacity: 2G
 Pre-touch: Disabled
 Parallel Workers: 8
 Concurrent Workers: 2
 Concurrent Refinement Workers: 8
 Periodic GC: Disabled

Heap:
 garbage-first heap   total 142336K, used 86246K [0x0000000080000000, 0x0000000100000000)
  region size 1024K, 3 young (3072K), 3 survivors (3072K)
 Metaspace       used 58122K, committed 58816K, reserved 1105920K
  class space    used 7943K, committed 8320K, reserved 1048576K

Heap Regions: E=young(eden), S=young(survivor), O=old, HS=humongous(starts), HC=humongous(continues), CS=collection set, F=free, OA=open archive, CA=closed archive, TAMS=top-at-mark-start (previous, next)
|   0|0x0000000080000000, 0x0000000080100000, 0x0000000080100000|100%|HS|  |TAMS 0x0000000080100000, 0x0000000080100000| Complete 
|   1|0x0000000080100000, 0x0000000080200000, 0x0000000080200000|100%|HC|  |TAMS 0x0000000080200000, 0x0000000080200000| Complete 
|   2|0x0000000080200000, 0x0000000080300000, 0x0000000080300000|100%|HC|  |TAMS 0x0000000080300000, 0x0000000080300000| Complete 
|   3|0x0000000080300000, 0x0000000080400000, 0x0000000080400000|100%|HC|  |TAMS 0x0000000080400000, 0x0000000080400000| Complete 
|   4|0x0000000080400000, 0x0000000080500000, 0x0000000080500000|100%| O|  |TAMS 0x0000000080500000, 0x0000000080500000| Untracked 
|   5|0x0000000080500000, 0x0000000080600000, 0x0000000080600000|100%| O|  |TAMS 0x0000000080600000, 0x0000000080600000| Untracked 
|   6|0x0000000080600000, 0x0000000080700000, 0x0000000080700000|100%| O|  |TAMS 0x0000000080700000, 0x0000000080700000| Untracked 
|   7|0x0000000080700000, 0x0000000080800000, 0x0000000080800000|100%| O|  |TAMS 0x0000000080800000, 0x0000000080800000| Untracked 
|   8|0x0000000080800000, 0x0000000080900000, 0x0000000080900000|100%| O|  |TAMS 0x0000000080900000, 0x0000000080900000| Untracked 
|   9|0x0000000080900000, 0x0000000080a00000, 0x0000000080a00000|100%| O|  |TAMS 0x0000000080a00000, 0x0000000080a00000| Untracked 
|  10|0x0000000080a00000, 0x0000000080b00000, 0x0000000080b00000|100%| O|  |TAMS 0x0000000080b00000, 0x0000000080b00000| Untracked 
|  11|0x0000000080b00000, 0x0000000080c00000, 0x0000000080c00000|100%| O|  |TAMS 0x0000000080c00000, 0x0000000080c00000| Untracked 
|  12|0x0000000080c00000, 0x0000000080d00000, 0x0000000080d00000|100%|HS|  |TAMS 0x0000000080d00000, 0x0000000080d00000| Complete 
|  13|0x0000000080d00000, 0x0000000080e00000, 0x0000000080e00000|100%|HC|  |TAMS 0x0000000080e00000, 0x0000000080e00000| Complete 
|  14|0x0000000080e00000, 0x0000000080f00000, 0x0000000080f00000|100%|HS|  |TAMS 0x0000000080f00000, 0x0000000080f00000| Complete 
|  15|0x0000000080f00000, 0x0000000081000000, 0x0000000081000000|100%|HC|  |TAMS 0x0000000081000000, 0x0000000081000000| Complete 
|  16|0x0000000081000000, 0x0000000081100000, 0x0000000081100000|100%|HC|  |TAMS 0x0000000081100000, 0x0000000081100000| Complete 
|  17|0x0000000081100000, 0x0000000081200000, 0x0000000081200000|100%|HS|  |TAMS 0x0000000081200000, 0x0000000081200000| Complete 
|  18|0x0000000081200000, 0x0000000081300000, 0x0000000081300000|100%|HC|  |TAMS 0x0000000081300000, 0x0000000081300000| Complete 
|  19|0x0000000081300000, 0x0000000081400000, 0x0000000081400000|100%|HC|  |TAMS 0x0000000081400000, 0x0000000081400000| Complete 
|  20|0x0000000081400000, 0x0000000081500000, 0x0000000081500000|100%|HS|  |TAMS 0x0000000081500000, 0x0000000081500000| Complete 
|  21|0x0000000081500000, 0x0000000081600000, 0x0000000081600000|100%|HC|  |TAMS 0x0000000081600000, 0x0000000081600000| Complete 
|  22|0x0000000081600000, 0x0000000081700000, 0x0000000081700000|100%|HC|  |TAMS 0x0000000081700000, 0x0000000081700000| Complete 
|  23|0x0000000081700000, 0x0000000081700000, 0x0000000081800000|  0%| F|  |TAMS 0x0000000081700000, 0x0000000081700000| Untracked 
|  24|0x0000000081800000, 0x0000000081900000, 0x0000000081900000|100%| O|  |TAMS 0x0000000081900000, 0x0000000081900000| Untracked 
|  25|0x0000000081900000, 0x0000000081a00000, 0x0000000081a00000|100%| O|  |TAMS 0x0000000081a00000, 0x0000000081a00000| Untracked 
|  26|0x0000000081a00000, 0x0000000081b00000, 0x0000000081b00000|100%| O|  |TAMS 0x0000000081b00000, 0x0000000081b00000| Untracked 
|  27|0x0000000081b00000, 0x0000000081c00000, 0x0000000081c00000|100%| O|  |TAMS 0x0000000081c00000, 0x0000000081c00000| Untracked 
|  28|0x0000000081c00000, 0x0000000081d00000, 0x0000000081d00000|100%| O|  |TAMS 0x0000000081d00000, 0x0000000081d00000| Untracked 
|  29|0x0000000081d00000, 0x0000000081e00000, 0x0000000081e00000|100%| O|  |TAMS 0x0000000081e00000, 0x0000000081e00000| Untracked 
|  30|0x0000000081e00000, 0x0000000081f00000, 0x0000000081f00000|100%| O|  |TAMS 0x0000000081f00000, 0x0000000081f00000| Untracked 
|  31|0x0000000081f00000, 0x0000000082000000, 0x0000000082000000|100%| O|  |TAMS 0x0000000081f00000, 0x0000000082000000| Untracked 
|  32|0x0000000082000000, 0x0000000082100000, 0x0000000082100000|100%| O|  |TAMS 0x0000000082100000, 0x0000000082100000| Untracked 
|  33|0x0000000082100000, 0x0000000082200000, 0x0000000082200000|100%| O|  |TAMS 0x0000000082200000, 0x0000000082200000| Untracked 
|  34|0x0000000082200000, 0x0000000082300000, 0x0000000082300000|100%| O|  |TAMS 0x0000000082300000, 0x0000000082300000| Untracked 
|  35|0x0000000082300000, 0x0000000082400000, 0x0000000082400000|100%| O|  |TAMS 0x0000000082400000, 0x0000000082400000| Untracked 
|  36|0x0000000082400000, 0x0000000082500000, 0x0000000082500000|100%| O|  |TAMS 0x0000000082500000, 0x0000000082500000| Untracked 
|  37|0x0000000082500000, 0x0000000082600000, 0x0000000082600000|100%|HS|  |TAMS 0x0000000082600000, 0x0000000082600000| Complete 
|  38|0x0000000082600000, 0x0000000082700000, 0x0000000082700000|100%| O|  |TAMS 0x0000000082700000, 0x0000000082700000| Untracked 
|  39|0x0000000082700000, 0x0000000082800000, 0x0000000082800000|100%| O|  |TAMS 0x0000000082800000, 0x0000000082800000| Untracked 
|  40|0x0000000082800000, 0x0000000082900000, 0x0000000082900000|100%|HS|  |TAMS 0x0000000082900000, 0x0000000082900000| Complete 
|  41|0x0000000082900000, 0x0000000082a00000, 0x0000000082a00000|100%|HC|  |TAMS 0x0000000082a00000, 0x0000000082a00000| Complete 
|  42|0x0000000082a00000, 0x0000000082b00000, 0x0000000082b00000|100%|HC|  |TAMS 0x0000000082b00000, 0x0000000082b00000| Complete 
|  43|0x0000000082b00000, 0x0000000082c00000, 0x0000000082c00000|100%|HS|  |TAMS 0x0000000082c00000, 0x0000000082c00000| Complete 
|  44|0x0000000082c00000, 0x0000000082d00000, 0x0000000082d00000|100%|HC|  |TAMS 0x0000000082d00000, 0x0000000082d00000| Complete 
|  45|0x0000000082d00000, 0x0000000082e00000, 0x0000000082e00000|100%|HC|  |TAMS 0x0000000082e00000, 0x0000000082e00000| Complete 
|  46|0x0000000082e00000, 0x0000000082f00000, 0x0000000082f00000|100%|HC|  |TAMS 0x0000000082f00000, 0x0000000082f00000| Complete 
|  47|0x0000000082f00000, 0x0000000083000000, 0x0000000083000000|100%| O|  |TAMS 0x0000000083000000, 0x0000000083000000| Untracked 
|  48|0x0000000083000000, 0x0000000083100000, 0x0000000083100000|100%| O|  |TAMS 0x0000000083100000, 0x0000000083100000| Untracked 
|  49|0x0000000083100000, 0x0000000083200000, 0x0000000083200000|100%| O|  |TAMS 0x0000000083200000, 0x0000000083200000| Untracked 
|  50|0x0000000083200000, 0x0000000083300000, 0x0000000083300000|100%| O|  |TAMS 0x0000000083300000, 0x0000000083300000| Untracked 
|  51|0x0000000083300000, 0x0000000083400000, 0x0000000083400000|100%| O|  |TAMS 0x0000000083400000, 0x0000000083400000| Untracked 
|  52|0x0000000083400000, 0x0000000083500000, 0x0000000083500000|100%| O|  |TAMS 0x0000000083500000, 0x0000000083500000| Untracked 
|  53|0x0000000083500000, 0x0000000083600000, 0x0000000083600000|100%| O|  |TAMS 0x0000000083600000, 0x0000000083600000| Untracked 
|  54|0x0000000083600000, 0x0000000083700000, 0x0000000083700000|100%| O|  |TAMS 0x0000000083700000, 0x0000000083700000| Untracked 
|  55|0x0000000083700000, 0x0000000083800000, 0x0000000083800000|100%| O|  |TAMS 0x0000000083800000, 0x0000000083800000| Untracked 
|  56|0x0000000083800000, 0x0000000083900000, 0x0000000083900000|100%|HS|  |TAMS 0x0000000083900000, 0x0000000083900000| Complete 
|  57|0x0000000083900000, 0x0000000083a00000, 0x0000000083a00000|100%|HC|  |TAMS 0x0000000083a00000, 0x0000000083a00000| Complete 
|  58|0x0000000083a00000, 0x0000000083b00000, 0x0000000083b00000|100%| O|  |TAMS 0x0000000083b00000, 0x0000000083b00000| Untracked 
|  59|0x0000000083b00000, 0x0000000083c00000, 0x0000000083c00000|100%| O|  |TAMS 0x0000000083c00000, 0x0000000083c00000| Untracked 
|  60|0x0000000083c00000, 0x0000000083d00000, 0x0000000083d00000|100%| O|  |TAMS 0x0000000083d00000, 0x0000000083d00000| Untracked 
|  61|0x0000000083d00000, 0x0000000083e00000, 0x0000000083e00000|100%|HS|  |TAMS 0x0000000083e00000, 0x0000000083e00000| Complete 
|  62|0x0000000083e00000, 0x0000000083f00000, 0x0000000083f00000|100%|HS|  |TAMS 0x0000000083f00000, 0x0000000083f00000| Complete 
|  63|0x0000000083f00000, 0x0000000084000000, 0x0000000084000000|100%|HC|  |TAMS 0x0000000084000000, 0x0000000084000000| Complete 
|  64|0x0000000084000000, 0x0000000084100000, 0x0000000084100000|100%|HC|  |TAMS 0x0000000084100000, 0x0000000084100000| Complete 
|  65|0x0000000084100000, 0x0000000084200000, 0x0000000084200000|100%|HC|  |TAMS 0x0000000084200000, 0x0000000084200000| Complete 
|  66|0x0000000084200000, 0x0000000084300000, 0x0000000084300000|100%| O|  |TAMS 0x0000000084300000, 0x0000000084300000| Untracked 
|  67|0x0000000084300000, 0x0000000084400000, 0x0000000084400000|100%| O|  |TAMS 0x0000000084400000, 0x0000000084400000| Untracked 
|  68|0x0000000084400000, 0x0000000084500000, 0x0000000084500000|100%| O|  |TAMS 0x0000000084500000, 0x0000000084500000| Untracked 
|  69|0x0000000084500000, 0x0000000084600000, 0x0000000084600000|100%| O|  |TAMS 0x0000000084600000, 0x0000000084600000| Untracked 
|  70|0x0000000084600000, 0x0000000084700000, 0x0000000084700000|100%| O|  |TAMS 0x0000000084700000, 0x0000000084700000| Untracked 
|  71|0x0000000084700000, 0x0000000084800000, 0x0000000084800000|100%| O|  |TAMS 0x0000000084800000, 0x0000000084800000| Untracked 
|  72|0x0000000084800000, 0x0000000084900000, 0x0000000084900000|100%| O|  |TAMS 0x0000000084900000, 0x0000000084900000| Untracked 
|  73|0x0000000084900000, 0x0000000084a00000, 0x0000000084a00000|100%| O|  |TAMS 0x0000000084a00000, 0x0000000084a00000| Untracked 
|  74|0x0000000084a00000, 0x0000000084b00000, 0x0000000084b00000|100%| O|  |TAMS 0x0000000084b00000, 0x0000000084b00000| Untracked 
|  75|0x0000000084b00000, 0x0000000084c00000, 0x0000000084c00000|100%| O|  |TAMS 0x0000000084c00000, 0x0000000084c00000| Untracked 
|  76|0x0000000084c00000, 0x0000000084d00000, 0x0000000084d00000|100%| O|  |TAMS 0x0000000084d00000, 0x0000000084d00000| Untracked 
|  77|0x0000000084d00000, 0x0000000084e00000, 0x0000000084e00000|100%| O|  |TAMS 0x0000000084e00000, 0x0000000084e00000| Untracked 
|  78|0x0000000084e00000, 0x0000000084f00000, 0x0000000084f00000|100%| O|  |TAMS 0x0000000084e99400, 0x0000000084f00000| Untracked 
|  79|0x0000000084f00000, 0x0000000085000000, 0x0000000085000000|100%| O|  |TAMS 0x0000000084f00000, 0x0000000085000000| Untracked 
|  80|0x0000000085000000, 0x00000000850e9600, 0x0000000085100000| 91%| O|  |TAMS 0x0000000085000000, 0x00000000850e9600| Untracked 
|  81|0x0000000085100000, 0x0000000085100000, 0x0000000085200000|  0%| F|  |TAMS 0x0000000085100000, 0x0000000085100000| Untracked 
|  82|0x0000000085200000, 0x0000000085200000, 0x0000000085300000|  0%| F|  |TAMS 0x0000000085200000, 0x0000000085200000| Untracked 
|  83|0x0000000085300000, 0x0000000085300000, 0x0000000085400000|  0%| F|  |TAMS 0x0000000085300000, 0x0000000085300000| Untracked 
|  84|0x0000000085400000, 0x0000000085500000, 0x0000000085500000|100%| O|  |TAMS 0x0000000085400000, 0x0000000085500000| Untracked 
|  85|0x0000000085500000, 0x0000000085600000, 0x0000000085600000|100%| O|  |TAMS 0x0000000085500000, 0x0000000085600000| Untracked 
|  86|0x0000000085600000, 0x0000000085600000, 0x0000000085700000|  0%| F|  |TAMS 0x0000000085600000, 0x0000000085600000| Untracked 
|  87|0x0000000085700000, 0x0000000085700000, 0x0000000085800000|  0%| F|  |TAMS 0x0000000085700000, 0x0000000085700000| Untracked 
|  88|0x0000000085800000, 0x0000000085800000, 0x0000000085900000|  0%| F|  |TAMS 0x0000000085800000, 0x0000000085800000| Untracked 
|  89|0x0000000085900000, 0x0000000085900000, 0x0000000085a00000|  0%| F|  |TAMS 0x0000000085900000, 0x0000000085900000| Untracked 
|  90|0x0000000085a00000, 0x0000000085a00000, 0x0000000085b00000|  0%| F|  |TAMS 0x0000000085a00000, 0x0000000085a00000| Untracked 
|  91|0x0000000085b00000, 0x0000000085b00000, 0x0000000085c00000|  0%| F|  |TAMS 0x0000000085b00000, 0x0000000085b00000| Untracked 
|  92|0x0000000085c00000, 0x0000000085c00000, 0x0000000085d00000|  0%| F|  |TAMS 0x0000000085c00000, 0x0000000085c00000| Untracked 
|  93|0x0000000085d00000, 0x0000000085d00000, 0x0000000085e00000|  0%| F|  |TAMS 0x0000000085d00000, 0x0000000085d00000| Untracked 
|  94|0x0000000085e00000, 0x0000000085e00000, 0x0000000085f00000|  0%| F|  |TAMS 0x0000000085e00000, 0x0000000085e00000| Untracked 
|  95|0x0000000085f00000, 0x0000000085f00000, 0x0000000086000000|  0%| F|  |TAMS 0x0000000085f00000, 0x0000000085f00000| Untracked 
|  96|0x0000000086000000, 0x0000000086000000, 0x0000000086100000|  0%| F|  |TAMS 0x0000000086000000, 0x0000000086000000| Untracked 
|  97|0x0000000086100000, 0x0000000086100000, 0x0000000086200000|  0%| F|  |TAMS 0x0000000086100000, 0x0000000086100000| Untracked 
|  98|0x0000000086200000, 0x0000000086200000, 0x0000000086300000|  0%| F|  |TAMS 0x0000000086200000, 0x0000000086200000| Untracked 
|  99|0x0000000086300000, 0x0000000086300000, 0x0000000086400000|  0%| F|  |TAMS 0x0000000086300000, 0x0000000086300000| Untracked 
| 100|0x0000000086400000, 0x0000000086400000, 0x0000000086500000|  0%| F|  |TAMS 0x0000000086400000, 0x0000000086400000| Untracked 
| 101|0x0000000086500000, 0x0000000086500000, 0x0000000086600000|  0%| F|  |TAMS 0x0000000086500000, 0x0000000086500000| Untracked 
| 102|0x0000000086600000, 0x0000000086600000, 0x0000000086700000|  0%| F|  |TAMS 0x0000000086600000, 0x0000000086600000| Untracked 
| 103|0x0000000086700000, 0x0000000086700000, 0x0000000086800000|  0%| F|  |TAMS 0x0000000086700000, 0x0000000086700000| Untracked 
| 104|0x0000000086800000, 0x0000000086800000, 0x0000000086900000|  0%| F|  |TAMS 0x0000000086800000, 0x0000000086800000| Untracked 
| 105|0x0000000086900000, 0x0000000086900000, 0x0000000086a00000|  0%| F|  |TAMS 0x0000000086900000, 0x0000000086900000| Untracked 
| 106|0x0000000086a00000, 0x0000000086a00000, 0x0000000086b00000|  0%| F|  |TAMS 0x0000000086a00000, 0x0000000086a00000| Untracked 
| 107|0x0000000086b00000, 0x0000000086b00000, 0x0000000086c00000|  0%| F|  |TAMS 0x0000000086b00000, 0x0000000086b00000| Untracked 
| 108|0x0000000086c00000, 0x0000000086c00000, 0x0000000086d00000|  0%| F|  |TAMS 0x0000000086c00000, 0x0000000086c00000| Untracked 
| 109|0x0000000086d00000, 0x0000000086d50200, 0x0000000086e00000| 31%| S|CS|TAMS 0x0000000086d00000, 0x0000000086d00000| Complete 
| 110|0x0000000086e00000, 0x0000000086f00000, 0x0000000086f00000|100%| S|CS|TAMS 0x0000000086e00000, 0x0000000086e00000| Complete 
| 111|0x0000000086f00000, 0x0000000087000000, 0x0000000087000000|100%| S|CS|TAMS 0x0000000086f00000, 0x0000000086f00000| Complete 
| 112|0x0000000087000000, 0x0000000087000000, 0x0000000087100000|  0%| F|  |TAMS 0x0000000087000000, 0x0000000087000000| Untracked 
| 113|0x0000000087100000, 0x0000000087100000, 0x0000000087200000|  0%| F|  |TAMS 0x0000000087100000, 0x0000000087100000| Untracked 
| 114|0x0000000087200000, 0x0000000087200000, 0x0000000087300000|  0%| F|  |TAMS 0x0000000087200000, 0x0000000087200000| Untracked 
| 115|0x0000000087300000, 0x0000000087300000, 0x0000000087400000|  0%| F|  |TAMS 0x0000000087300000, 0x0000000087300000| Untracked 
| 116|0x0000000087400000, 0x0000000087400000, 0x0000000087500000|  0%| F|  |TAMS 0x0000000087400000, 0x0000000087400000| Untracked 
| 117|0x0000000087500000, 0x0000000087500000, 0x0000000087600000|  0%| F|  |TAMS 0x0000000087500000, 0x0000000087500000| Untracked 
| 118|0x0000000087600000, 0x0000000087600000, 0x0000000087700000|  0%| F|  |TAMS 0x0000000087600000, 0x0000000087600000| Untracked 
| 119|0x0000000087700000, 0x0000000087700000, 0x0000000087800000|  0%| F|  |TAMS 0x0000000087700000, 0x0000000087700000| Untracked 
| 120|0x0000000087800000, 0x0000000087800000, 0x0000000087900000|  0%| F|  |TAMS 0x0000000087800000, 0x0000000087800000| Untracked 
| 121|0x0000000087900000, 0x0000000087900000, 0x0000000087a00000|  0%| F|  |TAMS 0x0000000087900000, 0x0000000087900000| Untracked 
| 122|0x0000000087a00000, 0x0000000087a00000, 0x0000000087b00000|  0%| F|  |TAMS 0x0000000087a00000, 0x0000000087a00000| Untracked 
| 123|0x0000000087b00000, 0x0000000087b00000, 0x0000000087c00000|  0%| F|  |TAMS 0x0000000087b00000, 0x0000000087b00000| Untracked 
| 124|0x0000000087c00000, 0x0000000087c00000, 0x0000000087d00000|  0%| F|  |TAMS 0x0000000087c00000, 0x0000000087c00000| Untracked 
| 125|0x0000000087d00000, 0x0000000087d00000, 0x0000000087e00000|  0%| F|  |TAMS 0x0000000087d00000, 0x0000000087d00000| Untracked 
| 126|0x0000000087e00000, 0x0000000087e00000, 0x0000000087f00000|  0%| F|  |TAMS 0x0000000087e00000, 0x0000000087e00000| Untracked 
| 127|0x0000000087f00000, 0x0000000087f00000, 0x0000000088000000|  0%| F|  |TAMS 0x0000000087f00000, 0x0000000087f00000| Untracked 
| 128|0x0000000088000000, 0x0000000088000000, 0x0000000088100000|  0%| F|  |TAMS 0x0000000088000000, 0x0000000088000000| Untracked 
| 129|0x0000000088100000, 0x0000000088100000, 0x0000000088200000|  0%| F|  |TAMS 0x0000000088100000, 0x0000000088100000| Untracked 
| 130|0x0000000088200000, 0x0000000088200000, 0x0000000088300000|  0%| F|  |TAMS 0x0000000088200000, 0x0000000088200000| Untracked 
| 131|0x0000000088300000, 0x0000000088300000, 0x0000000088400000|  0%| F|  |TAMS 0x0000000088300000, 0x0000000088300000| Untracked 
| 132|0x0000000088400000, 0x0000000088400000, 0x0000000088500000|  0%| F|  |TAMS 0x0000000088400000, 0x0000000088400000| Untracked 
| 133|0x0000000088500000, 0x0000000088500000, 0x0000000088600000|  0%| F|  |TAMS 0x0000000088500000, 0x0000000088500000| Untracked 
| 134|0x0000000088600000, 0x0000000088600000, 0x0000000088700000|  0%| F|  |TAMS 0x0000000088600000, 0x0000000088600000| Untracked 
| 135|0x0000000088700000, 0x0000000088700000, 0x0000000088800000|  0%| F|  |TAMS 0x0000000088700000, 0x0000000088700000| Untracked 
| 136|0x0000000088800000, 0x0000000088800000, 0x0000000088900000|  0%| F|  |TAMS 0x0000000088800000, 0x0000000088800000| Untracked 
| 137|0x0000000088900000, 0x0000000088900000, 0x0000000088a00000|  0%| F|  |TAMS 0x0000000088900000, 0x0000000088900000| Untracked 
| 138|0x0000000088a00000, 0x0000000088a00000, 0x0000000088b00000|  0%| F|  |TAMS 0x0000000088a00000, 0x0000000088a00000| Untracked 

Card table byte_map: [0x000001b473f70000,0x000001b474370000] _byte_map_base: 0x000001b473b70000

Marking Bits (Prev, Next): (CMBitMap*) 0x000001b45d017b10, (CMBitMap*) 0x000001b45d017b50
 Prev Bits: [0x000001b474770000, 0x000001b476770000)
 Next Bits: [0x000001b476770000, 0x000001b478770000)

Polling page: 0x000001b45afa0000

Metaspace:

Usage:
  Non-class:     49.00 MB used.
      Class:      7.76 MB used.
       Both:     56.76 MB used.

Virtual space:
  Non-class space:       56.00 MB reserved,      49.31 MB ( 88%) committed,  7 nodes.
      Class space:        1.00 GB reserved,       8.12 MB ( <1%) committed,  1 nodes.
             Both:        1.05 GB reserved,      57.44 MB (  5%) committed. 

Chunk freelists:
   Non-Class:  1.94 MB
       Class:  3.80 MB
        Both:  5.73 MB

MaxMetaspaceSize: unlimited
CompressedClassSpaceSize: 1.00 GB
Initial GC threshold: 21.00 MB
Current GC threshold: 90.00 MB
CDS: on
MetaspaceReclaimPolicy: balanced
 - commit_granule_bytes: 65536.
 - commit_granule_words: 8192.
 - virtual_space_node_default_size: 1048576.
 - enlarge_chunks_in_place: 1.
 - new_chunks_are_fully_committed: 0.
 - uncommit_free_chunks: 1.
 - use_allocation_guard: 0.
 - handle_deallocations: 1.


Internal statistics:

num_allocs_failed_limit: 6.
num_arena_births: 812.
num_arena_deaths: 0.
num_vsnodes_births: 8.
num_vsnodes_deaths: 0.
num_space_committed: 919.
num_space_uncommitted: 0.
num_chunks_returned_to_freelist: 6.
num_chunks_taken_from_freelist: 3132.
num_chunk_merges: 6.
num_chunk_splits: 2062.
num_chunks_enlarged: 1341.
num_purges: 0.
num_inconsistent_stats: 0.

CodeHeap 'non-profiled nmethods': size=120000Kb used=3759Kb max_used=3759Kb free=116240Kb
 bounds [0x000001b46c310000, 0x000001b46c6c0000, 0x000001b473840000]
CodeHeap 'profiled nmethods': size=120000Kb used=12591Kb max_used=12591Kb free=107408Kb
 bounds [0x000001b464840000, 0x000001b465490000, 0x000001b46bd70000]
CodeHeap 'non-nmethods': size=5760Kb used=2357Kb max_used=2428Kb free=3402Kb
 bounds [0x000001b46bd70000, 0x000001b46bfe0000, 0x000001b46c310000]
 total_blobs=7378 nmethods=6493 adapters=796
 compilation: enabled
              stopped_count=0, restarted_count=0
 full_count=0

Compilation events (20 events):
Event: 24.778 Thread 0x000001b47b1b04d0 7224       3       org.gradle.api.internal.DefaultNamedDomainObjectCollection$UnfilteredIndex::getPending (14 bytes)
Event: 24.779 Thread 0x000001b47b1b04d0 nmethod 7224 0x000001b465487c90 code [0x000001b465487e40, 0x000001b465488128]
Event: 24.779 Thread 0x000001b47b1b04d0 7225       3       org.gradle.api.internal.DefaultDomainObjectSet::<init> (21 bytes)
Event: 24.780 Thread 0x000001b47b1b04d0 nmethod 7225 0x000001b465488210 code [0x000001b4654884e0, 0x000001b465489658]
Event: 24.780 Thread 0x000001b47b1b04d0 7227       3       org.gradle.api.internal.collections.DefaultDomainObjectCollectionFactory::newDomainObjectSet (40 bytes)
Event: 24.781 Thread 0x000001b47b1b04d0 nmethod 7227 0x000001b465489c90 code [0x000001b465489e80, 0x000001b46548a668]
Event: 24.781 Thread 0x000001b47b1b04d0 7226       3       org.gradle.api.internal.collections.IterationOrderRetainingSetElementSource::<init> (28 bytes)
Event: 24.782 Thread 0x000001b47b1b04d0 nmethod 7226 0x000001b46548a910 code [0x000001b46548aba0, 0x000001b46548bac8]
Event: 24.782 Thread 0x000001b47b1b04d0 7228       1       org.gradle.api.internal.project.DefaultProjectStateRegistry::access$300 (5 bytes)
Event: 24.783 Thread 0x000001b47b1b04d0 nmethod 7228 0x000001b46c6b7090 code [0x000001b46c6b7220, 0x000001b46c6b72d8]
Event: 24.784 Thread 0x000001b47ed9e650 nmethod 7156 0x000001b46c6b7390 code [0x000001b46c6b7560, 0x000001b46c6b9f58]
Event: 24.785 Thread 0x000001b47ed9e650 7202       4       java.lang.StringBuilder::append (10 bytes)
Event: 24.794 Thread 0x000001b47ed9e650 nmethod 7202 0x000001b46c6ba610 code [0x000001b46c6ba7c0, 0x000001b46c6baf58]
Event: 24.794 Thread 0x000001b47ed9e650 7200       4       java.util.Optional::isPresent (13 bytes)
Event: 24.794 Thread 0x000001b47ed9e650 nmethod 7200 0x000001b46c6bb410 code [0x000001b46c6bb580, 0x000001b46c6bb618]
Event: 24.794 Thread 0x000001b47ed9e650 7211       4       java.util.TreeMap::put (8 bytes)
Event: 24.795 Thread 0x000001b47ed9e650 nmethod 7211 0x000001b46c6bb710 code [0x000001b46c6bb8a0, 0x000001b46c6bb948]
Event: 24.796 Thread 0x000001b47b1b04d0 7229       1       java.util.zip.ZipFile$ZipFileInputStream::size (5 bytes)
Event: 24.796 Thread 0x000001b47b1b04d0 nmethod 7229 0x000001b46c6bba10 code [0x000001b46c6bbba0, 0x000001b46c6bbc78]
Event: 24.796 Thread 0x000001b47b1b04d0 7230   !   3       sun.nio.cs.StreamDecoder::readBytes (271 bytes)

GC Heap History (20 events):
Event: 12.710 GC heap after
{Heap after GC invocations=6 (full 0):
 garbage-first heap   total 130048K, used 42896K [0x0000000080000000, 0x0000000100000000)
  region size 1024K, 6 young (6144K), 6 survivors (6144K)
 Metaspace       used 31317K, committed 31808K, reserved 1081344K
  class space    used 4451K, committed 4672K, reserved 1048576K
}
Event: 17.149 GC heap before
{Heap before GC invocations=6 (full 0):
 garbage-first heap   total 130048K, used 101264K [0x0000000080000000, 0x0000000100000000)
  region size 1024K, 55 young (56320K), 6 survivors (6144K)
 Metaspace       used 35656K, committed 36096K, reserved 1081344K
  class space    used 4980K, committed 5184K, reserved 1048576K
}
Event: 17.161 GC heap after
{Heap after GC invocations=7 (full 0):
 garbage-first heap   total 130048K, used 54717K [0x0000000080000000, 0x0000000100000000)
  region size 1024K, 6 young (6144K), 6 survivors (6144K)
 Metaspace       used 35656K, committed 36096K, reserved 1081344K
  class space    used 4980K, committed 5184K, reserved 1048576K
}
Event: 20.029 GC heap before
{Heap before GC invocations=8 (full 0):
 garbage-first heap   total 130048K, used 98749K [0x0000000080000000, 0x0000000100000000)
  region size 1024K, 49 young (50176K), 6 survivors (6144K)
 Metaspace       used 39542K, committed 40192K, reserved 1089536K
  class space    used 5453K, committed 5760K, reserved 1048576K
}
Event: 20.038 GC heap after
{Heap after GC invocations=9 (full 0):
 garbage-first heap   total 130048K, used 58575K [0x0000000080000000, 0x0000000100000000)
  region size 1024K, 4 young (4096K), 4 survivors (4096K)
 Metaspace       used 39542K, committed 40192K, reserved 1089536K
  class space    used 5453K, committed 5760K, reserved 1048576K
}
Event: 21.366 GC heap before
{Heap before GC invocations=9 (full 0):
 garbage-first heap   total 130048K, used 100559K [0x0000000080000000, 0x0000000100000000)
  region size 1024K, 45 young (46080K), 4 survivors (4096K)
 Metaspace       used 44333K, committed 44928K, reserved 1089536K
  class space    used 6240K, committed 6528K, reserved 1048576K
}
Event: 21.376 GC heap after
{Heap after GC invocations=10 (full 0):
 garbage-first heap   total 130048K, used 61038K [0x0000000080000000, 0x0000000100000000)
  region size 1024K, 6 young (6144K), 6 survivors (6144K)
 Metaspace       used 44333K, committed 44928K, reserved 1089536K
  class space    used 6240K, committed 6528K, reserved 1048576K
}
Event: 22.498 GC heap before
{Heap before GC invocations=10 (full 0):
 garbage-first heap   total 130048K, used 96878K [0x0000000080000000, 0x0000000100000000)
  region size 1024K, 40 young (40960K), 6 survivors (6144K)
 Metaspace       used 45361K, committed 45952K, reserved 1089536K
  class space    used 6325K, committed 6592K, reserved 1048576K
}
Event: 22.511 GC heap after
{Heap after GC invocations=11 (full 0):
 garbage-first heap   total 130048K, used 68045K [0x0000000080000000, 0x0000000100000000)
  region size 1024K, 6 young (6144K), 6 survivors (6144K)
 Metaspace       used 45361K, committed 45952K, reserved 1089536K
  class space    used 6325K, committed 6592K, reserved 1048576K
}
Event: 23.280 GC heap before
{Heap before GC invocations=12 (full 0):
 garbage-first heap   total 130048K, used 109005K [0x0000000080000000, 0x0000000100000000)
  region size 1024K, 41 young (41984K), 6 survivors (6144K)
 Metaspace       used 49309K, committed 49920K, reserved 1097728K
  class space    used 6824K, committed 7104K, reserved 1048576K
}
Event: 23.290 GC heap after
{Heap after GC invocations=13 (full 0):
 garbage-first heap   total 130048K, used 79674K [0x0000000080000000, 0x0000000100000000)
  region size 1024K, 6 young (6144K), 6 survivors (6144K)
 Metaspace       used 49309K, committed 49920K, reserved 1097728K
  class space    used 6824K, committed 7104K, reserved 1048576K
}
Event: 23.321 GC heap before
{Heap before GC invocations=13 (full 0):
 garbage-first heap   total 130048K, used 79674K [0x0000000080000000, 0x0000000100000000)
  region size 1024K, 7 young (7168K), 6 survivors (6144K)
 Metaspace       used 49471K, committed 50112K, reserved 1097728K
  class space    used 6841K, committed 7168K, reserved 1048576K
}
Event: 23.324 GC heap after
{Heap after GC invocations=14 (full 0):
 garbage-first heap   total 130048K, used 79902K [0x0000000080000000, 0x0000000100000000)
  region size 1024K, 1 young (1024K), 1 survivors (1024K)
 Metaspace       used 49471K, committed 50112K, reserved 1097728K
  class space    used 6841K, committed 7168K, reserved 1048576K
}
Event: 23.891 GC heap before
{Heap before GC invocations=14 (full 0):
 garbage-first heap   total 130048K, used 106526K [0x0000000080000000, 0x0000000100000000)
  region size 1024K, 27 young (27648K), 1 survivors (1024K)
 Metaspace       used 54089K, committed 54720K, reserved 1097728K
  class space    used 7447K, committed 7744K, reserved 1048576K
}
Event: 23.895 GC heap after
{Heap after GC invocations=15 (full 0):
 garbage-first heap   total 130048K, used 81614K [0x0000000080000000, 0x0000000100000000)
  region size 1024K, 3 young (3072K), 3 survivors (3072K)
 Metaspace       used 54089K, committed 54720K, reserved 1097728K
  class space    used 7447K, committed 7744K, reserved 1048576K
}
Event: 24.342 GC heap before
{Heap before GC invocations=16 (full 0):
 garbage-first heap   total 142336K, used 112334K [0x0000000080000000, 0x0000000100000000)
  region size 1024K, 28 young (28672K), 3 survivors (3072K)
 Metaspace       used 55945K, committed 56640K, reserved 1105920K
  class space    used 7689K, committed 8000K, reserved 1048576K
}
Event: 24.348 GC heap after
{Heap after GC invocations=17 (full 0):
 garbage-first heap   total 142336K, used 84422K [0x0000000080000000, 0x0000000100000000)
  region size 1024K, 4 young (4096K), 4 survivors (4096K)
 Metaspace       used 55945K, committed 56640K, reserved 1105920K
  class space    used 7689K, committed 8000K, reserved 1048576K
}
Event: 24.394 GC heap before
{Heap before GC invocations=17 (full 0):
 garbage-first heap   total 142336K, used 86470K [0x0000000080000000, 0x0000000100000000)
  region size 1024K, 6 young (6144K), 4 survivors (4096K)
 Metaspace       used 56121K, committed 56768K, reserved 1105920K
  class space    used 7710K, committed 8000K, reserved 1048576K
}
Event: 24.398 GC heap after
{Heap after GC invocations=18 (full 0):
 garbage-first heap   total 142336K, used 84480K [0x0000000080000000, 0x0000000100000000)
  region size 1024K, 1 young (1024K), 1 survivors (1024K)
 Metaspace       used 56121K, committed 56768K, reserved 1105920K
  class space    used 7710K, committed 8000K, reserved 1048576K
}
Event: 24.797 GC heap before
{Heap before GC invocations=18 (full 0):
 garbage-first heap   total 142336K, used 110080K [0x0000000080000000, 0x0000000100000000)
  region size 1024K, 27 young (27648K), 1 survivors (1024K)
 Metaspace       used 58122K, committed 58816K, reserved 1105920K
  class space    used 7943K, committed 8320K, reserved 1048576K
}

Deoptimization events (20 events):
Event: 24.237 Thread 0x000001b47d533c70 Uncommon trap: trap_request=0xffffff45 fr.pc=0x000001b46c52fc8c relative=0x000000000000300c
Event: 24.237 Thread 0x000001b47d533c70 Uncommon trap: reason=unstable_if action=reinterpret pc=0x000001b46c52fc8c method=java.util.regex.Pattern.has(I)Z @ 6 c2
Event: 24.237 Thread 0x000001b47d533c70 DEOPT PACKING pc=0x000001b46c52fc8c sp=0x000000527a6f55d0
Event: 24.237 Thread 0x000001b47d533c70 DEOPT UNPACKING pc=0x000001b46bdc23a3 sp=0x000000527a6f5550 mode 2
Event: 24.739 Thread 0x000001b47d533c70 Uncommon trap: trap_request=0xffffff45 fr.pc=0x000001b46c6341a4 relative=0x0000000000000364
Event: 24.739 Thread 0x000001b47d533c70 Uncommon trap: reason=unstable_if action=reinterpret pc=0x000001b46c6341a4 method=org.gradle.internal.reflect.PropertyAccessorType.of(Ljava/lang/reflect/Method;)Lorg/gradle/internal/reflect/PropertyAccessorType; @ 56 c2
Event: 24.739 Thread 0x000001b47d533c70 DEOPT PACKING pc=0x000001b46c6341a4 sp=0x000000527a6f6540
Event: 24.739 Thread 0x000001b47d533c70 DEOPT UNPACKING pc=0x000001b46bdc23a3 sp=0x000000527a6f6500 mode 2
Event: 24.763 Thread 0x000001b47d533c70 Uncommon trap: trap_request=0xffffff45 fr.pc=0x000001b46c68a6bc relative=0x000000000000013c
Event: 24.763 Thread 0x000001b47d533c70 Uncommon trap: reason=unstable_if action=reinterpret pc=0x000001b46c68a6bc method=org.objectweb.asm.ByteVector.putByteArray([BII)Lorg/objectweb/asm/ByteVector; @ 20 c2
Event: 24.763 Thread 0x000001b47d533c70 DEOPT PACKING pc=0x000001b46c68a6bc sp=0x000000527a6f4e80
Event: 24.763 Thread 0x000001b47d533c70 DEOPT UNPACKING pc=0x000001b46bdc23a3 sp=0x000000527a6f4e50 mode 2
Event: 24.763 Thread 0x000001b47d533c70 Uncommon trap: trap_request=0xffffff45 fr.pc=0x000001b46c68682c relative=0x0000000000000a6c
Event: 24.763 Thread 0x000001b47d533c70 Uncommon trap: reason=unstable_if action=reinterpret pc=0x000001b46c68682c method=org.objectweb.asm.Label.resolve([BI)Z @ 80 c2
Event: 24.763 Thread 0x000001b47d533c70 DEOPT PACKING pc=0x000001b46c68682c sp=0x000000527a6f4ea0
Event: 24.763 Thread 0x000001b47d533c70 DEOPT UNPACKING pc=0x000001b46bdc23a3 sp=0x000000527a6f4dc0 mode 2
Event: 24.763 Thread 0x000001b47d533c70 Uncommon trap: trap_request=0xffffff45 fr.pc=0x000001b46c3d0920 relative=0x0000000000000200
Event: 24.763 Thread 0x000001b47d533c70 Uncommon trap: reason=unstable_if action=reinterpret pc=0x000001b46c3d0920 method=org.objectweb.asm.Label.resolve([BI)Z @ 80 c2
Event: 24.763 Thread 0x000001b47d533c70 DEOPT PACKING pc=0x000001b46c3d0920 sp=0x000000527a6f4e30
Event: 24.763 Thread 0x000001b47d533c70 DEOPT UNPACKING pc=0x000001b46bdc23a3 sp=0x000000527a6f4db0 mode 2

Classes unloaded (0 events):
No events

Classes redefined (0 events):
No events

Internal exceptions (20 events):
Event: 22.795 Thread 0x000001b47d533c70 Exception <a 'java/lang/NoSuchMethodError'{0x0000000086ed6590}: 'java.lang.Object java.lang.invoke.Invokers$Holder.linkToTargetMethod(java.lang.Object, java.lang.Object, java.lang.Object, int, java.lang.Object)'> (0x0000000086ed6590) 
thrown [s\open\src\hotspot\share\interpreter\linkResolver.cpp, line 759]
Event: 23.185 Thread 0x000001b47d533c70 Exception <a 'java/lang/NoSuchMethodError'{0x0000000085f2af20}: 'int java.lang.invoke.DirectMethodHandle$Holder.invokeInterface(java.lang.Object, java.lang.Object, java.lang.Object, java.lang.Object)'> (0x0000000085f2af20) 
thrown [s\open\src\hotspot\share\interpreter\linkResolver.cpp, line 759]
Event: 23.649 Thread 0x000001b47d533c70 Exception <a 'java/lang/IncompatibleClassChangeError'{0x0000000086ee8540}: Found class java.lang.Object, but interface was expected> (0x0000000086ee8540) 
thrown [s\open\src\hotspot\share\interpreter\linkResolver.cpp, line 826]
Event: 23.707 Thread 0x000001b47d533c70 Implicit null exception at 0x000001b46c5741d4 to 0x000001b46c574380
Event: 23.707 Thread 0x000001b47d533c70 Implicit null exception at 0x000001b46c60df00 to 0x000001b46c60ee08
Event: 23.905 Thread 0x000001b47d533c70 Implicit null exception at 0x000001b46c510c0c to 0x000001b46c510d46
Event: 24.129 Thread 0x000001b47d533c70 Exception <a 'sun/nio/fs/WindowsException'{0x0000000087b4c1a8}> (0x0000000087b4c1a8) 
thrown [s\open\src\hotspot\share\prims\jni.cpp, line 516]
Event: 24.607 Thread 0x000001b47d533c70 Exception <a 'java/lang/ClassNotFoundException'{0x0000000087c25aa8}: org/gradle/api/plugins/internal/DefaultBasePluginConvention_DecoratedBeanInfo> (0x0000000087c25aa8) 
thrown [s\open\src\hotspot\share\classfile\systemDictionary.cpp, line 256]
Event: 24.609 Thread 0x000001b47d533c70 Exception <a 'java/lang/ClassNotFoundException'{0x0000000087c3fbf8}: org/gradle/api/plugins/internal/DefaultBasePluginConventionBeanInfo> (0x0000000087c3fbf8) 
thrown [s\open\src\hotspot\share\classfile\systemDictionary.cpp, line 256]
Event: 24.610 Thread 0x000001b47d533c70 Exception <a 'java/lang/ClassNotFoundException'{0x0000000087c59e70}: org/gradle/api/plugins/BasePluginConventionBeanInfo> (0x0000000087c59e70) 
thrown [s\open\src\hotspot\share\classfile\systemDictionary.cpp, line 256]
Event: 24.612 Thread 0x000001b47d533c70 Exception <a 'java/lang/ClassNotFoundException'{0x0000000087c740b0}: org/gradle/api/plugins/BasePluginConventionCustomizer> (0x0000000087c740b0) 
thrown [s\open\src\hotspot\share\classfile\systemDictionary.cpp, line 256]
Event: 24.614 Thread 0x000001b47d533c70 Exception <a 'java/lang/ClassNotFoundException'{0x0000000087c97d90}: org/gradle/api/plugins/internal/DefaultBasePluginConventionCustomizer> (0x0000000087c97d90) 
thrown [s\open\src\hotspot\share\classfile\systemDictionary.cpp, line 256]
Event: 24.615 Thread 0x000001b47d533c70 Exception <a 'java/lang/ClassNotFoundException'{0x0000000087cc36c0}: org/gradle/api/plugins/internal/DefaultBasePluginConvention_DecoratedCustomizer> (0x0000000087cc36c0) 
thrown [s\open\src\hotspot\share\classfile\systemDictionary.cpp, line 256]
Event: 24.620 Thread 0x000001b47d533c70 Exception <a 'java/lang/ClassNotFoundException'{0x0000000087b36588}: org/gradle/api/plugins/internal/DefaultJavaPluginConvention_DecoratedBeanInfo> (0x0000000087b36588) 
thrown [s\open\src\hotspot\share\classfile\systemDictionary.cpp, line 256]
Event: 24.621 Thread 0x000001b47d533c70 Exception <a 'java/lang/ClassNotFoundException'{0x0000000087b506d8}: org/gradle/api/plugins/internal/DefaultJavaPluginConventionBeanInfo> (0x0000000087b506d8) 
thrown [s\open\src\hotspot\share\classfile\systemDictionary.cpp, line 256]
Event: 24.622 Thread 0x000001b47d533c70 Exception <a 'java/lang/ClassNotFoundException'{0x0000000087b70a60}: org/gradle/api/plugins/JavaPluginConventionBeanInfo> (0x0000000087b70a60) 
thrown [s\open\src\hotspot\share\classfile\systemDictionary.cpp, line 256]
Event: 24.623 Thread 0x000001b47d533c70 Exception <a 'java/lang/ClassNotFoundException'{0x0000000087b8af08}: org/gradle/api/plugins/JavaPluginConventionCustomizer> (0x0000000087b8af08) 
thrown [s\open\src\hotspot\share\classfile\systemDictionary.cpp, line 256]
Event: 24.625 Thread 0x000001b47d533c70 Exception <a 'java/lang/ClassNotFoundException'{0x0000000087bb85b8}: org/gradle/api/plugins/internal/DefaultJavaPluginConventionCustomizer> (0x0000000087bb85b8) 
thrown [s\open\src\hotspot\share\classfile\systemDictionary.cpp, line 256]
Event: 24.627 Thread 0x000001b47d533c70 Exception <a 'java/lang/ClassNotFoundException'{0x0000000087bf80d8}: org/gradle/api/plugins/internal/DefaultJavaPluginConvention_DecoratedCustomizer> (0x0000000087bf80d8) 
thrown [s\open\src\hotspot\share\classfile\systemDictionary.cpp, line 256]
Event: 24.763 Thread 0x000001b47d533c70 Implicit null exception at 0x000001b46c68a5c9 to 0x000001b46c68a69c

VM Operations (20 events):
Event: 23.184 Executing VM operation: HandshakeAllThreads done
Event: 23.280 Executing VM operation: G1CollectForAllocation
Event: 23.294 Executing VM operation: G1CollectForAllocation done
Event: 23.321 Executing VM operation: G1CollectForAllocation
Event: 23.325 Executing VM operation: G1CollectForAllocation done
Event: 23.873 Executing VM operation: HandshakeAllThreads
Event: 23.873 Executing VM operation: HandshakeAllThreads done
Event: 23.891 Executing VM operation: G1CollectForAllocation
Event: 23.895 Executing VM operation: G1CollectForAllocation done
Event: 23.912 Executing VM operation: HandshakeAllThreads
Event: 23.912 Executing VM operation: HandshakeAllThreads done
Event: 23.954 Executing VM operation: G1Concurrent
Event: 23.958 Executing VM operation: G1Concurrent done
Event: 23.985 Executing VM operation: G1Concurrent
Event: 23.986 Executing VM operation: G1Concurrent done
Event: 24.341 Executing VM operation: G1CollectForAllocation
Event: 24.348 Executing VM operation: G1CollectForAllocation done
Event: 24.394 Executing VM operation: G1CollectForAllocation
Event: 24.398 Executing VM operation: G1CollectForAllocation done
Event: 24.797 Executing VM operation: G1TryInitiateConcMark

Events (20 events):
Event: 23.985 loading class java/util/Base64$Decoder
Event: 23.985 loading class java/util/Base64$Decoder done
Event: 23.986 loading class java/util/Base64$Encoder
Event: 23.986 loading class java/util/Base64$Encoder done
Event: 23.988 loading class java/util/jar/JarVerifier$VerifierStream
Event: 23.988 loading class java/util/jar/JarVerifier$VerifierStream done
Event: 23.988 loading class sun/security/util/ManifestEntryVerifier$SunProviderHolder
Event: 23.988 loading class sun/security/util/ManifestEntryVerifier$SunProviderHolder done
Event: 24.085 loading class java/security/KeyStore$ProtectionParameter
Event: 24.085 loading class java/security/KeyStore$ProtectionParameter done
Event: 24.128 loading class sun/nio/fs/WindowsException
Event: 24.129 loading class sun/nio/fs/WindowsException done
Event: 24.567 loading class java/security/KeyStore
Event: 24.567 loading class java/security/KeyStore done
Event: 24.568 loading class java/security/KeyStore$1
Event: 24.568 loading class java/security/KeyStore$1 done
Event: 24.702 loading class javax/xml/stream/XMLStreamException
Event: 24.702 loading class javax/xml/stream/XMLStreamException done
Event: 24.736 loading class sun/reflect/annotation/AnnotationInvocationHandler$1
Event: 24.736 loading class sun/reflect/annotation/AnnotationInvocationHandler$1 done


Dynamic libraries:
0x00007ff788290000 - 0x00007ff7882a0000 	C:\Program Files\Java\jdk-17\bin\java.exe
0x00007ffcf15f0000 - 0x00007ffcf1804000 	C:\WINDOWS\SYSTEM32\ntdll.dll
0x00007ffcf0180000 - 0x00007ffcf0244000 	C:\WINDOWS\System32\KERNEL32.DLL
0x00007ffceeab0000 - 0x00007ffceee54000 	C:\WINDOWS\System32\KERNELBASE.dll
0x00007ffcef140000 - 0x00007ffcef251000 	C:\WINDOWS\System32\ucrtbase.dll
0x00007ffcd8c80000 - 0x00007ffcd8c98000 	C:\Program Files\Java\jdk-17\bin\jli.dll
0x00007ffcd7210000 - 0x00007ffcd722b000 	C:\Program Files\Java\jdk-17\bin\VCRUNTIME140.dll
0x00007ffcefd80000 - 0x00007ffcefe30000 	C:\WINDOWS\System32\ADVAPI32.dll
0x00007ffcef380000 - 0x00007ffcef427000 	C:\WINDOWS\System32\msvcrt.dll
0x00007ffcef510000 - 0x00007ffcef5b6000 	C:\WINDOWS\System32\sechost.dll
0x00007ffcef5d0000 - 0x00007ffcef6e7000 	C:\WINDOWS\System32\RPCRT4.dll
0x00007ffcf1400000 - 0x00007ffcf15ae000 	C:\WINDOWS\System32\USER32.dll
0x00007ffcd4c40000 - 0x00007ffcd4ed3000 	C:\WINDOWS\WinSxS\amd64_microsoft.windows.common-controls_6595b64144ccf1df_6.0.22621.2215_none_270d72677387dfc3\COMCTL32.dll
0x00007ffcef090000 - 0x00007ffcef0b6000 	C:\WINDOWS\System32\win32u.dll
0x00007ffcf1210000 - 0x00007ffcf1239000 	C:\WINDOWS\System32\GDI32.dll
0x00007ffcef260000 - 0x00007ffcef378000 	C:\WINDOWS\System32\gdi32full.dll
0x00007ffceea10000 - 0x00007ffceeaaa000 	C:\WINDOWS\System32\msvcp_win.dll
0x00007ffce80f0000 - 0x00007ffce80fa000 	C:\WINDOWS\SYSTEM32\VERSION.dll
0x00007ffcef8f0000 - 0x00007ffcef921000 	C:\WINDOWS\System32\IMM32.DLL
0x00007ffcdc410000 - 0x00007ffcdc41c000 	C:\Program Files\Java\jdk-17\bin\vcruntime140_1.dll
0x00007ffcd6b20000 - 0x00007ffcd6bae000 	C:\Program Files\Java\jdk-17\bin\msvcp140.dll
0x00007ffcaea40000 - 0x00007ffcaf617000 	C:\Program Files\Java\jdk-17\bin\server\jvm.dll
0x00007ffcef5c0000 - 0x00007ffcef5c8000 	C:\WINDOWS\System32\PSAPI.DLL
0x00007ffce8d30000 - 0x00007ffce8d39000 	C:\WINDOWS\SYSTEM32\WSOCK32.dll
0x00007ffce80b0000 - 0x00007ffce80e4000 	C:\WINDOWS\SYSTEM32\WINMM.dll
0x00007ffcf0900000 - 0x00007ffcf0971000 	C:\WINDOWS\System32\WS2_32.dll
0x00007ffced9a0000 - 0x00007ffced9b8000 	C:\WINDOWS\SYSTEM32\kernel.appcore.dll
0x00007ffcd9730000 - 0x00007ffcd973a000 	C:\Program Files\Java\jdk-17\bin\jimage.dll
0x00007ffcec360000 - 0x00007ffcec58e000 	C:\WINDOWS\SYSTEM32\DBGHELP.DLL
0x00007ffcef9a0000 - 0x00007ffcefd2a000 	C:\WINDOWS\System32\combase.dll
0x00007ffcef430000 - 0x00007ffcef507000 	C:\WINDOWS\System32\OLEAUT32.dll
0x00007ffcd0740000 - 0x00007ffcd0772000 	C:\WINDOWS\SYSTEM32\dbgcore.DLL
0x00007ffcef0c0000 - 0x00007ffcef13a000 	C:\WINDOWS\System32\bcryptPrimitives.dll
0x00007ffcd6a60000 - 0x00007ffcd6a85000 	C:\Program Files\Java\jdk-17\bin\java.dll
0x00007ffcb2660000 - 0x00007ffcb2737000 	C:\Program Files\Java\jdk-17\bin\jsvml.dll
0x00007ffcf09b0000 - 0x00007ffcf11d3000 	C:\WINDOWS\System32\SHELL32.dll
0x00007ffcec930000 - 0x00007ffced21a000 	C:\WINDOWS\SYSTEM32\windows.storage.dll
0x00007ffcec7f0000 - 0x00007ffcec92e000 	C:\WINDOWS\SYSTEM32\wintypes.dll
0x00007ffcefe30000 - 0x00007ffceff23000 	C:\WINDOWS\System32\SHCORE.dll
0x00007ffcef940000 - 0x00007ffcef99e000 	C:\WINDOWS\System32\shlwapi.dll
0x00007ffcee8d0000 - 0x00007ffcee8f6000 	C:\WINDOWS\SYSTEM32\profapi.dll
0x00007ffcd6e60000 - 0x00007ffcd6e79000 	C:\Program Files\Java\jdk-17\bin\net.dll
0x00007ffce7850000 - 0x00007ffce7987000 	C:\WINDOWS\SYSTEM32\WINHTTP.dll
0x00007ffcedf10000 - 0x00007ffcedf79000 	C:\WINDOWS\system32\mswsock.dll
0x00007ffcd6c00000 - 0x00007ffcd6c16000 	C:\Program Files\Java\jdk-17\bin\nio.dll
0x00007ffcd6a40000 - 0x00007ffcd6a58000 	C:\Program Files\Java\jdk-17\bin\zip.dll
0x00007ffcd8740000 - 0x00007ffcd8750000 	C:\Program Files\Java\jdk-17\bin\verify.dll
0x00007ffcd8200000 - 0x00007ffcd8227000 	C:\Users\ASUS\.gradle\native\68d5fa5c4cc2d200863cafc0d521ce42e7d3e7ee720ec0a83991735586a16f82\windows-amd64\native-platform.dll
0x00007ffcae8f0000 - 0x00007ffcaea34000 	C:\Users\ASUS\.gradle\native\e376f236ea51e6404a007f0833ffe2c6e607c4080706a723a18a27aeea778392\windows-amd64\native-platform-file-events.dll
0x00007ffcd81d0000 - 0x00007ffcd81da000 	C:\Program Files\Java\jdk-17\bin\management.dll
0x00007ffcd7200000 - 0x00007ffcd720b000 	C:\Program Files\Java\jdk-17\bin\management_ext.dll
0x00007ffcee1c0000 - 0x00007ffcee1db000 	C:\WINDOWS\SYSTEM32\CRYPTSP.dll
0x00007ffced960000 - 0x00007ffced995000 	C:\WINDOWS\system32\rsaenh.dll
0x00007ffcee050000 - 0x00007ffcee07c000 	C:\WINDOWS\SYSTEM32\USERENV.dll
0x00007ffcee370000 - 0x00007ffcee398000 	C:\WINDOWS\SYSTEM32\bcrypt.dll
0x00007ffcee1b0000 - 0x00007ffcee1bc000 	C:\WINDOWS\SYSTEM32\CRYPTBASE.dll
0x00007ffced480000 - 0x00007ffced4ad000 	C:\WINDOWS\SYSTEM32\IPHLPAPI.DLL
0x00007ffcef930000 - 0x00007ffcef939000 	C:\WINDOWS\System32\NSI.dll
0x00007ffce8100000 - 0x00007ffce8119000 	C:\WINDOWS\SYSTEM32\dhcpcsvc6.DLL
0x00007ffce7c60000 - 0x00007ffce7c7f000 	C:\WINDOWS\SYSTEM32\dhcpcsvc.DLL
0x00007ffced4f0000 - 0x00007ffced5e2000 	C:\WINDOWS\SYSTEM32\DNSAPI.dll
0x00007ffcd71b0000 - 0x00007ffcd71bd000 	C:\Program Files\Java\jdk-17\bin\sunmscapi.dll
0x00007ffceef20000 - 0x00007ffcef086000 	C:\WINDOWS\System32\CRYPT32.dll
0x00007ffcee340000 - 0x00007ffcee36e000 	C:\WINDOWS\SYSTEM32\ncrypt.dll
0x00007ffcee300000 - 0x00007ffcee337000 	C:\WINDOWS\SYSTEM32\NTASN1.dll
0x00007ffce91c0000 - 0x00007ffce91c8000 	C:\WINDOWS\system32\wshunix.dll

dbghelp: loaded successfully - version: 4.0.5 - missing functions: none
symbol engine: initialized successfully - sym options: 0x614 - pdb path: .;C:\Program Files\Java\jdk-17\bin;C:\WINDOWS\SYSTEM32;C:\WINDOWS\WinSxS\amd64_microsoft.windows.common-controls_6595b64144ccf1df_6.0.22621.2215_none_270d72677387dfc3;C:\Program Files\Java\jdk-17\bin\server;C:\Users\ASUS\.gradle\native\68d5fa5c4cc2d200863cafc0d521ce42e7d3e7ee720ec0a83991735586a16f82\windows-amd64;C:\Users\ASUS\.gradle\native\e376f236ea51e6404a007f0833ffe2c6e607c4080706a723a18a27aeea778392\windows-amd64

VM Arguments:
jvm_args: --add-opens=java.base/java.util=ALL-UNNAMED --add-opens=java.base/java.lang=ALL-UNNAMED --add-opens=java.base/java.lang.invoke=ALL-UNNAMED --add-opens=java.prefs/java.util.prefs=ALL-UNNAMED --add-opens=java.base/java.nio.charset=ALL-UNNAMED --add-opens=java.base/java.net=ALL-UNNAMED --add-opens=java.base/java.util.concurrent.atomic=ALL-UNNAMED -Xmx2048m -Dfile.encoding=UTF-8 -Duser.country=US -Duser.language=en -Duser.variant 
java_command: org.gradle.launcher.daemon.bootstrap.GradleDaemon 8.0.2
java_class_path (initial): C:\Users\ASUS\.gradle\wrapper\dists\gradle-8.0.2-bin\25jlreiuz6u3xu2phlpa2vv4m\gradle-8.0.2\lib\gradle-launcher-8.0.2.jar
Launcher Type: SUN_STANDARD

[Global flags]
     intx CICompilerCount                          = 4                                         {product} {ergonomic}
     uint ConcGCThreads                            = 2                                         {product} {ergonomic}
     uint G1ConcRefinementThreads                  = 8                                         {product} {ergonomic}
   size_t G1HeapRegionSize                         = 1048576                                   {product} {ergonomic}
    uintx GCDrainStackTargetSize                   = 64                                        {product} {ergonomic}
   size_t InitialHeapSize                          = 134217728                                 {product} {ergonomic}
   size_t MarkStackSize                            = 4194304                                   {product} {ergonomic}
   size_t MaxHeapSize                              = 2147483648                                {product} {command line}
   size_t MaxNewSize                               = 1287651328                                {product} {ergonomic}
   size_t MinHeapDeltaBytes                        = 1048576                                   {product} {ergonomic}
   size_t MinHeapSize                              = 8388608                                   {product} {ergonomic}
    uintx NonNMethodCodeHeapSize                   = 5839372                                {pd product} {ergonomic}
    uintx NonProfiledCodeHeapSize                  = 122909434                              {pd product} {ergonomic}
    uintx ProfiledCodeHeapSize                     = 122909434                              {pd product} {ergonomic}
    uintx ReservedCodeCacheSize                    = 251658240                              {pd product} {ergonomic}
     bool SegmentedCodeCache                       = true                                      {product} {ergonomic}
   size_t SoftMaxHeapSize                          = 2147483648                             {manageable} {ergonomic}
     bool UseCompressedClassPointers               = true                           {product lp64_product} {ergonomic}
     bool UseCompressedOops                        = true                           {product lp64_product} {ergonomic}
     bool UseG1GC                                  = true                                      {product} {ergonomic}
     bool UseLargePagesIndividualAllocation        = false                                  {pd product} {ergonomic}

Logging:
Log output configuration:
 #0: stdout all=warning uptime,level,tags
 #1: stderr all=off uptime,level,tags

Environment Variables:
PATH=C:\Program Files\Common Files\Oracle\Java\javapath;C:\Python310\Scripts\;C:\Python310\;C:\Program Files (x86)\Common Files\Intel\Shared Files\cpp\bin\Intel64;C:\Program Files (x86)\Intel\iCLS Client\;C:\Program Files\Intel\iCLS Client\;C:\Windows\system32;C:\Windows;C:\Windows\System32\Wbem;C:\Windows\System32\WindowsPowerShell\v1.0\;C:\Windows\System32\OpenSSH\;C:\Program Files (x86)\Intel\Intel(R) Management Engine Components\DAL;C:\Program Files\Intel\Intel(R) Management Engine Components\DAL;C:\Program Files (x86)\Intel\Intel(R) Management Engine Components\IPT;C:\Program Files\Intel\Intel(R) Management Engine Components\IPT;C:\Program Files (x86)\NVIDIA Corporation\PhysX\Common;C:\Program Files\Microsoft VS Code\bin;C:\ProgramData\chocolatey\bin;C:\WINDOWS\system32;C:\WINDOWS;C:\WINDOWS\System32\Wbem;C:\WINDOWS\System32\WindowsPowerShell\v1.0\;C:\WINDOWS\System32\OpenSSH\;C:\xampp\php;C:\ProgramData\ComposerSetup\bin;D:\Git\cmd;C:\Users\ASUS\AppData\Roaming\nvm;C:\Program Files\nodejs;C:\Users\ASUS\AppData\Roaming\npm;C:\Users\ASUS\AppData\Roaming\nvm;C:\Program Files\nodejs\;C:\Program Files\dotnet\;C:\Users\ASUS\AppData\Local\Microsoft\WindowsApps;;D:\IntelliJ IDEA 2023.2\bin;
USERNAME=ASUS
OS=Windows_NT
PROCESSOR_IDENTIFIER=Intel64 Family 6 Model 142 Stepping 10, GenuineIntel



---------------  S Y S T E M  ---------------

OS:
 Windows 11 , 64 bit Build 22621 (10.0.22621.2215)
OS uptime: 0 days 3:40 hours

CPU: total 8 (initial active 8) (4 cores per cpu, 2 threads per core) family 6 model 142 stepping 10 microcode 0xe0, cx8, cmov, fxsr, ht, mmx, 3dnowpref, sse, sse2, sse3, ssse3, sse4.1, sse4.2, popcnt, lzcnt, tsc, tscinvbit, avx, avx2, aes, erms, clmul, bmi1, bmi2, adx, fma, vzeroupper, clflush, clflushopt

Memory: 4k page, system-wide physical 8074M (1008M free)
TotalPageFile size 8521M (AvailPageFile size 54M)
current process WorkingSet (physical memory assigned to process): 347M, peak: 349M
current process commit charge ("private bytes"): 393M, peak: 472M

vm_info: Java HotSpot(TM) 64-Bit Server VM (17.0.6+9-LTS-190) for windows-amd64 JRE (17.0.6+9-LTS-190), built on Dec  6 2022 15:53:54 by "mach5one" with MS VC++ 17.1 (VS2022)

END.
