#
# There is insufficient memory for the Java Runtime Environment to continue.
# Native memory allocation (mmap) failed to map 134217728 bytes for G1 virtual space
# Possible reasons:
#   The system is out of physical RAM or swap space
#   The process is running with CompressedOops enabled, and the Java Heap may be blocking the growth of the native heap
# Possible solutions:
#   Reduce memory load on the system
#   Increase physical memory or swap space
#   Check if swap backing store is full
#   Decrease Java heap size (-Xmx/-Xms)
#   Decrease number of Java threads
#   Decrease Java thread stack sizes (-Xss)
#   Set larger code cache with -XX:ReservedCodeCacheSize=
#   JVM is running with Unscaled Compressed Oops mode in which the Java heap is
#     placed in the first 4GB address space. The Java Heap base address is the
#     maximum limit for the native heap growth. Please use -XX:HeapBaseMinAddress
#     to set the Java Heap base and to place the Java Heap above 4GB virtual address.
# This output file may be truncated or incomplete.
#
#  Out of Memory Error (os_windows.cpp:3550), pid=13036, tid=7784
#
# JRE version: Java(TM) SE Runtime Environment (17.0.6+9) (build 17.0.6+9-LTS-190)
# Java VM: Java HotSpot(TM) 64-Bit Server VM (17.0.6+9-LTS-190, mixed mode, sharing, tiered, compressed oops, compressed class ptrs, g1 gc, windows-amd64)
# No core dump will be written. Minidumps are not enabled by default on client versions of Windows
#

---------------  S U M M A R Y ------------

Command Line: --add-opens=java.base/java.util=ALL-UNNAMED --add-opens=java.base/java.lang=ALL-UNNAMED --add-opens=java.base/java.lang.invoke=ALL-UNNAMED --add-opens=java.prefs/java.util.prefs=ALL-UNNAMED --add-opens=java.base/java.nio.charset=ALL-UNNAMED --add-opens=java.base/java.net=ALL-UNNAMED --add-opens=java.base/java.util.concurrent.atomic=ALL-UNNAMED -Xmx2048m -Dfile.encoding=UTF-8 -Duser.country=US -Duser.language=en -Duser.variant org.gradle.launcher.daemon.bootstrap.GradleDaemon 8.0.2

Host: Intel(R) Core(TM) i5-8250U CPU @ 1.60GHz, 8 cores, 7G,  Windows 11 , 64 bit Build 22621 (10.0.22621.2215)
Time: Thu Oct  5 20:36:40 2023 SE Asia Standard Time elapsed time: 15.656441 seconds (0d 0h 0m 15s)

---------------  T H R E A D  ---------------

Current thread (0x00000253c7f7fa40):  VMThread "VM Thread" [stack: 0x000000cfa0800000,0x000000cfa0900000] [id=7784]

Stack: [0x000000cfa0800000,0x000000cfa0900000]
Native frames: (J=compiled Java code, j=interpreted, Vv=VM code, C=native code)
V  [jvm.dll+0x6734ea]
V  [jvm.dll+0x7d18f4]
V  [jvm.dll+0x7d309e]
V  [jvm.dll+0x7d3703]
V  [jvm.dll+0x2433c5]
V  [jvm.dll+0x6703f9]
V  [jvm.dll+0x664d32]
V  [jvm.dll+0x300086]
V  [jvm.dll+0x307606]
V  [jvm.dll+0x356c1e]
V  [jvm.dll+0x356e4f]
V  [jvm.dll+0x2d72e8]
V  [jvm.dll+0x2d57e5]
V  [jvm.dll+0x2d4dec]
V  [jvm.dll+0x31837b]
V  [jvm.dll+0x7d7f0b]
V  [jvm.dll+0x7d8c44]
V  [jvm.dll+0x7d915d]
V  [jvm.dll+0x7d9534]
V  [jvm.dll+0x7d9600]
V  [jvm.dll+0x781a7a]
V  [jvm.dll+0x672375]
C  [ucrtbase.dll+0x29363]
C  [KERNEL32.DLL+0x1257d]
C  [ntdll.dll+0x5aa68]

VM_Operation (0x000000cfa20fa680): G1CollectForAllocation, mode: safepoint, requested by thread 0x00000253cb1d16e0


---------------  P R O C E S S  ---------------

Threads class SMR info:
_java_thread_list=0x00000253ce5ab660, length=127, elements={
0x00000253a9dda400, 0x00000253c7f84540, 0x00000253c7f851b0, 0x00000253c7f977b0,
0x00000253c7f98070, 0x00000253c7f98930, 0x00000253c7f992e0, 0x00000253c7f9a070,
0x00000253c7f9f950, 0x00000253c7faa270, 0x00000253c8cd3130, 0x00000253c8cd8050,
0x00000253ca798340, 0x00000253caa793c0, 0x00000253cadcd020, 0x00000253cac39ba0,
0x00000253c9c90300, 0x00000253cb1cf060, 0x00000253cb1d16e0, 0x00000253cb1d2080,
0x00000253cb1d1bb0, 0x00000253cb1d0d40, 0x00000253cb1cfa00, 0x00000253cb1cf530,
0x00000253cb1cfed0, 0x00000253cb1d03a0, 0x00000253cb1d0870, 0x00000253cb1d1210,
0x00000253cb1d2a20, 0x00000253cabf3a30, 0x00000253cabf43d0, 0x00000253cabf0a10,
0x00000253cabf1880, 0x00000253cabf1d50, 0x00000253cabf5710, 0x00000253cabf3560,
0x00000253cabf2220, 0x00000253cabf3f00, 0x00000253cabf48a0, 0x00000253cabf60b0,
0x00000253cabf4d70, 0x00000253cabf6f20, 0x00000253cabf0070, 0x00000253d000f1b0,
0x00000253d000fb50, 0x00000253d00121d0, 0x00000253d000d000, 0x00000253d00139e0,
0x00000253d000de70, 0x00000253d0011360, 0x00000253d0013eb0, 0x00000253d000e810,
0x00000253d0010e90, 0x00000253d0014850, 0x00000253d000ece0, 0x00000253d000f680,
0x00000253d0011d00, 0x00000253d0013510, 0x00000253d000e340, 0x00000253d00104f0,
0x00000253d0010020, 0x00000253d000d4d0, 0x00000253d0011830, 0x00000253d000d9a0,
0x00000253d00126a0, 0x00000253d00109c0, 0x00000253d0012b70, 0x00000253d18f7ac0,
0x00000253d18f15b0, 0x00000253d18f6780, 0x00000253d18f6c50, 0x00000253d18f1a80,
0x00000253d18f7120, 0x00000253d18f5de0, 0x00000253d18f3c30, 0x00000253d18f1f50,
0x00000253d18f2dc0, 0x00000253d18f4100, 0x00000253d18f45d0, 0x00000253d18f28f0,
0x00000253d18f0740, 0x00000253d18f3290, 0x00000253d18f75f0, 0x00000253d18f4aa0,
0x00000253d18f7f90, 0x00000253d18f4f70, 0x00000253d18f0c10, 0x00000253d18f10e0,
0x00000253d18f2420, 0x00000253d18f5440, 0x00000253d18f62b0, 0x00000253d18f3760,
0x00000253d18f5910, 0x00000253cd6c6af0, 0x00000253cd6c3ad0, 0x00000253cd6c7e30,
0x00000253cd6c6620, 0x00000253cd6c3130, 0x00000253cd6c8300, 0x00000253cd6c4e10,
0x00000253cd6c52e0, 0x00000253cd6c57b0, 0x00000253cd6c9170, 0x00000253cd6c5c80,
0x00000253cd6c2790, 0x00000253cd6c3fa0, 0x00000253cd6c6fc0, 0x00000253cd6c6150,
0x00000253cd6c9640, 0x00000253cd6c4940, 0x00000253cd6c7490, 0x00000253cd6c3600,
0x00000253cd6c4470, 0x00000253cd6c7960, 0x00000253cd6c2c60, 0x00000253cd6c87d0,
0x00000253cd6c9b10, 0x00000253cd6c8ca0, 0x00000253cd6c22c0, 0x00000253d02b4da0,
0x00000253d02b1d80, 0x00000253d02b5270, 0x00000253d02b18b0, 0x00000253d02b30c0,
0x00000253d02b3590, 0x00000253cb36d340, 0x00000253cb36e780
}

Java Threads: ( => current thread )
  0x00000253a9dda400 JavaThread "main" [_thread_blocked, id=6072, stack(0x000000cfa0200000,0x000000cfa0300000)]
  0x00000253c7f84540 JavaThread "Reference Handler" daemon [_thread_blocked, id=6724, stack(0x000000cfa0900000,0x000000cfa0a00000)]
  0x00000253c7f851b0 JavaThread "Finalizer" daemon [_thread_blocked, id=5932, stack(0x000000cfa0a00000,0x000000cfa0b00000)]
  0x00000253c7f977b0 JavaThread "Signal Dispatcher" daemon [_thread_blocked, id=6900, stack(0x000000cfa0b00000,0x000000cfa0c00000)]
  0x00000253c7f98070 JavaThread "Attach Listener" daemon [_thread_blocked, id=8300, stack(0x000000cfa0c00000,0x000000cfa0d00000)]
  0x00000253c7f98930 JavaThread "Service Thread" daemon [_thread_blocked, id=13860, stack(0x000000cfa0d00000,0x000000cfa0e00000)]
  0x00000253c7f992e0 JavaThread "Monitor Deflation Thread" daemon [_thread_blocked, id=1904, stack(0x000000cfa0e00000,0x000000cfa0f00000)]
  0x00000253c7f9a070 JavaThread "C2 CompilerThread0" daemon [_thread_blocked, id=8120, stack(0x000000cfa0f00000,0x000000cfa1000000)]
  0x00000253c7f9f950 JavaThread "C1 CompilerThread0" daemon [_thread_blocked, id=4056, stack(0x000000cfa1000000,0x000000cfa1100000)]
  0x00000253c7faa270 JavaThread "Sweeper thread" daemon [_thread_blocked, id=7988, stack(0x000000cfa1100000,0x000000cfa1200000)]
  0x00000253c8cd3130 JavaThread "Common-Cleaner" daemon [_thread_blocked, id=1892, stack(0x000000cfa1200000,0x000000cfa1300000)]
  0x00000253c8cd8050 JavaThread "Notification Thread" daemon [_thread_blocked, id=6852, stack(0x000000cfa1300000,0x000000cfa1400000)]
  0x00000253ca798340 JavaThread "Daemon health stats" [_thread_blocked, id=7192, stack(0x000000cfa1b00000,0x000000cfa1c00000)]
  0x00000253caa793c0 JavaThread "Incoming local TCP Connector on port 50250" [_thread_in_native, id=12084, stack(0x000000cfa1c00000,0x000000cfa1d00000)]
  0x00000253cadcd020 JavaThread "Daemon periodic checks" [_thread_blocked, id=5296, stack(0x000000cfa1a00000,0x000000cfa1b00000)]
  0x00000253cac39ba0 JavaThread "Daemon" [_thread_blocked, id=4856, stack(0x000000cfa1d00000,0x000000cfa1e00000)]
  0x00000253c9c90300 JavaThread "Handler for socket connection from /127.0.0.1:50250 to /127.0.0.1:50251" [_thread_in_native, id=13536, stack(0x000000cfa1e00000,0x000000cfa1f00000)]
  0x00000253cb1cf060 JavaThread "Cancel handler" [_thread_blocked, id=1556, stack(0x000000cfa1f00000,0x000000cfa2000000)]
  0x00000253cb1d16e0 JavaThread "Daemon worker" [_thread_blocked, id=8932, stack(0x000000cfa2000000,0x000000cfa2100000)]
  0x00000253cb1d2080 JavaThread "Asynchronous log dispatcher for DefaultDaemonConnection: socket connection from /127.0.0.1:50250 to /127.0.0.1:50251" [_thread_blocked, id=7228, stack(0x000000cfa2100000,0x000000cfa2200000)]
  0x00000253cb1d1bb0 JavaThread "Stdin handler" [_thread_blocked, id=10012, stack(0x000000cfa2200000,0x000000cfa2300000)]
  0x00000253cb1d0d40 JavaThread "Daemon client event forwarder" [_thread_blocked, id=9124, stack(0x000000cfa2300000,0x000000cfa2400000)]
  0x00000253cb1cfa00 JavaThread "Cache worker for journal cache (C:\Users\ASUS\.gradle\caches\journal-1)" [_thread_blocked, id=12924, stack(0x000000cfa1500000,0x000000cfa1600000)]
  0x00000253cb1cf530 JavaThread "File lock request listener" [_thread_in_native, id=4464, stack(0x000000cfa2400000,0x000000cfa2500000)]
  0x00000253cb1cfed0 JavaThread "Cache worker for file hash cache (C:\Users\ASUS\.gradle\caches\8.0.2\fileHashes)" [_thread_blocked, id=14536, stack(0x000000cfa2600000,0x000000cfa2700000)]
  0x00000253cb1d03a0 JavaThread "File watcher server" daemon [_thread_in_native, id=4340, stack(0x000000cfa2a00000,0x000000cfa2b00000)]
  0x00000253cb1d0870 JavaThread "File watcher consumer" daemon [_thread_blocked, id=10884, stack(0x000000cfa2b00000,0x000000cfa2c00000)]
  0x00000253cb1d1210 JavaThread "jar transforms" [_thread_blocked, id=10008, stack(0x000000cfa2d00000,0x000000cfa2e00000)]
  0x00000253cb1d2a20 JavaThread "jar transforms Thread 2" [_thread_blocked, id=8344, stack(0x000000cfa2e00000,0x000000cfa2f00000)]
  0x00000253cabf3a30 JavaThread "jar transforms Thread 3" [_thread_blocked, id=2740, stack(0x000000cfa2f00000,0x000000cfa3000000)]
  0x00000253cabf43d0 JavaThread "jar transforms Thread 4" [_thread_blocked, id=2872, stack(0x000000cfa3000000,0x000000cfa3100000)]
  0x00000253cabf0a10 JavaThread "jar transforms Thread 5" [_thread_blocked, id=11356, stack(0x000000cfa3100000,0x000000cfa3200000)]
  0x00000253cabf1880 JavaThread "jar transforms Thread 6" [_thread_blocked, id=2428, stack(0x000000cfa3200000,0x000000cfa3300000)]
  0x00000253cabf1d50 JavaThread "jar transforms Thread 7" [_thread_blocked, id=1608, stack(0x000000cfa3300000,0x000000cfa3400000)]
  0x00000253cabf5710 JavaThread "jar transforms Thread 8" [_thread_blocked, id=14120, stack(0x000000cfa3400000,0x000000cfa3500000)]
  0x00000253cabf3560 JavaThread "Cache worker for checksums cache (D:\Aplikasi_DBandeng\.gradle\8.0.2\checksums)" [_thread_blocked, id=1592, stack(0x000000cfa3600000,0x000000cfa3700000)]
  0x00000253cabf2220 JavaThread "Cache worker for cache directory md-rule (C:\Users\ASUS\.gradle\caches\8.0.2\md-rule)" [_thread_blocked, id=2684, stack(0x000000cfa3700000,0x000000cfa3800000)]
  0x00000253cabf3f00 JavaThread "Cache worker for file content cache (C:\Users\ASUS\.gradle\caches\8.0.2\fileContent)" [_thread_blocked, id=8216, stack(0x000000cfa3800000,0x000000cfa3900000)]
  0x00000253cabf48a0 JavaThread "Cache worker for file hash cache (D:\Aplikasi_DBandeng\.gradle\8.0.2\fileHashes)" [_thread_blocked, id=6220, stack(0x000000cfa3900000,0x000000cfa3a00000)]
  0x00000253cabf60b0 JavaThread "Cache worker for cache directory md-supplier (C:\Users\ASUS\.gradle\caches\8.0.2\md-supplier)" [_thread_blocked, id=11284, stack(0x000000cfa3a00000,0x000000cfa3b00000)]
  0x00000253cabf4d70 JavaThread "Cache worker for execution history cache (C:\Users\ASUS\.gradle\caches\8.0.2\executionHistory)" [_thread_blocked, id=632, stack(0x000000cfa3b00000,0x000000cfa3c00000)]
  0x00000253cabf6f20 JavaThread "Cache worker for kotlin-dsl (C:\Users\ASUS\.gradle\caches\8.0.2\kotlin-dsl)" [_thread_blocked, id=7596, stack(0x000000cfa3c00000,0x000000cfa3d00000)]
  0x00000253cabf0070 JavaThread "Cache worker for dependencies-accessors (D:\Aplikasi_DBandeng\.gradle\8.0.2\dependencies-accessors)" [_thread_blocked, id=9060, stack(0x000000cfa3d00000,0x000000cfa3e00000)]
  0x00000253d000f1b0 JavaThread "Cache worker for Build Output Cleanup Cache (D:\Aplikasi_DBandeng\.gradle\buildOutputCleanup)" [_thread_blocked, id=8444, stack(0x000000cfa3e00000,0x000000cfa3f00000)]
  0x00000253d000fb50 JavaThread "Unconstrained build operations" [_thread_blocked, id=7024, stack(0x000000cfa3f00000,0x000000cfa4000000)]
  0x00000253d00121d0 JavaThread "Unconstrained build operations Thread 2" [_thread_blocked, id=8492, stack(0x000000cfa4000000,0x000000cfa4100000)]
  0x00000253d000d000 JavaThread "Unconstrained build operations Thread 3" [_thread_blocked, id=5420, stack(0x000000cfa4100000,0x000000cfa4200000)]
  0x00000253d00139e0 JavaThread "Unconstrained build operations Thread 4" [_thread_blocked, id=9312, stack(0x000000cfa4200000,0x000000cfa4300000)]
  0x00000253d000de70 JavaThread "Unconstrained build operations Thread 5" [_thread_blocked, id=8524, stack(0x000000cfa4300000,0x000000cfa4400000)]
  0x00000253d0011360 JavaThread "Unconstrained build operations Thread 6" [_thread_blocked, id=2992, stack(0x000000cfa4400000,0x000000cfa4500000)]
  0x00000253d0013eb0 JavaThread "Unconstrained build operations Thread 7" [_thread_blocked, id=2272, stack(0x000000cfa4500000,0x000000cfa4600000)]
  0x00000253d000e810 JavaThread "Unconstrained build operations Thread 8" [_thread_blocked, id=10828, stack(0x000000cfa4600000,0x000000cfa4700000)]
  0x00000253d0010e90 JavaThread "Unconstrained build operations Thread 9" [_thread_blocked, id=6340, stack(0x000000cfa4700000,0x000000cfa4800000)]
  0x00000253d0014850 JavaThread "Unconstrained build operations Thread 10" [_thread_blocked, id=14464, stack(0x000000cfa4800000,0x000000cfa4900000)]
  0x00000253d000ece0 JavaThread "Unconstrained build operations Thread 11" [_thread_blocked, id=9328, stack(0x000000cfa4900000,0x000000cfa4a00000)]
  0x00000253d000f680 JavaThread "Unconstrained build operations Thread 12" [_thread_blocked, id=12996, stack(0x000000cfa4a00000,0x000000cfa4b00000)]
  0x00000253d0011d00 JavaThread "Unconstrained build operations Thread 13" [_thread_blocked, id=15180, stack(0x000000cfa4b00000,0x000000cfa4c00000)]
  0x00000253d0013510 JavaThread "Unconstrained build operations Thread 14" [_thread_blocked, id=5856, stack(0x000000cfa4c00000,0x000000cfa4d00000)]
  0x00000253d000e340 JavaThread "Unconstrained build operations Thread 15" [_thread_blocked, id=13344, stack(0x000000cfa4d00000,0x000000cfa4e00000)]
  0x00000253d00104f0 JavaThread "Unconstrained build operations Thread 16" [_thread_blocked, id=15000, stack(0x000000cfa4e00000,0x000000cfa4f00000)]
  0x00000253d0010020 JavaThread "Unconstrained build operations Thread 17" [_thread_blocked, id=7796, stack(0x000000cfa4f00000,0x000000cfa5000000)]
  0x00000253d000d4d0 JavaThread "Unconstrained build operations Thread 18" [_thread_blocked, id=12556, stack(0x000000cfa5000000,0x000000cfa5100000)]
  0x00000253d0011830 JavaThread "Unconstrained build operations Thread 19" [_thread_blocked, id=10656, stack(0x000000cfa5100000,0x000000cfa5200000)]
  0x00000253d000d9a0 JavaThread "Unconstrained build operations Thread 20" [_thread_blocked, id=14864, stack(0x000000cfa5200000,0x000000cfa5300000)]
  0x00000253d00126a0 JavaThread "Unconstrained build operations Thread 21" [_thread_blocked, id=13132, stack(0x000000cfa5300000,0x000000cfa5400000)]
  0x00000253d00109c0 JavaThread "Unconstrained build operations Thread 22" [_thread_blocked, id=14840, stack(0x000000cfa5400000,0x000000cfa5500000)]
  0x00000253d0012b70 JavaThread "Unconstrained build operations Thread 23" [_thread_blocked, id=12156, stack(0x000000cfa5500000,0x000000cfa5600000)]
  0x00000253d18f7ac0 JavaThread "Unconstrained build operations Thread 24" [_thread_blocked, id=9456, stack(0x000000cfa5600000,0x000000cfa5700000)]
  0x00000253d18f15b0 JavaThread "Unconstrained build operations Thread 25" [_thread_blocked, id=1032, stack(0x000000cfa5700000,0x000000cfa5800000)]
  0x00000253d18f6780 JavaThread "Unconstrained build operations Thread 26" [_thread_blocked, id=10592, stack(0x000000cfa5800000,0x000000cfa5900000)]
  0x00000253d18f6c50 JavaThread "Unconstrained build operations Thread 27" [_thread_blocked, id=13664, stack(0x000000cfa5900000,0x000000cfa5a00000)]
  0x00000253d18f1a80 JavaThread "Unconstrained build operations Thread 28" [_thread_blocked, id=12176, stack(0x000000cfa5a00000,0x000000cfa5b00000)]
  0x00000253d18f7120 JavaThread "Unconstrained build operations Thread 29" [_thread_blocked, id=2072, stack(0x000000cfa5b00000,0x000000cfa5c00000)]
  0x00000253d18f5de0 JavaThread "Unconstrained build operations Thread 30" [_thread_blocked, id=5092, stack(0x000000cfa5c00000,0x000000cfa5d00000)]
  0x00000253d18f3c30 JavaThread "Unconstrained build operations Thread 31" [_thread_blocked, id=6684, stack(0x000000cfa5d00000,0x000000cfa5e00000)]
  0x00000253d18f1f50 JavaThread "Unconstrained build operations Thread 32" [_thread_blocked, id=6228, stack(0x000000cfa5e00000,0x000000cfa5f00000)]
  0x00000253d18f2dc0 JavaThread "Unconstrained build operations Thread 33" [_thread_blocked, id=9196, stack(0x000000cfa5f00000,0x000000cfa6000000)]
  0x00000253d18f4100 JavaThread "Unconstrained build operations Thread 34" [_thread_blocked, id=15176, stack(0x000000cfa6000000,0x000000cfa6100000)]
  0x00000253d18f45d0 JavaThread "Unconstrained build operations Thread 35" [_thread_blocked, id=5712, stack(0x000000cfa6100000,0x000000cfa6200000)]
  0x00000253d18f28f0 JavaThread "Unconstrained build operations Thread 36" [_thread_blocked, id=10440, stack(0x000000cfa6200000,0x000000cfa6300000)]
  0x00000253d18f0740 JavaThread "Unconstrained build operations Thread 37" [_thread_blocked, id=11228, stack(0x000000cfa6300000,0x000000cfa6400000)]
  0x00000253d18f3290 JavaThread "Unconstrained build operations Thread 38" [_thread_blocked, id=5308, stack(0x000000cfa6400000,0x000000cfa6500000)]
  0x00000253d18f75f0 JavaThread "Unconstrained build operations Thread 39" [_thread_blocked, id=1676, stack(0x000000cfa6500000,0x000000cfa6600000)]
  0x00000253d18f4aa0 JavaThread "Unconstrained build operations Thread 40" [_thread_blocked, id=14624, stack(0x000000cfa6600000,0x000000cfa6700000)]
  0x00000253d18f7f90 JavaThread "Unconstrained build operations Thread 41" [_thread_blocked, id=9972, stack(0x000000cfa6700000,0x000000cfa6800000)]
  0x00000253d18f4f70 JavaThread "Unconstrained build operations Thread 42" [_thread_blocked, id=12536, stack(0x000000cfa6800000,0x000000cfa6900000)]
  0x00000253d18f0c10 JavaThread "Unconstrained build operations Thread 43" [_thread_blocked, id=4816, stack(0x000000cfa6900000,0x000000cfa6a00000)]
  0x00000253d18f10e0 JavaThread "Unconstrained build operations Thread 44" [_thread_blocked, id=8376, stack(0x000000cfa6a00000,0x000000cfa6b00000)]
  0x00000253d18f2420 JavaThread "Unconstrained build operations Thread 45" [_thread_blocked, id=10528, stack(0x000000cfa6b00000,0x000000cfa6c00000)]
  0x00000253d18f5440 JavaThread "Unconstrained build operations Thread 46" [_thread_blocked, id=7860, stack(0x000000cfa6c00000,0x000000cfa6d00000)]
  0x00000253d18f62b0 JavaThread "Unconstrained build operations Thread 47" [_thread_blocked, id=6896, stack(0x000000cfa6d00000,0x000000cfa6e00000)]
  0x00000253d18f3760 JavaThread "Unconstrained build operations Thread 48" [_thread_blocked, id=9916, stack(0x000000cfa6e00000,0x000000cfa6f00000)]
  0x00000253d18f5910 JavaThread "Unconstrained build operations Thread 49" [_thread_blocked, id=1168, stack(0x000000cfa6f00000,0x000000cfa7000000)]
  0x00000253cd6c6af0 JavaThread "Unconstrained build operations Thread 50" [_thread_blocked, id=10892, stack(0x000000cfa7000000,0x000000cfa7100000)]
  0x00000253cd6c3ad0 JavaThread "Unconstrained build operations Thread 51" [_thread_blocked, id=4584, stack(0x000000cfa7100000,0x000000cfa7200000)]
  0x00000253cd6c7e30 JavaThread "Unconstrained build operations Thread 52" [_thread_blocked, id=11392, stack(0x000000cfa7200000,0x000000cfa7300000)]
  0x00000253cd6c6620 JavaThread "Unconstrained build operations Thread 53" [_thread_blocked, id=9048, stack(0x000000cfa7300000,0x000000cfa7400000)]
  0x00000253cd6c3130 JavaThread "Unconstrained build operations Thread 54" [_thread_blocked, id=10408, stack(0x000000cfa7400000,0x000000cfa7500000)]
  0x00000253cd6c8300 JavaThread "Unconstrained build operations Thread 55" [_thread_blocked, id=11252, stack(0x000000cfa7500000,0x000000cfa7600000)]
  0x00000253cd6c4e10 JavaThread "Unconstrained build operations Thread 56" [_thread_blocked, id=3612, stack(0x000000cfa7600000,0x000000cfa7700000)]
  0x00000253cd6c52e0 JavaThread "Unconstrained build operations Thread 57" [_thread_blocked, id=15156, stack(0x000000cfa7700000,0x000000cfa7800000)]
  0x00000253cd6c57b0 JavaThread "Unconstrained build operations Thread 58" [_thread_blocked, id=8824, stack(0x000000cfa7800000,0x000000cfa7900000)]
  0x00000253cd6c9170 JavaThread "Unconstrained build operations Thread 59" [_thread_blocked, id=8092, stack(0x000000cfa7900000,0x000000cfa7a00000)]
  0x00000253cd6c5c80 JavaThread "Unconstrained build operations Thread 60" [_thread_blocked, id=8976, stack(0x000000cfa7a00000,0x000000cfa7b00000)]
  0x00000253cd6c2790 JavaThread "Unconstrained build operations Thread 61" [_thread_blocked, id=8884, stack(0x000000cfa7b00000,0x000000cfa7c00000)]
  0x00000253cd6c3fa0 JavaThread "Unconstrained build operations Thread 62" [_thread_blocked, id=10576, stack(0x000000cfa7c00000,0x000000cfa7d00000)]
  0x00000253cd6c6fc0 JavaThread "Unconstrained build operations Thread 63" [_thread_blocked, id=9448, stack(0x000000cfa7d00000,0x000000cfa7e00000)]
  0x00000253cd6c6150 JavaThread "Unconstrained build operations Thread 64" [_thread_blocked, id=1072, stack(0x000000cfa7e00000,0x000000cfa7f00000)]
  0x00000253cd6c9640 JavaThread "Unconstrained build operations Thread 65" [_thread_blocked, id=9564, stack(0x000000cfa7f00000,0x000000cfa8000000)]
  0x00000253cd6c4940 JavaThread "Unconstrained build operations Thread 66" [_thread_blocked, id=13880, stack(0x000000cfa8000000,0x000000cfa8100000)]
  0x00000253cd6c7490 JavaThread "Unconstrained build operations Thread 67" [_thread_blocked, id=5600, stack(0x000000cfa8100000,0x000000cfa8200000)]
  0x00000253cd6c3600 JavaThread "Unconstrained build operations Thread 68" [_thread_blocked, id=9952, stack(0x000000cfa8200000,0x000000cfa8300000)]
  0x00000253cd6c4470 JavaThread "Unconstrained build operations Thread 69" [_thread_blocked, id=13152, stack(0x000000cfa8300000,0x000000cfa8400000)]
  0x00000253cd6c7960 JavaThread "Unconstrained build operations Thread 70" [_thread_blocked, id=3200, stack(0x000000cfa8400000,0x000000cfa8500000)]
  0x00000253cd6c2c60 JavaThread "Unconstrained build operations Thread 71" [_thread_blocked, id=14628, stack(0x000000cfa8500000,0x000000cfa8600000)]
  0x00000253cd6c87d0 JavaThread "Unconstrained build operations Thread 72" [_thread_blocked, id=11568, stack(0x000000cfa8600000,0x000000cfa8700000)]
  0x00000253cd6c9b10 JavaThread "Unconstrained build operations Thread 73" [_thread_blocked, id=8668, stack(0x000000cfa8700000,0x000000cfa8800000)]
  0x00000253cd6c8ca0 JavaThread "Unconstrained build operations Thread 74" [_thread_blocked, id=2580, stack(0x000000cfa8800000,0x000000cfa8900000)]
  0x00000253cd6c22c0 JavaThread "Unconstrained build operations Thread 75" [_thread_blocked, id=13680, stack(0x000000cfa8900000,0x000000cfa8a00000)]
  0x00000253d02b4da0 JavaThread "Unconstrained build operations Thread 76" [_thread_blocked, id=14876, stack(0x000000cfa8a00000,0x000000cfa8b00000)]
  0x00000253d02b1d80 JavaThread "Unconstrained build operations Thread 77" [_thread_blocked, id=1412, stack(0x000000cfa8b00000,0x000000cfa8c00000)]
  0x00000253d02b5270 JavaThread "Unconstrained build operations Thread 78" [_thread_blocked, id=12000, stack(0x000000cfa8c00000,0x000000cfa8d00000)]
  0x00000253d02b18b0 JavaThread "Unconstrained build operations Thread 79" [_thread_blocked, id=3956, stack(0x000000cfa8d00000,0x000000cfa8e00000)]
  0x00000253d02b30c0 JavaThread "Unconstrained build operations Thread 80" [_thread_blocked, id=14976, stack(0x000000cfa8e00000,0x000000cfa8f00000)]
  0x00000253d02b3590 JavaThread "Memory manager" [_thread_blocked, id=12264, stack(0x000000cfa8f00000,0x000000cfa9000000)]
  0x00000253cb36d340 JavaThread "C2 CompilerThread1" daemon [_thread_blocked, id=2472, stack(0x000000cfa2500000,0x000000cfa2600000)]
  0x00000253cb36e780 JavaThread "C2 CompilerThread2" daemon [_thread_blocked, id=6768, stack(0x000000cfa2c00000,0x000000cfa2d00000)]

Other Threads:
=>0x00000253c7f7fa40 VMThread "VM Thread" [stack: 0x000000cfa0800000,0x000000cfa0900000] [id=7784]
  0x00000253a9e5bed0 WatcherThread [stack: 0x000000cfa1400000,0x000000cfa1500000] [id=3488]
  0x00000253a9e37e40 GCTaskThread "GC Thread#0" [stack: 0x000000cfa0300000,0x000000cfa0400000] [id=7280]
  0x00000253c9dc0e50 GCTaskThread "GC Thread#1" [stack: 0x000000cfa1700000,0x000000cfa1800000] [id=14752]
  0x00000253c9dc1100 GCTaskThread "GC Thread#2" [stack: 0x000000cfa1800000,0x000000cfa1900000] [id=4660]
  0x00000253c995dbe0 GCTaskThread "GC Thread#3" [stack: 0x000000cfa1900000,0x000000cfa1a00000] [id=2480]
  0x00000253ca86a140 GCTaskThread "GC Thread#4" [stack: 0x000000cfa1600000,0x000000cfa1700000] [id=14316]
  0x00000253caeed120 GCTaskThread "GC Thread#5" [stack: 0x000000cfa2700000,0x000000cfa2800000] [id=3160]
  0x00000253caeed930 GCTaskThread "GC Thread#6" [stack: 0x000000cfa2800000,0x000000cfa2900000] [id=12944]
  0x00000253caeedbe0 GCTaskThread "GC Thread#7" [stack: 0x000000cfa2900000,0x000000cfa2a00000] [id=7072]
  0x00000253a9e48c80 ConcurrentGCThread "G1 Main Marker" [stack: 0x000000cfa0400000,0x000000cfa0500000] [id=6484]
  0x00000253a9e49590 ConcurrentGCThread "G1 Conc#0" [stack: 0x000000cfa0500000,0x000000cfa0600000] [id=6380]
  0x00000253caeed3d0 ConcurrentGCThread "G1 Conc#1" [stack: 0x000000cfa3500000,0x000000cfa3600000] [id=9188]
  0x00000253c7e430d0 ConcurrentGCThread "G1 Refine#0" [stack: 0x000000cfa0600000,0x000000cfa0700000] [id=14300]
  0x00000253c7e439f0 ConcurrentGCThread "G1 Service" [stack: 0x000000cfa0700000,0x000000cfa0800000] [id=10276]

Threads with active compile tasks:
C2 CompilerThread0    15706 8618       4       org.gradle.internal.serialize.kryo.StringDeduplicatingKryoBackedEncoder::writeNullableString (114 bytes)
C2 CompilerThread1    15706 8619       4       org.gradle.internal.serialize.kryo.StringDeduplicatingKryoBackedEncoder::writeString (20 bytes)
C2 CompilerThread2    15706 8713       4       jdk.internal.org.objectweb.asm.MethodWriter::visitLabel (328 bytes)

VM state: at safepoint (normal execution)

VM Mutex/Monitor currently owned by a thread:  ([mutex/lock_event])
[0x00000253a9dd65e0] Threads_lock - owner thread: 0x00000253c7f7fa40
[0x00000253a9dd7510] Heap_lock - owner thread: 0x00000253cb1d16e0

Heap address: 0x0000000080000000, size: 2048 MB, Compressed Oops mode: 32-bit

CDS archive(s) mapped at: [0x0000000800000000-0x0000000800bd0000-0x0000000800bd0000), size 12386304, SharedBaseAddress: 0x0000000800000000, ArchiveRelocationMode: 0.
Compressed class space mapped at: 0x0000000800c00000-0x0000000840c00000, reserved size: 1073741824
Narrow klass base: 0x0000000800000000, Narrow klass shift: 0, Narrow klass range: 0x100000000

GC Precious Log:
 CPUs: 8 total, 8 available
 Memory: 8074M
 Large Page Support: Disabled
 NUMA Support: Disabled
 Compressed Oops: Enabled (32-bit)
 Heap Region Size: 1M
 Heap Min Capacity: 8M
 Heap Initial Capacity: 128M
 Heap Max Capacity: 2G
 Pre-touch: Disabled
 Parallel Workers: 8
 Concurrent Workers: 2
 Concurrent Refinement Workers: 8
 Periodic GC: Disabled

Heap:
 garbage-first heap   total 162816K, used 95541K [0x0000000080000000, 0x0000000100000000)
  region size 1024K, 4 young (4096K), 4 survivors (4096K)
 Metaspace       used 74292K, committed 75072K, reserved 1114112K
  class space    used 10310K, committed 10688K, reserved 1048576K

Heap Regions: E=young(eden), S=young(survivor), O=old, HS=humongous(starts), HC=humongous(continues), CS=collection set, F=free, OA=open archive, CA=closed archive, TAMS=top-at-mark-start (previous, next)
|   0|0x0000000080000000, 0x0000000080100000, 0x0000000080100000|100%|HS|  |TAMS 0x0000000080100000, 0x0000000080000000| Complete 
|   1|0x0000000080100000, 0x0000000080200000, 0x0000000080200000|100%|HC|  |TAMS 0x0000000080200000, 0x0000000080100000| Complete 
|   2|0x0000000080200000, 0x0000000080300000, 0x0000000080300000|100%|HC|  |TAMS 0x0000000080300000, 0x0000000080200000| Complete 
|   3|0x0000000080300000, 0x0000000080400000, 0x0000000080400000|100%|HC|  |TAMS 0x0000000080400000, 0x0000000080300000| Complete 
|   4|0x0000000080400000, 0x0000000080500000, 0x0000000080500000|100%| O|  |TAMS 0x0000000080500000, 0x0000000080400000| Untracked 
|   5|0x0000000080500000, 0x0000000080600000, 0x0000000080600000|100%| O|  |TAMS 0x0000000080600000, 0x0000000080500000| Untracked 
|   6|0x0000000080600000, 0x0000000080700000, 0x0000000080700000|100%| O|  |TAMS 0x0000000080700000, 0x0000000080600000| Untracked 
|   7|0x0000000080700000, 0x0000000080800000, 0x0000000080800000|100%| O|  |TAMS 0x0000000080800000, 0x0000000080700000| Untracked 
|   8|0x0000000080800000, 0x0000000080900000, 0x0000000080900000|100%| O|  |TAMS 0x0000000080900000, 0x0000000080800000| Untracked 
|   9|0x0000000080900000, 0x0000000080a00000, 0x0000000080a00000|100%| O|  |TAMS 0x0000000080a00000, 0x0000000080900000| Untracked 
|  10|0x0000000080a00000, 0x0000000080b00000, 0x0000000080b00000|100%| O|  |TAMS 0x0000000080b00000, 0x0000000080a00000| Untracked 
|  11|0x0000000080b00000, 0x0000000080c00000, 0x0000000080c00000|100%| O|  |TAMS 0x0000000080c00000, 0x0000000080b00000| Untracked 
|  12|0x0000000080c00000, 0x0000000080d00000, 0x0000000080d00000|100%|HS|  |TAMS 0x0000000080d00000, 0x0000000080c00000| Complete 
|  13|0x0000000080d00000, 0x0000000080e00000, 0x0000000080e00000|100%|HC|  |TAMS 0x0000000080e00000, 0x0000000080d00000| Complete 
|  14|0x0000000080e00000, 0x0000000080f00000, 0x0000000080f00000|100%|HS|  |TAMS 0x0000000080f00000, 0x0000000080e00000| Complete 
|  15|0x0000000080f00000, 0x0000000081000000, 0x0000000081000000|100%|HC|  |TAMS 0x0000000081000000, 0x0000000080f00000| Complete 
|  16|0x0000000081000000, 0x0000000081100000, 0x0000000081100000|100%|HC|  |TAMS 0x0000000081100000, 0x0000000081000000| Complete 
|  17|0x0000000081100000, 0x0000000081200000, 0x0000000081200000|100%|HS|  |TAMS 0x0000000081200000, 0x0000000081100000| Complete 
|  18|0x0000000081200000, 0x0000000081300000, 0x0000000081300000|100%|HC|  |TAMS 0x0000000081300000, 0x0000000081200000| Complete 
|  19|0x0000000081300000, 0x0000000081400000, 0x0000000081400000|100%|HC|  |TAMS 0x0000000081400000, 0x0000000081300000| Complete 
|  20|0x0000000081400000, 0x0000000081500000, 0x0000000081500000|100%|HS|  |TAMS 0x0000000081500000, 0x0000000081400000| Complete 
|  21|0x0000000081500000, 0x0000000081600000, 0x0000000081600000|100%|HC|  |TAMS 0x0000000081600000, 0x0000000081500000| Complete 
|  22|0x0000000081600000, 0x0000000081700000, 0x0000000081700000|100%|HC|  |TAMS 0x0000000081700000, 0x0000000081600000| Complete 
|  23|0x0000000081700000, 0x0000000081800000, 0x0000000081800000|100%| O|  |TAMS 0x0000000081800000, 0x0000000081700000| Untracked 
|  24|0x0000000081800000, 0x0000000081900000, 0x0000000081900000|100%| O|  |TAMS 0x0000000081900000, 0x0000000081800000| Untracked 
|  25|0x0000000081900000, 0x0000000081a00000, 0x0000000081a00000|100%| O|  |TAMS 0x0000000081a00000, 0x0000000081900000| Untracked 
|  26|0x0000000081a00000, 0x0000000081b00000, 0x0000000081b00000|100%| O|  |TAMS 0x0000000081b00000, 0x0000000081a00000| Untracked 
|  27|0x0000000081b00000, 0x0000000081c00000, 0x0000000081c00000|100%| O|  |TAMS 0x0000000081c00000, 0x0000000081b00000| Untracked 
|  28|0x0000000081c00000, 0x0000000081d00000, 0x0000000081d00000|100%| O|  |TAMS 0x0000000081d00000, 0x0000000081c00000| Untracked 
|  29|0x0000000081d00000, 0x0000000081e00000, 0x0000000081e00000|100%| O|  |TAMS 0x0000000081e00000, 0x0000000081d00000| Untracked 
|  30|0x0000000081e00000, 0x0000000081f00000, 0x0000000081f00000|100%| O|  |TAMS 0x0000000081f00000, 0x0000000081e00000| Untracked 
|  31|0x0000000081f00000, 0x0000000082000000, 0x0000000082000000|100%| O|  |TAMS 0x0000000082000000, 0x0000000081f00000| Untracked 
|  32|0x0000000082000000, 0x0000000082100000, 0x0000000082100000|100%| O|  |TAMS 0x0000000082100000, 0x0000000082000000| Untracked 
|  33|0x0000000082100000, 0x0000000082200000, 0x0000000082200000|100%| O|  |TAMS 0x0000000082200000, 0x0000000082100000| Untracked 
|  34|0x0000000082200000, 0x0000000082300000, 0x0000000082300000|100%| O|  |TAMS 0x0000000082300000, 0x0000000082200000| Untracked 
|  35|0x0000000082300000, 0x0000000082400000, 0x0000000082400000|100%| O|  |TAMS 0x0000000082400000, 0x0000000082300000| Untracked 
|  36|0x0000000082400000, 0x0000000082400000, 0x0000000082500000|  0%| F|  |TAMS 0x0000000082400000, 0x0000000082400000| Untracked 
|  37|0x0000000082500000, 0x0000000082600000, 0x0000000082600000|100%|HS|  |TAMS 0x0000000082600000, 0x0000000082500000| Complete 
|  38|0x0000000082600000, 0x0000000082700000, 0x0000000082700000|100%| O|  |TAMS 0x0000000082700000, 0x0000000082600000| Untracked 
|  39|0x0000000082700000, 0x0000000082800000, 0x0000000082800000|100%| O|  |TAMS 0x0000000082800000, 0x0000000082700000| Untracked 
|  40|0x0000000082800000, 0x0000000082900000, 0x0000000082900000|100%|HS|  |TAMS 0x0000000082900000, 0x0000000082800000| Complete 
|  41|0x0000000082900000, 0x0000000082a00000, 0x0000000082a00000|100%|HC|  |TAMS 0x0000000082a00000, 0x0000000082900000| Complete 
|  42|0x0000000082a00000, 0x0000000082b00000, 0x0000000082b00000|100%|HC|  |TAMS 0x0000000082b00000, 0x0000000082a00000| Complete 
|  43|0x0000000082b00000, 0x0000000082c00000, 0x0000000082c00000|100%|HS|  |TAMS 0x0000000082c00000, 0x0000000082b00000| Complete 
|  44|0x0000000082c00000, 0x0000000082d00000, 0x0000000082d00000|100%|HC|  |TAMS 0x0000000082d00000, 0x0000000082c00000| Complete 
|  45|0x0000000082d00000, 0x0000000082e00000, 0x0000000082e00000|100%|HC|  |TAMS 0x0000000082e00000, 0x0000000082d00000| Complete 
|  46|0x0000000082e00000, 0x0000000082f00000, 0x0000000082f00000|100%|HC|  |TAMS 0x0000000082f00000, 0x0000000082e00000| Complete 
|  47|0x0000000082f00000, 0x0000000083000000, 0x0000000083000000|100%| O|  |TAMS 0x0000000083000000, 0x0000000082f00000| Untracked 
|  48|0x0000000083000000, 0x0000000083100000, 0x0000000083100000|100%| O|  |TAMS 0x0000000083100000, 0x0000000083000000| Untracked 
|  49|0x0000000083100000, 0x0000000083200000, 0x0000000083200000|100%| O|  |TAMS 0x0000000083200000, 0x0000000083100000| Untracked 
|  50|0x0000000083200000, 0x0000000083300000, 0x0000000083300000|100%| O|  |TAMS 0x0000000083300000, 0x0000000083200000| Untracked 
|  51|0x0000000083300000, 0x0000000083400000, 0x0000000083400000|100%| O|  |TAMS 0x0000000083400000, 0x0000000083300000| Untracked 
|  52|0x0000000083400000, 0x0000000083500000, 0x0000000083500000|100%| O|  |TAMS 0x0000000083500000, 0x0000000083400000| Untracked 
|  53|0x0000000083500000, 0x0000000083600000, 0x0000000083600000|100%| O|  |TAMS 0x0000000083600000, 0x0000000083500000| Untracked 
|  54|0x0000000083600000, 0x0000000083700000, 0x0000000083700000|100%| O|  |TAMS 0x0000000083600000, 0x0000000083600000| Untracked 
|  55|0x0000000083700000, 0x0000000083800000, 0x0000000083800000|100%| O|  |TAMS 0x0000000083800000, 0x0000000083700000| Untracked 
|  56|0x0000000083800000, 0x0000000083900000, 0x0000000083900000|100%|HS|  |TAMS 0x0000000083900000, 0x0000000083800000| Complete 
|  57|0x0000000083900000, 0x0000000083a00000, 0x0000000083a00000|100%|HC|  |TAMS 0x0000000083a00000, 0x0000000083900000| Complete 
|  58|0x0000000083a00000, 0x0000000083b00000, 0x0000000083b00000|100%| O|  |TAMS 0x0000000083b00000, 0x0000000083a00000| Untracked 
|  59|0x0000000083b00000, 0x0000000083c00000, 0x0000000083c00000|100%| O|  |TAMS 0x0000000083c00000, 0x0000000083b00000| Untracked 
|  60|0x0000000083c00000, 0x0000000083d00000, 0x0000000083d00000|100%| O|  |TAMS 0x0000000083d00000, 0x0000000083c00000| Untracked 
|  61|0x0000000083d00000, 0x0000000083e00000, 0x0000000083e00000|100%|HS|  |TAMS 0x0000000083e00000, 0x0000000083d00000| Complete 
|  62|0x0000000083e00000, 0x0000000083f00000, 0x0000000083f00000|100%| O|  |TAMS 0x0000000083f00000, 0x0000000083e00000| Untracked 
|  63|0x0000000083f00000, 0x0000000084000000, 0x0000000084000000|100%| O|  |TAMS 0x0000000084000000, 0x0000000083f00000| Untracked 
|  64|0x0000000084000000, 0x0000000084100000, 0x0000000084100000|100%| O|  |TAMS 0x0000000084100000, 0x0000000084000000| Untracked 
|  65|0x0000000084100000, 0x0000000084200000, 0x0000000084200000|100%| O|  |TAMS 0x0000000084200000, 0x0000000084100000| Untracked 
|  66|0x0000000084200000, 0x0000000084300000, 0x0000000084300000|100%| O|  |TAMS 0x0000000084300000, 0x0000000084200000| Untracked 
|  67|0x0000000084300000, 0x0000000084400000, 0x0000000084400000|100%| O|  |TAMS 0x0000000084400000, 0x0000000084300000| Untracked 
|  68|0x0000000084400000, 0x0000000084500000, 0x0000000084500000|100%| O|  |TAMS 0x0000000084500000, 0x0000000084400000| Untracked 
|  69|0x0000000084500000, 0x0000000084600000, 0x0000000084600000|100%|HS|  |TAMS 0x0000000084600000, 0x0000000084500000| Complete 
|  70|0x0000000084600000, 0x0000000084700000, 0x0000000084700000|100%|HC|  |TAMS 0x0000000084700000, 0x0000000084600000| Complete 
|  71|0x0000000084700000, 0x0000000084800000, 0x0000000084800000|100%|HC|  |TAMS 0x0000000084800000, 0x0000000084700000| Complete 
|  72|0x0000000084800000, 0x0000000084900000, 0x0000000084900000|100%|HC|  |TAMS 0x0000000084900000, 0x0000000084800000| Complete 
|  73|0x0000000084900000, 0x0000000084a00000, 0x0000000084a00000|100%| O|  |TAMS 0x0000000084a00000, 0x0000000084900000| Untracked 
|  74|0x0000000084a00000, 0x0000000084b00000, 0x0000000084b00000|100%| O|  |TAMS 0x0000000084b00000, 0x0000000084a00000| Untracked 
|  75|0x0000000084b00000, 0x0000000084c00000, 0x0000000084c00000|100%| O|  |TAMS 0x0000000084c00000, 0x0000000084b00000| Untracked 
|  76|0x0000000084c00000, 0x0000000084d00000, 0x0000000084d00000|100%| O|  |TAMS 0x0000000084d00000, 0x0000000084c00000| Untracked 
|  77|0x0000000084d00000, 0x0000000084e00000, 0x0000000084e00000|100%| O|  |TAMS 0x0000000084e00000, 0x0000000084d00000| Untracked 
|  78|0x0000000084e00000, 0x0000000084f00000, 0x0000000084f00000|100%| O|  |TAMS 0x0000000084f00000, 0x0000000084e00000| Untracked 
|  79|0x0000000084f00000, 0x0000000085000000, 0x0000000085000000|100%| O|  |TAMS 0x0000000085000000, 0x0000000084f00000| Untracked 
|  80|0x0000000085000000, 0x0000000085100000, 0x0000000085100000|100%| O|  |TAMS 0x0000000085100000, 0x0000000085000000| Untracked 
|  81|0x0000000085100000, 0x0000000085200000, 0x0000000085200000|100%| O|  |TAMS 0x0000000085200000, 0x0000000085100000| Untracked 
|  82|0x0000000085200000, 0x0000000085300000, 0x0000000085300000|100%| O|  |TAMS 0x0000000085300000, 0x0000000085200000| Untracked 
|  83|0x0000000085300000, 0x0000000085400000, 0x0000000085400000|100%| O|  |TAMS 0x0000000085400000, 0x0000000085300000| Untracked 
|  84|0x0000000085400000, 0x0000000085500000, 0x0000000085500000|100%| O|  |TAMS 0x0000000085500000, 0x0000000085400000| Untracked 
|  85|0x0000000085500000, 0x0000000085600000, 0x0000000085600000|100%| O|  |TAMS 0x0000000085600000, 0x0000000085500000| Untracked 
|  86|0x0000000085600000, 0x0000000085700000, 0x0000000085700000|100%| O|  |TAMS 0x000000008561d400, 0x0000000085600000| Untracked 
|  87|0x0000000085700000, 0x0000000085800000, 0x0000000085800000|100%| O|  |TAMS 0x0000000085700000, 0x0000000085700000| Untracked 
|  88|0x0000000085800000, 0x0000000085900000, 0x0000000085900000|100%| O|  |TAMS 0x0000000085800000, 0x0000000085800000| Untracked 
|  89|0x0000000085900000, 0x0000000085a00000, 0x0000000085a00000|100%| O|  |TAMS 0x0000000085900000, 0x0000000085900000| Untracked 
|  90|0x0000000085a00000, 0x0000000085ad2200, 0x0000000085b00000| 82%| O|  |TAMS 0x0000000085a00000, 0x0000000085a00000| Untracked 
|  91|0x0000000085b00000, 0x0000000085b00000, 0x0000000085c00000|  0%| F|  |TAMS 0x0000000085b00000, 0x0000000085b00000| Untracked 
|  92|0x0000000085c00000, 0x0000000085c00000, 0x0000000085d00000|  0%| F|  |TAMS 0x0000000085c00000, 0x0000000085c00000| Untracked 
|  93|0x0000000085d00000, 0x0000000085d00000, 0x0000000085e00000|  0%| F|  |TAMS 0x0000000085d00000, 0x0000000085d00000| Untracked 
|  94|0x0000000085e00000, 0x0000000085e00000, 0x0000000085f00000|  0%| F|  |TAMS 0x0000000085e00000, 0x0000000085e00000| Untracked 
|  95|0x0000000085f00000, 0x0000000085f00000, 0x0000000086000000|  0%| F|  |TAMS 0x0000000085f00000, 0x0000000085f00000| Untracked 
|  96|0x0000000086000000, 0x0000000086000000, 0x0000000086100000|  0%| F|  |TAMS 0x0000000086000000, 0x0000000086000000| Untracked 
|  97|0x0000000086100000, 0x0000000086100000, 0x0000000086200000|  0%| F|  |TAMS 0x0000000086100000, 0x0000000086100000| Untracked 
|  98|0x0000000086200000, 0x0000000086200000, 0x0000000086300000|  0%| F|  |TAMS 0x0000000086200000, 0x0000000086200000| Untracked 
|  99|0x0000000086300000, 0x0000000086300000, 0x0000000086400000|  0%| F|  |TAMS 0x0000000086300000, 0x0000000086300000| Untracked 
| 100|0x0000000086400000, 0x0000000086400000, 0x0000000086500000|  0%| F|  |TAMS 0x0000000086400000, 0x0000000086400000| Untracked 
| 101|0x0000000086500000, 0x0000000086500000, 0x0000000086600000|  0%| F|  |TAMS 0x0000000086500000, 0x0000000086500000| Untracked 
| 102|0x0000000086600000, 0x0000000086600000, 0x0000000086700000|  0%| F|  |TAMS 0x0000000086600000, 0x0000000086600000| Untracked 
| 103|0x0000000086700000, 0x0000000086700000, 0x0000000086800000|  0%| F|  |TAMS 0x0000000086700000, 0x0000000086700000| Untracked 
| 104|0x0000000086800000, 0x0000000086800000, 0x0000000086900000|  0%| F|  |TAMS 0x0000000086800000, 0x0000000086800000| Untracked 
| 105|0x0000000086900000, 0x0000000086900000, 0x0000000086a00000|  0%| F|  |TAMS 0x0000000086900000, 0x0000000086900000| Untracked 
| 106|0x0000000086a00000, 0x0000000086a00000, 0x0000000086b00000|  0%| F|  |TAMS 0x0000000086a00000, 0x0000000086a00000| Untracked 
| 107|0x0000000086b00000, 0x0000000086b00000, 0x0000000086c00000|  0%| F|  |TAMS 0x0000000086b00000, 0x0000000086b00000| Untracked 
| 108|0x0000000086c00000, 0x0000000086c00000, 0x0000000086d00000|  0%| F|  |TAMS 0x0000000086c00000, 0x0000000086c00000| Untracked 
| 109|0x0000000086d00000, 0x0000000086d00000, 0x0000000086e00000|  0%| F|  |TAMS 0x0000000086d00000, 0x0000000086d00000| Untracked 
| 110|0x0000000086e00000, 0x0000000086e00000, 0x0000000086f00000|  0%| F|  |TAMS 0x0000000086e00000, 0x0000000086e00000| Untracked 
| 111|0x0000000086f00000, 0x0000000086f00000, 0x0000000087000000|  0%| F|  |TAMS 0x0000000086f00000, 0x0000000086f00000| Untracked 
| 112|0x0000000087000000, 0x0000000087000000, 0x0000000087100000|  0%| F|  |TAMS 0x0000000087000000, 0x0000000087000000| Untracked 
| 113|0x0000000087100000, 0x0000000087100000, 0x0000000087200000|  0%| F|  |TAMS 0x0000000087100000, 0x0000000087100000| Untracked 
| 114|0x0000000087200000, 0x0000000087200000, 0x0000000087300000|  0%| F|  |TAMS 0x0000000087200000, 0x0000000087200000| Untracked 
| 115|0x0000000087300000, 0x0000000087300000, 0x0000000087400000|  0%| F|  |TAMS 0x0000000087300000, 0x0000000087300000| Untracked 
| 116|0x0000000087400000, 0x0000000087400000, 0x0000000087500000|  0%| F|  |TAMS 0x0000000087400000, 0x0000000087400000| Untracked 
| 117|0x0000000087500000, 0x000000008757b318, 0x0000000087600000| 48%| S|CS|TAMS 0x0000000087500000, 0x0000000087500000| Complete 
| 118|0x0000000087600000, 0x0000000087700000, 0x0000000087700000|100%| S|CS|TAMS 0x0000000087600000, 0x0000000087600000| Complete 
| 119|0x0000000087700000, 0x0000000087800000, 0x0000000087800000|100%| S|CS|TAMS 0x0000000087700000, 0x0000000087700000| Complete 
| 120|0x0000000087800000, 0x0000000087900000, 0x0000000087900000|100%| S|CS|TAMS 0x0000000087800000, 0x0000000087800000| Complete 
| 121|0x0000000087900000, 0x0000000087900000, 0x0000000087a00000|  0%| F|  |TAMS 0x0000000087900000, 0x0000000087900000| Untracked 
| 122|0x0000000087a00000, 0x0000000087a00000, 0x0000000087b00000|  0%| F|  |TAMS 0x0000000087a00000, 0x0000000087a00000| Untracked 
| 123|0x0000000087b00000, 0x0000000087b00000, 0x0000000087c00000|  0%| F|  |TAMS 0x0000000087b00000, 0x0000000087b00000| Untracked 
| 124|0x0000000087c00000, 0x0000000087c00000, 0x0000000087d00000|  0%| F|  |TAMS 0x0000000087c00000, 0x0000000087c00000| Untracked 
| 125|0x0000000087d00000, 0x0000000087d00000, 0x0000000087e00000|  0%| F|  |TAMS 0x0000000087d00000, 0x0000000087d00000| Untracked 
| 126|0x0000000087e00000, 0x0000000087e00000, 0x0000000087f00000|  0%| F|  |TAMS 0x0000000087e00000, 0x0000000087e00000| Untracked 
| 127|0x0000000087f00000, 0x0000000087f00000, 0x0000000088000000|  0%| F|  |TAMS 0x0000000087f00000, 0x0000000087f00000| Untracked 
| 128|0x0000000088000000, 0x0000000088000000, 0x0000000088100000|  0%| F|  |TAMS 0x0000000088000000, 0x0000000088000000| Untracked 
| 129|0x0000000088100000, 0x0000000088100000, 0x0000000088200000|  0%| F|  |TAMS 0x0000000088100000, 0x0000000088100000| Untracked 
| 130|0x0000000088200000, 0x0000000088200000, 0x0000000088300000|  0%| F|  |TAMS 0x0000000088200000, 0x0000000088200000| Untracked 
| 131|0x0000000088300000, 0x0000000088300000, 0x0000000088400000|  0%| F|  |TAMS 0x0000000088300000, 0x0000000088300000| Untracked 
| 132|0x0000000088400000, 0x0000000088400000, 0x0000000088500000|  0%| F|  |TAMS 0x0000000088400000, 0x0000000088400000| Untracked 
| 133|0x0000000088500000, 0x0000000088500000, 0x0000000088600000|  0%| F|  |TAMS 0x0000000088500000, 0x0000000088500000| Untracked 
| 134|0x0000000088600000, 0x0000000088600000, 0x0000000088700000|  0%| F|  |TAMS 0x0000000088600000, 0x0000000088600000| Untracked 
| 135|0x0000000088700000, 0x0000000088700000, 0x0000000088800000|  0%| F|  |TAMS 0x0000000088700000, 0x0000000088700000| Untracked 
| 136|0x0000000088800000, 0x0000000088800000, 0x0000000088900000|  0%| F|  |TAMS 0x0000000088800000, 0x0000000088800000| Untracked 
| 137|0x0000000088900000, 0x0000000088900000, 0x0000000088a00000|  0%| F|  |TAMS 0x0000000088900000, 0x0000000088900000| Untracked 
| 138|0x0000000088a00000, 0x0000000088a00000, 0x0000000088b00000|  0%| F|  |TAMS 0x0000000088a00000, 0x0000000088a00000| Untracked 
| 139|0x0000000088b00000, 0x0000000088b00000, 0x0000000088c00000|  0%| F|  |TAMS 0x0000000088b00000, 0x0000000088b00000| Untracked 
| 140|0x0000000088c00000, 0x0000000088c00000, 0x0000000088d00000|  0%| F|  |TAMS 0x0000000088c00000, 0x0000000088c00000| Untracked 
| 141|0x0000000088d00000, 0x0000000088d00000, 0x0000000088e00000|  0%| F|  |TAMS 0x0000000088d00000, 0x0000000088d00000| Untracked 
| 142|0x0000000088e00000, 0x0000000088e00000, 0x0000000088f00000|  0%| F|  |TAMS 0x0000000088e00000, 0x0000000088e00000| Untracked 
| 143|0x0000000088f00000, 0x0000000088f00000, 0x0000000089000000|  0%| F|  |TAMS 0x0000000088f00000, 0x0000000088f00000| Untracked 
| 144|0x0000000089000000, 0x0000000089000000, 0x0000000089100000|  0%| F|  |TAMS 0x0000000089000000, 0x0000000089000000| Untracked 
| 145|0x0000000089100000, 0x0000000089100000, 0x0000000089200000|  0%| F|  |TAMS 0x0000000089100000, 0x0000000089100000| Untracked 
| 146|0x0000000089200000, 0x0000000089200000, 0x0000000089300000|  0%| F|  |TAMS 0x0000000089200000, 0x0000000089200000| Untracked 
| 147|0x0000000089300000, 0x0000000089300000, 0x0000000089400000|  0%| F|  |TAMS 0x0000000089300000, 0x0000000089300000| Untracked 
| 148|0x0000000089400000, 0x0000000089400000, 0x0000000089500000|  0%| F|  |TAMS 0x0000000089400000, 0x0000000089400000| Untracked 
| 149|0x0000000089500000, 0x0000000089500000, 0x0000000089600000|  0%| F|  |TAMS 0x0000000089500000, 0x0000000089500000| Untracked 
| 150|0x0000000089600000, 0x0000000089600000, 0x0000000089700000|  0%| F|  |TAMS 0x0000000089600000, 0x0000000089600000| Untracked 
| 151|0x0000000089700000, 0x0000000089700000, 0x0000000089800000|  0%| F|  |TAMS 0x0000000089700000, 0x0000000089700000| Untracked 
| 152|0x0000000089800000, 0x0000000089800000, 0x0000000089900000|  0%| F|  |TAMS 0x0000000089800000, 0x0000000089800000| Untracked 
| 153|0x0000000089900000, 0x0000000089900000, 0x0000000089a00000|  0%| F|  |TAMS 0x0000000089900000, 0x0000000089900000| Untracked 
| 154|0x0000000089a00000, 0x0000000089a00000, 0x0000000089b00000|  0%| F|  |TAMS 0x0000000089a00000, 0x0000000089a00000| Untracked 
| 155|0x0000000089b00000, 0x0000000089b00000, 0x0000000089c00000|  0%| F|  |TAMS 0x0000000089b00000, 0x0000000089b00000| Untracked 
| 156|0x0000000089c00000, 0x0000000089c00000, 0x0000000089d00000|  0%| F|  |TAMS 0x0000000089c00000, 0x0000000089c00000| Untracked 
| 157|0x0000000089d00000, 0x0000000089d00000, 0x0000000089e00000|  0%| F|  |TAMS 0x0000000089d00000, 0x0000000089d00000| Untracked 
| 158|0x0000000089e00000, 0x0000000089e00000, 0x0000000089f00000|  0%| F|  |TAMS 0x0000000089e00000, 0x0000000089e00000| Untracked 

Card table byte_map: [0x00000253c0d90000,0x00000253c1190000] _byte_map_base: 0x00000253c0990000

Marking Bits (Prev, Next): (CMBitMap*) 0x00000253a9e38350, (CMBitMap*) 0x00000253a9e38390
 Prev Bits: [0x00000253c1590000, 0x00000253c3590000)
 Next Bits: [0x00000253c3590000, 0x00000253c5590000)

Polling page: 0x00000253a7d40000

Metaspace:

Usage:
  Non-class:     62.48 MB used.
      Class:     10.07 MB used.
       Both:     72.55 MB used.

Virtual space:
  Non-class space:       64.00 MB reserved,      62.88 MB ( 98%) committed,  8 nodes.
      Class space:        1.00 GB reserved,      10.44 MB (  1%) committed,  1 nodes.
             Both:        1.06 GB reserved,      73.31 MB (  7%) committed. 

Chunk freelists:
   Non-Class:  624.00 KB
       Class:  1.47 MB
        Both:  2.08 MB

MaxMetaspaceSize: unlimited
CompressedClassSpaceSize: 1.00 GB
Initial GC threshold: 21.00 MB
Current GC threshold: 108.75 MB
CDS: on
MetaspaceReclaimPolicy: balanced
 - commit_granule_bytes: 65536.
 - commit_granule_words: 8192.
 - virtual_space_node_default_size: 1048576.
 - enlarge_chunks_in_place: 1.
 - new_chunks_are_fully_committed: 0.
 - uncommit_free_chunks: 1.
 - use_allocation_guard: 0.
 - handle_deallocations: 1.


Internal statistics:

num_allocs_failed_limit: 6.
num_arena_births: 888.
num_arena_deaths: 0.
num_vsnodes_births: 9.
num_vsnodes_deaths: 0.
num_space_committed: 1173.
num_space_uncommitted: 0.
num_chunks_returned_to_freelist: 6.
num_chunks_taken_from_freelist: 3879.
num_chunk_merges: 6.
num_chunk_splits: 2614.
num_chunks_enlarged: 1786.
num_purges: 0.
num_inconsistent_stats: 0.

CodeHeap 'non-profiled nmethods': size=120000Kb used=4946Kb max_used=4946Kb free=115053Kb
 bounds [0x00000253b9130000, 0x00000253b9610000, 0x00000253c0660000]
CodeHeap 'profiled nmethods': size=120000Kb used=15437Kb max_used=15437Kb free=104562Kb
 bounds [0x00000253b1660000, 0x00000253b2580000, 0x00000253b8b90000]
CodeHeap 'non-nmethods': size=5760Kb used=2386Kb max_used=2466Kb free=3373Kb
 bounds [0x00000253b8b90000, 0x00000253b8e00000, 0x00000253b9130000]
 total_blobs=8859 nmethods=7946 adapters=825
 compilation: enabled
              stopped_count=0, restarted_count=0
 full_count=0

Compilation events (20 events):
Event: 15.632 Thread 0x00000253c7f9f950 nmethod 8704 0x00000253b256f890 code [0x00000253b256fa40, 0x00000253b256fb88]
Event: 15.633 Thread 0x00000253c7f9f950 8705       3       java.util.concurrent.locks.AbstractQueuedSynchronizer::acquireShared (20 bytes)
Event: 15.633 Thread 0x00000253c7f9f950 nmethod 8705 0x00000253b256fc90 code [0x00000253b256fe40, 0x00000253b25700b8]
Event: 15.633 Thread 0x00000253c7f9f950 8706       3       java.util.concurrent.locks.ReentrantReadWriteLock$Sync::tryAcquireShared (177 bytes)
Event: 15.633 Thread 0x00000253c7f9f950 nmethod 8706 0x00000253b2570190 code [0x00000253b25703e0, 0x00000253b2570f28]
Event: 15.634 Thread 0x00000253c7f9f950 8707       3       java.util.concurrent.locks.ReentrantReadWriteLock$Sync::sharedCount (5 bytes)
Event: 15.634 Thread 0x00000253c7f9f950 nmethod 8707 0x00000253b2571290 code [0x00000253b2571420, 0x00000253b2571518]
Event: 15.634 Thread 0x00000253c7f9f950 8708       3       java.util.concurrent.locks.ReentrantReadWriteLock$ReadLock::unlock (10 bytes)
Event: 15.634 Thread 0x00000253c7f9f950 nmethod 8708 0x00000253b2571590 code [0x00000253b2571760, 0x00000253b2571a38]
Event: 15.634 Thread 0x00000253c7f9f950 8709       3       java.util.concurrent.locks.ReentrantReadWriteLock$Sync::tryReleaseShared (146 bytes)
Event: 15.634 Thread 0x00000253cb36e780 8713       4       jdk.internal.org.objectweb.asm.MethodWriter::visitLabel (328 bytes)
Event: 15.635 Thread 0x00000253c7f9f950 nmethod 8709 0x00000253b2571b90 code [0x00000253b2571de0, 0x00000253b2572918]
Event: 15.635 Thread 0x00000253c7f9f950 8710       3       java.util.concurrent.locks.ReentrantReadWriteLock$NonfairSync::readerShouldBlock (5 bytes)
Event: 15.635 Thread 0x00000253c7f9f950 nmethod 8710 0x00000253b2572d10 code [0x00000253b2572ea0, 0x00000253b2572fe8]
Event: 15.635 Thread 0x00000253c7f9f950 8711       3       java.util.concurrent.locks.AbstractQueuedSynchronizer::apparentlyFirstQueuedIsExclusive (38 bytes)
Event: 15.635 Thread 0x00000253c7f9f950 nmethod 8711 0x00000253b2573090 code [0x00000253b2573240, 0x00000253b2573558]
Event: 15.635 Thread 0x00000253c7f9f950 8712       1       java.util.concurrent.locks.ReentrantReadWriteLock::writeLock (5 bytes)
Event: 15.636 Thread 0x00000253c7f9f950 nmethod 8712 0x00000253b9604390 code [0x00000253b9604520, 0x00000253b96045f8]
Event: 15.637 Thread 0x00000253c7f9f950 8714       1       org.gradle.internal.logging.events.ProgressStartEvent::getProgressOperationId (5 bytes)
Event: 15.638 Thread 0x00000253c7f9f950 nmethod 8714 0x00000253b9604690 code [0x00000253b9604820, 0x00000253b96048f8]

GC Heap History (20 events):
Event: 10.778 GC heap after
{Heap after GC invocations=18 (full 0):
 garbage-first heap   total 162816K, used 78999K [0x0000000080000000, 0x0000000100000000)
  region size 1024K, 1 young (1024K), 1 survivors (1024K)
 Metaspace       used 48063K, committed 48640K, reserved 1097728K
  class space    used 6703K, committed 6976K, reserved 1048576K
}
Event: 11.533 GC heap before
{Heap before GC invocations=18 (full 0):
 garbage-first heap   total 162816K, used 110743K [0x0000000080000000, 0x0000000100000000)
  region size 1024K, 32 young (32768K), 1 survivors (1024K)
 Metaspace       used 53062K, committed 53696K, reserved 1097728K
  class space    used 7347K, committed 7616K, reserved 1048576K
}
Event: 11.537 GC heap after
{Heap after GC invocations=19 (full 0):
 garbage-first heap   total 162816K, used 80419K [0x0000000080000000, 0x0000000100000000)
  region size 1024K, 2 young (2048K), 2 survivors (2048K)
 Metaspace       used 53062K, committed 53696K, reserved 1097728K
  class space    used 7347K, committed 7616K, reserved 1048576K
}
Event: 12.159 GC heap before
{Heap before GC invocations=20 (full 0):
 garbage-first heap   total 162816K, used 121379K [0x0000000080000000, 0x0000000100000000)
  region size 1024K, 36 young (36864K), 2 survivors (2048K)
 Metaspace       used 56371K, committed 57024K, reserved 1105920K
  class space    used 7761K, committed 8064K, reserved 1048576K
}
Event: 12.163 GC heap after
{Heap after GC invocations=21 (full 0):
 garbage-first heap   total 162816K, used 84348K [0x0000000080000000, 0x0000000100000000)
  region size 1024K, 5 young (5120K), 5 survivors (5120K)
 Metaspace       used 56371K, committed 57024K, reserved 1105920K
  class space    used 7761K, committed 8064K, reserved 1048576K
}
Event: 12.197 GC heap before
{Heap before GC invocations=21 (full 0):
 garbage-first heap   total 162816K, used 86396K [0x0000000080000000, 0x0000000100000000)
  region size 1024K, 7 young (7168K), 5 survivors (5120K)
 Metaspace       used 56516K, committed 57152K, reserved 1105920K
  class space    used 7780K, committed 8064K, reserved 1048576K
}
Event: 12.202 GC heap after
{Heap after GC invocations=22 (full 0):
 garbage-first heap   total 162816K, used 84713K [0x0000000080000000, 0x0000000100000000)
  region size 1024K, 1 young (1024K), 1 survivors (1024K)
 Metaspace       used 56516K, committed 57152K, reserved 1105920K
  class space    used 7780K, committed 8064K, reserved 1048576K
}
Event: 12.536 GC heap before
{Heap before GC invocations=22 (full 0):
 garbage-first heap   total 162816K, used 105193K [0x0000000080000000, 0x0000000100000000)
  region size 1024K, 22 young (22528K), 1 survivors (1024K)
 Metaspace       used 58103K, committed 58816K, reserved 1105920K
  class space    used 7956K, committed 8320K, reserved 1048576K
}
Event: 12.540 GC heap after
{Heap after GC invocations=23 (full 0):
 garbage-first heap   total 162816K, used 85873K [0x0000000080000000, 0x0000000100000000)
  region size 1024K, 2 young (2048K), 2 survivors (2048K)
 Metaspace       used 58103K, committed 58816K, reserved 1105920K
  class space    used 7956K, committed 8320K, reserved 1048576K
}
Event: 13.373 GC heap before
{Heap before GC invocations=24 (full 0):
 garbage-first heap   total 162816K, used 123761K [0x0000000080000000, 0x0000000100000000)
  region size 1024K, 38 young (38912K), 2 survivors (2048K)
 Metaspace       used 62094K, committed 62848K, reserved 1105920K
  class space    used 8476K, committed 8832K, reserved 1048576K
}
Event: 13.377 GC heap after
{Heap after GC invocations=25 (full 0):
 garbage-first heap   total 162816K, used 87501K [0x0000000080000000, 0x0000000100000000)
  region size 1024K, 4 young (4096K), 4 survivors (4096K)
 Metaspace       used 62094K, committed 62848K, reserved 1105920K
  class space    used 8476K, committed 8832K, reserved 1048576K
}
Event: 13.435 GC heap before
{Heap before GC invocations=25 (full 0):
 garbage-first heap   total 162816K, used 90573K [0x0000000080000000, 0x0000000100000000)
  region size 1024K, 7 young (7168K), 4 survivors (4096K)
 Metaspace       used 62467K, committed 63232K, reserved 1105920K
  class space    used 8537K, committed 8896K, reserved 1048576K
}
Event: 13.440 GC heap after
{Heap after GC invocations=26 (full 0):
 garbage-first heap   total 162816K, used 87825K [0x0000000080000000, 0x0000000100000000)
  region size 1024K, 1 young (1024K), 1 survivors (1024K)
 Metaspace       used 62467K, committed 63232K, reserved 1105920K
  class space    used 8537K, committed 8896K, reserved 1048576K
}
Event: 14.023 GC heap before
{Heap before GC invocations=26 (full 0):
 garbage-first heap   total 162816K, used 124689K [0x0000000080000000, 0x0000000100000000)
  region size 1024K, 38 young (38912K), 1 survivors (1024K)
 Metaspace       used 66079K, committed 66816K, reserved 1114112K
  class space    used 8985K, committed 9344K, reserved 1048576K
}
Event: 14.027 GC heap after
{Heap after GC invocations=27 (full 0):
 garbage-first heap   total 162816K, used 90506K [0x0000000080000000, 0x0000000100000000)
  region size 1024K, 4 young (4096K), 4 survivors (4096K)
 Metaspace       used 66079K, committed 66816K, reserved 1114112K
  class space    used 8985K, committed 9344K, reserved 1048576K
}
Event: 14.777 GC heap before
{Heap before GC invocations=28 (full 0):
 garbage-first heap   total 162816K, used 127370K [0x0000000080000000, 0x0000000100000000)
  region size 1024K, 40 young (40960K), 4 survivors (4096K)
 Metaspace       used 69815K, committed 70528K, reserved 1114112K
  class space    used 9616K, committed 9984K, reserved 1048576K
}
Event: 14.783 GC heap after
{Heap after GC invocations=29 (full 0):
 garbage-first heap   total 162816K, used 92415K [0x0000000080000000, 0x0000000100000000)
  region size 1024K, 2 young (2048K), 2 survivors (2048K)
 Metaspace       used 69815K, committed 70528K, reserved 1114112K
  class space    used 9616K, committed 9984K, reserved 1048576K
}
Event: 14.891 GC heap before
{Heap before GC invocations=29 (full 0):
 garbage-first heap   total 162816K, used 97535K [0x0000000080000000, 0x0000000100000000)
  region size 1024K, 7 young (7168K), 2 survivors (2048K)
 Metaspace       used 70478K, committed 71168K, reserved 1114112K
  class space    used 9776K, committed 10112K, reserved 1048576K
}
Event: 14.896 GC heap after
{Heap after GC invocations=30 (full 0):
 garbage-first heap   total 162816K, used 92646K [0x0000000080000000, 0x0000000100000000)
  region size 1024K, 1 young (1024K), 1 survivors (1024K)
 Metaspace       used 70478K, committed 71168K, reserved 1114112K
  class space    used 9776K, committed 10112K, reserved 1048576K
}
Event: 15.646 GC heap before
{Heap before GC invocations=30 (full 0):
 garbage-first heap   total 162816K, used 130534K [0x0000000080000000, 0x0000000100000000)
  region size 1024K, 38 young (38912K), 1 survivors (1024K)
 Metaspace       used 74292K, committed 75072K, reserved 1114112K
  class space    used 10310K, committed 10688K, reserved 1048576K
}

Deoptimization events (20 events):
Event: 15.590 Thread 0x00000253cb1d16e0 Uncommon trap: trap_request=0xffffff45 fr.pc=0x00000253b9181b50 relative=0x0000000000000cd0
Event: 15.590 Thread 0x00000253cb1d16e0 Uncommon trap: reason=unstable_if action=reinterpret pc=0x00000253b9181b50 method=com.esotericsoftware.kryo.io.Input.readString()Ljava/lang/String; @ 28 c2
Event: 15.590 Thread 0x00000253cb1d16e0 DEOPT PACKING pc=0x00000253b9181b50 sp=0x000000cfa20f8810
Event: 15.590 Thread 0x00000253cb1d16e0 DEOPT UNPACKING pc=0x00000253b8be23a3 sp=0x000000cfa20f87e8 mode 2
Event: 15.601 Thread 0x00000253cb1d16e0 Uncommon trap: trap_request=0xffffff45 fr.pc=0x00000253b9471660 relative=0x00000000000001c0
Event: 15.601 Thread 0x00000253cb1d16e0 Uncommon trap: reason=unstable_if action=reinterpret pc=0x00000253b9471660 method=com.esotericsoftware.kryo.io.Input.require(I)I @ 65 c2
Event: 15.601 Thread 0x00000253cb1d16e0 DEOPT PACKING pc=0x00000253b9471660 sp=0x000000cfa20f86f0
Event: 15.601 Thread 0x00000253cb1d16e0 DEOPT UNPACKING pc=0x00000253b8be23a3 sp=0x000000cfa20f86a0 mode 2
Event: 15.615 Thread 0x00000253cb1d16e0 Uncommon trap: trap_request=0xffffff45 fr.pc=0x00000253b9563270 relative=0x0000000000000070
Event: 15.615 Thread 0x00000253cb1d16e0 Uncommon trap: reason=unstable_if action=reinterpret pc=0x00000253b9563270 method=com.google.common.cache.LocalCache.isExpired(Lcom/google/common/cache/ReferenceEntry;J)Z @ 9 c2
Event: 15.615 Thread 0x00000253cb1d16e0 DEOPT PACKING pc=0x00000253b9563270 sp=0x000000cfa20f8990
Event: 15.615 Thread 0x00000253cb1d16e0 DEOPT UNPACKING pc=0x00000253b8be23a3 sp=0x000000cfa20f8920 mode 2
Event: 15.627 Thread 0x00000253cb1d16e0 Uncommon trap: trap_request=0xffffffc6 fr.pc=0x00000253b95ea7e4 relative=0x0000000000000c24
Event: 15.627 Thread 0x00000253cb1d16e0 Uncommon trap: reason=bimorphic_or_optimized_type_check action=maybe_recompile pc=0x00000253b95ea7e4 method=com.google.common.collect.ImmutableCollection$Builder.addAll(Ljava/lang/Iterable;)Lcom/google/common/collect/ImmutableCollection$Builder; @ 1 c2
Event: 15.627 Thread 0x00000253cb1d16e0 DEOPT PACKING pc=0x00000253b95ea7e4 sp=0x000000cfa20fbad0
Event: 15.627 Thread 0x00000253cb1d16e0 DEOPT UNPACKING pc=0x00000253b8be23a3 sp=0x000000cfa20fbad0 mode 2
Event: 15.635 Thread 0x00000253cb1d16e0 Uncommon trap: trap_request=0xffffff45 fr.pc=0x00000253b926fea4 relative=0x00000000000007e4
Event: 15.635 Thread 0x00000253cb1d16e0 Uncommon trap: reason=unstable_if action=reinterpret pc=0x00000253b926fea4 method=java.lang.Integer.stringSize(I)I @ 3 c2
Event: 15.635 Thread 0x00000253cb1d16e0 DEOPT PACKING pc=0x00000253b926fea4 sp=0x000000cfa20fc830
Event: 15.635 Thread 0x00000253cb1d16e0 DEOPT UNPACKING pc=0x00000253b8be23a3 sp=0x000000cfa20fc780 mode 2

Classes unloaded (0 events):
No events

Classes redefined (0 events):
No events

Internal exceptions (20 events):
Event: 13.290 Thread 0x00000253cb1d16e0 Exception <a 'java/lang/ClassNotFoundException'{0x0000000087c3da10}: org/jetbrains/kotlin/gradle/targets/js/npm/NpmDependencyExtensionDelegateBeanInfo> (0x0000000087c3da10) 
thrown [s\open\src\hotspot\share\classfile\systemDictionary.cpp, line 256]
Event: 13.290 Thread 0x00000253cb1d16e0 Exception <a 'java/lang/ClassNotFoundException'{0x0000000087c48f60}: org/jetbrains/kotlin/gradle/targets/js/npm/NpmDependencyExtensionDelegateCustomizer> (0x0000000087c48f60) 
thrown [s\open\src\hotspot\share\classfile\systemDictionary.cpp, line 256]
Event: 13.291 Thread 0x00000253cb1d16e0 Exception <a 'java/lang/ClassNotFoundException'{0x0000000087c6c1c8}: org/jetbrains/kotlin/gradle/targets/js/npm/NpmDependencyExtensionKt$defaultNpmDependencyDelegate$1Customizer> (0x0000000087c6c1c8) 
thrown [s\open\src\hotspot\share\classfile\systemDictionary.cpp, line 256]
Event: 13.295 Thread 0x00000253cb1d16e0 Exception <a 'java/lang/ClassNotFoundException'{0x0000000087ca1948}: org/jetbrains/kotlin/gradle/targets/js/npm/DefaultDevNpmDependencyExtensionBeanInfo> (0x0000000087ca1948) 
thrown [s\open\src\hotspot\share\classfile\systemDictionary.cpp, line 256]
Event: 13.295 Thread 0x00000253cb1d16e0 Exception <a 'java/lang/ClassNotFoundException'{0x0000000087cacea0}: org/jetbrains/kotlin/gradle/targets/js/npm/DefaultDevNpmDependencyExtensionCustomizer> (0x0000000087cacea0) 
thrown [s\open\src\hotspot\share\classfile\systemDictionary.cpp, line 256]
Event: 13.298 Thread 0x00000253cb1d16e0 Exception <a 'java/lang/ClassNotFoundException'{0x0000000087ce6c18}: org/jetbrains/kotlin/gradle/targets/js/npm/DefaultPeerNpmDependencyExtensionBeanInfo> (0x0000000087ce6c18) 
thrown [s\open\src\hotspot\share\classfile\systemDictionary.cpp, line 256]
Event: 13.299 Thread 0x00000253cb1d16e0 Exception <a 'java/lang/ClassNotFoundException'{0x0000000087cf21a0}: org/jetbrains/kotlin/gradle/targets/js/npm/DefaultPeerNpmDependencyExtensionCustomizer> (0x0000000087cf21a0) 
thrown [s\open\src\hotspot\share\classfile\systemDictionary.cpp, line 256]
Event: 13.301 Thread 0x00000253cb1d16e0 Exception <a 'java/lang/ClassNotFoundException'{0x0000000087b334b0}: org/jetbrains/kotlin/gradle/targets/js/npm/DefaultPeerNpmDependencyExtension$delegate$1BeanInfo> (0x0000000087b334b0) 
thrown [s\open\src\hotspot\share\classfile\systemDictionary.cpp, line 256]
Event: 13.302 Thread 0x00000253cb1d16e0 Exception <a 'java/lang/ClassNotFoundException'{0x0000000087b3ec00}: org/jetbrains/kotlin/gradle/targets/js/npm/DefaultPeerNpmDependencyExtension$delegate$1Customizer> (0x0000000087b3ec00) 
thrown [s\open\src\hotspot\share\classfile\systemDictionary.cpp, line 256]
Event: 14.951 Thread 0x00000253cb1d16e0 Exception <a 'java/lang/NoSuchMethodError'{0x0000000089b3b5c8}: 'int java.lang.invoke.DirectMethodHandle$Holder.invokeSpecialIFC(java.lang.Object, java.lang.Object, java.lang.Object, java.lang.Object, java.lang.Object)'> (0x0000000089b3b5c8) 
thrown [s\open\src\hotspot\share\interpreter\linkResolver.cpp, line 759]
Event: 15.161 Thread 0x00000253cb1d16e0 Exception <a 'java/lang/ClassNotFoundException'{0x0000000088d11f20}: com/android/build/gradle/internal/api/ApkVariantOutputImpl_DecoratedBeanInfo> (0x0000000088d11f20) 
thrown [s\open\src\hotspot\share\classfile\systemDictionary.cpp, line 256]
Event: 15.161 Thread 0x00000253cb1d16e0 Exception <a 'java/lang/ClassNotFoundException'{0x0000000088d1f870}: com/android/build/gradle/internal/api/ApkVariantOutputImplBeanInfo> (0x0000000088d1f870) 
thrown [s\open\src\hotspot\share\classfile\systemDictionary.cpp, line 256]
Event: 15.162 Thread 0x00000253cb1d16e0 Exception <a 'java/lang/ClassNotFoundException'{0x0000000088d2d1d0}: com/android/build/gradle/internal/api/BaseVariantOutputImplBeanInfo> (0x0000000088d2d1d0) 
thrown [s\open\src\hotspot\share\classfile\systemDictionary.cpp, line 256]
Event: 15.162 Thread 0x00000253cb1d16e0 Exception <a 'java/lang/ClassNotFoundException'{0x0000000088d3ab08}: com/android/build/gradle/internal/api/BaseVariantOutputImplCustomizer> (0x0000000088d3ab08) 
thrown [s\open\src\hotspot\share\classfile\systemDictionary.cpp, line 256]
Event: 15.163 Thread 0x00000253cb1d16e0 Exception <a 'java/lang/ClassNotFoundException'{0x0000000088d5b340}: com/android/build/gradle/internal/api/ApkVariantOutputImplCustomizer> (0x0000000088d5b340) 
thrown [s\open\src\hotspot\share\classfile\systemDictionary.cpp, line 256]
Event: 15.164 Thread 0x00000253cb1d16e0 Exception <a 'java/lang/ClassNotFoundException'{0x0000000088d76bc0}: com/android/build/gradle/internal/api/ApkVariantOutputImpl_DecoratedCustomizer> (0x0000000088d76bc0) 
thrown [s\open\src\hotspot\share\classfile\systemDictionary.cpp, line 256]
Event: 15.242 Thread 0x00000253cb1d16e0 Exception <a 'java/lang/ClassNotFoundException'{0x00000000889f3f60}: com/android/build/gradle/internal/api/ReadOnlyBuildTypeBeanInfo> (0x00000000889f3f60) 
thrown [s\open\src\hotspot\share\classfile\systemDictionary.cpp, line 256]
Event: 15.243 Thread 0x00000253cb1d16e0 Exception <a 'java/lang/ClassNotFoundException'{0x0000000088801d80}: com/android/build/gradle/internal/api/ReadOnlyBaseConfigBeanInfo> (0x0000000088801d80) 
thrown [s\open\src\hotspot\share\classfile\systemDictionary.cpp, line 256]
Event: 15.243 Thread 0x00000253cb1d16e0 Exception <a 'java/lang/ClassNotFoundException'{0x000000008880f698}: com/android/build/gradle/internal/api/ReadOnlyBaseConfigCustomizer> (0x000000008880f698) 
thrown [s\open\src\hotspot\share\classfile\systemDictionary.cpp, line 256]
Event: 15.245 Thread 0x00000253cb1d16e0 Exception <a 'java/lang/ClassNotFoundException'{0x000000008882db58}: com/android/build/gradle/internal/api/ReadOnlyBuildTypeCustomizer> (0x000000008882db58) 
thrown [s\open\src\hotspot\share\classfile\systemDictionary.cpp, line 256]

VM Operations (20 events):
Event: 13.440 Executing VM operation: G1CollectForAllocation done
Event: 14.023 Executing VM operation: G1CollectForAllocation
Event: 14.027 Executing VM operation: G1CollectForAllocation done
Event: 14.101 Executing VM operation: G1Concurrent
Event: 14.106 Executing VM operation: G1Concurrent done
Event: 14.138 Executing VM operation: G1Concurrent
Event: 14.138 Executing VM operation: G1Concurrent done
Event: 14.213 Executing VM operation: HandshakeAllThreads
Event: 14.213 Executing VM operation: HandshakeAllThreads done
Event: 14.777 Executing VM operation: G1CollectForAllocation
Event: 14.783 Executing VM operation: G1CollectForAllocation done
Event: 14.890 Executing VM operation: G1CollectForAllocation
Event: 14.896 Executing VM operation: G1CollectForAllocation done
Event: 15.410 Executing VM operation: ICBufferFull
Event: 15.410 Executing VM operation: ICBufferFull done
Event: 15.450 Executing VM operation: HandshakeAllThreads
Event: 15.450 Executing VM operation: HandshakeAllThreads done
Event: 15.613 Executing VM operation: HandshakeAllThreads
Event: 15.613 Executing VM operation: HandshakeAllThreads done
Event: 15.646 Executing VM operation: G1CollectForAllocation

Events (20 events):
Event: 12.931 loading class java/time/format/DateTimeFormatterBuilder$WeekBasedFieldPrinterParser done
Event: 12.941 loading class com/sun/jmx/mbeanserver/StandardMBeanSupport
Event: 12.941 loading class com/sun/jmx/mbeanserver/StandardMBeanSupport done
Event: 12.942 loading class com/sun/jmx/mbeanserver/StandardMBeanIntrospector
Event: 12.942 loading class com/sun/jmx/mbeanserver/StandardMBeanIntrospector done
Event: 13.790 loading class java/util/ArrayList$SubList$1
Event: 13.790 loading class java/util/ArrayList$SubList$1 done
Event: 13.795 Thread 0x00000253cc898090 Thread exited: 0x00000253cc898090
Event: 14.032 Thread 0x00000253cb36d340 Thread added: 0x00000253cb36d340
Event: 14.097 Thread 0x00000253cb36e780 Thread added: 0x00000253cb36e780
Event: 14.132 loading class jdk/internal/loader/URLClassPath$FileLoader
Event: 14.132 loading class jdk/internal/loader/URLClassPath$FileLoader done
Event: 14.133 loading class jdk/internal/loader/URLClassPath$FileLoader$1
Event: 14.133 loading class jdk/internal/loader/URLClassPath$FileLoader$1 done
Event: 15.332 loading class java/io/CharArrayWriter
Event: 15.332 loading class java/io/CharArrayWriter done
Event: 15.495 loading class java/lang/AbstractMethodError
Event: 15.495 loading class java/lang/AbstractMethodError done
Event: 15.612 loading class java/util/AbstractList$ListItr
Event: 15.612 loading class java/util/AbstractList$ListItr done


Dynamic libraries:
0x00007ff67c4a0000 - 0x00007ff67c4b0000 	C:\Program Files\Java\jdk-17\bin\java.exe
0x00007ff988210000 - 0x00007ff988424000 	C:\WINDOWS\SYSTEM32\ntdll.dll
0x00007ff987b50000 - 0x00007ff987c14000 	C:\WINDOWS\System32\KERNEL32.DLL
0x00007ff985990000 - 0x00007ff985d34000 	C:\WINDOWS\System32\KERNELBASE.dll
0x00007ff9855c0000 - 0x00007ff9856d1000 	C:\WINDOWS\System32\ucrtbase.dll
0x00007ff982220000 - 0x00007ff982238000 	C:\Program Files\Java\jdk-17\bin\jli.dll
0x00007ff96f350000 - 0x00007ff96f36b000 	C:\Program Files\Java\jdk-17\bin\VCRUNTIME140.dll
0x00007ff986a00000 - 0x00007ff986ab0000 	C:\WINDOWS\System32\ADVAPI32.dll
0x00007ff9865f0000 - 0x00007ff986697000 	C:\WINDOWS\System32\msvcrt.dll
0x00007ff987d20000 - 0x00007ff987dc6000 	C:\WINDOWS\System32\sechost.dll
0x00007ff986ab0000 - 0x00007ff986bc7000 	C:\WINDOWS\System32\RPCRT4.dll
0x00007ff987dd0000 - 0x00007ff987f7e000 	C:\WINDOWS\System32\USER32.dll
0x00007ff96c6a0000 - 0x00007ff96c933000 	C:\WINDOWS\WinSxS\amd64_microsoft.windows.common-controls_6595b64144ccf1df_6.0.22621.2215_none_270d72677387dfc3\COMCTL32.dll
0x00007ff985850000 - 0x00007ff985876000 	C:\WINDOWS\System32\win32u.dll
0x00007ff986700000 - 0x00007ff986729000 	C:\WINDOWS\System32\GDI32.dll
0x00007ff985d40000 - 0x00007ff985e58000 	C:\WINDOWS\System32\gdi32full.dll
0x00007ff985880000 - 0x00007ff98591a000 	C:\WINDOWS\System32\msvcp_win.dll
0x00007ff97e7f0000 - 0x00007ff97e7fa000 	C:\WINDOWS\SYSTEM32\VERSION.dll
0x00007ff988060000 - 0x00007ff988091000 	C:\WINDOWS\System32\IMM32.DLL
0x00007ff9808d0000 - 0x00007ff9808dc000 	C:\Program Files\Java\jdk-17\bin\vcruntime140_1.dll
0x00007ff94aec0000 - 0x00007ff94af4e000 	C:\Program Files\Java\jdk-17\bin\msvcp140.dll
0x00007ff942b30000 - 0x00007ff943707000 	C:\Program Files\Java\jdk-17\bin\server\jvm.dll
0x00007ff986730000 - 0x00007ff986738000 	C:\WINDOWS\System32\PSAPI.DLL
0x00007ff95fbf0000 - 0x00007ff95fbf9000 	C:\WINDOWS\SYSTEM32\WSOCK32.dll
0x00007ff97ed30000 - 0x00007ff97ed64000 	C:\WINDOWS\SYSTEM32\WINMM.dll
0x00007ff987a70000 - 0x00007ff987ae1000 	C:\WINDOWS\System32\WS2_32.dll
0x00007ff9846b0000 - 0x00007ff9846c8000 	C:\WINDOWS\SYSTEM32\kernel.appcore.dll
0x00007ff96e9f0000 - 0x00007ff96e9fa000 	C:\Program Files\Java\jdk-17\bin\jimage.dll
0x00007ff982f90000 - 0x00007ff9831be000 	C:\WINDOWS\SYSTEM32\DBGHELP.DLL
0x00007ff987410000 - 0x00007ff98779a000 	C:\WINDOWS\System32\combase.dll
0x00007ff987f80000 - 0x00007ff988057000 	C:\WINDOWS\System32\OLEAUT32.dll
0x00007ff96b450000 - 0x00007ff96b482000 	C:\WINDOWS\SYSTEM32\dbgcore.DLL
0x00007ff985e60000 - 0x00007ff985eda000 	C:\WINDOWS\System32\bcryptPrimitives.dll
0x00007ff9530a0000 - 0x00007ff9530c5000 	C:\Program Files\Java\jdk-17\bin\java.dll
0x00007ff94a790000 - 0x00007ff94a867000 	C:\Program Files\Java\jdk-17\bin\jsvml.dll
0x00007ff986be0000 - 0x00007ff987403000 	C:\WINDOWS\System32\SHELL32.dll
0x00007ff983560000 - 0x00007ff983e4a000 	C:\WINDOWS\SYSTEM32\windows.storage.dll
0x00007ff983420000 - 0x00007ff98355e000 	C:\WINDOWS\SYSTEM32\wintypes.dll
0x00007ff986740000 - 0x00007ff986833000 	C:\WINDOWS\System32\SHCORE.dll
0x00007ff9866a0000 - 0x00007ff9866fe000 	C:\WINDOWS\System32\shlwapi.dll
0x00007ff9854f0000 - 0x00007ff985516000 	C:\WINDOWS\SYSTEM32\profapi.dll
0x00007ff95fad0000 - 0x00007ff95fae9000 	C:\Program Files\Java\jdk-17\bin\net.dll
0x00007ff97ebf0000 - 0x00007ff97ed27000 	C:\WINDOWS\SYSTEM32\WINHTTP.dll
0x00007ff984b80000 - 0x00007ff984be9000 	C:\WINDOWS\system32\mswsock.dll
0x00007ff95f480000 - 0x00007ff95f496000 	C:\Program Files\Java\jdk-17\bin\nio.dll
0x00007ff953150000 - 0x00007ff953168000 	C:\Program Files\Java\jdk-17\bin\zip.dll
0x00007ff96e9e0000 - 0x00007ff96e9f0000 	C:\Program Files\Java\jdk-17\bin\verify.dll
0x00007ff95f690000 - 0x00007ff95f6b7000 	C:\Users\ASUS\.gradle\native\68d5fa5c4cc2d200863cafc0d521ce42e7d3e7ee720ec0a83991735586a16f82\windows-amd64\native-platform.dll
0x00007ff9440d0000 - 0x00007ff944214000 	C:\Users\ASUS\.gradle\native\e376f236ea51e6404a007f0833ffe2c6e607c4080706a723a18a27aeea778392\windows-amd64\native-platform-file-events.dll
0x00007ff96dbf0000 - 0x00007ff96dbfa000 	C:\Program Files\Java\jdk-17\bin\management.dll
0x00007ff96b960000 - 0x00007ff96b96b000 	C:\Program Files\Java\jdk-17\bin\management_ext.dll
0x00007ff984de0000 - 0x00007ff984dfb000 	C:\WINDOWS\SYSTEM32\CRYPTSP.dll
0x00007ff984670000 - 0x00007ff9846a5000 	C:\WINDOWS\system32\rsaenh.dll
0x00007ff984c70000 - 0x00007ff984c9c000 	C:\WINDOWS\SYSTEM32\USERENV.dll
0x00007ff984f90000 - 0x00007ff984fb8000 	C:\WINDOWS\SYSTEM32\bcrypt.dll
0x00007ff984dd0000 - 0x00007ff984ddc000 	C:\WINDOWS\SYSTEM32\CRYPTBASE.dll
0x00007ff984120000 - 0x00007ff98414d000 	C:\WINDOWS\SYSTEM32\IPHLPAPI.DLL
0x00007ff987960000 - 0x00007ff987969000 	C:\WINDOWS\System32\NSI.dll
0x00007ff97ea40000 - 0x00007ff97ea59000 	C:\WINDOWS\SYSTEM32\dhcpcsvc6.DLL
0x00007ff97ea20000 - 0x00007ff97ea3f000 	C:\WINDOWS\SYSTEM32\dhcpcsvc.DLL
0x00007ff984190000 - 0x00007ff984282000 	C:\WINDOWS\SYSTEM32\DNSAPI.dll
0x00007ff9636f0000 - 0x00007ff9636fd000 	C:\Program Files\Java\jdk-17\bin\sunmscapi.dll
0x00007ff9856e0000 - 0x00007ff985846000 	C:\WINDOWS\System32\CRYPT32.dll
0x00007ff984f60000 - 0x00007ff984f8e000 	C:\WINDOWS\SYSTEM32\ncrypt.dll
0x00007ff984f20000 - 0x00007ff984f57000 	C:\WINDOWS\SYSTEM32\NTASN1.dll
0x00007ff96dd60000 - 0x00007ff96dd68000 	C:\WINDOWS\system32\wshunix.dll

dbghelp: loaded successfully - version: 4.0.5 - missing functions: none
symbol engine: initialized successfully - sym options: 0x614 - pdb path: .;C:\Program Files\Java\jdk-17\bin;C:\WINDOWS\SYSTEM32;C:\WINDOWS\WinSxS\amd64_microsoft.windows.common-controls_6595b64144ccf1df_6.0.22621.2215_none_270d72677387dfc3;C:\Program Files\Java\jdk-17\bin\server;C:\Users\ASUS\.gradle\native\68d5fa5c4cc2d200863cafc0d521ce42e7d3e7ee720ec0a83991735586a16f82\windows-amd64;C:\Users\ASUS\.gradle\native\e376f236ea51e6404a007f0833ffe2c6e607c4080706a723a18a27aeea778392\windows-amd64

VM Arguments:
jvm_args: --add-opens=java.base/java.util=ALL-UNNAMED --add-opens=java.base/java.lang=ALL-UNNAMED --add-opens=java.base/java.lang.invoke=ALL-UNNAMED --add-opens=java.prefs/java.util.prefs=ALL-UNNAMED --add-opens=java.base/java.nio.charset=ALL-UNNAMED --add-opens=java.base/java.net=ALL-UNNAMED --add-opens=java.base/java.util.concurrent.atomic=ALL-UNNAMED -Xmx2048m -Dfile.encoding=UTF-8 -Duser.country=US -Duser.language=en -Duser.variant 
java_command: org.gradle.launcher.daemon.bootstrap.GradleDaemon 8.0.2
java_class_path (initial): C:\Users\ASUS\.gradle\wrapper\dists\gradle-8.0.2-bin\25jlreiuz6u3xu2phlpa2vv4m\gradle-8.0.2\lib\gradle-launcher-8.0.2.jar
Launcher Type: SUN_STANDARD

[Global flags]
     intx CICompilerCount                          = 4                                         {product} {ergonomic}
     uint ConcGCThreads                            = 2                                         {product} {ergonomic}
     uint G1ConcRefinementThreads                  = 8                                         {product} {ergonomic}
   size_t G1HeapRegionSize                         = 1048576                                   {product} {ergonomic}
    uintx GCDrainStackTargetSize                   = 64                                        {product} {ergonomic}
   size_t InitialHeapSize                          = 134217728                                 {product} {ergonomic}
   size_t MarkStackSize                            = 4194304                                   {product} {ergonomic}
   size_t MaxHeapSize                              = 2147483648                                {product} {command line}
   size_t MaxNewSize                               = 1287651328                                {product} {ergonomic}
   size_t MinHeapDeltaBytes                        = 1048576                                   {product} {ergonomic}
   size_t MinHeapSize                              = 8388608                                   {product} {ergonomic}
    uintx NonNMethodCodeHeapSize                   = 5839372                                {pd product} {ergonomic}
    uintx NonProfiledCodeHeapSize                  = 122909434                              {pd product} {ergonomic}
    uintx ProfiledCodeHeapSize                     = 122909434                              {pd product} {ergonomic}
    uintx ReservedCodeCacheSize                    = 251658240                              {pd product} {ergonomic}
     bool SegmentedCodeCache                       = true                                      {product} {ergonomic}
   size_t SoftMaxHeapSize                          = 2147483648                             {manageable} {ergonomic}
     bool UseCompressedClassPointers               = true                           {product lp64_product} {ergonomic}
     bool UseCompressedOops                        = true                           {product lp64_product} {ergonomic}
     bool UseG1GC                                  = true                                      {product} {ergonomic}
     bool UseLargePagesIndividualAllocation        = false                                  {pd product} {ergonomic}

Logging:
Log output configuration:
 #0: stdout all=warning uptime,level,tags
 #1: stderr all=off uptime,level,tags

Environment Variables:
PATH=C:\Program Files\Common Files\Oracle\Java\javapath;C:\Python310\Scripts\;C:\Python310\;C:\Program Files (x86)\Common Files\Intel\Shared Files\cpp\bin\Intel64;C:\Program Files (x86)\Intel\iCLS Client\;C:\Program Files\Intel\iCLS Client\;C:\Windows\system32;C:\Windows;C:\Windows\System32\Wbem;C:\Windows\System32\WindowsPowerShell\v1.0\;C:\Windows\System32\OpenSSH\;C:\Program Files (x86)\Intel\Intel(R) Management Engine Components\DAL;C:\Program Files\Intel\Intel(R) Management Engine Components\DAL;C:\Program Files (x86)\Intel\Intel(R) Management Engine Components\IPT;C:\Program Files\Intel\Intel(R) Management Engine Components\IPT;C:\Program Files (x86)\NVIDIA Corporation\PhysX\Common;C:\Program Files\Microsoft VS Code\bin;C:\ProgramData\chocolatey\bin;C:\WINDOWS\system32;C:\WINDOWS;C:\WINDOWS\System32\Wbem;C:\WINDOWS\System32\WindowsPowerShell\v1.0\;C:\WINDOWS\System32\OpenSSH\;C:\xampp\php;C:\ProgramData\ComposerSetup\bin;D:\Git\cmd;C:\Users\ASUS\AppData\Roaming\nvm;C:\Program Files\nodejs;C:\Users\ASUS\AppData\Roaming\npm;C:\Users\ASUS\AppData\Roaming\nvm;C:\Program Files\nodejs\;C:\Program Files\dotnet\;C:\Users\ASUS\AppData\Local\Microsoft\WindowsApps;;D:\IntelliJ IDEA 2023.2\bin;
USERNAME=ASUS
OS=Windows_NT
PROCESSOR_IDENTIFIER=Intel64 Family 6 Model 142 Stepping 10, GenuineIntel



---------------  S Y S T E M  ---------------

OS:
 Windows 11 , 64 bit Build 22621 (10.0.22621.2215)
OS uptime: 0 days 0:19 hours

CPU: total 8 (initial active 8) (4 cores per cpu, 2 threads per core) family 6 model 142 stepping 10 microcode 0xe0, cx8, cmov, fxsr, ht, mmx, 3dnowpref, sse, sse2, sse3, ssse3, sse4.1, sse4.2, popcnt, lzcnt, tsc, tscinvbit, avx, avx2, aes, erms, clmul, bmi1, bmi2, adx, fma, vzeroupper, clflush, clflushopt

Memory: 4k page, system-wide physical 8074M (813M free)
TotalPageFile size 8314M (AvailPageFile size 40M)
current process WorkingSet (physical memory assigned to process): 380M, peak: 383M
current process commit charge ("private bytes"): 429M, peak: 556M

vm_info: Java HotSpot(TM) 64-Bit Server VM (17.0.6+9-LTS-190) for windows-amd64 JRE (17.0.6+9-LTS-190), built on Dec  6 2022 15:53:54 by "mach5one" with MS VC++ 17.1 (VS2022)

END.
