#
# There is insufficient memory for the Java Runtime Environment to continue.
# Native memory allocation (mmap) failed to map 49283072 bytes for G1 virtual space
# Possible reasons:
#   The system is out of physical RAM or swap space
#   The process is running with CompressedOops enabled, and the Java Heap may be blocking the growth of the native heap
# Possible solutions:
#   Reduce memory load on the system
#   Increase physical memory or swap space
#   Check if swap backing store is full
#   Decrease Java heap size (-Xmx/-Xms)
#   Decrease number of Java threads
#   Decrease Java thread stack sizes (-Xss)
#   Set larger code cache with -XX:ReservedCodeCacheSize=
#   JVM is running with Unscaled Compressed Oops mode in which the Java heap is
#     placed in the first 4GB address space. The Java Heap base address is the
#     maximum limit for the native heap growth. Please use -XX:HeapBaseMinAddress
#     to set the Java Heap base and to place the Java Heap above 4GB virtual address.
# This output file may be truncated or incomplete.
#
#  Out of Memory Error (os_windows.cpp:3550), pid=23748, tid=24932
#
# JRE version: Java(TM) SE Runtime Environment (17.0.6+9) (build 17.0.6+9-LTS-190)
# Java VM: Java HotSpot(TM) 64-Bit Server VM (17.0.6+9-LTS-190, mixed mode, sharing, tiered, compressed oops, compressed class ptrs, g1 gc, windows-amd64)
# No core dump will be written. Minidumps are not enabled by default on client versions of Windows
#

---------------  S U M M A R Y ------------

Command Line: org.jetbrains.kotlin.cli.jvm.K2JVMCompiler @D:\Aplikasi_DBandeng\app\build\20231017_17922489830002832781.compiler.options

Host: Intel(R) Core(TM) i5-8250U CPU @ 1.60GHz, 8 cores, 7G,  Windows 11 , 64 bit Build 22621 (10.0.22621.2428)
Time: Tue Oct 17 14:04:15 2023 SE Asia Standard Time elapsed time: 9.887245 seconds (0d 0h 0m 9s)

---------------  T H R E A D  ---------------

Current thread (0x000001fbfb9ebc40):  VMThread "VM Thread" [stack: 0x0000006515900000,0x0000006515a00000] [id=24932]

Stack: [0x0000006515900000,0x0000006515a00000]
Native frames: (J=compiled Java code, j=interpreted, Vv=VM code, C=native code)
V  [jvm.dll+0x6734ea]
V  [jvm.dll+0x7d18f4]
V  [jvm.dll+0x7d309e]
V  [jvm.dll+0x7d3703]
V  [jvm.dll+0x2433c5]
V  [jvm.dll+0x6703f9]
V  [jvm.dll+0x664d32]
V  [jvm.dll+0x300086]
V  [jvm.dll+0x307606]
V  [jvm.dll+0x356c1e]
V  [jvm.dll+0x356e4f]
V  [jvm.dll+0x2d72e8]
V  [jvm.dll+0x2d57e5]
V  [jvm.dll+0x2d4dec]
V  [jvm.dll+0x3186a1]
V  [jvm.dll+0x7d7f0b]
V  [jvm.dll+0x7d8c44]
V  [jvm.dll+0x7d915d]
V  [jvm.dll+0x7d9534]
V  [jvm.dll+0x7d9600]
V  [jvm.dll+0x781a7a]
V  [jvm.dll+0x672375]
C  [ucrtbase.dll+0x29363]
C  [KERNEL32.DLL+0x1257d]
C  [ntdll.dll+0x5aa78]

VM_Operation (0x00000065153f50a8): G1TryInitiateConcMark, mode: safepoint, requested by thread 0x000001fbea970310


---------------  P R O C E S S  ---------------

Threads class SMR info:
_java_thread_list=0x000001fbfc4ca750, length=13, elements={
0x000001fbea970310, 0x000001fbfb9f4080, 0x000001fbfb9f4ef0, 0x000001fbfba0bac0,
0x000001fbfba0c670, 0x000001fbfba0d220, 0x000001fbfba0fce0, 0x000001fbfba1d460,
0x000001fbfba127a0, 0x000001fbfba130a0, 0x000001fbfc4f1d60, 0x000001fbfc4f64e0,
0x000001fbfc51d4a0
}

Java Threads: ( => current thread )
  0x000001fbea970310 JavaThread "main" [_thread_blocked, id=28400, stack(0x0000006515300000,0x0000006515400000)]
  0x000001fbfb9f4080 JavaThread "Reference Handler" daemon [_thread_blocked, id=25800, stack(0x0000006515a00000,0x0000006515b00000)]
  0x000001fbfb9f4ef0 JavaThread "Finalizer" daemon [_thread_blocked, id=28912, stack(0x0000006515b00000,0x0000006515c00000)]
  0x000001fbfba0bac0 JavaThread "Signal Dispatcher" daemon [_thread_blocked, id=26132, stack(0x0000006515c00000,0x0000006515d00000)]
  0x000001fbfba0c670 JavaThread "Attach Listener" daemon [_thread_blocked, id=25624, stack(0x0000006515d00000,0x0000006515e00000)]
  0x000001fbfba0d220 JavaThread "Service Thread" daemon [_thread_blocked, id=24600, stack(0x0000006515e00000,0x0000006515f00000)]
  0x000001fbfba0fce0 JavaThread "Monitor Deflation Thread" daemon [_thread_blocked, id=27576, stack(0x0000006515f00000,0x0000006516000000)]
  0x000001fbfba1d460 JavaThread "C2 CompilerThread0" daemon [_thread_blocked, id=25044, stack(0x0000006516000000,0x0000006516100000)]
  0x000001fbfba127a0 JavaThread "C1 CompilerThread0" daemon [_thread_blocked, id=24912, stack(0x0000006516100000,0x0000006516200000)]
  0x000001fbfba130a0 JavaThread "Sweeper thread" daemon [_thread_blocked, id=25756, stack(0x0000006516200000,0x0000006516300000)]
  0x000001fbfc4f1d60 JavaThread "Notification Thread" daemon [_thread_blocked, id=24788, stack(0x0000006516300000,0x0000006516400000)]
  0x000001fbfc4f64e0 JavaThread "Common-Cleaner" daemon [_thread_blocked, id=27168, stack(0x0000006516500000,0x0000006516600000)]
  0x000001fbfc51d4a0 JavaThread "C2 CompilerThread1" daemon [_thread_blocked, id=27076, stack(0x0000006516600000,0x0000006516700000)]

Other Threads:
=>0x000001fbfb9ebc40 VMThread "VM Thread" [stack: 0x0000006515900000,0x0000006515a00000] [id=24932]
  0x000001fbfc4f6250 WatcherThread [stack: 0x0000006516400000,0x0000006516500000] [id=23076]
  0x000001fbea9c77c0 GCTaskThread "GC Thread#0" [stack: 0x0000006515400000,0x0000006515500000] [id=32332]
  0x000001fbfc960d00 GCTaskThread "GC Thread#1" [stack: 0x0000006516700000,0x0000006516800000] [id=27440]
  0x000001fbfc960fb0 GCTaskThread "GC Thread#2" [stack: 0x0000006516800000,0x0000006516900000] [id=27416]
  0x000001fbfca25cb0 GCTaskThread "GC Thread#3" [stack: 0x0000006516900000,0x0000006516a00000] [id=12508]
  0x000001fbfc9f1900 GCTaskThread "GC Thread#4" [stack: 0x0000006516a00000,0x0000006516b00000] [id=24616]
  0x000001fbfc9f27d0 GCTaskThread "GC Thread#5" [stack: 0x0000006516b00000,0x0000006516c00000] [id=28264]
  0x000001fbfd940c00 GCTaskThread "GC Thread#6" [stack: 0x0000006516c00000,0x0000006516d00000] [id=26700]
  0x000001fbfd940eb0 GCTaskThread "GC Thread#7" [stack: 0x0000006516d00000,0x0000006516e00000] [id=23068]
  0x000001fbea9d8380 ConcurrentGCThread "G1 Main Marker" [stack: 0x0000006515500000,0x0000006515600000] [id=31144]
  0x000001fbea9d9530 ConcurrentGCThread "G1 Conc#0" [stack: 0x0000006515600000,0x0000006515700000] [id=22140]
  0x000001fbfd941970 ConcurrentGCThread "G1 Conc#1" [stack: 0x0000006516e00000,0x0000006516f00000] [id=6428]
  0x000001fbeaa3dcc0 ConcurrentGCThread "G1 Refine#0" [stack: 0x0000006515700000,0x0000006515800000] [id=33496]
  0x000001fb8f493e30 ConcurrentGCThread "G1 Refine#1" [stack: 0x0000006516f00000,0x0000006517000000] [id=33028]
  0x000001fbfdf86070 ConcurrentGCThread "G1 Refine#2" [stack: 0x0000006517000000,0x0000006517100000] [id=20064]
  0x000001fbeaa3e6e0 ConcurrentGCThread "G1 Service" [stack: 0x0000006515800000,0x0000006515900000] [id=32744]

Threads with active compile tasks:
C2 CompilerThread0     9923 9220       4       org.jetbrains.kotlin.serialization.deserialization.descriptors.DeserializedMemberScope::getContributedClassifier (63 bytes)
C1 CompilerThread0     9923 9742   !   2       org.jetbrains.kotlin.protobuf.AbstractParser::parsePartialDelimitedFrom (58 bytes)
C2 CompilerThread1     9923 9270       4       org.jetbrains.kotlin.load.java.lazy.descriptors.JvmPackageScope::getContributedClassifier (142 bytes)

VM state: at safepoint (normal execution)

VM Mutex/Monitor currently owned by a thread:  ([mutex/lock_event])
[0x000001fbea96cdf0] Threads_lock - owner thread: 0x000001fbfb9ebc40
[0x000001fbea96cf10] Heap_lock - owner thread: 0x000001fbea970310

Heap address: 0x0000000081c00000, size: 2020 MB, Compressed Oops mode: 32-bit

CDS archive(s) mapped at: [0x0000000800000000-0x0000000800bd0000-0x0000000800bd0000), size 12386304, SharedBaseAddress: 0x0000000800000000, ArchiveRelocationMode: 0.
Compressed class space mapped at: 0x0000000800c00000-0x0000000840c00000, reserved size: 1073741824
Narrow klass base: 0x0000000800000000, Narrow klass shift: 0, Narrow klass range: 0x100000000

GC Precious Log:
 CPUs: 8 total, 8 available
 Memory: 8074M
 Large Page Support: Disabled
 NUMA Support: Disabled
 Compressed Oops: Enabled (32-bit)
 Heap Region Size: 1M
 Heap Min Capacity: 8M
 Heap Initial Capacity: 128M
 Heap Max Capacity: 2020M
 Pre-touch: Disabled
 Parallel Workers: 8
 Concurrent Workers: 2
 Concurrent Refinement Workers: 8
 Periodic GC: Disabled

Heap:
 garbage-first heap   total 131072K, used 65113K [0x0000000081c00000, 0x0000000100000000)
  region size 1024K, 3 young (3072K), 3 survivors (3072K)
 Metaspace       used 56628K, committed 56960K, reserved 1105920K
  class space    used 6707K, committed 6848K, reserved 1048576K

Heap Regions: E=young(eden), S=young(survivor), O=old, HS=humongous(starts), HC=humongous(continues), CS=collection set, F=free, OA=open archive, CA=closed archive, TAMS=top-at-mark-start (previous, next)
|   0|0x0000000081c00000, 0x0000000081d00000, 0x0000000081d00000|100%|HS|  |TAMS 0x0000000081d00000, 0x0000000081d00000| Complete 
|   1|0x0000000081d00000, 0x0000000081e00000, 0x0000000081e00000|100%|HC|  |TAMS 0x0000000081e00000, 0x0000000081e00000| Complete 
|   2|0x0000000081e00000, 0x0000000081f00000, 0x0000000081f00000|100%|HC|  |TAMS 0x0000000081f00000, 0x0000000081f00000| Complete 
|   3|0x0000000081f00000, 0x0000000082000000, 0x0000000082000000|100%|HC|  |TAMS 0x0000000082000000, 0x0000000082000000| Complete 
|   4|0x0000000082000000, 0x0000000082100000, 0x0000000082100000|100%| O|  |TAMS 0x0000000082100000, 0x0000000082100000| Untracked 
|   5|0x0000000082100000, 0x0000000082200000, 0x0000000082200000|100%| O|  |TAMS 0x0000000082200000, 0x0000000082200000| Untracked 
|   6|0x0000000082200000, 0x0000000082300000, 0x0000000082300000|100%| O|  |TAMS 0x0000000082200000, 0x0000000082300000| Untracked 
|   7|0x0000000082300000, 0x0000000082400000, 0x0000000082400000|100%|HS|  |TAMS 0x0000000082400000, 0x0000000082400000| Complete 
|   8|0x0000000082400000, 0x0000000082500000, 0x0000000082500000|100%|HC|  |TAMS 0x0000000082500000, 0x0000000082500000| Complete 
|   9|0x0000000082500000, 0x0000000082600000, 0x0000000082600000|100%|HC|  |TAMS 0x0000000082600000, 0x0000000082600000| Complete 
|  10|0x0000000082600000, 0x0000000082700000, 0x0000000082700000|100%|HC|  |TAMS 0x0000000082700000, 0x0000000082700000| Complete 
|  11|0x0000000082700000, 0x0000000082800000, 0x0000000082800000|100%|HS|  |TAMS 0x0000000082700000, 0x0000000082800000| Complete 
|  12|0x0000000082800000, 0x0000000082900000, 0x0000000082900000|100%|HC|  |TAMS 0x0000000082800000, 0x0000000082900000| Complete 
|  13|0x0000000082900000, 0x0000000082a00000, 0x0000000082a00000|100%| O|  |TAMS 0x0000000082a00000, 0x0000000082a00000| Untracked 
|  14|0x0000000082a00000, 0x0000000082b00000, 0x0000000082b00000|100%| O|  |TAMS 0x0000000082b00000, 0x0000000082b00000| Untracked 
|  15|0x0000000082b00000, 0x0000000082c00000, 0x0000000082c00000|100%| O|  |TAMS 0x0000000082c00000, 0x0000000082c00000| Untracked 
|  16|0x0000000082c00000, 0x0000000082d00000, 0x0000000082d00000|100%| O|  |TAMS 0x0000000082d00000, 0x0000000082d00000| Untracked 
|  17|0x0000000082d00000, 0x0000000082e00000, 0x0000000082e00000|100%| O|  |TAMS 0x0000000082e00000, 0x0000000082e00000| Untracked 
|  18|0x0000000082e00000, 0x0000000082f00000, 0x0000000082f00000|100%| O|  |TAMS 0x0000000082f00000, 0x0000000082f00000| Untracked 
|  19|0x0000000082f00000, 0x0000000083000000, 0x0000000083000000|100%| O|  |TAMS 0x0000000082f00000, 0x0000000083000000| Untracked 
|  20|0x0000000083000000, 0x0000000083100000, 0x0000000083100000|100%| O|  |TAMS 0x0000000083000000, 0x0000000083100000| Untracked 
|  21|0x0000000083100000, 0x0000000083200000, 0x0000000083200000|100%| O|  |TAMS 0x0000000083100000, 0x0000000083200000| Untracked 
|  22|0x0000000083200000, 0x0000000083300000, 0x0000000083300000|100%| O|  |TAMS 0x0000000083200000, 0x0000000083300000| Untracked 
|  23|0x0000000083300000, 0x0000000083400000, 0x0000000083400000|100%| O|  |TAMS 0x0000000083300000, 0x0000000083400000| Untracked 
|  24|0x0000000083400000, 0x0000000083500000, 0x0000000083500000|100%| O|  |TAMS 0x0000000083500000, 0x0000000083500000| Untracked 
|  25|0x0000000083500000, 0x0000000083600000, 0x0000000083600000|100%| O|  |TAMS 0x0000000083600000, 0x0000000083600000| Untracked 
|  26|0x0000000083600000, 0x0000000083700000, 0x0000000083700000|100%| O|  |TAMS 0x0000000083700000, 0x0000000083700000| Untracked 
|  27|0x0000000083700000, 0x0000000083800000, 0x0000000083800000|100%| O|  |TAMS 0x0000000083800000, 0x0000000083800000| Untracked 
|  28|0x0000000083800000, 0x0000000083900000, 0x0000000083900000|100%| O|  |TAMS 0x0000000083900000, 0x0000000083900000| Untracked 
|  29|0x0000000083900000, 0x00000000839dcc00, 0x0000000083a00000| 86%| O|  |TAMS 0x00000000839dcc00, 0x00000000839dcc00| Untracked 
|  30|0x0000000083a00000, 0x0000000083b00000, 0x0000000083b00000|100%| O|  |TAMS 0x0000000083a00000, 0x0000000083b00000| Untracked 
|  31|0x0000000083b00000, 0x0000000083c00000, 0x0000000083c00000|100%| O|  |TAMS 0x0000000083b00000, 0x0000000083c00000| Untracked 
|  32|0x0000000083c00000, 0x0000000083d00000, 0x0000000083d00000|100%| O|  |TAMS 0x0000000083c00000, 0x0000000083d00000| Untracked 
|  33|0x0000000083d00000, 0x0000000083e00000, 0x0000000083e00000|100%| O|  |TAMS 0x0000000083d00000, 0x0000000083e00000| Untracked 
|  34|0x0000000083e00000, 0x0000000083f00000, 0x0000000083f00000|100%| O|  |TAMS 0x0000000083e00000, 0x0000000083f00000| Untracked 
|  35|0x0000000083f00000, 0x0000000084000000, 0x0000000084000000|100%| O|  |TAMS 0x0000000083f00000, 0x0000000084000000| Untracked 
|  36|0x0000000084000000, 0x0000000084100000, 0x0000000084100000|100%| O|  |TAMS 0x0000000084000000, 0x0000000084100000| Untracked 
|  37|0x0000000084100000, 0x0000000084200000, 0x0000000084200000|100%| O|  |TAMS 0x0000000084100000, 0x0000000084200000| Untracked 
|  38|0x0000000084200000, 0x0000000084300000, 0x0000000084300000|100%| O|  |TAMS 0x0000000084200000, 0x0000000084300000| Untracked 
|  39|0x0000000084300000, 0x0000000084400000, 0x0000000084400000|100%| O|  |TAMS 0x0000000084300000, 0x0000000084400000| Untracked 
|  40|0x0000000084400000, 0x0000000084500000, 0x0000000084500000|100%| O|  |TAMS 0x0000000084400000, 0x0000000084500000| Untracked 
|  41|0x0000000084500000, 0x0000000084600000, 0x0000000084600000|100%| O|  |TAMS 0x0000000084500000, 0x0000000084600000| Untracked 
|  42|0x0000000084600000, 0x0000000084700000, 0x0000000084700000|100%| O|  |TAMS 0x0000000084600000, 0x0000000084700000| Untracked 
|  43|0x0000000084700000, 0x0000000084800000, 0x0000000084800000|100%| O|  |TAMS 0x0000000084700000, 0x0000000084800000| Untracked 
|  44|0x0000000084800000, 0x0000000084900000, 0x0000000084900000|100%| O|  |TAMS 0x0000000084800000, 0x0000000084900000| Untracked 
|  45|0x0000000084900000, 0x0000000084a00000, 0x0000000084a00000|100%| O|  |TAMS 0x0000000084900000, 0x0000000084a00000| Untracked 
|  46|0x0000000084a00000, 0x0000000084b00000, 0x0000000084b00000|100%| O|  |TAMS 0x0000000084a00000, 0x0000000084b00000| Untracked 
|  47|0x0000000084b00000, 0x0000000084c00000, 0x0000000084c00000|100%| O|  |TAMS 0x0000000084b00000, 0x0000000084c00000| Untracked 
|  48|0x0000000084c00000, 0x0000000084d00000, 0x0000000084d00000|100%| O|  |TAMS 0x0000000084c00000, 0x0000000084d00000| Untracked 
|  49|0x0000000084d00000, 0x0000000084e00000, 0x0000000084e00000|100%| O|  |TAMS 0x0000000084d00000, 0x0000000084e00000| Untracked 
|  50|0x0000000084e00000, 0x0000000084f00000, 0x0000000084f00000|100%| O|  |TAMS 0x0000000084e00000, 0x0000000084f00000| Untracked 
|  51|0x0000000084f00000, 0x0000000085000000, 0x0000000085000000|100%| O|  |TAMS 0x0000000084f00000, 0x0000000085000000| Untracked 
|  52|0x0000000085000000, 0x0000000085100000, 0x0000000085100000|100%| O|  |TAMS 0x0000000085000000, 0x0000000085100000| Untracked 
|  53|0x0000000085100000, 0x0000000085200000, 0x0000000085200000|100%| O|  |TAMS 0x0000000085100000, 0x0000000085200000| Untracked 
|  54|0x0000000085200000, 0x0000000085300000, 0x0000000085300000|100%| O|  |TAMS 0x0000000085200000, 0x000000008529a408| Untracked 
|  55|0x0000000085300000, 0x0000000085400000, 0x0000000085400000|100%| O|  |TAMS 0x0000000085300000, 0x0000000085300000| Untracked 
|  56|0x0000000085400000, 0x0000000085500000, 0x0000000085500000|100%| O|  |TAMS 0x0000000085400000, 0x0000000085400000| Untracked 
|  57|0x0000000085500000, 0x0000000085600000, 0x0000000085600000|100%| O|  |TAMS 0x0000000085500000, 0x0000000085500000| Untracked 
|  58|0x0000000085600000, 0x0000000085700000, 0x0000000085700000|100%| O|  |TAMS 0x0000000085600000, 0x0000000085600000| Untracked 
|  59|0x0000000085700000, 0x0000000085800000, 0x0000000085800000|100%| O|  |TAMS 0x0000000085700000, 0x0000000085700000| Untracked 
|  60|0x0000000085800000, 0x00000000858b9800, 0x0000000085900000| 72%| O|  |TAMS 0x0000000085800000, 0x0000000085800000| Untracked 
|  61|0x0000000085900000, 0x0000000085900000, 0x0000000085a00000|  0%| F|  |TAMS 0x0000000085900000, 0x0000000085900000| Untracked 
|  62|0x0000000085a00000, 0x0000000085a00000, 0x0000000085b00000|  0%| F|  |TAMS 0x0000000085a00000, 0x0000000085a00000| Untracked 
|  63|0x0000000085b00000, 0x0000000085b00000, 0x0000000085c00000|  0%| F|  |TAMS 0x0000000085b00000, 0x0000000085b00000| Untracked 
|  64|0x0000000085c00000, 0x0000000085c00000, 0x0000000085d00000|  0%| F|  |TAMS 0x0000000085c00000, 0x0000000085c00000| Untracked 
|  65|0x0000000085d00000, 0x0000000085d00000, 0x0000000085e00000|  0%| F|  |TAMS 0x0000000085d00000, 0x0000000085d00000| Untracked 
|  66|0x0000000085e00000, 0x0000000085e00000, 0x0000000085f00000|  0%| F|  |TAMS 0x0000000085e00000, 0x0000000085e00000| Untracked 
|  67|0x0000000085f00000, 0x0000000085f00000, 0x0000000086000000|  0%| F|  |TAMS 0x0000000085f00000, 0x0000000085f00000| Untracked 
|  68|0x0000000086000000, 0x0000000086000000, 0x0000000086100000|  0%| F|  |TAMS 0x0000000086000000, 0x0000000086000000| Untracked 
|  69|0x0000000086100000, 0x0000000086100000, 0x0000000086200000|  0%| F|  |TAMS 0x0000000086100000, 0x0000000086100000| Untracked 
|  70|0x0000000086200000, 0x0000000086200000, 0x0000000086300000|  0%| F|  |TAMS 0x0000000086200000, 0x0000000086200000| Untracked 
|  71|0x0000000086300000, 0x0000000086300000, 0x0000000086400000|  0%| F|  |TAMS 0x0000000086300000, 0x0000000086300000| Untracked 
|  72|0x0000000086400000, 0x0000000086400000, 0x0000000086500000|  0%| F|  |TAMS 0x0000000086400000, 0x0000000086400000| Untracked 
|  73|0x0000000086500000, 0x0000000086500000, 0x0000000086600000|  0%| F|  |TAMS 0x0000000086500000, 0x0000000086500000| Untracked 
|  74|0x0000000086600000, 0x0000000086600000, 0x0000000086700000|  0%| F|  |TAMS 0x0000000086600000, 0x0000000086600000| Untracked 
|  75|0x0000000086700000, 0x0000000086700000, 0x0000000086800000|  0%| F|  |TAMS 0x0000000086700000, 0x0000000086700000| Untracked 
|  76|0x0000000086800000, 0x0000000086800000, 0x0000000086900000|  0%| F|  |TAMS 0x0000000086800000, 0x0000000086800000| Untracked 
|  77|0x0000000086900000, 0x0000000086900000, 0x0000000086a00000|  0%| F|  |TAMS 0x0000000086900000, 0x0000000086900000| Untracked 
|  78|0x0000000086a00000, 0x0000000086a00000, 0x0000000086b00000|  0%| F|  |TAMS 0x0000000086a00000, 0x0000000086a00000| Untracked 
|  79|0x0000000086b00000, 0x0000000086b00000, 0x0000000086c00000|  0%| F|  |TAMS 0x0000000086b00000, 0x0000000086b00000| Untracked 
|  80|0x0000000086c00000, 0x0000000086c00000, 0x0000000086d00000|  0%| F|  |TAMS 0x0000000086c00000, 0x0000000086c00000| Untracked 
|  81|0x0000000086d00000, 0x0000000086d00000, 0x0000000086e00000|  0%| F|  |TAMS 0x0000000086d00000, 0x0000000086d00000| Untracked 
|  82|0x0000000086e00000, 0x0000000086e00000, 0x0000000086f00000|  0%| F|  |TAMS 0x0000000086e00000, 0x0000000086e00000| Untracked 
|  83|0x0000000086f00000, 0x0000000086f00000, 0x0000000087000000|  0%| F|  |TAMS 0x0000000086f00000, 0x0000000086f00000| Untracked 
|  84|0x0000000087000000, 0x0000000087000000, 0x0000000087100000|  0%| F|  |TAMS 0x0000000087000000, 0x0000000087000000| Untracked 
|  85|0x0000000087100000, 0x0000000087100000, 0x0000000087200000|  0%| F|  |TAMS 0x0000000087100000, 0x0000000087100000| Untracked 
|  86|0x0000000087200000, 0x0000000087200000, 0x0000000087300000|  0%| F|  |TAMS 0x0000000087200000, 0x0000000087200000| Untracked 
|  87|0x0000000087300000, 0x0000000087300000, 0x0000000087400000|  0%| F|  |TAMS 0x0000000087300000, 0x0000000087300000| Untracked 
|  88|0x0000000087400000, 0x0000000087400000, 0x0000000087500000|  0%| F|  |TAMS 0x0000000087400000, 0x0000000087400000| Untracked 
|  89|0x0000000087500000, 0x0000000087500000, 0x0000000087600000|  0%| F|  |TAMS 0x0000000087500000, 0x0000000087500000| Untracked 
|  90|0x0000000087600000, 0x0000000087600000, 0x0000000087700000|  0%| F|  |TAMS 0x0000000087600000, 0x0000000087600000| Untracked 
|  91|0x0000000087700000, 0x0000000087700000, 0x0000000087800000|  0%| F|  |TAMS 0x0000000087700000, 0x0000000087700000| Untracked 
|  92|0x0000000087800000, 0x0000000087800000, 0x0000000087900000|  0%| F|  |TAMS 0x0000000087800000, 0x0000000087800000| Untracked 
|  93|0x0000000087900000, 0x0000000087900000, 0x0000000087a00000|  0%| F|  |TAMS 0x0000000087900000, 0x0000000087900000| Untracked 
|  94|0x0000000087a00000, 0x0000000087a00000, 0x0000000087b00000|  0%| F|  |TAMS 0x0000000087a00000, 0x0000000087a00000| Untracked 
|  95|0x0000000087b00000, 0x0000000087b00000, 0x0000000087c00000|  0%| F|  |TAMS 0x0000000087b00000, 0x0000000087b00000| Untracked 
|  96|0x0000000087c00000, 0x0000000087c00000, 0x0000000087d00000|  0%| F|  |TAMS 0x0000000087c00000, 0x0000000087c00000| Untracked 
|  97|0x0000000087d00000, 0x0000000087d00000, 0x0000000087e00000|  0%| F|  |TAMS 0x0000000087d00000, 0x0000000087d00000| Untracked 
|  98|0x0000000087e00000, 0x0000000087e00000, 0x0000000087f00000|  0%| F|  |TAMS 0x0000000087e00000, 0x0000000087e00000| Untracked 
|  99|0x0000000087f00000, 0x0000000087f00000, 0x0000000088000000|  0%| F|  |TAMS 0x0000000087f00000, 0x0000000087f00000| Untracked 
| 100|0x0000000088000000, 0x0000000088000000, 0x0000000088100000|  0%| F|  |TAMS 0x0000000088000000, 0x0000000088000000| Untracked 
| 101|0x0000000088100000, 0x0000000088100000, 0x0000000088200000|  0%| F|  |TAMS 0x0000000088100000, 0x0000000088100000| Untracked 
| 102|0x0000000088200000, 0x0000000088200000, 0x0000000088300000|  0%| F|  |TAMS 0x0000000088200000, 0x0000000088200000| Untracked 
| 103|0x0000000088300000, 0x0000000088300000, 0x0000000088400000|  0%| F|  |TAMS 0x0000000088300000, 0x0000000088300000| Untracked 
| 104|0x0000000088400000, 0x0000000088400000, 0x0000000088500000|  0%| F|  |TAMS 0x0000000088400000, 0x0000000088400000| Untracked 
| 105|0x0000000088500000, 0x0000000088600000, 0x0000000088600000|100%| S|CS|TAMS 0x0000000088500000, 0x0000000088500000| Complete 
| 106|0x0000000088600000, 0x0000000088700000, 0x0000000088700000|100%| S|CS|TAMS 0x0000000088600000, 0x0000000088600000| Complete 
| 107|0x0000000088700000, 0x0000000088800000, 0x0000000088800000|100%| S|CS|TAMS 0x0000000088700000, 0x0000000088700000| Complete 
| 108|0x0000000088800000, 0x0000000088800000, 0x0000000088900000|  0%| F|  |TAMS 0x0000000088800000, 0x0000000088800000| Untracked 
| 109|0x0000000088900000, 0x0000000088900000, 0x0000000088a00000|  0%| F|  |TAMS 0x0000000088900000, 0x0000000088900000| Untracked 
| 110|0x0000000088a00000, 0x0000000088a00000, 0x0000000088b00000|  0%| F|  |TAMS 0x0000000088a00000, 0x0000000088a00000| Untracked 
| 111|0x0000000088b00000, 0x0000000088b00000, 0x0000000088c00000|  0%| F|  |TAMS 0x0000000088b00000, 0x0000000088b00000| Untracked 
| 112|0x0000000088c00000, 0x0000000088c00000, 0x0000000088d00000|  0%| F|  |TAMS 0x0000000088c00000, 0x0000000088c00000| Untracked 
| 113|0x0000000088d00000, 0x0000000088d00000, 0x0000000088e00000|  0%| F|  |TAMS 0x0000000088d00000, 0x0000000088d00000| Untracked 
| 114|0x0000000088e00000, 0x0000000088e00000, 0x0000000088f00000|  0%| F|  |TAMS 0x0000000088e00000, 0x0000000088e00000| Untracked 
| 115|0x0000000088f00000, 0x0000000088f00000, 0x0000000089000000|  0%| F|  |TAMS 0x0000000088f00000, 0x0000000088f00000| Untracked 
| 116|0x0000000089000000, 0x0000000089000000, 0x0000000089100000|  0%| F|  |TAMS 0x0000000089000000, 0x0000000089000000| Untracked 
| 117|0x0000000089100000, 0x0000000089100000, 0x0000000089200000|  0%| F|  |TAMS 0x0000000089100000, 0x0000000089100000| Untracked 
| 118|0x0000000089200000, 0x0000000089200000, 0x0000000089300000|  0%| F|  |TAMS 0x0000000089200000, 0x0000000089200000| Untracked 
| 119|0x0000000089300000, 0x0000000089300000, 0x0000000089400000|  0%| F|  |TAMS 0x0000000089300000, 0x0000000089300000| Untracked 
| 120|0x0000000089400000, 0x0000000089400000, 0x0000000089500000|  0%| F|  |TAMS 0x0000000089400000, 0x0000000089400000| Untracked 
| 121|0x0000000089500000, 0x0000000089500000, 0x0000000089600000|  0%| F|  |TAMS 0x0000000089500000, 0x0000000089500000| Untracked 
| 122|0x0000000089600000, 0x0000000089600000, 0x0000000089700000|  0%| F|  |TAMS 0x0000000089600000, 0x0000000089600000| Untracked 
| 123|0x0000000089700000, 0x0000000089700000, 0x0000000089800000|  0%| F|  |TAMS 0x0000000089700000, 0x0000000089700000| Untracked 
| 124|0x0000000089800000, 0x0000000089800000, 0x0000000089900000|  0%| F|  |TAMS 0x0000000089800000, 0x0000000089800000| Untracked 
| 125|0x0000000089900000, 0x0000000089900000, 0x0000000089a00000|  0%| F|  |TAMS 0x0000000089900000, 0x0000000089900000| Untracked 
| 126|0x0000000089a00000, 0x0000000089a00000, 0x0000000089b00000|  0%| F|  |TAMS 0x0000000089a00000, 0x0000000089a00000| Untracked 
| 127|0x0000000089b00000, 0x0000000089b00000, 0x0000000089c00000|  0%| F|  |TAMS 0x0000000089b00000, 0x0000000089b00000| Untracked 

Card table byte_map: [0x000001fbf4850000,0x000001fbf4c50000] _byte_map_base: 0x000001fbf4442000

Marking Bits (Prev, Next): (CMBitMap*) 0x000001fbea9c7dd0, (CMBitMap*) 0x000001fbea9c7e10
 Prev Bits: [0x000001fbf5050000, 0x000001fbf6fe0000)
 Next Bits: [0x000001fbf6fe0000, 0x000001fbf8f70000)

Polling page: 0x000001fbeaa40000

Metaspace:

Usage:
  Non-class:     48.75 MB used.
      Class:      6.55 MB used.
       Both:     55.30 MB used.

Virtual space:
  Non-class space:       56.00 MB reserved,      48.94 MB ( 87%) committed,  7 nodes.
      Class space:        1.00 GB reserved,       6.69 MB ( <1%) committed,  1 nodes.
             Both:        1.05 GB reserved,      55.62 MB (  5%) committed. 

Chunk freelists:
   Non-Class:  2.89 MB
       Class:  1.13 MB
        Both:  4.02 MB

MaxMetaspaceSize: unlimited
CompressedClassSpaceSize: 1.00 GB
Initial GC threshold: 21.00 MB
Current GC threshold: 59.00 MB
CDS: on
MetaspaceReclaimPolicy: balanced
 - commit_granule_bytes: 65536.
 - commit_granule_words: 8192.
 - virtual_space_node_default_size: 1048576.
 - enlarge_chunks_in_place: 1.
 - new_chunks_are_fully_committed: 0.
 - uncommit_free_chunks: 1.
 - use_allocation_guard: 0.
 - handle_deallocations: 1.


Internal statistics:

num_allocs_failed_limit: 6.
num_arena_births: 322.
num_arena_deaths: 0.
num_vsnodes_births: 8.
num_vsnodes_deaths: 0.
num_space_committed: 888.
num_space_uncommitted: 0.
num_chunks_returned_to_freelist: 6.
num_chunks_taken_from_freelist: 2327.
num_chunk_merges: 6.
num_chunk_splits: 1845.
num_chunks_enlarged: 1628.
num_purges: 0.
num_inconsistent_stats: 0.

CodeHeap 'non-profiled nmethods': size=120000Kb used=2918Kb max_used=3133Kb free=117081Kb
 bounds [0x000001fb87ad0000, 0x000001fb87e00000, 0x000001fb8f000000]
CodeHeap 'profiled nmethods': size=120000Kb used=17131Kb max_used=17131Kb free=102868Kb
 bounds [0x000001fb80000000, 0x000001fb810c0000, 0x000001fb87530000]
CodeHeap 'non-nmethods': size=5760Kb used=1314Kb max_used=1394Kb free=4445Kb
 bounds [0x000001fb87530000, 0x000001fb877a0000, 0x000001fb87ad0000]
 total_blobs=8514 nmethods=7887 adapters=537
 compilation: enabled
              stopped_count=0, restarted_count=0
 full_count=0

Compilation events (20 events):
Event: 9.852 Thread 0x000001fbfba127a0 nmethod 9729 0x000001fb810afc10 code [0x000001fb810b0620, 0x000001fb810b3c28]
Event: 9.852 Thread 0x000001fbfba127a0 9738       3       java.util.ArrayList$SubList::iterator (5 bytes)
Event: 9.852 Thread 0x000001fbfba127a0 nmethod 9738 0x000001fb810b6390 code [0x000001fb810b65a0, 0x000001fb810b6bf8]
Event: 9.852 Thread 0x000001fbfba127a0 9732       3       org.jetbrains.kotlin.serialization.deserialization.ClassDeserializer$ClassKey::hashCode (8 bytes)
Event: 9.853 Thread 0x000001fbfba127a0 nmethod 9732 0x000001fb810b6e90 code [0x000001fb810b7040, 0x000001fb810b7188]
Event: 9.853 Thread 0x000001fbfba127a0 9739       2       org.jetbrains.kotlin.metadata.ProtoBuf$Function::hasReturnType (18 bytes)
Event: 9.853 Thread 0x000001fbfba127a0 nmethod 9739 0x000001fb810b7290 code [0x000001fb810b7420, 0x000001fb810b7538]
Event: 9.853 Thread 0x000001fbfba127a0 9730       2       org.jetbrains.kotlin.serialization.deserialization.TypeDeserializer::typeConstructor (339 bytes)
Event: 9.857 Thread 0x000001fbfba127a0 nmethod 9730 0x000001fb810b7610 code [0x000001fb810b7960, 0x000001fb810b8b28]
Event: 9.857 Thread 0x000001fbfba127a0 9731       2       org.jetbrains.kotlin.serialization.deserialization.TypeDeserializer$simpleType$annotations$1::<init> (16 bytes)
Event: 9.857 Thread 0x000001fbfba127a0 nmethod 9731 0x000001fb810b9310 code [0x000001fb810b94a0, 0x000001fb810b9658]
Event: 9.857 Thread 0x000001fbfba127a0 9736       2       org.jetbrains.kotlin.resolve.jvm.JvmClassName::getInternalName (14 bytes)
Event: 9.857 Thread 0x000001fbfba127a0 nmethod 9736 0x000001fb810b9710 code [0x000001fb810b98a0, 0x000001fb810b99e8]
Event: 9.857 Thread 0x000001fbfba127a0 9741       2       org.jetbrains.kotlin.metadata.deserialization.ProtoTypeTableUtilKt::abbreviatedType (47 bytes)
Event: 9.858 Thread 0x000001fbfba127a0 nmethod 9741 0x000001fb810b9a90 code [0x000001fb810b9ce0, 0x000001fb810ba248]
Event: 9.858 Thread 0x000001fbfba127a0 9743       3       org.jetbrains.kotlin.com.intellij.util.pico.DefaultPicoContainer::getService (40 bytes)
Event: 9.859 Thread 0x000001fbfba127a0 nmethod 9743 0x000001fb810ba590 code [0x000001fb810ba780, 0x000001fb810bad18]
Event: 9.859 Thread 0x000001fbfba127a0 9733       1       org.jetbrains.kotlin.serialization.deserialization.DeserializationContext::getContainerSource (5 bytes)
Event: 9.859 Thread 0x000001fbfba127a0 nmethod 9733 0x000001fb87c78290 code [0x000001fb87c78420, 0x000001fb87c784f8]
Event: 9.859 Thread 0x000001fbfba127a0 9742   !   2       org.jetbrains.kotlin.protobuf.AbstractParser::parsePartialDelimitedFrom (58 bytes)

GC Heap History (20 events):
Event: 2.823 GC heap after
{Heap after GC invocations=6 (full 0):
 garbage-first heap   total 61440K, used 25444K [0x0000000081c00000, 0x0000000100000000)
  region size 1024K, 1 young (1024K), 1 survivors (1024K)
 Metaspace       used 26019K, committed 26240K, reserved 1073152K
  class space    used 3493K, committed 3584K, reserved 1048576K
}
Event: 3.166 GC heap before
{Heap before GC invocations=6 (full 0):
 garbage-first heap   total 61440K, used 45924K [0x0000000081c00000, 0x0000000100000000)
  region size 1024K, 22 young (22528K), 1 survivors (1024K)
 Metaspace       used 29824K, committed 30016K, reserved 1081344K
  class space    used 3905K, committed 3968K, reserved 1048576K
}
Event: 3.173 GC heap after
{Heap after GC invocations=7 (full 0):
 garbage-first heap   total 122880K, used 25330K [0x0000000081c00000, 0x0000000100000000)
  region size 1024K, 3 young (3072K), 3 survivors (3072K)
 Metaspace       used 29824K, committed 30016K, reserved 1081344K
  class space    used 3905K, committed 3968K, reserved 1048576K
}
Event: 3.725 GC heap before
{Heap before GC invocations=7 (full 0):
 garbage-first heap   total 122880K, used 51954K [0x0000000081c00000, 0x0000000100000000)
  region size 1024K, 30 young (30720K), 3 survivors (3072K)
 Metaspace       used 35882K, committed 36096K, reserved 1081344K
  class space    used 4446K, committed 4544K, reserved 1048576K
}
Event: 3.735 GC heap after
{Heap after GC invocations=8 (full 0):
 garbage-first heap   total 122880K, used 27742K [0x0000000081c00000, 0x0000000100000000)
  region size 1024K, 6 young (6144K), 6 survivors (6144K)
 Metaspace       used 35882K, committed 36096K, reserved 1081344K
  class space    used 4446K, committed 4544K, reserved 1048576K
}
Event: 4.550 GC heap before
{Heap before GC invocations=9 (full 0):
 garbage-first heap   total 99328K, used 84062K [0x0000000081c00000, 0x0000000100000000)
  region size 1024K, 58 young (59392K), 6 survivors (6144K)
 Metaspace       used 40467K, committed 40704K, reserved 1089536K
  class space    used 4983K, committed 5056K, reserved 1048576K
}
Event: 4.567 GC heap after
{Heap after GC invocations=10 (full 0):
 garbage-first heap   total 99328K, used 35639K [0x0000000081c00000, 0x0000000100000000)
  region size 1024K, 8 young (8192K), 8 survivors (8192K)
 Metaspace       used 40467K, committed 40704K, reserved 1089536K
  class space    used 4983K, committed 5056K, reserved 1048576K
}
Event: 5.404 GC heap before
{Heap before GC invocations=10 (full 0):
 garbage-first heap   total 99328K, used 72503K [0x0000000081c00000, 0x0000000100000000)
  region size 1024K, 44 young (45056K), 8 survivors (8192K)
 Metaspace       used 45833K, committed 46144K, reserved 1089536K
  class space    used 5535K, committed 5696K, reserved 1048576K
}
Event: 5.434 GC heap after
{Heap after GC invocations=11 (full 0):
 garbage-first heap   total 99328K, used 41653K [0x0000000081c00000, 0x0000000100000000)
  region size 1024K, 6 young (6144K), 6 survivors (6144K)
 Metaspace       used 45833K, committed 46144K, reserved 1089536K
  class space    used 5535K, committed 5696K, reserved 1048576K
}
Event: 6.288 GC heap before
{Heap before GC invocations=11 (full 0):
 garbage-first heap   total 99328K, used 75445K [0x0000000081c00000, 0x0000000100000000)
  region size 1024K, 39 young (39936K), 6 survivors (6144K)
 Metaspace       used 47274K, committed 47552K, reserved 1097728K
  class space    used 5599K, committed 5760K, reserved 1048576K
}
Event: 6.327 GC heap after
{Heap after GC invocations=12 (full 0):
 garbage-first heap   total 99328K, used 47987K [0x0000000081c00000, 0x0000000100000000)
  region size 1024K, 5 young (5120K), 5 survivors (5120K)
 Metaspace       used 47274K, committed 47552K, reserved 1097728K
  class space    used 5599K, committed 5760K, reserved 1048576K
}
Event: 6.789 GC heap before
{Heap before GC invocations=12 (full 0):
 garbage-first heap   total 99328K, used 76659K [0x0000000081c00000, 0x0000000100000000)
  region size 1024K, 33 young (33792K), 5 survivors (5120K)
 Metaspace       used 47615K, committed 47936K, reserved 1097728K
  class space    used 5620K, committed 5824K, reserved 1048576K
}
Event: 6.816 GC heap after
{Heap after GC invocations=13 (full 0):
 garbage-first heap   total 125952K, used 53619K [0x0000000081c00000, 0x0000000100000000)
  region size 1024K, 5 young (5120K), 5 survivors (5120K)
 Metaspace       used 47615K, committed 47936K, reserved 1097728K
  class space    used 5620K, committed 5824K, reserved 1048576K
}
Event: 6.980 GC heap before
{Heap before GC invocations=13 (full 0):
 garbage-first heap   total 125952K, used 92531K [0x0000000081c00000, 0x0000000100000000)
  region size 1024K, 43 young (44032K), 5 survivors (5120K)
 Metaspace       used 47794K, committed 48128K, reserved 1097728K
  class space    used 5638K, committed 5824K, reserved 1048576K
}
Event: 6.994 GC heap after
{Heap after GC invocations=14 (full 0):
 garbage-first heap   total 125952K, used 55129K [0x0000000081c00000, 0x0000000100000000)
  region size 1024K, 2 young (2048K), 2 survivors (2048K)
 Metaspace       used 47794K, committed 48128K, reserved 1097728K
  class space    used 5638K, committed 5824K, reserved 1048576K
}
Event: 7.541 GC heap before
{Heap before GC invocations=14 (full 0):
 garbage-first heap   total 125952K, used 95065K [0x0000000081c00000, 0x0000000100000000)
  region size 1024K, 41 young (41984K), 2 survivors (2048K)
 Metaspace       used 50164K, committed 50496K, reserved 1097728K
  class space    used 5936K, committed 6080K, reserved 1048576K
}
Event: 7.554 GC heap after
{Heap after GC invocations=15 (full 0):
 garbage-first heap   total 125952K, used 56691K [0x0000000081c00000, 0x0000000100000000)
  region size 1024K, 3 young (3072K), 3 survivors (3072K)
 Metaspace       used 50164K, committed 50496K, reserved 1097728K
  class space    used 5936K, committed 6080K, reserved 1048576K
}
Event: 9.262 GC heap before
{Heap before GC invocations=15 (full 0):
 garbage-first heap   total 125952K, used 97651K [0x0000000081c00000, 0x0000000100000000)
  region size 1024K, 43 young (44032K), 3 survivors (3072K)
 Metaspace       used 55396K, committed 55744K, reserved 1105920K
  class space    used 6608K, committed 6784K, reserved 1048576K
}
Event: 9.287 GC heap after
{Heap after GC invocations=16 (full 0):
 garbage-first heap   total 125952K, used 61916K [0x0000000081c00000, 0x0000000100000000)
  region size 1024K, 6 young (6144K), 6 survivors (6144K)
 Metaspace       used 55396K, committed 55744K, reserved 1105920K
  class space    used 6608K, committed 6784K, reserved 1048576K
}
Event: 9.859 GC heap before
{Heap before GC invocations=16 (full 0):
 garbage-first heap   total 125952K, used 76252K [0x0000000081c00000, 0x0000000100000000)
  region size 1024K, 21 young (21504K), 6 survivors (6144K)
 Metaspace       used 56628K, committed 56960K, reserved 1105920K
  class space    used 6707K, committed 6848K, reserved 1048576K
}

Deoptimization events (20 events):
Event: 9.442 Thread 0x000001fbea970310 Uncommon trap: trap_request=0xffffffde fr.pc=0x000001fb87c17f28 relative=0x0000000000000088
Event: 9.442 Thread 0x000001fbea970310 Uncommon trap: reason=class_check action=maybe_recompile pc=0x000001fb87c17f28 method=java.util.Collections$UnmodifiableCollection$1.hasNext()Z @ 4 c2
Event: 9.442 Thread 0x000001fbea970310 DEOPT PACKING pc=0x000001fb87c17f28 sp=0x00000065153f9010
Event: 9.442 Thread 0x000001fbea970310 DEOPT UNPACKING pc=0x000001fb875823a3 sp=0x00000065153f8fa0 mode 2
Event: 9.443 Thread 0x000001fbea970310 Uncommon trap: trap_request=0xffffffc6 fr.pc=0x000001fb87c7c52c relative=0x000000000000116c
Event: 9.443 Thread 0x000001fbea970310 Uncommon trap: reason=bimorphic_or_optimized_type_check action=maybe_recompile pc=0x000001fb87c7c52c method=kotlin.collections.CollectionsKt___CollectionsKt.toList(Ljava/lang/Iterable;)Ljava/util/List; @ 71 c2
Event: 9.443 Thread 0x000001fbea970310 DEOPT PACKING pc=0x000001fb87c7c52c sp=0x00000065153f9ad0
Event: 9.443 Thread 0x000001fbea970310 DEOPT UNPACKING pc=0x000001fb875823a3 sp=0x00000065153f9aa0 mode 2
Event: 9.443 Thread 0x000001fbea970310 Uncommon trap: trap_request=0xffffffc6 fr.pc=0x000001fb87c7c52c relative=0x000000000000116c
Event: 9.443 Thread 0x000001fbea970310 Uncommon trap: reason=bimorphic_or_optimized_type_check action=maybe_recompile pc=0x000001fb87c7c52c method=kotlin.collections.CollectionsKt___CollectionsKt.toList(Ljava/lang/Iterable;)Ljava/util/List; @ 71 c2
Event: 9.443 Thread 0x000001fbea970310 DEOPT PACKING pc=0x000001fb87c7c52c sp=0x00000065153f9a40
Event: 9.443 Thread 0x000001fbea970310 DEOPT UNPACKING pc=0x000001fb875823a3 sp=0x00000065153f9a10 mode 2
Event: 9.742 Thread 0x000001fbea970310 Uncommon trap: trap_request=0xffffff45 fr.pc=0x000001fb87aec1a4 relative=0x0000000000000664
Event: 9.742 Thread 0x000001fbea970310 Uncommon trap: reason=unstable_if action=reinterpret pc=0x000001fb87aec1a4 method=java.lang.AbstractStringBuilder.append(Ljava/lang/String;)Ljava/lang/AbstractStringBuilder; @ 1 c2
Event: 9.742 Thread 0x000001fbea970310 DEOPT PACKING pc=0x000001fb87aec1a4 sp=0x00000065153f8f80
Event: 9.742 Thread 0x000001fbea970310 DEOPT UNPACKING pc=0x000001fb875823a3 sp=0x00000065153f8f00 mode 2
Event: 9.794 Thread 0x000001fbea970310 Uncommon trap: trap_request=0xffffff45 fr.pc=0x000001fb87aece24 relative=0x0000000000000664
Event: 9.794 Thread 0x000001fbea970310 Uncommon trap: reason=unstable_if action=reinterpret pc=0x000001fb87aece24 method=java.lang.AbstractStringBuilder.append(Ljava/lang/String;)Ljava/lang/AbstractStringBuilder; @ 1 c2
Event: 9.794 Thread 0x000001fbea970310 DEOPT PACKING pc=0x000001fb87aece24 sp=0x00000065153f8e60
Event: 9.794 Thread 0x000001fbea970310 DEOPT UNPACKING pc=0x000001fb875823a3 sp=0x00000065153f8e48 mode 2

Classes unloaded (0 events):
No events

Classes redefined (0 events):
No events

Internal exceptions (20 events):
Event: 6.636 Thread 0x000001fbea970310 Exception <a 'java/lang/NoSuchMethodError'{0x0000000086b58748}: 'int java.lang.invoke.DirectMethodHandle$Holder.invokeInterface(java.lang.Object, java.lang.Object)'> (0x0000000086b58748) 
thrown [s\open\src\hotspot\share\interpreter\linkResolver.cpp, line 759]
Event: 7.103 Thread 0x000001fbea970310 Exception <a 'java/lang/NoSuchMethodError'{0x0000000087e711e0}: 'java.lang.Object java.lang.invoke.DirectMethodHandle$Holder.newInvokeSpecial(java.lang.Object, java.lang.Object, java.lang.Object, java.lang.Object, java.lang.Object, java.lang.Object)'> (0x0000000087e711e0) 
thrown [s\open\src\hotspot\share\interpreter\linkResolver.cpp, line 759]
Event: 7.203 Thread 0x000001fbea970310 Exception <a 'java/lang/NoSuchMethodError'{0x0000000087a37100}: 'int java.lang.invoke.DirectMethodHandle$Holder.invokeStaticInit(java.lang.Object, int)'> (0x0000000087a37100) 
thrown [s\open\src\hotspot\share\interpreter\linkResolver.cpp, line 759]
Event: 7.348 Thread 0x000001fbea970310 Exception <a 'java/lang/NoSuchMethodError'{0x00000000875d0da8}: 'java.lang.Object java.lang.invoke.DirectMethodHandle$Holder.newInvokeSpecial(java.lang.Object, java.lang.Object, java.lang.Object, java.lang.Object, java.lang.Object, java.lang.Object, java.lang.Object)'> (0x00000000875d0da8) 
thrown [s\open\src\hotspot\share\interpreter\linkResolver.cpp, line 759]
Event: 7.348 Thread 0x000001fbea970310 Exception <a 'java/lang/NoSuchMethodError'{0x00000000875d6400}: 'java.lang.Object java.lang.invoke.Invokers$Holder.linkToTargetMethod(java.lang.Object, java.lang.Object, java.lang.Object, java.lang.Object, java.lang.Object, java.lang.Object, java.lang.Object)'> (0x00000000875d6400) 
thrown [s\open\src\hotspot\share\interpreter\linkResolver.cpp, line 759]
Event: 7.389 Thread 0x000001fbea970310 Implicit null exception at 0x000001fb87c5c8cc to 0x000001fb87c5c9c0
Event: 7.777 Thread 0x000001fbea970310 Exception <a 'java/lang/NoSuchMethodError'{0x00000000892f9a48}: 'java.lang.Object java.lang.invoke.DirectMethodHandle$Holder.invokeInterface(java.lang.Object, java.lang.Object, java.lang.Object)'> (0x00000000892f9a48) 
thrown [s\open\src\hotspot\share\interpreter\linkResolver.cpp, line 759]
Event: 7.777 Thread 0x000001fbea970310 Exception <a 'java/lang/IncompatibleClassChangeError'{0x00000000892fd3b8}: Found class java.lang.Object, but interface was expected> (0x00000000892fd3b8) 
thrown [s\open\src\hotspot\share\interpreter\linkResolver.cpp, line 826]
Event: 8.196 Thread 0x000001fbea970310 Exception <a 'java/lang/NoSuchMethodError'{0x00000000889a8878}: 'void java.lang.invoke.DirectMethodHandle$Holder.invokeStatic(java.lang.Object, java.lang.Object, java.lang.Object)'> (0x00000000889a8878) 
thrown [s\open\src\hotspot\share\interpreter\linkResolver.cpp, line 759]
Event: 8.299 Thread 0x000001fbea970310 Exception <a 'java/lang/NoSuchMethodError'{0x00000000886e29d8}: 'java.lang.Object java.lang.invoke.DirectMethodHandle$Holder.newInvokeSpecial(java.lang.Object, int, java.lang.Object, java.lang.Object)'> (0x00000000886e29d8) 
thrown [s\open\src\hotspot\share\interpreter\linkResolver.cpp, line 759]
Event: 8.300 Thread 0x000001fbea970310 Exception <a 'java/lang/NoSuchMethodError'{0x00000000886e7920}: 'java.lang.Object java.lang.invoke.DirectMethodHandle$Holder.invokeSpecial(java.lang.Object, java.lang.Object, int, java.lang.Object, java.lang.Object)'> (0x00000000886e7920) 
thrown [s\open\src\hotspot\share\interpreter\linkResolver.cpp, line 759]
Event: 8.355 Thread 0x000001fbea970310 Exception <a 'java/lang/NoSuchMethodError'{0x00000000884bdc98}: 'int java.lang.invoke.DirectMethodHandle$Holder.invokeVirtual(java.lang.Object, java.lang.Object, java.lang.Object)'> (0x00000000884bdc98) 
thrown [s\open\src\hotspot\share\interpreter\linkResolver.cpp, line 759]
Event: 8.462 Thread 0x000001fbea970310 Exception <a 'java/lang/NoSuchMethodError'{0x000000008801d0a8}: 'java.lang.Object java.lang.invoke.DirectMethodHandle$Holder.invokeStatic(java.lang.Object, java.lang.Object, java.lang.Object, java.lang.Object, int)'> (0x000000008801d0a8) 
thrown [s\open\src\hotspot\share\interpreter\linkResolver.cpp, line 759]
Event: 8.463 Thread 0x000001fbea970310 Exception <a 'java/lang/NoSuchMethodError'{0x0000000088027038}: 'java.lang.Object java.lang.invoke.DirectMethodHandle$Holder.newInvokeSpecial(java.lang.Object, java.lang.Object, java.lang.Object, java.lang.Object, int)'> (0x0000000088027038) 
thrown [s\open\src\hotspot\share\interpreter\linkResolver.cpp, line 759]
Event: 8.463 Thread 0x000001fbea970310 Exception <a 'java/lang/NoSuchMethodError'{0x000000008802c0b8}: 'java.lang.Object java.lang.invoke.DirectMethodHandle$Holder.invokeSpecial(java.lang.Object, java.lang.Object, java.lang.Object, java.lang.Object, java.lang.Object, int)'> (0x000000008802c0b8) 
thrown [s\open\src\hotspot\share\interpreter\linkResolver.cpp, line 759]
Event: 8.463 Thread 0x000001fbea970310 Exception <a 'java/lang/NoSuchMethodError'{0x0000000088030ae8}: 'java.lang.Object java.lang.invoke.Invokers$Holder.linkToTargetMethod(java.lang.Object, java.lang.Object, java.lang.Object, int, java.lang.Object)'> (0x0000000088030ae8) 
thrown [s\open\src\hotspot\share\interpreter\linkResolver.cpp, line 759]
Event: 8.500 Thread 0x000001fbea970310 Exception <a 'java/lang/NoSuchMethodError'{0x0000000087f7bb28}: 'void java.lang.invoke.DirectMethodHandle$Holder.invokeInterface(java.lang.Object, java.lang.Object)'> (0x0000000087f7bb28) 
thrown [s\open\src\hotspot\share\interpreter\linkResolver.cpp, line 759]
Event: 9.135 Thread 0x000001fbea970310 Exception <a 'java/lang/IncompatibleClassChangeError'{0x0000000087144c10}: Found class java.lang.Object, but interface was expected> (0x0000000087144c10) 
thrown [s\open\src\hotspot\share\interpreter\linkResolver.cpp, line 826]
Event: 9.742 Thread 0x000001fbea970310 Implicit null exception at 0x000001fb87aebb72 to 0x000001fb87aec18c
Event: 9.794 Thread 0x000001fbea970310 Implicit null exception at 0x000001fb87aec7f2 to 0x000001fb87aece0c

VM Operations (20 events):
Event: 9.148 Executing VM operation: HandshakeAllThreads done
Event: 9.152 Executing VM operation: HandshakeAllThreads
Event: 9.152 Executing VM operation: HandshakeAllThreads done
Event: 9.155 Executing VM operation: HandshakeAllThreads
Event: 9.155 Executing VM operation: HandshakeAllThreads done
Event: 9.157 Executing VM operation: HandshakeAllThreads
Event: 9.157 Executing VM operation: HandshakeAllThreads done
Event: 9.163 Executing VM operation: HandshakeAllThreads
Event: 9.163 Executing VM operation: HandshakeAllThreads done
Event: 9.165 Executing VM operation: HandshakeAllThreads
Event: 9.165 Executing VM operation: HandshakeAllThreads done
Event: 9.171 Executing VM operation: ICBufferFull
Event: 9.172 Executing VM operation: ICBufferFull done
Event: 9.261 Executing VM operation: G1CollectForAllocation
Event: 9.288 Executing VM operation: G1CollectForAllocation done
Event: 9.549 Executing VM operation: ICBufferFull
Event: 9.549 Executing VM operation: ICBufferFull done
Event: 9.716 Executing VM operation: ICBufferFull
Event: 9.717 Executing VM operation: ICBufferFull done
Event: 9.859 Executing VM operation: G1TryInitiateConcMark

Events (20 events):
Event: 8.729 Thread 0x000001fbfba130a0 flushing nmethod 0x000001fb80d3d290
Event: 8.729 Thread 0x000001fbfba130a0 flushing nmethod 0x000001fb80d3d690
Event: 8.729 Thread 0x000001fbfba130a0 flushing nmethod 0x000001fb80d49990
Event: 8.729 Thread 0x000001fbfba130a0 flushing nmethod 0x000001fb80d68990
Event: 8.729 Thread 0x000001fbfba130a0 flushing nmethod 0x000001fb80d74e90
Event: 8.729 Thread 0x000001fbfba130a0 flushing nmethod 0x000001fb80d78c10
Event: 8.729 Thread 0x000001fbfba130a0 flushing nmethod 0x000001fb80d87510
Event: 8.729 Thread 0x000001fbfba130a0 flushing nmethod 0x000001fb80d87a10
Event: 8.729 Thread 0x000001fbfba130a0 flushing nmethod 0x000001fb80da4e90
Event: 8.729 Thread 0x000001fbfba130a0 flushing nmethod 0x000001fb80db6a90
Event: 8.729 Thread 0x000001fbfba130a0 flushing nmethod 0x000001fb80db7d90
Event: 8.729 Thread 0x000001fbfba130a0 flushing nmethod 0x000001fb80db8710
Event: 8.729 Thread 0x000001fbfba130a0 flushing nmethod 0x000001fb80dfe610
Event: 8.730 Thread 0x000001fbfba130a0 flushing nmethod 0x000001fb80e06d90
Event: 8.730 Thread 0x000001fbfba130a0 flushing nmethod 0x000001fb80e07e90
Event: 8.731 Thread 0x000001fbfba130a0 flushing nmethod 0x000001fb80f32d90
Event: 8.731 Thread 0x000001fbfba130a0 flushing nmethod 0x000001fb80f7f790
Event: 8.732 Thread 0x000001fbfba130a0 flushing nmethod 0x000001fb80fb0610
Event: 8.732 Thread 0x000001fbfba130a0 flushing nmethod 0x000001fb80fb0d10
Event: 8.732 Thread 0x000001fbfba130a0 flushing nmethod 0x000001fb80fb1190


Dynamic libraries:
0x00007ff6b9930000 - 0x00007ff6b9940000 	C:\Program Files\Java\jdk-17\bin\java.exe
0x00007fff1e7f0000 - 0x00007fff1ea07000 	C:\WINDOWS\SYSTEM32\ntdll.dll
0x00007fff1d690000 - 0x00007fff1d754000 	C:\WINDOWS\System32\KERNEL32.DLL
0x00007fff1be20000 - 0x00007fff1c1c6000 	C:\WINDOWS\System32\KERNELBASE.dll
0x00007fff1bd00000 - 0x00007fff1be11000 	C:\WINDOWS\System32\ucrtbase.dll
0x00007ffefc2a0000 - 0x00007ffefc2b8000 	C:\Program Files\Java\jdk-17\bin\jli.dll
0x00007ffefc280000 - 0x00007ffefc29b000 	C:\Program Files\Java\jdk-17\bin\VCRUNTIME140.dll
0x00007fff1c990000 - 0x00007fff1ca40000 	C:\WINDOWS\System32\ADVAPI32.dll
0x00007fff1e190000 - 0x00007fff1e237000 	C:\WINDOWS\System32\msvcrt.dll
0x00007fff1de50000 - 0x00007fff1def6000 	C:\WINDOWS\System32\sechost.dll
0x00007fff1d760000 - 0x00007fff1d877000 	C:\WINDOWS\System32\RPCRT4.dll
0x00007fff1d8b0000 - 0x00007fff1da5d000 	C:\WINDOWS\System32\USER32.dll
0x00007fff06f00000 - 0x00007fff07193000 	C:\WINDOWS\WinSxS\amd64_microsoft.windows.common-controls_6595b64144ccf1df_6.0.22621.2361_none_2712ced57382f843\COMCTL32.dll
0x00007fff1c1d0000 - 0x00007fff1c1f6000 	C:\WINDOWS\System32\win32u.dll
0x00007fff1d880000 - 0x00007fff1d8a9000 	C:\WINDOWS\System32\GDI32.dll
0x00007fff1bbe0000 - 0x00007fff1bcf8000 	C:\WINDOWS\System32\gdi32full.dll
0x00007fff155c0000 - 0x00007fff155ca000 	C:\WINDOWS\SYSTEM32\VERSION.dll
0x00007fff1c280000 - 0x00007fff1c31a000 	C:\WINDOWS\System32\msvcp_win.dll
0x00007fff1da60000 - 0x00007fff1da91000 	C:\WINDOWS\System32\IMM32.DLL
0x00007fff09290000 - 0x00007fff0929c000 	C:\Program Files\Java\jdk-17\bin\vcruntime140_1.dll
0x00007ffedd370000 - 0x00007ffedd3fe000 	C:\Program Files\Java\jdk-17\bin\msvcp140.dll
0x00007ffed8690000 - 0x00007ffed9267000 	C:\Program Files\Java\jdk-17\bin\server\jvm.dll
0x00007fff1c550000 - 0x00007fff1c558000 	C:\WINDOWS\System32\PSAPI.DLL
0x00007ffef6880000 - 0x00007ffef6889000 	C:\WINDOWS\SYSTEM32\WSOCK32.dll
0x00007fff15b00000 - 0x00007fff15b34000 	C:\WINDOWS\SYSTEM32\WINMM.dll
0x00007fff1e110000 - 0x00007fff1e181000 	C:\WINDOWS\System32\WS2_32.dll
0x00007fff1ac40000 - 0x00007fff1ac58000 	C:\WINDOWS\SYSTEM32\kernel.appcore.dll
0x00007fff08750000 - 0x00007fff0875a000 	C:\Program Files\Java\jdk-17\bin\jimage.dll
0x00007fff19510000 - 0x00007fff1973e000 	C:\WINDOWS\SYSTEM32\DBGHELP.DLL
0x00007fff1dac0000 - 0x00007fff1de4a000 	C:\WINDOWS\System32\combase.dll
0x00007fff1c560000 - 0x00007fff1c637000 	C:\WINDOWS\System32\OLEAUT32.dll
0x00007fff14b80000 - 0x00007fff14bb2000 	C:\WINDOWS\SYSTEM32\dbgcore.DLL
0x00007fff1c200000 - 0x00007fff1c27a000 	C:\WINDOWS\System32\bcryptPrimitives.dll
0x00007ffefc1d0000 - 0x00007ffefc1f5000 	C:\Program Files\Java\jdk-17\bin\java.dll
0x00007ffedcad0000 - 0x00007ffedcba7000 	C:\Program Files\Java\jdk-17\bin\jsvml.dll
0x00007fff1ce30000 - 0x00007fff1d688000 	C:\WINDOWS\System32\SHELL32.dll
0x00007fff19ae0000 - 0x00007fff1a3d2000 	C:\WINDOWS\SYSTEM32\windows.storage.dll
0x00007fff199a0000 - 0x00007fff19ade000 	C:\WINDOWS\SYSTEM32\wintypes.dll
0x00007fff1cb00000 - 0x00007fff1cbf3000 	C:\WINDOWS\System32\SHCORE.dll
0x00007fff1df00000 - 0x00007fff1df5e000 	C:\WINDOWS\System32\shlwapi.dll
0x00007fff1baa0000 - 0x00007fff1bac6000 	C:\WINDOWS\SYSTEM32\profapi.dll
0x00007ffee11c0000 - 0x00007ffee11d9000 	C:\Program Files\Java\jdk-17\bin\net.dll
0x00007fff158f0000 - 0x00007fff15a27000 	C:\WINDOWS\SYSTEM32\WINHTTP.dll
0x00007fff1b120000 - 0x00007fff1b189000 	C:\WINDOWS\system32\mswsock.dll
0x00007ffedeec0000 - 0x00007ffedeed6000 	C:\Program Files\Java\jdk-17\bin\nio.dll
0x00007ffedd4d0000 - 0x00007ffedd4e8000 	C:\Program Files\Java\jdk-17\bin\zip.dll
0x00007fff08590000 - 0x00007fff085a0000 	C:\Program Files\Java\jdk-17\bin\verify.dll

dbghelp: loaded successfully - version: 4.0.5 - missing functions: none
symbol engine: initialized successfully - sym options: 0x614 - pdb path: .;C:\Program Files\Java\jdk-17\bin;C:\WINDOWS\SYSTEM32;C:\WINDOWS\WinSxS\amd64_microsoft.windows.common-controls_6595b64144ccf1df_6.0.22621.2361_none_2712ced57382f843;C:\Program Files\Java\jdk-17\bin\server

VM Arguments:
java_command: org.jetbrains.kotlin.cli.jvm.K2JVMCompiler @D:\Aplikasi_DBandeng\app\build\20231017_17922489830002832781.compiler.options
java_class_path (initial): C:\Users\ASUS\.gradle\caches\modules-2\files-2.1\org.jetbrains.kotlin\kotlin-compiler-embeddable\1.8.0\eb9118d4bcceaa2a94b2ae2a33a4ddba7c9a947f\kotlin-compiler-embeddable-1.8.0.jar;C:\Users\ASUS\.gradle\caches\modules-2\files-2.1\org.jetbrains.kotlin\kotlin-stdlib\1.8.0\1796921c7a3e2e2665a83e6c8d33399336cd39bc\kotlin-stdlib-1.8.0.jar;C:\Users\ASUS\.gradle\caches\modules-2\files-2.1\org.jetbrains.kotlin\kotlin-script-runtime\1.8.0\b2f7e760d283cb339974851c222a4c1d48f2d3d\kotlin-script-runtime-1.8.0.jar;C:\Users\ASUS\.gradle\caches\modules-2\files-2.1\org.jetbrains.kotlin\kotlin-reflect\1.6.10\1cbe9c92c12a94eea200d23c2bbaedaf3daf5132\kotlin-reflect-1.6.10.jar;C:\Users\ASUS\.gradle\caches\modules-2\files-2.1\org.jetbrains.kotlin\kotlin-daemon-embeddable\1.8.0\d255216c551685dc3a7e852b53617f5f01aaaa5c\kotlin-daemon-embeddable-1.8.0.jar;C:\Users\ASUS\.gradle\caches\modules-2\files-2.1\org.jetbrains.intellij.deps\trove4j\1.0.20200330\3afb14d5f9ceb459d724e907a21145e8ff394f02\trove4j-1.0.20200330.jar;C:\Users\ASUS\.gradle\caches\modules-2\files-2.1\net.java.dev.jna\jna\5.6.0\330f2244e9030119ab3030fc3fededc86713d9cc\jna-5.6.0.jar;C:\Users\ASUS\.gradle\caches\modules-2\files-2.1\org.jetbrains.kotlin\kotlin-stdlib-common\1.8.0\f7197e7cc76453ac59f8b0f8d5137cc600becd36\kotlin-stdlib-common-1.8.0.jar;C:\Users\ASUS\.gradle\caches\modules-2\files-2.1\org.jetbrains\annotations\13.0\919f0dfe192fb4e063e7dacadee7f8bb9a2672a9\annotations-13.0.jar
Launcher Type: SUN_STANDARD

[Global flags]
     intx CICompilerCount                          = 4                                         {product} {ergonomic}
     uint ConcGCThreads                            = 2                                         {product} {ergonomic}
     uint G1ConcRefinementThreads                  = 8                                         {product} {ergonomic}
   size_t G1HeapRegionSize                         = 1048576                                   {product} {ergonomic}
    uintx GCDrainStackTargetSize                   = 64                                        {product} {ergonomic}
   size_t InitialHeapSize                          = 134217728                                 {product} {ergonomic}
   size_t MarkStackSize                            = 4194304                                   {product} {ergonomic}
   size_t MaxHeapSize                              = 2118123520                                {product} {ergonomic}
   size_t MaxNewSize                               = 1270874112                                {product} {ergonomic}
   size_t MinHeapDeltaBytes                        = 1048576                                   {product} {ergonomic}
   size_t MinHeapSize                              = 8388608                                   {product} {ergonomic}
    uintx NonNMethodCodeHeapSize                   = 5839372                                {pd product} {ergonomic}
    uintx NonProfiledCodeHeapSize                  = 122909434                              {pd product} {ergonomic}
    uintx ProfiledCodeHeapSize                     = 122909434                              {pd product} {ergonomic}
    uintx ReservedCodeCacheSize                    = 251658240                              {pd product} {ergonomic}
     bool SegmentedCodeCache                       = true                                      {product} {ergonomic}
   size_t SoftMaxHeapSize                          = 2118123520                             {manageable} {ergonomic}
     bool UseCompressedClassPointers               = true                           {product lp64_product} {ergonomic}
     bool UseCompressedOops                        = true                           {product lp64_product} {ergonomic}
     bool UseG1GC                                  = true                                      {product} {ergonomic}
     bool UseLargePagesIndividualAllocation        = false                                  {pd product} {ergonomic}

Logging:
Log output configuration:
 #0: stdout all=warning uptime,level,tags
 #1: stderr all=off uptime,level,tags

Environment Variables:
PATH=C:\Program Files\Common Files\Oracle\Java\javapath;C:\Python310\Scripts\;C:\Python310\;C:\Program Files (x86)\Common Files\Intel\Shared Files\cpp\bin\Intel64;C:\Program Files (x86)\Intel\iCLS Client\;C:\Program Files\Intel\iCLS Client\;C:\Windows\system32;C:\Windows;C:\Windows\System32\Wbem;C:\Windows\System32\WindowsPowerShell\v1.0\;C:\Windows\System32\OpenSSH\;C:\Program Files (x86)\Intel\Intel(R) Management Engine Components\DAL;C:\Program Files\Intel\Intel(R) Management Engine Components\DAL;C:\Program Files (x86)\Intel\Intel(R) Management Engine Components\IPT;C:\Program Files\Intel\Intel(R) Management Engine Components\IPT;C:\Program Files (x86)\NVIDIA Corporation\PhysX\Common;C:\Program Files\Microsoft VS Code\bin;C:\ProgramData\chocolatey\bin;C:\WINDOWS\system32;C:\WINDOWS;C:\WINDOWS\System32\Wbem;C:\WINDOWS\System32\WindowsPowerShell\v1.0\;C:\WINDOWS\System32\OpenSSH\;C:\xampp\php;C:\ProgramData\ComposerSetup\bin;D:\Git\cmd;C:\Users\ASUS\AppData\Roaming\nvm;C:\Program Files\nodejs;C:\Users\ASUS\AppData\Roaming\npm;C:\Users\ASUS\AppData\Roaming\nvm;C:\Program Files\nodejs\;C:\Program Files\dotnet\;C:\Users\ASUS\AppData\Local\Microsoft\WindowsApps;;D:\IntelliJ IDEA 2023.2\bin;
USERNAME=ASUS
OS=Windows_NT
PROCESSOR_IDENTIFIER=Intel64 Family 6 Model 142 Stepping 10, GenuineIntel



---------------  S Y S T E M  ---------------

OS:
 Windows 11 , 64 bit Build 22621 (10.0.22621.2428)
OS uptime: 1 days 17:12 hours

CPU: total 8 (initial active 8) (4 cores per cpu, 2 threads per core) family 6 model 142 stepping 10 microcode 0xe0, cx8, cmov, fxsr, ht, mmx, 3dnowpref, sse, sse2, sse3, ssse3, sse4.1, sse4.2, popcnt, lzcnt, tsc, tscinvbit, avx, avx2, aes, erms, clmul, bmi1, bmi2, adx, fma, vzeroupper, clflush, clflushopt

Memory: 4k page, system-wide physical 8074M (475M free)
TotalPageFile size 15699M (AvailPageFile size 20M)
current process WorkingSet (physical memory assigned to process): 297M, peak: 308M
current process commit charge ("private bytes"): 345M, peak: 392M

vm_info: Java HotSpot(TM) 64-Bit Server VM (17.0.6+9-LTS-190) for windows-amd64 JRE (17.0.6+9-LTS-190), built on Dec  6 2022 15:53:54 by "mach5one" with MS VC++ 17.1 (VS2022)

END.
