#
# There is insufficient memory for the Java Runtime Environment to continue.
# Native memory allocation (mmap) failed to map 32505856 bytes for G1 virtual space
# Possible reasons:
#   The system is out of physical RAM or swap space
#   The process is running with CompressedOops enabled, and the Java Heap may be blocking the growth of the native heap
# Possible solutions:
#   Reduce memory load on the system
#   Increase physical memory or swap space
#   Check if swap backing store is full
#   Decrease Java heap size (-Xmx/-Xms)
#   Decrease number of Java threads
#   Decrease Java thread stack sizes (-Xss)
#   Set larger code cache with -XX:ReservedCodeCacheSize=
#   JVM is running with Unscaled Compressed Oops mode in which the Java heap is
#     placed in the first 4GB address space. The Java Heap base address is the
#     maximum limit for the native heap growth. Please use -XX:HeapBaseMinAddress
#     to set the Java Heap base and to place the Java Heap above 4GB virtual address.
# This output file may be truncated or incomplete.
#
#  Out of Memory Error (os_windows.cpp:3550), pid=10484, tid=8108
#
# JRE version: Java(TM) SE Runtime Environment (17.0.6+9) (build 17.0.6+9-LTS-190)
# Java VM: Java HotSpot(TM) 64-Bit Server VM (17.0.6+9-LTS-190, mixed mode, sharing, tiered, compressed oops, compressed class ptrs, g1 gc, windows-amd64)
# No core dump will be written. Minidumps are not enabled by default on client versions of Windows
#

---------------  S U M M A R Y ------------

Command Line: --add-opens=java.base/java.util=ALL-UNNAMED --add-opens=java.base/java.lang=ALL-UNNAMED --add-opens=java.base/java.lang.invoke=ALL-UNNAMED --add-opens=java.prefs/java.util.prefs=ALL-UNNAMED --add-opens=java.base/java.nio.charset=ALL-UNNAMED --add-opens=java.base/java.net=ALL-UNNAMED --add-opens=java.base/java.util.concurrent.atomic=ALL-UNNAMED -Xmx2048m -Dfile.encoding=UTF-8 -Duser.country=US -Duser.language=en -Duser.variant org.gradle.launcher.daemon.bootstrap.GradleDaemon 8.0.2

Host: Intel(R) Core(TM) i5-8250U CPU @ 1.60GHz, 8 cores, 7G,  Windows 11 , 64 bit Build 22621 (10.0.22621.2215)
Time: Thu Oct  5 20:00:08 2023 SE Asia Standard Time elapsed time: 26.374305 seconds (0d 0h 0m 26s)

---------------  T H R E A D  ---------------

Current thread (0x0000027dfcb6b1e0):  VMThread "VM Thread" [stack: 0x000000977a900000,0x000000977aa00000] [id=8108]

Stack: [0x000000977a900000,0x000000977aa00000]
Native frames: (J=compiled Java code, j=interpreted, Vv=VM code, C=native code)
V  [jvm.dll+0x6734ea]
V  [jvm.dll+0x7d18f4]
V  [jvm.dll+0x7d309e]
V  [jvm.dll+0x7d3703]
V  [jvm.dll+0x2433c5]
V  [jvm.dll+0x6703f9]
V  [jvm.dll+0x664d32]
V  [jvm.dll+0x300086]
V  [jvm.dll+0x307606]
V  [jvm.dll+0x356c1e]
V  [jvm.dll+0x356e4f]
V  [jvm.dll+0x2d72e8]
V  [jvm.dll+0x2da386]
V  [jvm.dll+0x2e4b58]
V  [jvm.dll+0x318590]
V  [jvm.dll+0x7d7f0b]
V  [jvm.dll+0x7d8c44]
V  [jvm.dll+0x7d915d]
V  [jvm.dll+0x7d9534]
V  [jvm.dll+0x7d9600]
V  [jvm.dll+0x781a7a]
V  [jvm.dll+0x672375]
C  [ucrtbase.dll+0x29363]
C  [KERNEL32.DLL+0x1257d]
C  [ntdll.dll+0x5aa68]

VM_Operation (0x000000977a5ff430): G1Concurrent, mode: safepoint, requested by thread 0x0000027ddea3afa0


---------------  P R O C E S S  ---------------

Threads class SMR info:
_java_thread_list=0x0000027d85b24a60, length=137, elements={
0x0000027dde9ca880, 0x0000027dfcb721f0, 0x0000027dfcb73060, 0x0000027dfcb88870,
0x0000027dfcb89330, 0x0000027dfcb8bdf0, 0x0000027dfcb8c7a0, 0x0000027dfcb90e40,
0x0000027dfcb998f0, 0x0000027dfcba4ac0, 0x0000027dfd5d0440, 0x0000027dfd5d4d30,
0x0000027d80ac0a90, 0x0000027d80ac2c40, 0x0000027d80ac1dd0, 0x0000027d80ac00f0,
0x0000027d80ac3110, 0x0000027d80ac22a0, 0x0000027d80ac2770, 0x0000027d80ac1900,
0x0000027d80abf750, 0x0000027d80abfc20, 0x0000027d80ac0f60, 0x0000027d80ac1430,
0x0000027dfd92c920, 0x0000027dfd92a770, 0x0000027dfd929900, 0x0000027dfd92cdf0,
0x0000027dfd92d790, 0x0000027dfd92a2a0, 0x0000027dfd92bab0, 0x0000027dfd92ac40,
0x0000027dfd92efa0, 0x0000027dfd92b110, 0x0000027dfd929430, 0x0000027dfd92ead0,
0x0000027dfd928a90, 0x0000027dfd92dc60, 0x0000027dfd92bf80, 0x0000027dfd92c450,
0x0000027dfd92d2c0, 0x0000027dfd92b5e0, 0x0000027d820c9a40, 0x0000027d820c8230,
0x0000027d820c6ef0, 0x0000027d820ca8b0, 0x0000027d820c8700, 0x0000027d820c9f10,
0x0000027d820ca3e0, 0x0000027d820c8bd0, 0x0000027d820c73c0, 0x0000027d83bd4080,
0x0000027d83bd4a20, 0x0000027d83bcf850, 0x0000027d83bd1530, 0x0000027d83bd4550,
0x0000027d83bd23a0, 0x0000027d83bd2870, 0x0000027d83bd06c0, 0x0000027d83bd4ef0,
0x0000027d83bcfd20, 0x0000027d83bceeb0, 0x0000027d83bd36e0, 0x0000027d83bce040,
0x0000027d83bce9e0, 0x0000027d83bcf380, 0x0000027d83bd53c0, 0x0000027d83bce510,
0x0000027d83bd01f0, 0x0000027d83bd2d40, 0x0000027d83bcdb70, 0x0000027d83bd1060,
0x0000027d83bd3210, 0x0000027d83bd1a00, 0x0000027d83bd0b90, 0x0000027d83bd1ed0,
0x0000027d83bd3bb0, 0x0000027d83c75c80, 0x0000027d83c77960, 0x0000027d83c7c660,
0x0000027d83c76fc0, 0x0000027d83c79640, 0x0000027d83c7b320, 0x0000027d83c7a980,
0x0000027d83c76af0, 0x0000027d83c7bcc0, 0x0000027d83c757b0, 0x0000027d83c79b10,
0x0000027d83c79fe0, 0x0000027d83c76150, 0x0000027d83c7b7f0, 0x0000027d83c7cb30,
0x0000027d83c77490, 0x0000027d83c7c190, 0x0000027d83c7d000, 0x0000027d83c77e30,
0x0000027d83c78300, 0x0000027d83c7ae50, 0x0000027d83c787d0, 0x0000027d83c7a4b0,
0x0000027d83c79170, 0x0000027d83c76620, 0x0000027d83c78ca0, 0x0000027d81806110,
0x0000027d81806f80, 0x0000027d81806ab0, 0x0000027d81804430, 0x0000027d818005a0,
0x0000027d81805c40, 0x0000027d81800a70, 0x0000027d81804900, 0x0000027d818065e0,
0x0000027d81802c20, 0x0000027d81807450, 0x0000027d81800f40, 0x0000027d81801410,
0x0000027d81807920, 0x0000027d818018e0, 0x0000027d818000d0, 0x0000027d81801db0,
0x0000027d81804dd0, 0x0000027d81802280, 0x0000027d81802750, 0x0000027d818030f0,
0x0000027d818052a0, 0x0000027d8330ffc0, 0x0000027d8034b5f0, 0x0000027d83e12be0,
0x0000027d83e12710, 0x0000027d83e130b0, 0x0000027d83e165a0, 0x0000027d83e113d0,
0x0000027d83e11d70, 0x0000027d83e143f0, 0x0000027d83e13a50, 0x0000027d83e160d0,
0x0000027d83e118a0
}

Java Threads: ( => current thread )
  0x0000027dde9ca880 JavaThread "main" [_thread_blocked, id=2984, stack(0x000000977a300000,0x000000977a400000)]
  0x0000027dfcb721f0 JavaThread "Reference Handler" daemon [_thread_blocked, id=11460, stack(0x000000977aa00000,0x000000977ab00000)]
  0x0000027dfcb73060 JavaThread "Finalizer" daemon [_thread_blocked, id=9044, stack(0x000000977ab00000,0x000000977ac00000)]
  0x0000027dfcb88870 JavaThread "Signal Dispatcher" daemon [_thread_blocked, id=3172, stack(0x000000977ac00000,0x000000977ad00000)]
  0x0000027dfcb89330 JavaThread "Attach Listener" daemon [_thread_blocked, id=11900, stack(0x000000977ad00000,0x000000977ae00000)]
  0x0000027dfcb8bdf0 JavaThread "Service Thread" daemon [_thread_blocked, id=4020, stack(0x000000977ae00000,0x000000977af00000)]
  0x0000027dfcb8c7a0 JavaThread "Monitor Deflation Thread" daemon [_thread_blocked, id=3444, stack(0x000000977af00000,0x000000977b000000)]
  0x0000027dfcb90e40 JavaThread "C2 CompilerThread0" daemon [_thread_blocked, id=9324, stack(0x000000977b000000,0x000000977b100000)]
  0x0000027dfcb998f0 JavaThread "C1 CompilerThread0" daemon [_thread_blocked, id=8644, stack(0x000000977b100000,0x000000977b200000)]
  0x0000027dfcba4ac0 JavaThread "Sweeper thread" daemon [_thread_blocked, id=6804, stack(0x000000977b200000,0x000000977b300000)]
  0x0000027dfd5d0440 JavaThread "Common-Cleaner" daemon [_thread_blocked, id=9892, stack(0x000000977b300000,0x000000977b400000)]
  0x0000027dfd5d4d30 JavaThread "Notification Thread" daemon [_thread_blocked, id=12368, stack(0x000000977b400000,0x000000977b500000)]
  0x0000027d80ac0a90 JavaThread "Daemon health stats" [_thread_blocked, id=8436, stack(0x000000977b600000,0x000000977b700000)]
  0x0000027d80ac2c40 JavaThread "Incoming local TCP Connector on port 50709" [_thread_in_native, id=2980, stack(0x000000977bb00000,0x000000977bc00000)]
  0x0000027d80ac1dd0 JavaThread "Daemon periodic checks" [_thread_blocked, id=9904, stack(0x000000977bc00000,0x000000977bd00000)]
  0x0000027d80ac00f0 JavaThread "Daemon" [_thread_blocked, id=14932, stack(0x000000977bd00000,0x000000977be00000)]
  0x0000027d80ac3110 JavaThread "Handler for socket connection from /127.0.0.1:50709 to /127.0.0.1:50710" [_thread_in_native, id=9924, stack(0x000000977be00000,0x000000977bf00000)]
  0x0000027d80ac22a0 JavaThread "Cancel handler" [_thread_blocked, id=1656, stack(0x000000977bf00000,0x000000977c000000)]
  0x0000027d80ac2770 JavaThread "Daemon worker" [_thread_blocked, id=11144, stack(0x000000977c000000,0x000000977c100000)]
  0x0000027d80ac1900 JavaThread "Asynchronous log dispatcher for DefaultDaemonConnection: socket connection from /127.0.0.1:50709 to /127.0.0.1:50710" [_thread_blocked, id=3696, stack(0x000000977c100000,0x000000977c200000)]
  0x0000027d80abf750 JavaThread "Stdin handler" [_thread_blocked, id=12448, stack(0x000000977c200000,0x000000977c300000)]
  0x0000027d80abfc20 JavaThread "Daemon client event forwarder" [_thread_blocked, id=168, stack(0x000000977c300000,0x000000977c400000)]
  0x0000027d80ac0f60 JavaThread "Cache worker for journal cache (C:\Users\ASUS\.gradle\caches\journal-1)" [_thread_blocked, id=11396, stack(0x000000977c400000,0x000000977c500000)]
  0x0000027d80ac1430 JavaThread "File lock request listener" [_thread_in_native, id=2180, stack(0x000000977c500000,0x000000977c600000)]
  0x0000027dfd92c920 JavaThread "Cache worker for file hash cache (C:\Users\ASUS\.gradle\caches\8.0.2\fileHashes)" [_thread_blocked, id=9808, stack(0x000000977c600000,0x000000977c700000)]
  0x0000027dfd92a770 JavaThread "File watcher server" daemon [_thread_in_native, id=8492, stack(0x000000977c700000,0x000000977c800000)]
  0x0000027dfd929900 JavaThread "File watcher consumer" daemon [_thread_blocked, id=13888, stack(0x000000977cb00000,0x000000977cc00000)]
  0x0000027dfd92cdf0 JavaThread "jar transforms" [_thread_blocked, id=12328, stack(0x000000977cd00000,0x000000977ce00000)]
  0x0000027dfd92d790 JavaThread "jar transforms Thread 2" [_thread_blocked, id=4608, stack(0x000000977ce00000,0x000000977cf00000)]
  0x0000027dfd92a2a0 JavaThread "jar transforms Thread 3" [_thread_blocked, id=8040, stack(0x000000977cf00000,0x000000977d000000)]
  0x0000027dfd92bab0 JavaThread "jar transforms Thread 4" [_thread_blocked, id=3440, stack(0x000000977d000000,0x000000977d100000)]
  0x0000027dfd92ac40 JavaThread "jar transforms Thread 5" [_thread_blocked, id=14364, stack(0x000000977d100000,0x000000977d200000)]
  0x0000027dfd92efa0 JavaThread "jar transforms Thread 6" [_thread_blocked, id=6752, stack(0x000000977d200000,0x000000977d300000)]
  0x0000027dfd92b110 JavaThread "jar transforms Thread 7" [_thread_blocked, id=12836, stack(0x000000977d300000,0x000000977d400000)]
  0x0000027dfd929430 JavaThread "jar transforms Thread 8" [_thread_blocked, id=1124, stack(0x000000977d400000,0x000000977d500000)]
  0x0000027dfd92ead0 JavaThread "Cache worker for checksums cache (D:\Aplikasi_DBandeng\.gradle\8.0.2\checksums)" [_thread_blocked, id=9356, stack(0x000000977d500000,0x000000977d600000)]
  0x0000027dfd928a90 JavaThread "Cache worker for cache directory md-rule (C:\Users\ASUS\.gradle\caches\8.0.2\md-rule)" [_thread_blocked, id=2736, stack(0x000000977d600000,0x000000977d700000)]
  0x0000027dfd92dc60 JavaThread "Cache worker for file content cache (C:\Users\ASUS\.gradle\caches\8.0.2\fileContent)" [_thread_blocked, id=13048, stack(0x000000977d800000,0x000000977d900000)]
  0x0000027dfd92bf80 JavaThread "Cache worker for file hash cache (D:\Aplikasi_DBandeng\.gradle\8.0.2\fileHashes)" [_thread_blocked, id=4680, stack(0x000000977d900000,0x000000977da00000)]
  0x0000027dfd92c450 JavaThread "Cache worker for cache directory md-supplier (C:\Users\ASUS\.gradle\caches\8.0.2\md-supplier)" [_thread_blocked, id=2340, stack(0x000000977da00000,0x000000977db00000)]
  0x0000027dfd92d2c0 JavaThread "Cache worker for execution history cache (C:\Users\ASUS\.gradle\caches\8.0.2\executionHistory)" [_thread_blocked, id=14644, stack(0x000000977d700000,0x000000977d800000)]
  0x0000027dfd92b5e0 JavaThread "Cache worker for kotlin-dsl (C:\Users\ASUS\.gradle\caches\8.0.2\kotlin-dsl)" [_thread_blocked, id=2704, stack(0x000000977dd00000,0x000000977de00000)]
  0x0000027d820c9a40 JavaThread "Cache worker for dependencies-accessors (D:\Aplikasi_DBandeng\.gradle\8.0.2\dependencies-accessors)" [_thread_blocked, id=7704, stack(0x000000977de00000,0x000000977df00000)]
  0x0000027d820c8230 JavaThread "Cache worker for Build Output Cleanup Cache (D:\Aplikasi_DBandeng\.gradle\buildOutputCleanup)" [_thread_blocked, id=14724, stack(0x000000977df00000,0x000000977e000000)]
  0x0000027d820c6ef0 JavaThread "Unconstrained build operations" [_thread_blocked, id=1948, stack(0x000000977db00000,0x000000977dc00000)]
  0x0000027d820ca8b0 JavaThread "Unconstrained build operations Thread 2" [_thread_blocked, id=12716, stack(0x000000977dc00000,0x000000977dd00000)]
  0x0000027d820c8700 JavaThread "Unconstrained build operations Thread 3" [_thread_blocked, id=11240, stack(0x000000977e100000,0x000000977e200000)]
  0x0000027d820c9f10 JavaThread "Unconstrained build operations Thread 4" [_thread_blocked, id=6944, stack(0x000000977e200000,0x000000977e300000)]
  0x0000027d820ca3e0 JavaThread "Unconstrained build operations Thread 5" [_thread_blocked, id=9452, stack(0x000000977e300000,0x000000977e400000)]
  0x0000027d820c8bd0 JavaThread "Unconstrained build operations Thread 6" [_thread_blocked, id=11044, stack(0x000000977e400000,0x000000977e500000)]
  0x0000027d820c73c0 JavaThread "Unconstrained build operations Thread 7" [_thread_blocked, id=7496, stack(0x000000977e500000,0x000000977e600000)]
  0x0000027d83bd4080 JavaThread "Unconstrained build operations Thread 8" [_thread_blocked, id=9960, stack(0x000000977e600000,0x000000977e700000)]
  0x0000027d83bd4a20 JavaThread "Unconstrained build operations Thread 9" [_thread_blocked, id=5600, stack(0x000000977e700000,0x000000977e800000)]
  0x0000027d83bcf850 JavaThread "Unconstrained build operations Thread 10" [_thread_blocked, id=13776, stack(0x000000977e800000,0x000000977e900000)]
  0x0000027d83bd1530 JavaThread "Unconstrained build operations Thread 11" [_thread_blocked, id=1220, stack(0x000000977e900000,0x000000977ea00000)]
  0x0000027d83bd4550 JavaThread "Unconstrained build operations Thread 12" [_thread_blocked, id=9284, stack(0x000000977ea00000,0x000000977eb00000)]
  0x0000027d83bd23a0 JavaThread "Unconstrained build operations Thread 13" [_thread_blocked, id=9144, stack(0x000000977eb00000,0x000000977ec00000)]
  0x0000027d83bd2870 JavaThread "Unconstrained build operations Thread 14" [_thread_blocked, id=13792, stack(0x000000977ec00000,0x000000977ed00000)]
  0x0000027d83bd06c0 JavaThread "Unconstrained build operations Thread 15" [_thread_blocked, id=15048, stack(0x000000977ed00000,0x000000977ee00000)]
  0x0000027d83bd4ef0 JavaThread "Unconstrained build operations Thread 16" [_thread_blocked, id=11996, stack(0x000000977ee00000,0x000000977ef00000)]
  0x0000027d83bcfd20 JavaThread "Unconstrained build operations Thread 17" [_thread_blocked, id=14172, stack(0x000000977ef00000,0x000000977f000000)]
  0x0000027d83bceeb0 JavaThread "Unconstrained build operations Thread 18" [_thread_blocked, id=7344, stack(0x000000977f000000,0x000000977f100000)]
  0x0000027d83bd36e0 JavaThread "Unconstrained build operations Thread 19" [_thread_blocked, id=5164, stack(0x000000977f100000,0x000000977f200000)]
  0x0000027d83bce040 JavaThread "Unconstrained build operations Thread 20" [_thread_blocked, id=12968, stack(0x000000977f200000,0x000000977f300000)]
  0x0000027d83bce9e0 JavaThread "Unconstrained build operations Thread 21" [_thread_blocked, id=668, stack(0x000000977f300000,0x000000977f400000)]
  0x0000027d83bcf380 JavaThread "Unconstrained build operations Thread 22" [_thread_blocked, id=8016, stack(0x000000977f400000,0x000000977f500000)]
  0x0000027d83bd53c0 JavaThread "Unconstrained build operations Thread 23" [_thread_blocked, id=10060, stack(0x000000977f500000,0x000000977f600000)]
  0x0000027d83bce510 JavaThread "Unconstrained build operations Thread 24" [_thread_blocked, id=3524, stack(0x000000977f600000,0x000000977f700000)]
  0x0000027d83bd01f0 JavaThread "Unconstrained build operations Thread 25" [_thread_blocked, id=6816, stack(0x000000977f700000,0x000000977f800000)]
  0x0000027d83bd2d40 JavaThread "Unconstrained build operations Thread 26" [_thread_blocked, id=7360, stack(0x000000977f800000,0x000000977f900000)]
  0x0000027d83bcdb70 JavaThread "Unconstrained build operations Thread 27" [_thread_blocked, id=6500, stack(0x000000977f900000,0x000000977fa00000)]
  0x0000027d83bd1060 JavaThread "Unconstrained build operations Thread 28" [_thread_blocked, id=3624, stack(0x000000977fa00000,0x000000977fb00000)]
  0x0000027d83bd3210 JavaThread "Unconstrained build operations Thread 29" [_thread_blocked, id=3536, stack(0x000000977fb00000,0x000000977fc00000)]
  0x0000027d83bd1a00 JavaThread "Unconstrained build operations Thread 30" [_thread_blocked, id=3252, stack(0x000000977fc00000,0x000000977fd00000)]
  0x0000027d83bd0b90 JavaThread "Unconstrained build operations Thread 31" [_thread_blocked, id=11680, stack(0x000000977fd00000,0x000000977fe00000)]
  0x0000027d83bd1ed0 JavaThread "Unconstrained build operations Thread 32" [_thread_blocked, id=8524, stack(0x000000977fe00000,0x000000977ff00000)]
  0x0000027d83bd3bb0 JavaThread "Unconstrained build operations Thread 33" [_thread_blocked, id=2688, stack(0x000000977ff00000,0x0000009780000000)]
  0x0000027d83c75c80 JavaThread "Unconstrained build operations Thread 34" [_thread_blocked, id=9212, stack(0x0000009700000000,0x0000009700100000)]
  0x0000027d83c77960 JavaThread "Unconstrained build operations Thread 35" [_thread_blocked, id=14624, stack(0x0000009700100000,0x0000009700200000)]
  0x0000027d83c7c660 JavaThread "Unconstrained build operations Thread 36" [_thread_blocked, id=8728, stack(0x0000009700300000,0x0000009700400000)]
  0x0000027d83c76fc0 JavaThread "Unconstrained build operations Thread 37" [_thread_blocked, id=6276, stack(0x0000009700400000,0x0000009700500000)]
  0x0000027d83c79640 JavaThread "Unconstrained build operations Thread 38" [_thread_blocked, id=4100, stack(0x0000009700500000,0x0000009700600000)]
  0x0000027d83c7b320 JavaThread "Unconstrained build operations Thread 39" [_thread_blocked, id=3244, stack(0x0000009700600000,0x0000009700700000)]
  0x0000027d83c7a980 JavaThread "Unconstrained build operations Thread 40" [_thread_blocked, id=8068, stack(0x0000009700700000,0x0000009700800000)]
  0x0000027d83c76af0 JavaThread "Unconstrained build operations Thread 41" [_thread_blocked, id=12820, stack(0x0000009700800000,0x0000009700900000)]
  0x0000027d83c7bcc0 JavaThread "Unconstrained build operations Thread 42" [_thread_blocked, id=4936, stack(0x0000009700900000,0x0000009700a00000)]
  0x0000027d83c757b0 JavaThread "Unconstrained build operations Thread 43" [_thread_blocked, id=10348, stack(0x0000009700a00000,0x0000009700b00000)]
  0x0000027d83c79b10 JavaThread "Unconstrained build operations Thread 44" [_thread_blocked, id=9692, stack(0x0000009700b00000,0x0000009700c00000)]
  0x0000027d83c79fe0 JavaThread "Unconstrained build operations Thread 45" [_thread_blocked, id=164, stack(0x0000009700c00000,0x0000009700d00000)]
  0x0000027d83c76150 JavaThread "Unconstrained build operations Thread 46" [_thread_blocked, id=11212, stack(0x0000009700d00000,0x0000009700e00000)]
  0x0000027d83c7b7f0 JavaThread "Unconstrained build operations Thread 47" [_thread_blocked, id=6004, stack(0x0000009700e00000,0x0000009700f00000)]
  0x0000027d83c7cb30 JavaThread "Unconstrained build operations Thread 48" [_thread_blocked, id=13400, stack(0x0000009700f00000,0x0000009701000000)]
  0x0000027d83c77490 JavaThread "Unconstrained build operations Thread 49" [_thread_blocked, id=7428, stack(0x0000009701000000,0x0000009701100000)]
  0x0000027d83c7c190 JavaThread "Unconstrained build operations Thread 50" [_thread_blocked, id=14064, stack(0x0000009701100000,0x0000009701200000)]
  0x0000027d83c7d000 JavaThread "Unconstrained build operations Thread 51" [_thread_blocked, id=11948, stack(0x0000009701200000,0x0000009701300000)]
  0x0000027d83c77e30 JavaThread "Unconstrained build operations Thread 52" [_thread_blocked, id=4068, stack(0x0000009701300000,0x0000009701400000)]
  0x0000027d83c78300 JavaThread "Unconstrained build operations Thread 53" [_thread_blocked, id=8328, stack(0x0000009701400000,0x0000009701500000)]
  0x0000027d83c7ae50 JavaThread "Unconstrained build operations Thread 54" [_thread_blocked, id=14824, stack(0x0000009701500000,0x0000009701600000)]
  0x0000027d83c787d0 JavaThread "Unconstrained build operations Thread 55" [_thread_blocked, id=3912, stack(0x0000009701600000,0x0000009701700000)]
  0x0000027d83c7a4b0 JavaThread "Unconstrained build operations Thread 56" [_thread_blocked, id=13252, stack(0x0000009701700000,0x0000009701800000)]
  0x0000027d83c79170 JavaThread "Unconstrained build operations Thread 57" [_thread_blocked, id=8988, stack(0x0000009701800000,0x0000009701900000)]
  0x0000027d83c76620 JavaThread "Unconstrained build operations Thread 58" [_thread_blocked, id=8200, stack(0x0000009701900000,0x0000009701a00000)]
  0x0000027d83c78ca0 JavaThread "Unconstrained build operations Thread 59" [_thread_blocked, id=6216, stack(0x0000009701a00000,0x0000009701b00000)]
  0x0000027d81806110 JavaThread "Unconstrained build operations Thread 60" [_thread_blocked, id=7720, stack(0x0000009701b00000,0x0000009701c00000)]
  0x0000027d81806f80 JavaThread "Unconstrained build operations Thread 61" [_thread_blocked, id=1500, stack(0x0000009701c00000,0x0000009701d00000)]
  0x0000027d81806ab0 JavaThread "Unconstrained build operations Thread 62" [_thread_blocked, id=4728, stack(0x0000009701d00000,0x0000009701e00000)]
  0x0000027d81804430 JavaThread "Unconstrained build operations Thread 63" [_thread_blocked, id=11788, stack(0x0000009701e00000,0x0000009701f00000)]
  0x0000027d818005a0 JavaThread "Unconstrained build operations Thread 64" [_thread_blocked, id=12016, stack(0x0000009701f00000,0x0000009702000000)]
  0x0000027d81805c40 JavaThread "Unconstrained build operations Thread 65" [_thread_blocked, id=11364, stack(0x0000009702000000,0x0000009702100000)]
  0x0000027d81800a70 JavaThread "Unconstrained build operations Thread 66" [_thread_blocked, id=3036, stack(0x0000009702100000,0x0000009702200000)]
  0x0000027d81804900 JavaThread "Unconstrained build operations Thread 67" [_thread_blocked, id=684, stack(0x0000009702200000,0x0000009702300000)]
  0x0000027d818065e0 JavaThread "Unconstrained build operations Thread 68" [_thread_blocked, id=5432, stack(0x0000009702300000,0x0000009702400000)]
  0x0000027d81802c20 JavaThread "Unconstrained build operations Thread 69" [_thread_blocked, id=4556, stack(0x0000009702400000,0x0000009702500000)]
  0x0000027d81807450 JavaThread "Unconstrained build operations Thread 70" [_thread_blocked, id=13412, stack(0x0000009702500000,0x0000009702600000)]
  0x0000027d81800f40 JavaThread "Unconstrained build operations Thread 71" [_thread_blocked, id=9560, stack(0x0000009702600000,0x0000009702700000)]
  0x0000027d81801410 JavaThread "Unconstrained build operations Thread 72" [_thread_blocked, id=14356, stack(0x0000009702700000,0x0000009702800000)]
  0x0000027d81807920 JavaThread "Unconstrained build operations Thread 73" [_thread_blocked, id=11152, stack(0x0000009702800000,0x0000009702900000)]
  0x0000027d818018e0 JavaThread "Unconstrained build operations Thread 74" [_thread_blocked, id=7232, stack(0x0000009702900000,0x0000009702a00000)]
  0x0000027d818000d0 JavaThread "Unconstrained build operations Thread 75" [_thread_blocked, id=8488, stack(0x0000009702a00000,0x0000009702b00000)]
  0x0000027d81801db0 JavaThread "Unconstrained build operations Thread 76" [_thread_blocked, id=10296, stack(0x0000009702b00000,0x0000009702c00000)]
  0x0000027d81804dd0 JavaThread "Unconstrained build operations Thread 77" [_thread_blocked, id=11452, stack(0x0000009702c00000,0x0000009702d00000)]
  0x0000027d81802280 JavaThread "Unconstrained build operations Thread 78" [_thread_blocked, id=6120, stack(0x0000009702d00000,0x0000009702e00000)]
  0x0000027d81802750 JavaThread "Unconstrained build operations Thread 79" [_thread_blocked, id=13268, stack(0x0000009702e00000,0x0000009702f00000)]
  0x0000027d818030f0 JavaThread "Unconstrained build operations Thread 80" [_thread_blocked, id=12948, stack(0x0000009702f00000,0x0000009703000000)]
  0x0000027d818052a0 JavaThread "Memory manager" [_thread_blocked, id=7848, stack(0x0000009703100000,0x0000009703200000)]
  0x0000027d8330ffc0 JavaThread "C2 CompilerThread1" daemon [_thread_blocked, id=14424, stack(0x0000009700200000,0x0000009700300000)]
  0x0000027d8034b5f0 JavaThread "C2 CompilerThread2" daemon [_thread_in_native, id=8780, stack(0x0000009703000000,0x0000009703100000)]
  0x0000027d83e12be0 JavaThread "included builds" [_thread_blocked, id=13532, stack(0x0000009703200000,0x0000009703300000)]
  0x0000027d83e12710 JavaThread "Execution worker" [_thread_blocked, id=2504, stack(0x0000009703300000,0x0000009703400000)]
  0x0000027d83e130b0 JavaThread "Execution worker Thread 2" [_thread_blocked, id=12472, stack(0x0000009703400000,0x0000009703500000)]
  0x0000027d83e165a0 JavaThread "Execution worker Thread 3" [_thread_blocked, id=12264, stack(0x0000009703500000,0x0000009703600000)]
  0x0000027d83e113d0 JavaThread "Execution worker Thread 4" [_thread_blocked, id=9440, stack(0x0000009703600000,0x0000009703700000)]
  0x0000027d83e11d70 JavaThread "Execution worker Thread 5" [_thread_blocked, id=15004, stack(0x0000009703700000,0x0000009703800000)]
  0x0000027d83e143f0 JavaThread "Execution worker Thread 6" [_thread_blocked, id=2364, stack(0x0000009703800000,0x0000009703900000)]
  0x0000027d83e13a50 JavaThread "Execution worker Thread 7" [_thread_blocked, id=11980, stack(0x0000009703900000,0x0000009703a00000)]
  0x0000027d83e160d0 JavaThread "Cache worker for execution history cache (D:\Aplikasi_DBandeng\.gradle\8.0.2\executionHistory)" [_thread_blocked, id=10044, stack(0x0000009703a00000,0x0000009703b00000)]
  0x0000027d83e118a0 JavaThread "idea-tooling-model-converter" [_thread_blocked, id=14936, stack(0x0000009703b00000,0x0000009703c00000)]

Other Threads:
=>0x0000027dfcb6b1e0 VMThread "VM Thread" [stack: 0x000000977a900000,0x000000977aa00000] [id=8108]
  0x0000027ddea4a760 WatcherThread [stack: 0x000000977b500000,0x000000977b600000] [id=12260]
  0x0000027ddea28040 GCTaskThread "GC Thread#0" [stack: 0x000000977a400000,0x000000977a500000] [id=2152]
  0x0000027dfe2dd3e0 GCTaskThread "GC Thread#1" [stack: 0x000000977b800000,0x000000977b900000] [id=6456]
  0x0000027dfe43bce0 GCTaskThread "GC Thread#2" [stack: 0x000000977b900000,0x000000977ba00000] [id=11932]
  0x0000027dfe1b53b0 GCTaskThread "GC Thread#3" [stack: 0x000000977ba00000,0x000000977bb00000] [id=12416]
  0x0000027dfdd08fd0 GCTaskThread "GC Thread#4" [stack: 0x000000977b700000,0x000000977b800000] [id=13272]
  0x0000027d81b70040 GCTaskThread "GC Thread#5" [stack: 0x000000977c800000,0x000000977c900000] [id=7832]
  0x0000027d81b6f2d0 GCTaskThread "GC Thread#6" [stack: 0x000000977c900000,0x000000977ca00000] [id=4664]
  0x0000027d81b6e560 GCTaskThread "GC Thread#7" [stack: 0x000000977ca00000,0x000000977cb00000] [id=11708]
  0x0000027ddea3afa0 ConcurrentGCThread "G1 Main Marker" [stack: 0x000000977a500000,0x000000977a600000] [id=10788]
  0x0000027ddea3c150 ConcurrentGCThread "G1 Conc#0" [stack: 0x000000977a600000,0x000000977a700000] [id=9204]
  0x0000027d81b6e810 ConcurrentGCThread "G1 Conc#1" [stack: 0x000000977cc00000,0x000000977cd00000] [id=13200]
  0x0000027ddea9e4d0 ConcurrentGCThread "G1 Refine#0" [stack: 0x000000977a700000,0x000000977a800000] [id=10708]
  0x0000027dfca260d0 ConcurrentGCThread "G1 Service" [stack: 0x000000977a800000,0x000000977a900000] [id=13684]

Threads with active compile tasks:
C2 CompilerThread0    26433 9815       4       org.gradle.internal.reflect.ClassInspector::inspectClass (179 bytes)
C2 CompilerThread1    26433 9843       4       org.objectweb.asm.Frame::putAbstractType (379 bytes)
C2 CompilerThread2    26433 9759       4       org.gradle.internal.instantiation.generator.AbstractClassGenerator::inspectType (560 bytes)

VM state: at safepoint (normal execution)

VM Mutex/Monitor currently owned by a thread:  ([mutex/lock_event])
[0x0000027dde9c7e10] Threads_lock - owner thread: 0x0000027dfcb6b1e0
[0x0000027dde9c7c60] Heap_lock - owner thread: 0x0000027ddea3afa0

Heap address: 0x0000000080000000, size: 2048 MB, Compressed Oops mode: 32-bit

CDS archive(s) mapped at: [0x0000000800000000-0x0000000800bd0000-0x0000000800bd0000), size 12386304, SharedBaseAddress: 0x0000000800000000, ArchiveRelocationMode: 0.
Compressed class space mapped at: 0x0000000800c00000-0x0000000840c00000, reserved size: 1073741824
Narrow klass base: 0x0000000800000000, Narrow klass shift: 0, Narrow klass range: 0x100000000

GC Precious Log:
 CPUs: 8 total, 8 available
 Memory: 8074M
 Large Page Support: Disabled
 NUMA Support: Disabled
 Compressed Oops: Enabled (32-bit)
 Heap Region Size: 1M
 Heap Min Capacity: 8M
 Heap Initial Capacity: 128M
 Heap Max Capacity: 2G
 Pre-touch: Disabled
 Parallel Workers: 8
 Concurrent Workers: 2
 Concurrent Refinement Workers: 8
 Periodic GC: Disabled

Heap:
 garbage-first heap   total 208896K, used 141701K [0x0000000080000000, 0x0000000100000000)
  region size 1024K, 8 young (8192K), 3 survivors (3072K)
 Metaspace       used 85236K, committed 86016K, reserved 1130496K
  class space    used 11807K, committed 12160K, reserved 1048576K

Heap Regions: E=young(eden), S=young(survivor), O=old, HS=humongous(starts), HC=humongous(continues), CS=collection set, F=free, OA=open archive, CA=closed archive, TAMS=top-at-mark-start (previous, next)
|   0|0x0000000080000000, 0x0000000080100000, 0x0000000080100000|100%|HS|  |TAMS 0x0000000080100000, 0x0000000080000000| Complete 
|   1|0x0000000080100000, 0x0000000080200000, 0x0000000080200000|100%|HC|  |TAMS 0x0000000080200000, 0x0000000080100000| Complete 
|   2|0x0000000080200000, 0x0000000080300000, 0x0000000080300000|100%|HC|  |TAMS 0x0000000080300000, 0x0000000080200000| Complete 
|   3|0x0000000080300000, 0x0000000080400000, 0x0000000080400000|100%|HC|  |TAMS 0x0000000080400000, 0x0000000080300000| Complete 
|   4|0x0000000080400000, 0x0000000080500000, 0x0000000080500000|100%| O|  |TAMS 0x0000000080500000, 0x0000000080400000| Untracked 
|   5|0x0000000080500000, 0x0000000080600000, 0x0000000080600000|100%| O|  |TAMS 0x0000000080600000, 0x0000000080500000| Untracked 
|   6|0x0000000080600000, 0x0000000080700000, 0x0000000080700000|100%| O|  |TAMS 0x0000000080700000, 0x0000000080600000| Untracked 
|   7|0x0000000080700000, 0x0000000080800000, 0x0000000080800000|100%| O|  |TAMS 0x0000000080800000, 0x0000000080700000| Untracked 
|   8|0x0000000080800000, 0x0000000080900000, 0x0000000080900000|100%| O|  |TAMS 0x0000000080900000, 0x0000000080800000| Untracked 
|   9|0x0000000080900000, 0x0000000080a00000, 0x0000000080a00000|100%| O|  |TAMS 0x0000000080a00000, 0x0000000080900000| Untracked 
|  10|0x0000000080a00000, 0x0000000080b00000, 0x0000000080b00000|100%| O|  |TAMS 0x0000000080b00000, 0x0000000080a00000| Untracked 
|  11|0x0000000080b00000, 0x0000000080c00000, 0x0000000080c00000|100%|HS|  |TAMS 0x0000000080c00000, 0x0000000080b00000| Complete 
|  12|0x0000000080c00000, 0x0000000080d00000, 0x0000000080d00000|100%|HC|  |TAMS 0x0000000080d00000, 0x0000000080c00000| Complete 
|  13|0x0000000080d00000, 0x0000000080e00000, 0x0000000080e00000|100%|HS|  |TAMS 0x0000000080e00000, 0x0000000080d00000| Complete 
|  14|0x0000000080e00000, 0x0000000080f00000, 0x0000000080f00000|100%|HC|  |TAMS 0x0000000080f00000, 0x0000000080e00000| Complete 
|  15|0x0000000080f00000, 0x0000000081000000, 0x0000000081000000|100%|HC|  |TAMS 0x0000000081000000, 0x0000000080f00000| Complete 
|  16|0x0000000081000000, 0x0000000081100000, 0x0000000081100000|100%|HS|  |TAMS 0x0000000081100000, 0x0000000081000000| Complete 
|  17|0x0000000081100000, 0x0000000081200000, 0x0000000081200000|100%|HC|  |TAMS 0x0000000081200000, 0x0000000081100000| Complete 
|  18|0x0000000081200000, 0x0000000081300000, 0x0000000081300000|100%|HC|  |TAMS 0x0000000081300000, 0x0000000081200000| Complete 
|  19|0x0000000081300000, 0x0000000081400000, 0x0000000081400000|100%|HS|  |TAMS 0x0000000081400000, 0x0000000081300000| Complete 
|  20|0x0000000081400000, 0x0000000081500000, 0x0000000081500000|100%|HC|  |TAMS 0x0000000081500000, 0x0000000081400000| Complete 
|  21|0x0000000081500000, 0x0000000081600000, 0x0000000081600000|100%|HC|  |TAMS 0x0000000081600000, 0x0000000081500000| Complete 
|  22|0x0000000081600000, 0x0000000081700000, 0x0000000081700000|100%| O|  |TAMS 0x0000000081700000, 0x0000000081600000| Untracked 
|  23|0x0000000081700000, 0x0000000081800000, 0x0000000081800000|100%| O|  |TAMS 0x0000000081800000, 0x0000000081700000| Untracked 
|  24|0x0000000081800000, 0x0000000081900000, 0x0000000081900000|100%| O|  |TAMS 0x0000000081900000, 0x0000000081800000| Untracked 
|  25|0x0000000081900000, 0x0000000081a00000, 0x0000000081a00000|100%| O|  |TAMS 0x0000000081a00000, 0x0000000081900000| Untracked 
|  26|0x0000000081a00000, 0x0000000081b00000, 0x0000000081b00000|100%| O|  |TAMS 0x0000000081b00000, 0x0000000081a00000| Untracked 
|  27|0x0000000081b00000, 0x0000000081c00000, 0x0000000081c00000|100%| O|  |TAMS 0x0000000081c00000, 0x0000000081b00000| Untracked 
|  28|0x0000000081c00000, 0x0000000081d00000, 0x0000000081d00000|100%| O|  |TAMS 0x0000000081d00000, 0x0000000081c00000| Untracked 
|  29|0x0000000081d00000, 0x0000000081e00000, 0x0000000081e00000|100%| O|  |TAMS 0x0000000081e00000, 0x0000000081d00000| Untracked 
|  30|0x0000000081e00000, 0x0000000081ee9000, 0x0000000081f00000| 91%| O|  |TAMS 0x0000000081ee9000, 0x0000000081e00000| Untracked 
|  31|0x0000000081f00000, 0x0000000082000000, 0x0000000082000000|100%| O|  |TAMS 0x0000000082000000, 0x0000000081f00000| Untracked 
|  32|0x0000000082000000, 0x0000000082100000, 0x0000000082100000|100%| O|  |TAMS 0x0000000082100000, 0x0000000082000000| Untracked 
|  33|0x0000000082100000, 0x0000000082200000, 0x0000000082200000|100%| O|  |TAMS 0x0000000082200000, 0x0000000082100000| Untracked 
|  34|0x0000000082200000, 0x0000000082300000, 0x0000000082300000|100%| O|  |TAMS 0x0000000082300000, 0x0000000082200000| Untracked 
|  35|0x0000000082300000, 0x0000000082400000, 0x0000000082400000|100%| O|  |TAMS 0x0000000082400000, 0x0000000082300000| Untracked 
|  36|0x0000000082400000, 0x0000000082500000, 0x0000000082500000|100%|HS|  |TAMS 0x0000000082500000, 0x0000000082400000| Complete 
|  37|0x0000000082500000, 0x0000000082600000, 0x0000000082600000|100%|HC|  |TAMS 0x0000000082600000, 0x0000000082500000| Complete 
|  38|0x0000000082600000, 0x0000000082700000, 0x0000000082700000|100%|HC|  |TAMS 0x0000000082700000, 0x0000000082600000| Complete 
|  39|0x0000000082700000, 0x0000000082800000, 0x0000000082800000|100%| O|  |TAMS 0x0000000082800000, 0x0000000082700000| Untracked 
|  40|0x0000000082800000, 0x0000000082900000, 0x0000000082900000|100%| O|  |TAMS 0x0000000082900000, 0x0000000082800000| Untracked 
|  41|0x0000000082900000, 0x0000000082a00000, 0x0000000082a00000|100%| O|  |TAMS 0x0000000082a00000, 0x0000000082900000| Untracked 
|  42|0x0000000082a00000, 0x0000000082b00000, 0x0000000082b00000|100%| O|  |TAMS 0x0000000082b00000, 0x0000000082a00000| Untracked 
|  43|0x0000000082b00000, 0x0000000082c00000, 0x0000000082c00000|100%| O|  |TAMS 0x0000000082c00000, 0x0000000082b00000| Updating 
|  44|0x0000000082c00000, 0x0000000082d00000, 0x0000000082d00000|100%|HS|  |TAMS 0x0000000082d00000, 0x0000000082c00000| Complete 
|  45|0x0000000082d00000, 0x0000000082e00000, 0x0000000082e00000|100%|HC|  |TAMS 0x0000000082e00000, 0x0000000082d00000| Complete 
|  46|0x0000000082e00000, 0x0000000082f00000, 0x0000000082f00000|100%|HC|  |TAMS 0x0000000082f00000, 0x0000000082e00000| Complete 
|  47|0x0000000082f00000, 0x0000000083000000, 0x0000000083000000|100%|HC|  |TAMS 0x0000000083000000, 0x0000000082f00000| Complete 
|  48|0x0000000083000000, 0x0000000083100000, 0x0000000083100000|100%| O|  |TAMS 0x0000000083100000, 0x0000000083000000| Updating 
|  49|0x0000000083100000, 0x0000000083200000, 0x0000000083200000|100%| O|  |TAMS 0x0000000083200000, 0x0000000083100000| Untracked 
|  50|0x0000000083200000, 0x0000000083300000, 0x0000000083300000|100%| O|  |TAMS 0x0000000083300000, 0x0000000083200000| Untracked 
|  51|0x0000000083300000, 0x0000000083400000, 0x0000000083400000|100%| O|  |TAMS 0x0000000083400000, 0x0000000083300000| Untracked 
|  52|0x0000000083400000, 0x0000000083500000, 0x0000000083500000|100%| O|  |TAMS 0x0000000083500000, 0x0000000083400000| Updating 
|  53|0x0000000083500000, 0x0000000083600000, 0x0000000083600000|100%| O|  |TAMS 0x0000000083600000, 0x0000000083500000| Untracked 
|  54|0x0000000083600000, 0x0000000083700000, 0x0000000083700000|100%| O|  |TAMS 0x0000000083700000, 0x0000000083600000| Untracked 
|  55|0x0000000083700000, 0x0000000083800000, 0x0000000083800000|100%| O|  |TAMS 0x0000000083800000, 0x0000000083700000| Untracked 
|  56|0x0000000083800000, 0x0000000083900000, 0x0000000083900000|100%| O|  |TAMS 0x0000000083900000, 0x0000000083800000| Updating 
|  57|0x0000000083900000, 0x0000000083a00000, 0x0000000083a00000|100%| O|  |TAMS 0x0000000083a00000, 0x0000000083900000| Untracked 
|  58|0x0000000083a00000, 0x0000000083b00000, 0x0000000083b00000|100%| O|  |TAMS 0x0000000083b00000, 0x0000000083a00000| Untracked 
|  59|0x0000000083b00000, 0x0000000083c00000, 0x0000000083c00000|100%| O|  |TAMS 0x0000000083c00000, 0x0000000083b00000| Untracked 
|  60|0x0000000083c00000, 0x0000000083d00000, 0x0000000083d00000|100%| O|  |TAMS 0x0000000083d00000, 0x0000000083c00000| Untracked 
|  61|0x0000000083d00000, 0x0000000083e00000, 0x0000000083e00000|100%| O|  |TAMS 0x0000000083e00000, 0x0000000083d00000| Untracked 
|  62|0x0000000083e00000, 0x0000000083f00000, 0x0000000083f00000|100%| O|  |TAMS 0x0000000083f00000, 0x0000000083e00000| Untracked 
|  63|0x0000000083f00000, 0x0000000084000000, 0x0000000084000000|100%| O|  |TAMS 0x0000000084000000, 0x0000000083f00000| Updating 
|  64|0x0000000084000000, 0x0000000084100000, 0x0000000084100000|100%|HS|  |TAMS 0x0000000084100000, 0x0000000084000000| Complete 
|  65|0x0000000084100000, 0x0000000084200000, 0x0000000084200000|100%|HS|  |TAMS 0x0000000084200000, 0x0000000084100000| Complete 
|  66|0x0000000084200000, 0x0000000084300000, 0x0000000084300000|100%|HC|  |TAMS 0x0000000084300000, 0x0000000084200000| Complete 
|  67|0x0000000084300000, 0x0000000084400000, 0x0000000084400000|100%| O|  |TAMS 0x0000000084400000, 0x0000000084300000| Untracked 
|  68|0x0000000084400000, 0x0000000084500000, 0x0000000084500000|100%| O|  |TAMS 0x0000000084500000, 0x0000000084400000| Updating 
|  69|0x0000000084500000, 0x0000000084600000, 0x0000000084600000|100%|HS|  |TAMS 0x0000000084600000, 0x0000000084500000| Complete 
|  70|0x0000000084600000, 0x0000000084700000, 0x0000000084700000|100%|HS|  |TAMS 0x0000000084700000, 0x0000000084600000| Complete 
|  71|0x0000000084700000, 0x0000000084800000, 0x0000000084800000|100%|HC|  |TAMS 0x0000000084800000, 0x0000000084700000| Complete 
|  72|0x0000000084800000, 0x0000000084900000, 0x0000000084900000|100%|HC|  |TAMS 0x0000000084900000, 0x0000000084800000| Complete 
|  73|0x0000000084900000, 0x0000000084a00000, 0x0000000084a00000|100%|HC|  |TAMS 0x0000000084a00000, 0x0000000084900000| Complete 
|  74|0x0000000084a00000, 0x0000000084b00000, 0x0000000084b00000|100%| O|  |TAMS 0x0000000084b00000, 0x0000000084a00000| Untracked 
|  75|0x0000000084b00000, 0x0000000084c00000, 0x0000000084c00000|100%| O|  |TAMS 0x0000000084c00000, 0x0000000084b00000| Untracked 
|  76|0x0000000084c00000, 0x0000000084d00000, 0x0000000084d00000|100%| O|  |TAMS 0x0000000084d00000, 0x0000000084c00000| Untracked 
|  77|0x0000000084d00000, 0x0000000084e00000, 0x0000000084e00000|100%| O|  |TAMS 0x0000000084e00000, 0x0000000084d00000| Untracked 
|  78|0x0000000084e00000, 0x0000000084f00000, 0x0000000084f00000|100%| O|  |TAMS 0x0000000084f00000, 0x0000000084e00000| Untracked 
|  79|0x0000000084f00000, 0x0000000085000000, 0x0000000085000000|100%| O|  |TAMS 0x0000000085000000, 0x0000000084f00000| Untracked 
|  80|0x0000000085000000, 0x0000000085100000, 0x0000000085100000|100%| O|  |TAMS 0x0000000085100000, 0x0000000085000000| Untracked 
|  81|0x0000000085100000, 0x0000000085200000, 0x0000000085200000|100%| O|  |TAMS 0x0000000085200000, 0x0000000085100000| Untracked 
|  82|0x0000000085200000, 0x0000000085300000, 0x0000000085300000|100%| O|  |TAMS 0x0000000085300000, 0x0000000085200000| Untracked 
|  83|0x0000000085300000, 0x0000000085400000, 0x0000000085400000|100%| O|  |TAMS 0x0000000085400000, 0x0000000085300000| Untracked 
|  84|0x0000000085400000, 0x0000000085500000, 0x0000000085500000|100%| O|  |TAMS 0x0000000085500000, 0x0000000085400000| Untracked 
|  85|0x0000000085500000, 0x0000000085600000, 0x0000000085600000|100%| O|  |TAMS 0x0000000085600000, 0x0000000085500000| Untracked 
|  86|0x0000000085600000, 0x0000000085700000, 0x0000000085700000|100%| O|  |TAMS 0x0000000085700000, 0x0000000085600000| Untracked 
|  87|0x0000000085700000, 0x0000000085800000, 0x0000000085800000|100%| O|  |TAMS 0x0000000085800000, 0x0000000085700000| Untracked 
|  88|0x0000000085800000, 0x0000000085900000, 0x0000000085900000|100%| O|  |TAMS 0x0000000085900000, 0x0000000085800000| Untracked 
|  89|0x0000000085900000, 0x0000000085a00000, 0x0000000085a00000|100%| O|  |TAMS 0x0000000085a00000, 0x0000000085900000| Untracked 
|  90|0x0000000085a00000, 0x0000000085b00000, 0x0000000085b00000|100%| O|  |TAMS 0x0000000085b00000, 0x0000000085a00000| Updating 
|  91|0x0000000085b00000, 0x0000000085c00000, 0x0000000085c00000|100%| O|  |TAMS 0x0000000085c00000, 0x0000000085b00000| Untracked 
|  92|0x0000000085c00000, 0x0000000085d00000, 0x0000000085d00000|100%| O|  |TAMS 0x0000000085d00000, 0x0000000085c00000| Untracked 
|  93|0x0000000085d00000, 0x0000000085e00000, 0x0000000085e00000|100%| O|  |TAMS 0x0000000085e00000, 0x0000000085d00000| Untracked 
|  94|0x0000000085e00000, 0x0000000085f00000, 0x0000000085f00000|100%| O|  |TAMS 0x0000000085f00000, 0x0000000085e00000| Untracked 
|  95|0x0000000085f00000, 0x0000000086000000, 0x0000000086000000|100%| O|  |TAMS 0x0000000086000000, 0x0000000085f00000| Untracked 
|  96|0x0000000086000000, 0x0000000086100000, 0x0000000086100000|100%|HS|  |TAMS 0x0000000086100000, 0x0000000086000000| Complete 
|  97|0x0000000086100000, 0x0000000086200000, 0x0000000086200000|100%|HC|  |TAMS 0x0000000086200000, 0x0000000086100000| Complete 
|  98|0x0000000086200000, 0x0000000086300000, 0x0000000086300000|100%|HS|  |TAMS 0x0000000086300000, 0x0000000086200000| Complete 
|  99|0x0000000086300000, 0x0000000086400000, 0x0000000086400000|100%|HC|  |TAMS 0x0000000086400000, 0x0000000086300000| Complete 
| 100|0x0000000086400000, 0x0000000086500000, 0x0000000086500000|100%|HC|  |TAMS 0x0000000086500000, 0x0000000086400000| Complete 
| 101|0x0000000086500000, 0x0000000086600000, 0x0000000086600000|100%|HC|  |TAMS 0x0000000086600000, 0x0000000086500000| Complete 
| 102|0x0000000086600000, 0x0000000086700000, 0x0000000086700000|100%|HC|  |TAMS 0x0000000086700000, 0x0000000086600000| Complete 
| 103|0x0000000086700000, 0x0000000086800000, 0x0000000086800000|100%|HC|  |TAMS 0x0000000086800000, 0x0000000086700000| Complete 
| 104|0x0000000086800000, 0x0000000086900000, 0x0000000086900000|100%|HS|  |TAMS 0x0000000086900000, 0x0000000086800000| Complete 
| 105|0x0000000086900000, 0x0000000086a00000, 0x0000000086a00000|100%|HS|  |TAMS 0x0000000086a00000, 0x0000000086900000| Complete 
| 106|0x0000000086a00000, 0x0000000086b00000, 0x0000000086b00000|100%|HC|  |TAMS 0x0000000086b00000, 0x0000000086a00000| Complete 
| 107|0x0000000086b00000, 0x0000000086c00000, 0x0000000086c00000|100%|HS|  |TAMS 0x0000000086c00000, 0x0000000086b00000| Complete 
| 108|0x0000000086c00000, 0x0000000086d00000, 0x0000000086d00000|100%|HC|  |TAMS 0x0000000086d00000, 0x0000000086c00000| Complete 
| 109|0x0000000086d00000, 0x0000000086e00000, 0x0000000086e00000|100%|HC|  |TAMS 0x0000000086e00000, 0x0000000086d00000| Complete 
| 110|0x0000000086e00000, 0x0000000086f00000, 0x0000000086f00000|100%|HS|  |TAMS 0x0000000086f00000, 0x0000000086e00000| Complete 
| 111|0x0000000086f00000, 0x0000000087000000, 0x0000000087000000|100%|HC|  |TAMS 0x0000000087000000, 0x0000000086f00000| Complete 
| 112|0x0000000087000000, 0x0000000087100000, 0x0000000087100000|100%|HC|  |TAMS 0x0000000087100000, 0x0000000087000000| Complete 
| 113|0x0000000087100000, 0x0000000087200000, 0x0000000087200000|100%|HS|  |TAMS 0x0000000087200000, 0x0000000087100000| Complete 
| 114|0x0000000087200000, 0x0000000087300000, 0x0000000087300000|100%|HC|  |TAMS 0x0000000087300000, 0x0000000087200000| Complete 
| 115|0x0000000087300000, 0x0000000087400000, 0x0000000087400000|100%|HC|  |TAMS 0x0000000087400000, 0x0000000087300000| Complete 
| 116|0x0000000087400000, 0x0000000087500000, 0x0000000087500000|100%|HS|  |TAMS 0x0000000087500000, 0x0000000087400000| Complete 
| 117|0x0000000087500000, 0x0000000087600000, 0x0000000087600000|100%|HC|  |TAMS 0x0000000087600000, 0x0000000087500000| Complete 
| 118|0x0000000087600000, 0x0000000087700000, 0x0000000087700000|100%|HS|  |TAMS 0x0000000087700000, 0x0000000087600000| Complete 
| 119|0x0000000087700000, 0x0000000087800000, 0x0000000087800000|100%|HC|  |TAMS 0x0000000087800000, 0x0000000087700000| Complete 
| 120|0x0000000087800000, 0x0000000087900000, 0x0000000087900000|100%|HC|  |TAMS 0x0000000087900000, 0x0000000087800000| Complete 
| 121|0x0000000087900000, 0x0000000087a00000, 0x0000000087a00000|100%|HC|  |TAMS 0x0000000087a00000, 0x0000000087900000| Complete 
| 122|0x0000000087a00000, 0x0000000087b00000, 0x0000000087b00000|100%|HC|  |TAMS 0x0000000087b00000, 0x0000000087a00000| Complete 
| 123|0x0000000087b00000, 0x0000000087c00000, 0x0000000087c00000|100%|HC|  |TAMS 0x0000000087c00000, 0x0000000087b00000| Complete 
| 124|0x0000000087c00000, 0x0000000087d00000, 0x0000000087d00000|100%|HS|  |TAMS 0x0000000087d00000, 0x0000000087c00000| Complete 
| 125|0x0000000087d00000, 0x0000000087e00000, 0x0000000087e00000|100%| O|  |TAMS 0x0000000087e00000, 0x0000000087d00000| Untracked 
| 126|0x0000000087e00000, 0x0000000087f00000, 0x0000000087f00000|100%| O|  |TAMS 0x0000000087f00000, 0x0000000087e00000| Updating 
| 127|0x0000000087f00000, 0x0000000088000000, 0x0000000088000000|100%| O|  |TAMS 0x0000000087f1b000, 0x0000000087f00000| Untracked 
| 128|0x0000000088000000, 0x0000000088100000, 0x0000000088100000|100%| O|  |TAMS 0x0000000088000000, 0x0000000088000000| Untracked 
| 129|0x0000000088100000, 0x0000000088200000, 0x0000000088200000|100%| O|  |TAMS 0x0000000088100000, 0x0000000088100000| Untracked 
| 130|0x0000000088200000, 0x0000000088300000, 0x0000000088300000|100%| O|  |TAMS 0x0000000088200000, 0x0000000088200000| Untracked 
| 131|0x0000000088300000, 0x0000000088400000, 0x0000000088400000|100%| O|  |TAMS 0x0000000088300000, 0x0000000088300000| Untracked 
| 132|0x0000000088400000, 0x000000008845f400, 0x0000000088500000| 37%| O|  |TAMS 0x0000000088400000, 0x0000000088400000| Updating 
| 133|0x0000000088500000, 0x0000000088500000, 0x0000000088600000|  0%| F|  |TAMS 0x0000000088500000, 0x0000000088500000| Untracked 
| 134|0x0000000088600000, 0x0000000088600000, 0x0000000088700000|  0%| F|  |TAMS 0x0000000088600000, 0x0000000088600000| Untracked 
| 135|0x0000000088700000, 0x0000000088700000, 0x0000000088800000|  0%| F|  |TAMS 0x0000000088700000, 0x0000000088700000| Untracked 
| 136|0x0000000088800000, 0x0000000088800000, 0x0000000088900000|  0%| F|  |TAMS 0x0000000088800000, 0x0000000088800000| Untracked 
| 137|0x0000000088900000, 0x0000000088900000, 0x0000000088a00000|  0%| F|  |TAMS 0x0000000088900000, 0x0000000088900000| Untracked 
| 138|0x0000000088a00000, 0x0000000088a00000, 0x0000000088b00000|  0%| F|  |TAMS 0x0000000088a00000, 0x0000000088a00000| Untracked 
| 139|0x0000000088b00000, 0x0000000088b00000, 0x0000000088c00000|  0%| F|  |TAMS 0x0000000088b00000, 0x0000000088b00000| Untracked 
| 140|0x0000000088c00000, 0x0000000088c00000, 0x0000000088d00000|  0%| F|  |TAMS 0x0000000088c00000, 0x0000000088c00000| Untracked 
| 141|0x0000000088d00000, 0x0000000088d00000, 0x0000000088e00000|  0%| F|  |TAMS 0x0000000088d00000, 0x0000000088d00000| Untracked 
| 142|0x0000000088e00000, 0x0000000088e00000, 0x0000000088f00000|  0%| F|  |TAMS 0x0000000088e00000, 0x0000000088e00000| Untracked 
| 143|0x0000000088f00000, 0x0000000088f00000, 0x0000000089000000|  0%| F|  |TAMS 0x0000000088f00000, 0x0000000088f00000| Untracked 
| 144|0x0000000089000000, 0x0000000089000000, 0x0000000089100000|  0%| F|  |TAMS 0x0000000089000000, 0x0000000089000000| Untracked 
| 145|0x0000000089100000, 0x0000000089100000, 0x0000000089200000|  0%| F|  |TAMS 0x0000000089100000, 0x0000000089100000| Untracked 
| 146|0x0000000089200000, 0x0000000089200000, 0x0000000089300000|  0%| F|  |TAMS 0x0000000089200000, 0x0000000089200000| Untracked 
| 147|0x0000000089300000, 0x0000000089300000, 0x0000000089400000|  0%| F|  |TAMS 0x0000000089300000, 0x0000000089300000| Untracked 
| 148|0x0000000089400000, 0x0000000089400000, 0x0000000089500000|  0%| F|  |TAMS 0x0000000089400000, 0x0000000089400000| Untracked 
| 149|0x0000000089500000, 0x0000000089500000, 0x0000000089600000|  0%| F|  |TAMS 0x0000000089500000, 0x0000000089500000| Untracked 
| 150|0x0000000089600000, 0x0000000089600000, 0x0000000089700000|  0%| F|  |TAMS 0x0000000089600000, 0x0000000089600000| Untracked 
| 151|0x0000000089700000, 0x0000000089700000, 0x0000000089800000|  0%| F|  |TAMS 0x0000000089700000, 0x0000000089700000| Untracked 
| 152|0x0000000089800000, 0x0000000089800000, 0x0000000089900000|  0%| F|  |TAMS 0x0000000089800000, 0x0000000089800000| Untracked 
| 153|0x0000000089900000, 0x0000000089900000, 0x0000000089a00000|  0%| F|  |TAMS 0x0000000089900000, 0x0000000089900000| Untracked 
| 154|0x0000000089a00000, 0x0000000089a00000, 0x0000000089b00000|  0%| F|  |TAMS 0x0000000089a00000, 0x0000000089a00000| Untracked 
| 155|0x0000000089b00000, 0x0000000089b00000, 0x0000000089c00000|  0%| F|  |TAMS 0x0000000089b00000, 0x0000000089b00000| Untracked 
| 156|0x0000000089c00000, 0x0000000089c00000, 0x0000000089d00000|  0%| F|  |TAMS 0x0000000089c00000, 0x0000000089c00000| Untracked 
| 157|0x0000000089d00000, 0x0000000089d00000, 0x0000000089e00000|  0%| F|  |TAMS 0x0000000089d00000, 0x0000000089d00000| Untracked 
| 158|0x0000000089e00000, 0x0000000089e00000, 0x0000000089f00000|  0%| F|  |TAMS 0x0000000089e00000, 0x0000000089e00000| Untracked 
| 159|0x0000000089f00000, 0x0000000089f00000, 0x000000008a000000|  0%| F|  |TAMS 0x0000000089f00000, 0x0000000089f00000| Untracked 
| 160|0x000000008a000000, 0x000000008a000000, 0x000000008a100000|  0%| F|  |TAMS 0x000000008a000000, 0x000000008a000000| Untracked 
| 161|0x000000008a100000, 0x000000008a100000, 0x000000008a200000|  0%| F|  |TAMS 0x000000008a100000, 0x000000008a100000| Untracked 
| 162|0x000000008a200000, 0x000000008a2190f8, 0x000000008a300000|  9%| S|CS|TAMS 0x000000008a200000, 0x000000008a200000| Complete 
| 163|0x000000008a300000, 0x000000008a400000, 0x000000008a400000|100%| S|CS|TAMS 0x000000008a300000, 0x000000008a300000| Complete 
| 164|0x000000008a400000, 0x000000008a500000, 0x000000008a500000|100%| S|CS|TAMS 0x000000008a400000, 0x000000008a400000| Complete 
| 165|0x000000008a500000, 0x000000008a500000, 0x000000008a600000|  0%| F|  |TAMS 0x000000008a500000, 0x000000008a500000| Untracked 
| 166|0x000000008a600000, 0x000000008a600000, 0x000000008a700000|  0%| F|  |TAMS 0x000000008a600000, 0x000000008a600000| Untracked 
| 167|0x000000008a700000, 0x000000008a700000, 0x000000008a800000|  0%| F|  |TAMS 0x000000008a700000, 0x000000008a700000| Untracked 
| 168|0x000000008a800000, 0x000000008a800000, 0x000000008a900000|  0%| F|  |TAMS 0x000000008a800000, 0x000000008a800000| Untracked 
| 169|0x000000008a900000, 0x000000008a900000, 0x000000008aa00000|  0%| F|  |TAMS 0x000000008a900000, 0x000000008a900000| Untracked 
| 170|0x000000008aa00000, 0x000000008aa00000, 0x000000008ab00000|  0%| F|  |TAMS 0x000000008aa00000, 0x000000008aa00000| Untracked 
| 171|0x000000008ab00000, 0x000000008ab00000, 0x000000008ac00000|  0%| F|  |TAMS 0x000000008ab00000, 0x000000008ab00000| Untracked 
| 172|0x000000008ac00000, 0x000000008ac00000, 0x000000008ad00000|  0%| F|  |TAMS 0x000000008ac00000, 0x000000008ac00000| Untracked 
| 173|0x000000008ad00000, 0x000000008ad00000, 0x000000008ae00000|  0%| F|  |TAMS 0x000000008ad00000, 0x000000008ad00000| Untracked 
| 174|0x000000008ae00000, 0x000000008ae00000, 0x000000008af00000|  0%| F|  |TAMS 0x000000008ae00000, 0x000000008ae00000| Untracked 
| 175|0x000000008af00000, 0x000000008af00000, 0x000000008b000000|  0%| F|  |TAMS 0x000000008af00000, 0x000000008af00000| Untracked 
| 176|0x000000008b000000, 0x000000008b000000, 0x000000008b100000|  0%| F|  |TAMS 0x000000008b000000, 0x000000008b000000| Untracked 
| 177|0x000000008b100000, 0x000000008b100000, 0x000000008b200000|  0%| F|  |TAMS 0x000000008b100000, 0x000000008b100000| Untracked 
| 178|0x000000008b200000, 0x000000008b200000, 0x000000008b300000|  0%| F|  |TAMS 0x000000008b200000, 0x000000008b200000| Untracked 
| 179|0x000000008b300000, 0x000000008b300000, 0x000000008b400000|  0%| F|  |TAMS 0x000000008b300000, 0x000000008b300000| Untracked 
| 180|0x000000008b400000, 0x000000008b400000, 0x000000008b500000|  0%| F|  |TAMS 0x000000008b400000, 0x000000008b400000| Untracked 
| 181|0x000000008b500000, 0x000000008b500000, 0x000000008b600000|  0%| F|  |TAMS 0x000000008b500000, 0x000000008b500000| Untracked 
| 182|0x000000008b600000, 0x000000008b600000, 0x000000008b700000|  0%| F|  |TAMS 0x000000008b600000, 0x000000008b600000| Untracked 
| 183|0x000000008b700000, 0x000000008b700000, 0x000000008b800000|  0%| F|  |TAMS 0x000000008b700000, 0x000000008b700000| Untracked 
| 184|0x000000008b800000, 0x000000008b800000, 0x000000008b900000|  0%| F|  |TAMS 0x000000008b800000, 0x000000008b800000| Untracked 
| 185|0x000000008b900000, 0x000000008b900000, 0x000000008ba00000|  0%| F|  |TAMS 0x000000008b900000, 0x000000008b900000| Untracked 
| 186|0x000000008ba00000, 0x000000008ba00000, 0x000000008bb00000|  0%| F|  |TAMS 0x000000008ba00000, 0x000000008ba00000| Untracked 
| 187|0x000000008bb00000, 0x000000008bb00000, 0x000000008bc00000|  0%| F|  |TAMS 0x000000008bb00000, 0x000000008bb00000| Untracked 
| 188|0x000000008bc00000, 0x000000008bc00000, 0x000000008bd00000|  0%| F|  |TAMS 0x000000008bc00000, 0x000000008bc00000| Untracked 
| 189|0x000000008bd00000, 0x000000008bd00000, 0x000000008be00000|  0%| F|  |TAMS 0x000000008bd00000, 0x000000008bd00000| Untracked 
| 190|0x000000008be00000, 0x000000008be00000, 0x000000008bf00000|  0%| F|  |TAMS 0x000000008be00000, 0x000000008be00000| Untracked 
| 191|0x000000008bf00000, 0x000000008bf00000, 0x000000008c000000|  0%| F|  |TAMS 0x000000008bf00000, 0x000000008bf00000| Untracked 
| 192|0x000000008c000000, 0x000000008c000000, 0x000000008c100000|  0%| F|  |TAMS 0x000000008c000000, 0x000000008c000000| Untracked 
| 193|0x000000008c100000, 0x000000008c100000, 0x000000008c200000|  0%| F|  |TAMS 0x000000008c100000, 0x000000008c100000| Untracked 
| 194|0x000000008c200000, 0x000000008c200000, 0x000000008c300000|  0%| F|  |TAMS 0x000000008c200000, 0x000000008c200000| Untracked 
| 195|0x000000008c300000, 0x000000008c300000, 0x000000008c400000|  0%| F|  |TAMS 0x000000008c300000, 0x000000008c300000| Untracked 
| 196|0x000000008c400000, 0x000000008c400000, 0x000000008c500000|  0%| F|  |TAMS 0x000000008c400000, 0x000000008c400000| Untracked 
| 197|0x000000008c500000, 0x000000008c500000, 0x000000008c600000|  0%| F|  |TAMS 0x000000008c500000, 0x000000008c500000| Untracked 
| 198|0x000000008c600000, 0x000000008c600000, 0x000000008c700000|  0%| F|  |TAMS 0x000000008c600000, 0x000000008c600000| Untracked 
| 199|0x000000008c700000, 0x000000008c800000, 0x000000008c800000|100%| E|  |TAMS 0x000000008c700000, 0x000000008c700000| Complete 
| 200|0x000000008c800000, 0x000000008c900000, 0x000000008c900000|100%| E|CS|TAMS 0x000000008c800000, 0x000000008c800000| Complete 
| 201|0x000000008c900000, 0x000000008ca00000, 0x000000008ca00000|100%| E|CS|TAMS 0x000000008c900000, 0x000000008c900000| Complete 
| 202|0x000000008ca00000, 0x000000008cb00000, 0x000000008cb00000|100%| E|CS|TAMS 0x000000008ca00000, 0x000000008ca00000| Complete 
| 203|0x000000008cb00000, 0x000000008cc00000, 0x000000008cc00000|100%| E|CS|TAMS 0x000000008cb00000, 0x000000008cb00000| Complete 

Card table byte_map: [0x0000027df5980000,0x0000027df5d80000] _byte_map_base: 0x0000027df5580000

Marking Bits (Prev, Next): (CMBitMap*) 0x0000027ddea2a6b0, (CMBitMap*) 0x0000027ddea2a670
 Prev Bits: [0x0000027df8180000, 0x0000027dfa180000)
 Next Bits: [0x0000027df6180000, 0x0000027df8180000)

Polling page: 0x0000027ddc930000

Metaspace:

Usage:
  Non-class:     71.71 MB used.
      Class:     11.53 MB used.
       Both:     83.24 MB used.

Virtual space:
  Non-class space:       80.00 MB reserved,      72.12 MB ( 90%) committed,  10 nodes.
      Class space:        1.00 GB reserved,      11.88 MB (  1%) committed,  1 nodes.
             Both:        1.08 GB reserved,      84.00 MB (  8%) committed. 

Chunk freelists:
   Non-Class:  3.52 MB
       Class:  3.94 MB
        Both:  7.46 MB

MaxMetaspaceSize: unlimited
CompressedClassSpaceSize: 1.00 GB
Initial GC threshold: 21.00 MB
Current GC threshold: 131.81 MB
CDS: on
MetaspaceReclaimPolicy: balanced
 - commit_granule_bytes: 65536.
 - commit_granule_words: 8192.
 - virtual_space_node_default_size: 1048576.
 - enlarge_chunks_in_place: 1.
 - new_chunks_are_fully_committed: 0.
 - uncommit_free_chunks: 1.
 - use_allocation_guard: 0.
 - handle_deallocations: 1.


Internal statistics:

num_allocs_failed_limit: 6.
num_arena_births: 1014.
num_arena_deaths: 0.
num_vsnodes_births: 11.
num_vsnodes_deaths: 0.
num_space_committed: 1344.
num_space_uncommitted: 0.
num_chunks_returned_to_freelist: 6.
num_chunks_taken_from_freelist: 4474.
num_chunk_merges: 6.
num_chunk_splits: 2923.
num_chunks_enlarged: 1901.
num_purges: 0.
num_inconsistent_stats: 0.

CodeHeap 'non-profiled nmethods': size=120000Kb used=4867Kb max_used=5076Kb free=115132Kb
 bounds [0x0000027dedd20000, 0x0000027dee240000, 0x0000027df5250000]
CodeHeap 'profiled nmethods': size=120000Kb used=16088Kb max_used=16088Kb free=103911Kb
 bounds [0x0000027de6250000, 0x0000027de7220000, 0x0000027ded780000]
CodeHeap 'non-nmethods': size=5760Kb used=2456Kb max_used=2596Kb free=3303Kb
 bounds [0x0000027ded780000, 0x0000027deda10000, 0x0000027dedd20000]
 total_blobs=9344 nmethods=8381 adapters=873
 compilation: enabled
              stopped_count=0, restarted_count=0
 full_count=0

Compilation events (20 events):
Event: 26.317 Thread 0x0000027dfcb998f0 9858       3       org.gradle.internal.instantiation.generator.AsmBackedClassGenerator$ClassBuilderImpl::lambda$addPropertySetterOverloads$11 (12 bytes)
Event: 26.318 Thread 0x0000027dfcb998f0 nmethod 9858 0x0000027de6ec0990 code [0x0000027de6ec0b40, 0x0000027de6ec0ce8]
Event: 26.318 Thread 0x0000027dfcb998f0 9859       3       org.objectweb.asm.AnnotationWriter::putAnnotations (110 bytes)
Event: 26.318 Thread 0x0000027dfcb998f0 nmethod 9859 0x0000027de6f69190 code [0x0000027de6f69380, 0x0000027de6f69788]
Event: 26.338 Thread 0x0000027dfcb998f0 9860       3       org.gradle.internal.instantiation.generator.AbstractClassGenerator::isManagedProperty (35 bytes)
Event: 26.340 Thread 0x0000027dfcb998f0 nmethod 9860 0x0000027de6f66e90 code [0x0000027de6f67200, 0x0000027de6f68a38]
Event: 26.340 Thread 0x0000027dfcb998f0 9861       3       org.gradle.internal.instantiation.generator.AsmBackedClassGenerator$ClassBuilderImpl::access$600 (4 bytes)
Event: 26.340 Thread 0x0000027dfcb998f0 nmethod 9861 0x0000027de65d6c90 code [0x0000027de65d6e20, 0x0000027de65d6f18]
Event: 26.349 Thread 0x0000027dfcb998f0 9862       3       org.gradle.api.internal.provider.AbstractCollectionProperty$CollectingSupplier::<init> (15 bytes)
Event: 26.349 Thread 0x0000027dfcb998f0 nmethod 9862 0x0000027de6ec0410 code [0x0000027de6ec05c0, 0x0000027de6ec07d8]
Event: 26.354 Thread 0x0000027dfcb998f0 9863       3       org.gradle.api.internal.provider.AbstractProperty::disallowChanges (8 bytes)
Event: 26.354 Thread 0x0000027dfcb998f0 nmethod 9863 0x0000027de6f66a10 code [0x0000027de6f66bc0, 0x0000027de6f66d88]
Event: 26.354 Thread 0x0000027dfcb998f0 9864       3       org.gradle.api.internal.provider.AbstractProperty$NonFinalizedValue::disallowChanges (6 bytes)
Event: 26.354 Thread 0x0000027dfcb998f0 nmethod 9864 0x0000027de6fb7c90 code [0x0000027de6fb7e20, 0x0000027de6fb7f38]
Event: 26.359 Thread 0x0000027dfcb998f0 9866       1       org.gradle.api.internal.tasks.TaskStateInternal::getExecuting (5 bytes)
Event: 26.359 Thread 0x0000027dfcb998f0 nmethod 9866 0x0000027dedf7ea90 code [0x0000027dedf7ec20, 0x0000027dedf7ecf8]
Event: 26.362 Thread 0x0000027dfcb998f0 9868       3       org.gradle.internal.instantiation.generator.AsmBackedClassGenerator$ClassBuilderImpl::mixInConventionAware (42 bytes)
Event: 26.363 Thread 0x0000027dfcb998f0 nmethod 9868 0x0000027de6f65e90 code [0x0000027de6f660a0, 0x0000027de6f667a8]
Event: 26.363 Thread 0x0000027dfcb998f0 9869       3       org.gradle.internal.instantiation.generator.AsmBackedClassGenerator$ClassBuilderImpl$$Lambda$128/0x0000000800db4000::<init> (10 bytes)
Event: 26.363 Thread 0x0000027dfcb998f0 nmethod 9869 0x0000027de6f65a90 code [0x0000027de6f65c20, 0x0000027de6f65dd8]

GC Heap History (20 events):
Event: 21.071 GC heap before
{Heap before GC invocations=27 (full 0):
 garbage-first heap   total 142336K, used 86319K [0x0000000080000000, 0x0000000100000000)
  region size 1024K, 7 young (7168K), 2 survivors (2048K)
 Metaspace       used 59922K, committed 60608K, reserved 1105920K
  class space    used 8183K, committed 8512K, reserved 1048576K
}
Event: 21.075 GC heap after
{Heap after GC invocations=28 (full 0):
 garbage-first heap   total 142336K, used 83425K [0x0000000080000000, 0x0000000100000000)
  region size 1024K, 3 young (3072K), 3 survivors (3072K)
 Metaspace       used 59922K, committed 60608K, reserved 1105920K
  class space    used 8183K, committed 8512K, reserved 1048576K
}
Event: 21.398 GC heap before
{Heap before GC invocations=29 (full 0):
 garbage-first heap   total 171008K, used 112097K [0x0000000080000000, 0x0000000100000000)
  region size 1024K, 25 young (25600K), 3 survivors (3072K)
 Metaspace       used 61164K, committed 61888K, reserved 1105920K
  class space    used 8352K, committed 8704K, reserved 1048576K
}
Event: 21.404 GC heap after
{Heap after GC invocations=30 (full 0):
 garbage-first heap   total 171008K, used 85639K [0x0000000080000000, 0x0000000100000000)
  region size 1024K, 4 young (4096K), 4 survivors (4096K)
 Metaspace       used 61164K, committed 61888K, reserved 1105920K
  class space    used 8352K, committed 8704K, reserved 1048576K
}
Event: 21.882 GC heap before
{Heap before GC invocations=30 (full 0):
 garbage-first heap   total 171008K, used 113287K [0x0000000080000000, 0x0000000100000000)
  region size 1024K, 32 young (32768K), 4 survivors (4096K)
 Metaspace       used 63401K, committed 64128K, reserved 1105920K
  class space    used 8615K, committed 8960K, reserved 1048576K
}
Event: 21.887 GC heap after
{Heap after GC invocations=31 (full 0):
 garbage-first heap   total 171008K, used 88150K [0x0000000080000000, 0x0000000100000000)
  region size 1024K, 3 young (3072K), 3 survivors (3072K)
 Metaspace       used 63401K, committed 64128K, reserved 1105920K
  class space    used 8615K, committed 8960K, reserved 1048576K
}
Event: 22.681 GC heap before
{Heap before GC invocations=32 (full 0):
 garbage-first heap   total 171008K, used 127062K [0x0000000080000000, 0x0000000100000000)
  region size 1024K, 40 young (40960K), 3 survivors (3072K)
 Metaspace       used 67488K, committed 68224K, reserved 1114112K
  class space    used 9144K, committed 9472K, reserved 1048576K
}
Event: 22.686 GC heap after
{Heap after GC invocations=33 (full 0):
 garbage-first heap   total 171008K, used 89784K [0x0000000080000000, 0x0000000100000000)
  region size 1024K, 5 young (5120K), 5 survivors (5120K)
 Metaspace       used 67488K, committed 68224K, reserved 1114112K
  class space    used 9144K, committed 9472K, reserved 1048576K
}
Event: 23.251 GC heap before
{Heap before GC invocations=33 (full 0):
 garbage-first heap   total 171008K, used 127672K [0x0000000080000000, 0x0000000100000000)
  region size 1024K, 43 young (44032K), 5 survivors (5120K)
 Metaspace       used 71372K, committed 72064K, reserved 1114112K
  class space    used 9641K, committed 9984K, reserved 1048576K
}
Event: 23.258 GC heap after
{Heap after GC invocations=34 (full 0):
 garbage-first heap   total 171008K, used 92994K [0x0000000080000000, 0x0000000100000000)
  region size 1024K, 6 young (6144K), 6 survivors (6144K)
 Metaspace       used 71372K, committed 72064K, reserved 1114112K
  class space    used 9641K, committed 9984K, reserved 1048576K
}
Event: 24.035 GC heap before
{Heap before GC invocations=35 (full 0):
 garbage-first heap   total 171008K, used 131906K [0x0000000080000000, 0x0000000100000000)
  region size 1024K, 44 young (45056K), 6 survivors (6144K)
 Metaspace       used 75205K, committed 75968K, reserved 1122304K
  class space    used 10295K, committed 10688K, reserved 1048576K
}
Event: 24.043 GC heap after
{Heap after GC invocations=36 (full 0):
 garbage-first heap   total 171008K, used 95301K [0x0000000080000000, 0x0000000100000000)
  region size 1024K, 3 young (3072K), 3 survivors (3072K)
 Metaspace       used 75205K, committed 75968K, reserved 1122304K
  class space    used 10295K, committed 10688K, reserved 1048576K
}
Event: 24.785 GC heap before
{Heap before GC invocations=36 (full 0):
 garbage-first heap   total 171008K, used 135237K [0x0000000080000000, 0x0000000100000000)
  region size 1024K, 42 young (43008K), 3 survivors (3072K)
 Metaspace       used 79334K, committed 80064K, reserved 1122304K
  class space    used 10935K, committed 11264K, reserved 1048576K
}
Event: 24.793 GC heap after
{Heap after GC invocations=37 (full 0):
 garbage-first heap   total 171008K, used 98158K [0x0000000080000000, 0x0000000100000000)
  region size 1024K, 6 young (6144K), 6 survivors (6144K)
 Metaspace       used 79334K, committed 80064K, reserved 1122304K
  class space    used 10935K, committed 11264K, reserved 1048576K
}
Event: 25.001 GC heap before
{Heap before GC invocations=38 (full 0):
 garbage-first heap   total 171008K, used 103278K [0x0000000080000000, 0x0000000100000000)
  region size 1024K, 12 young (12288K), 6 survivors (6144K)
 Metaspace       used 80199K, committed 80960K, reserved 1122304K
  class space    used 11042K, committed 11392K, reserved 1048576K
}
Event: 25.007 GC heap after
{Heap after GC invocations=39 (full 0):
 garbage-first heap   total 171008K, used 98785K [0x0000000080000000, 0x0000000100000000)
  region size 1024K, 2 young (2048K), 2 survivors (2048K)
 Metaspace       used 80199K, committed 80960K, reserved 1122304K
  class space    used 11042K, committed 11392K, reserved 1048576K
}
Event: 25.823 GC heap before
{Heap before GC invocations=40 (full 0):
 garbage-first heap   total 208896K, used 164321K [0x0000000080000000, 0x0000000100000000)
  region size 1024K, 38 young (38912K), 2 survivors (2048K)
 Metaspace       used 83230K, committed 84032K, reserved 1122304K
  class space    used 11475K, committed 11840K, reserved 1048576K
}
Event: 25.832 GC heap after
{Heap after GC invocations=41 (full 0):
 garbage-first heap   total 208896K, used 135184K [0x0000000080000000, 0x0000000100000000)
  region size 1024K, 5 young (5120K), 5 survivors (5120K)
 Metaspace       used 83230K, committed 84032K, reserved 1122304K
  class space    used 11475K, committed 11840K, reserved 1048576K
}
Event: 26.247 GC heap before
{Heap before GC invocations=41 (full 0):
 garbage-first heap   total 208896K, used 170000K [0x0000000080000000, 0x0000000100000000)
  region size 1024K, 39 young (39936K), 5 survivors (5120K)
 Metaspace       used 84965K, committed 85824K, reserved 1130496K
  class space    used 11761K, committed 12160K, reserved 1048576K
}
Event: 26.253 GC heap after
{Heap after GC invocations=42 (full 0):
 garbage-first heap   total 208896K, used 137605K [0x0000000080000000, 0x0000000100000000)
  region size 1024K, 3 young (3072K), 3 survivors (3072K)
 Metaspace       used 84965K, committed 85824K, reserved 1130496K
  class space    used 11761K, committed 12160K, reserved 1048576K
}

Deoptimization events (20 events):
Event: 26.040 Thread 0x0000027d80ac2770 DEOPT PACKING pc=0x0000027de6e1c71e sp=0x000000977c0f94f0
Event: 26.040 Thread 0x0000027d80ac2770 DEOPT UNPACKING pc=0x0000027ded7d2b43 sp=0x000000977c0f8ab8 mode 0
Event: 26.071 Thread 0x0000027d80ac2770 DEOPT PACKING pc=0x0000027de6e1c71e sp=0x000000977c0f9440
Event: 26.071 Thread 0x0000027d80ac2770 DEOPT UNPACKING pc=0x0000027ded7d2b43 sp=0x000000977c0f89e0 mode 0
Event: 26.076 Thread 0x0000027d80ac2770 Uncommon trap: trap_request=0xffffff45 fr.pc=0x0000027dee1aa438 relative=0x0000000000000358
Event: 26.076 Thread 0x0000027d80ac2770 Uncommon trap: reason=unstable_if action=reinterpret pc=0x0000027dee1aa438 method=org.gradle.internal.reflect.PropertyAccessorType.of(Ljava/lang/reflect/Method;)Lorg/gradle/internal/reflect/PropertyAccessorType; @ 74 c2
Event: 26.076 Thread 0x0000027d80ac2770 DEOPT PACKING pc=0x0000027dee1aa438 sp=0x000000977c0f93e0
Event: 26.077 Thread 0x0000027d80ac2770 DEOPT UNPACKING pc=0x0000027ded7d23a3 sp=0x000000977c0f93a0 mode 2
Event: 26.143 Thread 0x0000027d80ac2770 Uncommon trap: trap_request=0xffffff45 fr.pc=0x0000027dee0eab8c relative=0x000000000000092c
Event: 26.143 Thread 0x0000027d80ac2770 Uncommon trap: reason=unstable_if action=reinterpret pc=0x0000027dee0eab8c method=java.lang.ThreadLocal$ThreadLocalMap.set(Ljava/lang/ThreadLocal;Ljava/lang/Object;)V @ 125 c2
Event: 26.143 Thread 0x0000027d80ac2770 DEOPT PACKING pc=0x0000027dee0eab8c sp=0x000000977c0f7290
Event: 26.143 Thread 0x0000027d80ac2770 DEOPT UNPACKING pc=0x0000027ded7d23a3 sp=0x000000977c0f7158 mode 2
Event: 26.184 Thread 0x0000027d80ac2770 DEOPT PACKING pc=0x0000027de6e1c71e sp=0x000000977c0f9430
Event: 26.184 Thread 0x0000027d80ac2770 DEOPT UNPACKING pc=0x0000027ded7d2b43 sp=0x000000977c0f89d0 mode 0
Event: 26.203 Thread 0x0000027d80ac2770 DEOPT PACKING pc=0x0000027de6e1c71e sp=0x000000977c0f9430
Event: 26.203 Thread 0x0000027d80ac2770 DEOPT UNPACKING pc=0x0000027ded7d2b43 sp=0x000000977c0f89d0 mode 0
Event: 26.282 Thread 0x0000027d80ac2770 DEOPT PACKING pc=0x0000027de6e1c815 sp=0x000000977c0f9430
Event: 26.282 Thread 0x0000027d80ac2770 DEOPT UNPACKING pc=0x0000027ded7d2b43 sp=0x000000977c0f89d0 mode 0
Event: 26.316 Thread 0x0000027d80ac2770 DEOPT PACKING pc=0x0000027de6e1c71e sp=0x000000977c0f9430
Event: 26.316 Thread 0x0000027d80ac2770 DEOPT UNPACKING pc=0x0000027ded7d2b43 sp=0x000000977c0f89d0 mode 0

Classes unloaded (0 events):
No events

Classes redefined (0 events):
No events

Internal exceptions (20 events):
Event: 25.891 Thread 0x0000027d80ac2770 Exception <a 'java/lang/ClassNotFoundException'{0x000000008c3f99a0}: java/lang/IntegerCustomizer> (0x000000008c3f99a0) 
thrown [s\open\src\hotspot\share\classfile\systemDictionary.cpp, line 256]
Event: 25.901 Thread 0x0000027d80ac2770 Exception <a 'java/lang/ClassNotFoundException'{0x000000008c2797a8}: org/gradle/internal/extensibility/DefaultExtensionsSchemaBeanInfo> (0x000000008c2797a8) 
thrown [s\open\src\hotspot\share\classfile\systemDictionary.cpp, line 256]
Event: 25.901 Thread 0x0000027d80ac2770 Exception <a 'java/lang/ClassNotFoundException'{0x000000008c282480}: org/gradle/internal/extensibility/DefaultExtensionsSchemaCustomizer> (0x000000008c282480) 
thrown [s\open\src\hotspot\share\classfile\systemDictionary.cpp, line 256]
Event: 25.910 Thread 0x0000027d80ac2770 Exception <a 'java/lang/ClassNotFoundException'{0x000000008c2db5f0}: org/gradle/internal/service/scopes/ProjectScopeServicesBeanInfo> (0x000000008c2db5f0) 
thrown [s\open\src\hotspot\share\classfile\systemDictionary.cpp, line 256]
Event: 25.911 Thread 0x0000027d80ac2770 Exception <a 'java/lang/ClassNotFoundException'{0x000000008c2e4068}: org/gradle/internal/service/scopes/ProjectScopeServicesCustomizer> (0x000000008c2e4068) 
thrown [s\open\src\hotspot\share\classfile\systemDictionary.cpp, line 256]
Event: 25.913 Thread 0x0000027d80ac2770 Exception <a 'java/lang/ClassNotFoundException'{0x000000008c1ceb20}: org/gradle/api/internal/catalog/DefaultDependenciesAccessorsBeanInfo> (0x000000008c1ceb20) 
thrown [s\open\src\hotspot\share\classfile\systemDictionary.cpp, line 256]
Event: 25.914 Thread 0x0000027d80ac2770 Exception <a 'java/lang/ClassNotFoundException'{0x000000008c1d9f10}: org/gradle/api/internal/catalog/DefaultDependenciesAccessorsCustomizer> (0x000000008c1d9f10) 
thrown [s\open\src\hotspot\share\classfile\systemDictionary.cpp, line 256]
Event: 25.916 Thread 0x0000027d80ac2770 Exception <a 'java/lang/ClassNotFoundException'{0x000000008c1fc508}: org/gradle/internal/classpath/DefaultClassPathBeanInfo> (0x000000008c1fc508) 
thrown [s\open\src\hotspot\share\classfile\systemDictionary.cpp, line 256]
Event: 25.917 Thread 0x0000027d80ac2770 Exception <a 'java/lang/ClassNotFoundException'{0x000000008c005188}: org/gradle/internal/classpath/DefaultClassPathCustomizer> (0x000000008c005188) 
thrown [s\open\src\hotspot\share\classfile\systemDictionary.cpp, line 256]
Event: 25.923 Thread 0x0000027d80ac2770 Exception <a 'java/lang/ClassNotFoundException'{0x000000008bf256a0}: org/gradle/internal/classpath/DefaultClassPath$ImmutableUniqueListBeanInfo> (0x000000008bf256a0) 
thrown [s\open\src\hotspot\share\classfile\systemDictionary.cpp, line 256]
Event: 25.924 Thread 0x0000027d80ac2770 Exception <a 'java/lang/ClassNotFoundException'{0x000000008bf29f60}: java/util/AbstractListBeanInfo> (0x000000008bf29f60) 
thrown [s\open\src\hotspot\share\classfile\systemDictionary.cpp, line 256]
Event: 25.924 Thread 0x0000027d80ac2770 Exception <a 'java/lang/ClassNotFoundException'{0x000000008bf2e7f8}: java/util/AbstractListCustomizer> (0x000000008bf2e7f8) 
thrown [s\open\src\hotspot\share\classfile\systemDictionary.cpp, line 256]
Event: 25.926 Thread 0x0000027d80ac2770 Exception <a 'java/lang/ClassNotFoundException'{0x000000008bf427b8}: org/gradle/internal/classpath/DefaultClassPath$ImmutableUniqueListCustomizer> (0x000000008bf427b8) 
thrown [s\open\src\hotspot\share\classfile\systemDictionary.cpp, line 256]
Event: 25.933 Thread 0x0000027d80ac2770 Exception <a 'java/lang/ClassNotFoundException'{0x000000008bf86bf8}: org/jetbrains/plugins/gradle/model/DefaultDependencyAccessorsModelBeanInfo> (0x000000008bf86bf8) 
thrown [s\open\src\hotspot\share\classfile\systemDictionary.cpp, line 256]
Event: 25.933 Thread 0x0000027d80ac2770 Exception <a 'java/lang/ClassNotFoundException'{0x000000008bf8f3f0}: org/jetbrains/plugins/gradle/model/DefaultDependencyAccessorsModelCustomizer> (0x000000008bf8f3f0) 
thrown [s\open\src\hotspot\share\classfile\systemDictionary.cpp, line 256]
Event: 25.940 Thread 0x0000027d83e118a0 Exception <a 'java/lang/NoSuchMethodError'{0x000000008c1c0290}: static Lorg/jetbrains/plugins/gradle/tooling/internal/VersionCatalogsModelImpl;.<clinit>()V> (0x000000008c1c0290) 
thrown [s\open\src\hotspot\share\prims\jni.cpp, line 1107]
Event: 25.961 Thread 0x0000027d80ac2770 Exception <a 'java/lang/ClassNotFoundException'{0x000000008bc12e50}: org/gradle/api/internal/tasks/DefaultSourceSetContainer_DecoratedBeanInfo> (0x000000008bc12e50) 
thrown [s\open\src\hotspot\share\classfile\systemDictionary.cpp, line 256]
Event: 25.963 Thread 0x0000027d80ac2770 Exception <a 'java/lang/ClassNotFoundException'{0x000000008bc1e1d8}: org/gradle/api/internal/tasks/DefaultSourceSetContainerBeanInfo> (0x000000008bc1e1d8) 
thrown [s\open\src\hotspot\share\classfile\systemDictionary.cpp, line 256]
Event: 25.964 Thread 0x0000027d80ac2770 Exception <a 'java/lang/ClassNotFoundException'{0x000000008bc29580}: org/gradle/api/internal/tasks/DefaultSourceSetContainerCustomizer> (0x000000008bc29580) 
thrown [s\open\src\hotspot\share\classfile\systemDictionary.cpp, line 256]
Event: 25.966 Thread 0x0000027d80ac2770 Exception <a 'java/lang/ClassNotFoundException'{0x000000008bc40100}: org/gradle/api/internal/tasks/DefaultSourceSetContainer_DecoratedCustomizer> (0x000000008bc40100) 
thrown [s\open\src\hotspot\share\classfile\systemDictionary.cpp, line 256]

VM Operations (20 events):
Event: 25.007 Executing VM operation: G1TryInitiateConcMark done
Event: 25.097 Executing VM operation: G1Concurrent
Event: 25.102 Executing VM operation: G1Concurrent done
Event: 25.139 Executing VM operation: G1Concurrent
Event: 25.140 Executing VM operation: G1Concurrent done
Event: 25.370 Executing VM operation: HandshakeAllThreads
Event: 25.371 Executing VM operation: HandshakeAllThreads done
Event: 25.377 Executing VM operation: HandshakeAllThreads
Event: 25.377 Executing VM operation: HandshakeAllThreads done
Event: 25.603 Executing VM operation: HandshakeAllThreads
Event: 25.603 Executing VM operation: HandshakeAllThreads done
Event: 25.605 Executing VM operation: HandshakeAllThreads
Event: 25.605 Executing VM operation: HandshakeAllThreads done
Event: 25.822 Executing VM operation: G1CollectForAllocation
Event: 25.832 Executing VM operation: G1CollectForAllocation done
Event: 25.874 Executing VM operation: HandshakeAllThreads
Event: 25.875 Executing VM operation: HandshakeAllThreads done
Event: 26.247 Executing VM operation: G1CollectForAllocation
Event: 26.253 Executing VM operation: G1CollectForAllocation done
Event: 26.365 Executing VM operation: G1Concurrent

Events (20 events):
Event: 25.890 loading class java/lang/NumberCustomizer
Event: 25.890 loading class java/lang/NumberCustomizer done
Event: 25.891 loading class java/lang/IntegerCustomizer
Event: 25.891 loading class java/lang/IntegerCustomizer done
Event: 25.891 loading class java/lang/IntegerCustomizer
Event: 25.891 loading class java/lang/IntegerCustomizer done
Event: 25.891 loading class jdk/internal/ValueBased
Event: 25.891 loading class jdk/internal/ValueBased done
Event: 25.923 loading class java/util/AbstractListBeanInfo
Event: 25.923 loading class java/util/AbstractListBeanInfo done
Event: 25.924 loading class java/util/AbstractListBeanInfo
Event: 25.924 loading class java/util/AbstractListBeanInfo done
Event: 25.924 loading class java/util/AbstractListCustomizer
Event: 25.924 loading class java/util/AbstractListCustomizer done
Event: 25.924 loading class java/util/AbstractListCustomizer
Event: 25.924 loading class java/util/AbstractListCustomizer done
Event: 26.111 loading class java/text/MessageFormat
Event: 26.112 loading class java/text/MessageFormat done
Event: 26.113 loading class java/text/MessageFormat$Field
Event: 26.113 loading class java/text/MessageFormat$Field done


Dynamic libraries:
0x00007ff788290000 - 0x00007ff7882a0000 	C:\Program Files\Java\jdk-17\bin\java.exe
0x00007ffcf15f0000 - 0x00007ffcf1804000 	C:\WINDOWS\SYSTEM32\ntdll.dll
0x00007ffcf0180000 - 0x00007ffcf0244000 	C:\WINDOWS\System32\KERNEL32.DLL
0x00007ffceeab0000 - 0x00007ffceee54000 	C:\WINDOWS\System32\KERNELBASE.dll
0x00007ffcef140000 - 0x00007ffcef251000 	C:\WINDOWS\System32\ucrtbase.dll
0x00007ffcc5510000 - 0x00007ffcc5528000 	C:\Program Files\Java\jdk-17\bin\jli.dll
0x00007ffcc2480000 - 0x00007ffcc249b000 	C:\Program Files\Java\jdk-17\bin\VCRUNTIME140.dll
0x00007ffcefd80000 - 0x00007ffcefe30000 	C:\WINDOWS\System32\ADVAPI32.dll
0x00007ffcef380000 - 0x00007ffcef427000 	C:\WINDOWS\System32\msvcrt.dll
0x00007ffcef510000 - 0x00007ffcef5b6000 	C:\WINDOWS\System32\sechost.dll
0x00007ffcef5d0000 - 0x00007ffcef6e7000 	C:\WINDOWS\System32\RPCRT4.dll
0x00007ffcf1400000 - 0x00007ffcf15ae000 	C:\WINDOWS\System32\USER32.dll
0x00007ffcd4c40000 - 0x00007ffcd4ed3000 	C:\WINDOWS\WinSxS\amd64_microsoft.windows.common-controls_6595b64144ccf1df_6.0.22621.2215_none_270d72677387dfc3\COMCTL32.dll
0x00007ffcef090000 - 0x00007ffcef0b6000 	C:\WINDOWS\System32\win32u.dll
0x00007ffcf1210000 - 0x00007ffcf1239000 	C:\WINDOWS\System32\GDI32.dll
0x00007ffcef260000 - 0x00007ffcef378000 	C:\WINDOWS\System32\gdi32full.dll
0x00007ffceea10000 - 0x00007ffceeaaa000 	C:\WINDOWS\System32\msvcp_win.dll
0x00007ffce80f0000 - 0x00007ffce80fa000 	C:\WINDOWS\SYSTEM32\VERSION.dll
0x00007ffcef8f0000 - 0x00007ffcef921000 	C:\WINDOWS\System32\IMM32.DLL
0x00007ffcd8c80000 - 0x00007ffcd8c8c000 	C:\Program Files\Java\jdk-17\bin\vcruntime140_1.dll
0x00007ffcbf210000 - 0x00007ffcbf29e000 	C:\Program Files\Java\jdk-17\bin\msvcp140.dll
0x00007ffc60400000 - 0x00007ffc60fd7000 	C:\Program Files\Java\jdk-17\bin\server\jvm.dll
0x00007ffcef5c0000 - 0x00007ffcef5c8000 	C:\WINDOWS\System32\PSAPI.DLL
0x00007ffce80b0000 - 0x00007ffce80e4000 	C:\WINDOWS\SYSTEM32\WINMM.dll
0x00007ffce8d30000 - 0x00007ffce8d39000 	C:\WINDOWS\SYSTEM32\WSOCK32.dll
0x00007ffcf0900000 - 0x00007ffcf0971000 	C:\WINDOWS\System32\WS2_32.dll
0x00007ffced9a0000 - 0x00007ffced9b8000 	C:\WINDOWS\SYSTEM32\kernel.appcore.dll
0x00007ffcd8740000 - 0x00007ffcd874a000 	C:\Program Files\Java\jdk-17\bin\jimage.dll
0x00007ffcec360000 - 0x00007ffcec58e000 	C:\WINDOWS\SYSTEM32\DBGHELP.DLL
0x00007ffcef9a0000 - 0x00007ffcefd2a000 	C:\WINDOWS\System32\combase.dll
0x00007ffcef430000 - 0x00007ffcef507000 	C:\WINDOWS\System32\OLEAUT32.dll
0x00007ffcd0740000 - 0x00007ffcd0772000 	C:\WINDOWS\SYSTEM32\dbgcore.DLL
0x00007ffcef0c0000 - 0x00007ffcef13a000 	C:\WINDOWS\System32\bcryptPrimitives.dll
0x00007ffcc0b70000 - 0x00007ffcc0b95000 	C:\Program Files\Java\jdk-17\bin\java.dll
0x00007ffcb13e0000 - 0x00007ffcb14b7000 	C:\Program Files\Java\jdk-17\bin\jsvml.dll
0x00007ffcf09b0000 - 0x00007ffcf11d3000 	C:\WINDOWS\System32\SHELL32.dll
0x00007ffcec930000 - 0x00007ffced21a000 	C:\WINDOWS\SYSTEM32\windows.storage.dll
0x00007ffcec7f0000 - 0x00007ffcec92e000 	C:\WINDOWS\SYSTEM32\wintypes.dll
0x00007ffcefe30000 - 0x00007ffceff23000 	C:\WINDOWS\System32\SHCORE.dll
0x00007ffcef940000 - 0x00007ffcef99e000 	C:\WINDOWS\System32\shlwapi.dll
0x00007ffcee8d0000 - 0x00007ffcee8f6000 	C:\WINDOWS\SYSTEM32\profapi.dll
0x00007ffcbf1f0000 - 0x00007ffcbf209000 	C:\Program Files\Java\jdk-17\bin\net.dll
0x00007ffce7850000 - 0x00007ffce7987000 	C:\WINDOWS\SYSTEM32\WINHTTP.dll
0x00007ffcedf10000 - 0x00007ffcedf79000 	C:\WINDOWS\system32\mswsock.dll
0x00007ffcbf1d0000 - 0x00007ffcbf1e6000 	C:\Program Files\Java\jdk-17\bin\nio.dll
0x00007ffcb1720000 - 0x00007ffcb1738000 	C:\Program Files\Java\jdk-17\bin\zip.dll
0x00007ffcd8390000 - 0x00007ffcd83a0000 	C:\Program Files\Java\jdk-17\bin\verify.dll
0x00007ffcd6b20000 - 0x00007ffcd6b47000 	C:\Users\ASUS\.gradle\native\68d5fa5c4cc2d200863cafc0d521ce42e7d3e7ee720ec0a83991735586a16f82\windows-amd64\native-platform.dll
0x00007ffcb01c0000 - 0x00007ffcb0304000 	C:\Users\ASUS\.gradle\native\e376f236ea51e6404a007f0833ffe2c6e607c4080706a723a18a27aeea778392\windows-amd64\native-platform-file-events.dll
0x00007ffcd8200000 - 0x00007ffcd820a000 	C:\Program Files\Java\jdk-17\bin\management.dll
0x00007ffcd81d0000 - 0x00007ffcd81db000 	C:\Program Files\Java\jdk-17\bin\management_ext.dll
0x00007ffcee1c0000 - 0x00007ffcee1db000 	C:\WINDOWS\SYSTEM32\CRYPTSP.dll
0x00007ffced960000 - 0x00007ffced995000 	C:\WINDOWS\system32\rsaenh.dll
0x00007ffcee050000 - 0x00007ffcee07c000 	C:\WINDOWS\SYSTEM32\USERENV.dll
0x00007ffcee370000 - 0x00007ffcee398000 	C:\WINDOWS\SYSTEM32\bcrypt.dll
0x00007ffcee1b0000 - 0x00007ffcee1bc000 	C:\WINDOWS\SYSTEM32\CRYPTBASE.dll
0x00007ffced480000 - 0x00007ffced4ad000 	C:\WINDOWS\SYSTEM32\IPHLPAPI.DLL
0x00007ffcef930000 - 0x00007ffcef939000 	C:\WINDOWS\System32\NSI.dll
0x00007ffce8100000 - 0x00007ffce8119000 	C:\WINDOWS\SYSTEM32\dhcpcsvc6.DLL
0x00007ffce7c60000 - 0x00007ffce7c7f000 	C:\WINDOWS\SYSTEM32\dhcpcsvc.DLL
0x00007ffced4f0000 - 0x00007ffced5e2000 	C:\WINDOWS\SYSTEM32\DNSAPI.dll
0x00007ffcd6a40000 - 0x00007ffcd6a4d000 	C:\Program Files\Java\jdk-17\bin\sunmscapi.dll
0x00007ffceef20000 - 0x00007ffcef086000 	C:\WINDOWS\System32\CRYPT32.dll
0x00007ffcee340000 - 0x00007ffcee36e000 	C:\WINDOWS\SYSTEM32\ncrypt.dll
0x00007ffcee300000 - 0x00007ffcee337000 	C:\WINDOWS\SYSTEM32\NTASN1.dll
0x00007ffcdcdc0000 - 0x00007ffcdcdc8000 	C:\WINDOWS\system32\wshunix.dll
0x00007ffcddc80000 - 0x00007ffcddc8a000 	C:\Windows\System32\rasadhlp.dll
0x00007ffce68c0000 - 0x00007ffce6944000 	C:\WINDOWS\System32\fwpuclnt.dll

dbghelp: loaded successfully - version: 4.0.5 - missing functions: none
symbol engine: initialized successfully - sym options: 0x614 - pdb path: .;C:\Program Files\Java\jdk-17\bin;C:\WINDOWS\SYSTEM32;C:\WINDOWS\WinSxS\amd64_microsoft.windows.common-controls_6595b64144ccf1df_6.0.22621.2215_none_270d72677387dfc3;C:\Program Files\Java\jdk-17\bin\server;C:\Users\ASUS\.gradle\native\68d5fa5c4cc2d200863cafc0d521ce42e7d3e7ee720ec0a83991735586a16f82\windows-amd64;C:\Users\ASUS\.gradle\native\e376f236ea51e6404a007f0833ffe2c6e607c4080706a723a18a27aeea778392\windows-amd64

VM Arguments:
jvm_args: --add-opens=java.base/java.util=ALL-UNNAMED --add-opens=java.base/java.lang=ALL-UNNAMED --add-opens=java.base/java.lang.invoke=ALL-UNNAMED --add-opens=java.prefs/java.util.prefs=ALL-UNNAMED --add-opens=java.base/java.nio.charset=ALL-UNNAMED --add-opens=java.base/java.net=ALL-UNNAMED --add-opens=java.base/java.util.concurrent.atomic=ALL-UNNAMED -Xmx2048m -Dfile.encoding=UTF-8 -Duser.country=US -Duser.language=en -Duser.variant 
java_command: org.gradle.launcher.daemon.bootstrap.GradleDaemon 8.0.2
java_class_path (initial): C:\Users\ASUS\.gradle\wrapper\dists\gradle-8.0.2-bin\25jlreiuz6u3xu2phlpa2vv4m\gradle-8.0.2\lib\gradle-launcher-8.0.2.jar
Launcher Type: SUN_STANDARD

[Global flags]
     intx CICompilerCount                          = 4                                         {product} {ergonomic}
     uint ConcGCThreads                            = 2                                         {product} {ergonomic}
     uint G1ConcRefinementThreads                  = 8                                         {product} {ergonomic}
   size_t G1HeapRegionSize                         = 1048576                                   {product} {ergonomic}
    uintx GCDrainStackTargetSize                   = 64                                        {product} {ergonomic}
   size_t InitialHeapSize                          = 134217728                                 {product} {ergonomic}
   size_t MarkStackSize                            = 4194304                                   {product} {ergonomic}
   size_t MaxHeapSize                              = 2147483648                                {product} {command line}
   size_t MaxNewSize                               = 1287651328                                {product} {ergonomic}
   size_t MinHeapDeltaBytes                        = 1048576                                   {product} {ergonomic}
   size_t MinHeapSize                              = 8388608                                   {product} {ergonomic}
    uintx NonNMethodCodeHeapSize                   = 5839372                                {pd product} {ergonomic}
    uintx NonProfiledCodeHeapSize                  = 122909434                              {pd product} {ergonomic}
    uintx ProfiledCodeHeapSize                     = 122909434                              {pd product} {ergonomic}
    uintx ReservedCodeCacheSize                    = 251658240                              {pd product} {ergonomic}
     bool SegmentedCodeCache                       = true                                      {product} {ergonomic}
   size_t SoftMaxHeapSize                          = 2147483648                             {manageable} {ergonomic}
     bool UseCompressedClassPointers               = true                           {product lp64_product} {ergonomic}
     bool UseCompressedOops                        = true                           {product lp64_product} {ergonomic}
     bool UseG1GC                                  = true                                      {product} {ergonomic}
     bool UseLargePagesIndividualAllocation        = false                                  {pd product} {ergonomic}

Logging:
Log output configuration:
 #0: stdout all=warning uptime,level,tags
 #1: stderr all=off uptime,level,tags

Environment Variables:
PATH=C:\Program Files\Common Files\Oracle\Java\javapath;C:\Python310\Scripts\;C:\Python310\;C:\Program Files (x86)\Common Files\Intel\Shared Files\cpp\bin\Intel64;C:\Program Files (x86)\Intel\iCLS Client\;C:\Program Files\Intel\iCLS Client\;C:\Windows\system32;C:\Windows;C:\Windows\System32\Wbem;C:\Windows\System32\WindowsPowerShell\v1.0\;C:\Windows\System32\OpenSSH\;C:\Program Files (x86)\Intel\Intel(R) Management Engine Components\DAL;C:\Program Files\Intel\Intel(R) Management Engine Components\DAL;C:\Program Files (x86)\Intel\Intel(R) Management Engine Components\IPT;C:\Program Files\Intel\Intel(R) Management Engine Components\IPT;C:\Program Files (x86)\NVIDIA Corporation\PhysX\Common;C:\Program Files\Microsoft VS Code\bin;C:\ProgramData\chocolatey\bin;C:\WINDOWS\system32;C:\WINDOWS;C:\WINDOWS\System32\Wbem;C:\WINDOWS\System32\WindowsPowerShell\v1.0\;C:\WINDOWS\System32\OpenSSH\;C:\xampp\php;C:\ProgramData\ComposerSetup\bin;D:\Git\cmd;C:\Users\ASUS\AppData\Roaming\nvm;C:\Program Files\nodejs;C:\Users\ASUS\AppData\Roaming\npm;C:\Users\ASUS\AppData\Roaming\nvm;C:\Program Files\nodejs\;C:\Program Files\dotnet\;C:\Users\ASUS\AppData\Local\Microsoft\WindowsApps;;D:\IntelliJ IDEA 2023.2\bin;
USERNAME=ASUS
OS=Windows_NT
PROCESSOR_IDENTIFIER=Intel64 Family 6 Model 142 Stepping 10, GenuineIntel



---------------  S Y S T E M  ---------------

OS:
 Windows 11 , 64 bit Build 22621 (10.0.22621.2215)
OS uptime: 0 days 3:36 hours

CPU: total 8 (initial active 8) (4 cores per cpu, 2 threads per core) family 6 model 142 stepping 10 microcode 0xe0, cx8, cmov, fxsr, ht, mmx, 3dnowpref, sse, sse2, sse3, ssse3, sse4.1, sse4.2, popcnt, lzcnt, tsc, tscinvbit, avx, avx2, aes, erms, clmul, bmi1, bmi2, adx, fma, vzeroupper, clflush, clflushopt

Memory: 4k page, system-wide physical 8074M (713M free)
TotalPageFile size 8521M (AvailPageFile size 30M)
current process WorkingSet (physical memory assigned to process): 471M, peak: 471M
current process commit charge ("private bytes"): 517M, peak: 544M

vm_info: Java HotSpot(TM) 64-Bit Server VM (17.0.6+9-LTS-190) for windows-amd64 JRE (17.0.6+9-LTS-190), built on Dec  6 2022 15:53:54 by "mach5one" with MS VC++ 17.1 (VS2022)

END.
