#
# There is insufficient memory for the Java Runtime Environment to continue.
# Native memory allocation (mmap) failed to map 26214400 bytes for G1 virtual space
# Possible reasons:
#   The system is out of physical RAM or swap space
#   The process is running with CompressedOops enabled, and the Java Heap may be blocking the growth of the native heap
# Possible solutions:
#   Reduce memory load on the system
#   Increase physical memory or swap space
#   Check if swap backing store is full
#   Decrease Java heap size (-Xmx/-Xms)
#   Decrease number of Java threads
#   Decrease Java thread stack sizes (-Xss)
#   Set larger code cache with -XX:ReservedCodeCacheSize=
#   JVM is running with Unscaled Compressed Oops mode in which the Java heap is
#     placed in the first 4GB address space. The Java Heap base address is the
#     maximum limit for the native heap growth. Please use -XX:HeapBaseMinAddress
#     to set the Java Heap base and to place the Java Heap above 4GB virtual address.
# This output file may be truncated or incomplete.
#
#  Out of Memory Error (os_windows.cpp:3550), pid=13928, tid=9552
#
# JRE version: Java(TM) SE Runtime Environment (17.0.6+9) (build 17.0.6+9-LTS-190)
# Java VM: Java HotSpot(TM) 64-Bit Server VM (17.0.6+9-LTS-190, mixed mode, sharing, tiered, compressed oops, compressed class ptrs, g1 gc, windows-amd64)
# No core dump will be written. Minidumps are not enabled by default on client versions of Windows
#

---------------  S U M M A R Y ------------

Command Line: --add-opens=java.base/java.util=ALL-UNNAMED --add-opens=java.base/java.lang=ALL-UNNAMED --add-opens=java.base/java.lang.invoke=ALL-UNNAMED --add-opens=java.prefs/java.util.prefs=ALL-UNNAMED --add-opens=java.base/java.nio.charset=ALL-UNNAMED --add-opens=java.base/java.net=ALL-UNNAMED --add-opens=java.base/java.util.concurrent.atomic=ALL-UNNAMED -Xmx2048m -Dfile.encoding=UTF-8 -Duser.country=US -Duser.language=en -Duser.variant org.gradle.launcher.daemon.bootstrap.GradleDaemon 8.0.2

Host: Intel(R) Core(TM) i5-8250U CPU @ 1.60GHz, 8 cores, 7G,  Windows 11 , 64 bit Build 22621 (10.0.22621.2215)
Time: Thu Oct  5 20:04:22 2023 SE Asia Standard Time elapsed time: 11.436557 seconds (0d 0h 0m 11s)

---------------  T H R E A D  ---------------

Current thread (0x000001b8b9feb750):  VMThread "VM Thread" [stack: 0x00000082ada00000,0x00000082adb00000] [id=9552]

Stack: [0x00000082ada00000,0x00000082adb00000]
Native frames: (J=compiled Java code, j=interpreted, Vv=VM code, C=native code)
V  [jvm.dll+0x6734ea]
V  [jvm.dll+0x7d18f4]
V  [jvm.dll+0x7d309e]
V  [jvm.dll+0x7d3703]
V  [jvm.dll+0x2433c5]
V  [jvm.dll+0x6703f9]
V  [jvm.dll+0x664d32]
V  [jvm.dll+0x300086]
V  [jvm.dll+0x307606]
V  [jvm.dll+0x356c1e]
V  [jvm.dll+0x356e4f]
V  [jvm.dll+0x2d72e8]
V  [jvm.dll+0x2d57e5]
V  [jvm.dll+0x2d4dec]
V  [jvm.dll+0x31837b]
V  [jvm.dll+0x7d7f0b]
V  [jvm.dll+0x7d8c44]
V  [jvm.dll+0x7d915d]
V  [jvm.dll+0x7d9534]
V  [jvm.dll+0x7d9600]
V  [jvm.dll+0x781a7a]
V  [jvm.dll+0x672375]
C  [ucrtbase.dll+0x29363]
C  [KERNEL32.DLL+0x1257d]
C  [ntdll.dll+0x5aa68]

VM_Operation (0x00000082af3f1760): G1CollectForAllocation, mode: safepoint, requested by thread 0x000001b8bc8e8020


---------------  P R O C E S S  ---------------

Threads class SMR info:
_java_thread_list=0x000001b8be985b90, length=127, elements={
0x000001b89bd9a900, 0x000001b8b9ff7330, 0x000001b8b9ff81a0, 0x000001b8ba00afd0,
0x000001b8ba00ba90, 0x000001b8ba00e550, 0x000001b8ba00f310, 0x000001b8ba013dc0,
0x000001b8ba014860, 0x000001b8ba017260, 0x000001b8bacd19f0, 0x000001b8bacd9ef0,
0x000001b8bcf98770, 0x000001b8bcb24500, 0x000001b8bcc2d600, 0x000001b8bc79ed60,
0x000001b8bc79f230, 0x000001b8bcc2cdd0, 0x000001b8bc8e8020, 0x000001b8bc2984e0,
0x000001b8bc298e80, 0x000001b8bc2989b0, 0x000001b8bc297b40, 0x000001b8bc2971a0,
0x000001b8bc9aafe0, 0x000001b8bc298010, 0x000001b8bc299350, 0x000001b8bc299820,
0x000001b8bc299cf0, 0x000001b8bc296800, 0x000001b8bc296330, 0x000001b8bc296cd0,
0x000001b8bc297670, 0x000001b8bd77acb0, 0x000001b8bd77e670, 0x000001b8bd77f010,
0x000001b8bd77bff0, 0x000001b8bd77ce60, 0x000001b8bd77b180, 0x000001b8bd77bb20,
0x000001b8bd77a310, 0x000001b8bd7794a0, 0x000001b8bf0f1cd0, 0x000001b8bd779e40,
0x000001b8bd77eb40, 0x000001b8bd77c990, 0x000001b8bd780820, 0x000001b8bd779970,
0x000001b8bef93b70, 0x000001b8bef8ee70, 0x000001b8bef8f340, 0x000001b8bef92d00,
0x000001b8bef919c0, 0x000001b8bef914f0, 0x000001b8bef931d0, 0x000001b8bef8f810,
0x000001b8bef8fce0, 0x000001b8bef94eb0, 0x000001b8bef901b0, 0x000001b8bef961f0,
0x000001b8bef90680, 0x000001b8bef94040, 0x000001b8bef90b50, 0x000001b8bef91e90,
0x000001b8bef91020, 0x000001b8bef92360, 0x000001b8bef94510, 0x000001b8bef8e9a0,
0x000001b8bef95380, 0x000001b8bef949e0, 0x000001b8bef92830, 0x000001b8bef936a0,
0x000001b8bef95850, 0x000001b8bef95d20, 0x000001b8bd65b4b0, 0x000001b8bd65ccc0,
0x000001b8bd65b980, 0x000001b8bd657af0, 0x000001b8bd65be50, 0x000001b8bd657150,
0x000001b8bd658960, 0x000001b8bd658e30, 0x000001b8bd659300, 0x000001b8bd659ca0,
0x000001b8bd65a640, 0x000001b8bd65c320, 0x000001b8bd6597d0, 0x000001b8bd65d660,
0x000001b8bd65a170, 0x000001b8bd65c7f0, 0x000001b8bd65db30, 0x000001b8bd65ab10,
0x000001b8bd657620, 0x000001b8bd65e000, 0x000001b8bd65d190, 0x000001b8bd65e4d0,
0x000001b8bd657fc0, 0x000001b8bd656c80, 0x000001b8bd658490, 0x000001b8bd65afe0,
0x000001b8bc011bf0, 0x000001b8bc0120c0, 0x000001b8bc00f0a0, 0x000001b8bc014270,
0x000001b8bc013400, 0x000001b8bc00e700, 0x000001b8bc00fa40, 0x000001b8bc00ca20,
0x000001b8bc011250, 0x000001b8bc00ebd0, 0x000001b8bc012f30, 0x000001b8bc00cef0,
0x000001b8bc00dd60, 0x000001b8bc00ff10, 0x000001b8bc00e230, 0x000001b8bc011720,
0x000001b8bc00d3c0, 0x000001b8bc0103e0, 0x000001b8bc0108b0, 0x000001b8bc00f570,
0x000001b8bc00d890, 0x000001b8bc010d80, 0x000001b8bc012590, 0x000001b8bc012a60,
0x000001b8bc0138d0, 0x000001b8bc013da0, 0x000001b8bf8f8be0
}

Java Threads: ( => current thread )
  0x000001b89bd9a900 JavaThread "main" [_thread_blocked, id=5540, stack(0x00000082ad400000,0x00000082ad500000)]
  0x000001b8b9ff7330 JavaThread "Reference Handler" daemon [_thread_blocked, id=13392, stack(0x00000082adb00000,0x00000082adc00000)]
  0x000001b8b9ff81a0 JavaThread "Finalizer" daemon [_thread_blocked, id=8872, stack(0x00000082adc00000,0x00000082add00000)]
  0x000001b8ba00afd0 JavaThread "Signal Dispatcher" daemon [_thread_blocked, id=5176, stack(0x00000082add00000,0x00000082ade00000)]
  0x000001b8ba00ba90 JavaThread "Attach Listener" daemon [_thread_blocked, id=7736, stack(0x00000082ade00000,0x00000082adf00000)]
  0x000001b8ba00e550 JavaThread "Service Thread" daemon [_thread_blocked, id=13628, stack(0x00000082adf00000,0x00000082ae000000)]
  0x000001b8ba00f310 JavaThread "Monitor Deflation Thread" daemon [_thread_blocked, id=14532, stack(0x00000082ae000000,0x00000082ae100000)]
  0x000001b8ba013dc0 JavaThread "C2 CompilerThread0" daemon [_thread_blocked, id=15048, stack(0x00000082ae100000,0x00000082ae200000)]
  0x000001b8ba014860 JavaThread "C1 CompilerThread0" daemon [_thread_blocked, id=6596, stack(0x00000082ae200000,0x00000082ae300000)]
  0x000001b8ba017260 JavaThread "Sweeper thread" daemon [_thread_blocked, id=7104, stack(0x00000082ae300000,0x00000082ae400000)]
  0x000001b8bacd19f0 JavaThread "Common-Cleaner" daemon [_thread_blocked, id=6944, stack(0x00000082ae400000,0x00000082ae500000)]
  0x000001b8bacd9ef0 JavaThread "Notification Thread" daemon [_thread_blocked, id=9908, stack(0x00000082ae500000,0x00000082ae600000)]
  0x000001b8bcf98770 JavaThread "Daemon health stats" [_thread_blocked, id=9724, stack(0x00000082aed00000,0x00000082aee00000)]
  0x000001b8bcb24500 JavaThread "Incoming local TCP Connector on port 50824" [_thread_in_native, id=6676, stack(0x00000082aee00000,0x00000082aef00000)]
  0x000001b8bcc2d600 JavaThread "Daemon periodic checks" [_thread_blocked, id=11492, stack(0x00000082aef00000,0x00000082af000000)]
  0x000001b8bc79ed60 JavaThread "Daemon" [_thread_blocked, id=12512, stack(0x00000082af000000,0x00000082af100000)]
  0x000001b8bc79f230 JavaThread "Handler for socket connection from /127.0.0.1:50824 to /127.0.0.1:50825" [_thread_in_native, id=14208, stack(0x00000082af100000,0x00000082af200000)]
  0x000001b8bcc2cdd0 JavaThread "Cancel handler" [_thread_blocked, id=1800, stack(0x00000082af200000,0x00000082af300000)]
  0x000001b8bc8e8020 JavaThread "Daemon worker" [_thread_blocked, id=8620, stack(0x00000082af300000,0x00000082af400000)]
  0x000001b8bc2984e0 JavaThread "Asynchronous log dispatcher for DefaultDaemonConnection: socket connection from /127.0.0.1:50824 to /127.0.0.1:50825" [_thread_blocked, id=12724, stack(0x00000082af400000,0x00000082af500000)]
  0x000001b8bc298e80 JavaThread "Stdin handler" [_thread_blocked, id=10416, stack(0x00000082af500000,0x00000082af600000)]
  0x000001b8bc2989b0 JavaThread "Daemon client event forwarder" [_thread_blocked, id=1944, stack(0x00000082af600000,0x00000082af700000)]
  0x000001b8bc297b40 JavaThread "Cache worker for journal cache (C:\Users\ASUS\.gradle\caches\journal-1)" [_thread_blocked, id=10612, stack(0x00000082ae700000,0x00000082ae800000)]
  0x000001b8bc2971a0 JavaThread "File lock request listener" [_thread_in_native, id=13624, stack(0x00000082aec00000,0x00000082aed00000)]
  0x000001b8bc9aafe0 JavaThread "C2 CompilerThread1" daemon [_thread_blocked, id=2708, stack(0x00000082af700000,0x00000082af800000)]
  0x000001b8bc298010 JavaThread "Cache worker for file hash cache (C:\Users\ASUS\.gradle\caches\8.0.2\fileHashes)" [_thread_blocked, id=9412, stack(0x00000082af800000,0x00000082af900000)]
  0x000001b8bc299350 JavaThread "File watcher server" daemon [_thread_in_native, id=11248, stack(0x00000082afd00000,0x00000082afe00000)]
  0x000001b8bc299820 JavaThread "File watcher consumer" daemon [_thread_blocked, id=10584, stack(0x00000082afe00000,0x00000082aff00000)]
  0x000001b8bc299cf0 JavaThread "jar transforms" [_thread_blocked, id=9728, stack(0x00000082aff00000,0x00000082b0000000)]
  0x000001b8bc296800 JavaThread "jar transforms Thread 2" [_thread_blocked, id=11844, stack(0x00000082b0000000,0x00000082b0100000)]
  0x000001b8bc296330 JavaThread "jar transforms Thread 3" [_thread_blocked, id=10636, stack(0x00000082b0100000,0x00000082b0200000)]
  0x000001b8bc296cd0 JavaThread "jar transforms Thread 4" [_thread_blocked, id=3888, stack(0x00000082b0200000,0x00000082b0300000)]
  0x000001b8bc297670 JavaThread "jar transforms Thread 5" [_thread_blocked, id=4268, stack(0x00000082b0300000,0x00000082b0400000)]
  0x000001b8bd77acb0 JavaThread "jar transforms Thread 6" [_thread_blocked, id=4828, stack(0x00000082b0400000,0x00000082b0500000)]
  0x000001b8bd77e670 JavaThread "jar transforms Thread 7" [_thread_blocked, id=7460, stack(0x00000082b0500000,0x00000082b0600000)]
  0x000001b8bd77f010 JavaThread "jar transforms Thread 8" [_thread_blocked, id=14000, stack(0x00000082b0600000,0x00000082b0700000)]
  0x000001b8bd77bff0 JavaThread "Cache worker for checksums cache (D:\Aplikasi_DBandeng\.gradle\8.0.2\checksums)" [_thread_blocked, id=7016, stack(0x00000082afc00000,0x00000082afd00000)]
  0x000001b8bd77ce60 JavaThread "Cache worker for cache directory md-rule (C:\Users\ASUS\.gradle\caches\8.0.2\md-rule)" [_thread_blocked, id=10832, stack(0x00000082b0800000,0x00000082b0900000)]
  0x000001b8bd77b180 JavaThread "Cache worker for file content cache (C:\Users\ASUS\.gradle\caches\8.0.2\fileContent)" [_thread_blocked, id=10520, stack(0x00000082b0900000,0x00000082b0a00000)]
  0x000001b8bd77bb20 JavaThread "Cache worker for file hash cache (D:\Aplikasi_DBandeng\.gradle\8.0.2\fileHashes)" [_thread_blocked, id=8208, stack(0x00000082b0a00000,0x00000082b0b00000)]
  0x000001b8bd77a310 JavaThread "Cache worker for cache directory md-supplier (C:\Users\ASUS\.gradle\caches\8.0.2\md-supplier)" [_thread_blocked, id=12364, stack(0x00000082b0b00000,0x00000082b0c00000)]
  0x000001b8bd7794a0 JavaThread "Cache worker for execution history cache (C:\Users\ASUS\.gradle\caches\8.0.2\executionHistory)" [_thread_blocked, id=6632, stack(0x00000082b0c00000,0x00000082b0d00000)]
  0x000001b8bf0f1cd0 JavaThread "C2 CompilerThread2" daemon [_thread_blocked, id=2288, stack(0x00000082b0d00000,0x00000082b0e00000)]
  0x000001b8bd779e40 JavaThread "Cache worker for kotlin-dsl (C:\Users\ASUS\.gradle\caches\8.0.2\kotlin-dsl)" [_thread_blocked, id=9024, stack(0x00000082b0e00000,0x00000082b0f00000)]
  0x000001b8bd77eb40 JavaThread "Cache worker for dependencies-accessors (D:\Aplikasi_DBandeng\.gradle\8.0.2\dependencies-accessors)" [_thread_blocked, id=15072, stack(0x00000082b0f00000,0x00000082b1000000)]
  0x000001b8bd77c990 JavaThread "Cache worker for Build Output Cleanup Cache (D:\Aplikasi_DBandeng\.gradle\buildOutputCleanup)" [_thread_blocked, id=1596, stack(0x00000082b1000000,0x00000082b1100000)]
  0x000001b8bd780820 JavaThread "Unconstrained build operations" [_thread_blocked, id=12156, stack(0x00000082b1100000,0x00000082b1200000)]
  0x000001b8bd779970 JavaThread "Unconstrained build operations Thread 2" [_thread_blocked, id=10756, stack(0x00000082b1200000,0x00000082b1300000)]
  0x000001b8bef93b70 JavaThread "Unconstrained build operations Thread 3" [_thread_blocked, id=4492, stack(0x00000082b1300000,0x00000082b1400000)]
  0x000001b8bef8ee70 JavaThread "Unconstrained build operations Thread 4" [_thread_blocked, id=11384, stack(0x00000082b1400000,0x00000082b1500000)]
  0x000001b8bef8f340 JavaThread "Unconstrained build operations Thread 5" [_thread_blocked, id=13968, stack(0x00000082b1500000,0x00000082b1600000)]
  0x000001b8bef92d00 JavaThread "Unconstrained build operations Thread 6" [_thread_blocked, id=5928, stack(0x00000082b1600000,0x00000082b1700000)]
  0x000001b8bef919c0 JavaThread "Unconstrained build operations Thread 7" [_thread_blocked, id=3840, stack(0x00000082b1700000,0x00000082b1800000)]
  0x000001b8bef914f0 JavaThread "Unconstrained build operations Thread 8" [_thread_blocked, id=9340, stack(0x00000082b1800000,0x00000082b1900000)]
  0x000001b8bef931d0 JavaThread "Unconstrained build operations Thread 9" [_thread_blocked, id=8864, stack(0x00000082b1900000,0x00000082b1a00000)]
  0x000001b8bef8f810 JavaThread "Unconstrained build operations Thread 10" [_thread_blocked, id=14944, stack(0x00000082b1a00000,0x00000082b1b00000)]
  0x000001b8bef8fce0 JavaThread "Unconstrained build operations Thread 11" [_thread_blocked, id=9924, stack(0x00000082b1b00000,0x00000082b1c00000)]
  0x000001b8bef94eb0 JavaThread "Unconstrained build operations Thread 12" [_thread_blocked, id=6884, stack(0x00000082b1c00000,0x00000082b1d00000)]
  0x000001b8bef901b0 JavaThread "Unconstrained build operations Thread 13" [_thread_blocked, id=12356, stack(0x00000082b1d00000,0x00000082b1e00000)]
  0x000001b8bef961f0 JavaThread "Unconstrained build operations Thread 14" [_thread_blocked, id=4020, stack(0x00000082b1e00000,0x00000082b1f00000)]
  0x000001b8bef90680 JavaThread "Unconstrained build operations Thread 15" [_thread_blocked, id=10420, stack(0x00000082b1f00000,0x00000082b2000000)]
  0x000001b8bef94040 JavaThread "Unconstrained build operations Thread 16" [_thread_blocked, id=13660, stack(0x00000082b2000000,0x00000082b2100000)]
  0x000001b8bef90b50 JavaThread "Unconstrained build operations Thread 17" [_thread_blocked, id=14632, stack(0x00000082b2100000,0x00000082b2200000)]
  0x000001b8bef91e90 JavaThread "Unconstrained build operations Thread 18" [_thread_blocked, id=12832, stack(0x00000082b2200000,0x00000082b2300000)]
  0x000001b8bef91020 JavaThread "Unconstrained build operations Thread 19" [_thread_blocked, id=8512, stack(0x00000082b2300000,0x00000082b2400000)]
  0x000001b8bef92360 JavaThread "Unconstrained build operations Thread 20" [_thread_blocked, id=3192, stack(0x00000082b2400000,0x00000082b2500000)]
  0x000001b8bef94510 JavaThread "Unconstrained build operations Thread 21" [_thread_blocked, id=3460, stack(0x00000082b2500000,0x00000082b2600000)]
  0x000001b8bef8e9a0 JavaThread "Unconstrained build operations Thread 22" [_thread_blocked, id=9532, stack(0x00000082b2600000,0x00000082b2700000)]
  0x000001b8bef95380 JavaThread "Unconstrained build operations Thread 23" [_thread_blocked, id=10500, stack(0x00000082b2700000,0x00000082b2800000)]
  0x000001b8bef949e0 JavaThread "Unconstrained build operations Thread 24" [_thread_blocked, id=13804, stack(0x00000082b2800000,0x00000082b2900000)]
  0x000001b8bef92830 JavaThread "Unconstrained build operations Thread 25" [_thread_blocked, id=13344, stack(0x00000082b2900000,0x00000082b2a00000)]
  0x000001b8bef936a0 JavaThread "Unconstrained build operations Thread 26" [_thread_blocked, id=12680, stack(0x00000082b2a00000,0x00000082b2b00000)]
  0x000001b8bef95850 JavaThread "Unconstrained build operations Thread 27" [_thread_blocked, id=9480, stack(0x00000082b2b00000,0x00000082b2c00000)]
  0x000001b8bef95d20 JavaThread "Unconstrained build operations Thread 28" [_thread_blocked, id=9952, stack(0x00000082b2c00000,0x00000082b2d00000)]
  0x000001b8bd65b4b0 JavaThread "Unconstrained build operations Thread 29" [_thread_blocked, id=3688, stack(0x00000082b2d00000,0x00000082b2e00000)]
  0x000001b8bd65ccc0 JavaThread "Unconstrained build operations Thread 30" [_thread_blocked, id=8056, stack(0x00000082b2e00000,0x00000082b2f00000)]
  0x000001b8bd65b980 JavaThread "Unconstrained build operations Thread 31" [_thread_blocked, id=3224, stack(0x00000082b2f00000,0x00000082b3000000)]
  0x000001b8bd657af0 JavaThread "Unconstrained build operations Thread 32" [_thread_blocked, id=9744, stack(0x00000082b3000000,0x00000082b3100000)]
  0x000001b8bd65be50 JavaThread "Unconstrained build operations Thread 33" [_thread_blocked, id=10668, stack(0x00000082b3100000,0x00000082b3200000)]
  0x000001b8bd657150 JavaThread "Unconstrained build operations Thread 34" [_thread_blocked, id=3544, stack(0x00000082b3200000,0x00000082b3300000)]
  0x000001b8bd658960 JavaThread "Unconstrained build operations Thread 35" [_thread_blocked, id=9436, stack(0x00000082b3300000,0x00000082b3400000)]
  0x000001b8bd658e30 JavaThread "Unconstrained build operations Thread 36" [_thread_blocked, id=8732, stack(0x00000082b3400000,0x00000082b3500000)]
  0x000001b8bd659300 JavaThread "Unconstrained build operations Thread 37" [_thread_blocked, id=7464, stack(0x00000082b3500000,0x00000082b3600000)]
  0x000001b8bd659ca0 JavaThread "Unconstrained build operations Thread 38" [_thread_blocked, id=4120, stack(0x00000082b3600000,0x00000082b3700000)]
  0x000001b8bd65a640 JavaThread "Unconstrained build operations Thread 39" [_thread_blocked, id=8012, stack(0x00000082b3700000,0x00000082b3800000)]
  0x000001b8bd65c320 JavaThread "Unconstrained build operations Thread 40" [_thread_blocked, id=10976, stack(0x00000082b3800000,0x00000082b3900000)]
  0x000001b8bd6597d0 JavaThread "Unconstrained build operations Thread 41" [_thread_blocked, id=15184, stack(0x00000082b3900000,0x00000082b3a00000)]
  0x000001b8bd65d660 JavaThread "Unconstrained build operations Thread 42" [_thread_blocked, id=13224, stack(0x00000082b3a00000,0x00000082b3b00000)]
  0x000001b8bd65a170 JavaThread "Unconstrained build operations Thread 43" [_thread_blocked, id=12424, stack(0x00000082b3b00000,0x00000082b3c00000)]
  0x000001b8bd65c7f0 JavaThread "Unconstrained build operations Thread 44" [_thread_blocked, id=6316, stack(0x00000082b3c00000,0x00000082b3d00000)]
  0x000001b8bd65db30 JavaThread "Unconstrained build operations Thread 45" [_thread_blocked, id=8764, stack(0x00000082b3d00000,0x00000082b3e00000)]
  0x000001b8bd65ab10 JavaThread "Unconstrained build operations Thread 46" [_thread_blocked, id=2988, stack(0x00000082b3e00000,0x00000082b3f00000)]
  0x000001b8bd657620 JavaThread "Unconstrained build operations Thread 47" [_thread_blocked, id=10964, stack(0x00000082b3f00000,0x00000082b4000000)]
  0x000001b8bd65e000 JavaThread "Unconstrained build operations Thread 48" [_thread_blocked, id=9712, stack(0x00000082b4000000,0x00000082b4100000)]
  0x000001b8bd65d190 JavaThread "Unconstrained build operations Thread 49" [_thread_blocked, id=4420, stack(0x00000082b4100000,0x00000082b4200000)]
  0x000001b8bd65e4d0 JavaThread "Unconstrained build operations Thread 50" [_thread_blocked, id=13728, stack(0x00000082b4200000,0x00000082b4300000)]
  0x000001b8bd657fc0 JavaThread "Unconstrained build operations Thread 51" [_thread_blocked, id=11532, stack(0x00000082b4300000,0x00000082b4400000)]
  0x000001b8bd656c80 JavaThread "Unconstrained build operations Thread 52" [_thread_blocked, id=13000, stack(0x00000082b4400000,0x00000082b4500000)]
  0x000001b8bd658490 JavaThread "Unconstrained build operations Thread 53" [_thread_blocked, id=11860, stack(0x00000082b4500000,0x00000082b4600000)]
  0x000001b8bd65afe0 JavaThread "Unconstrained build operations Thread 54" [_thread_blocked, id=9672, stack(0x00000082b4600000,0x00000082b4700000)]
  0x000001b8bc011bf0 JavaThread "Unconstrained build operations Thread 55" [_thread_blocked, id=14300, stack(0x00000082b4700000,0x00000082b4800000)]
  0x000001b8bc0120c0 JavaThread "Unconstrained build operations Thread 56" [_thread_blocked, id=7176, stack(0x00000082b4800000,0x00000082b4900000)]
  0x000001b8bc00f0a0 JavaThread "Unconstrained build operations Thread 57" [_thread_blocked, id=3184, stack(0x00000082b4900000,0x00000082b4a00000)]
  0x000001b8bc014270 JavaThread "Unconstrained build operations Thread 58" [_thread_blocked, id=1260, stack(0x00000082b4a00000,0x00000082b4b00000)]
  0x000001b8bc013400 JavaThread "Unconstrained build operations Thread 59" [_thread_blocked, id=14804, stack(0x00000082b4b00000,0x00000082b4c00000)]
  0x000001b8bc00e700 JavaThread "Unconstrained build operations Thread 60" [_thread_blocked, id=14032, stack(0x00000082b4c00000,0x00000082b4d00000)]
  0x000001b8bc00fa40 JavaThread "Unconstrained build operations Thread 61" [_thread_blocked, id=13708, stack(0x00000082b4d00000,0x00000082b4e00000)]
  0x000001b8bc00ca20 JavaThread "Unconstrained build operations Thread 62" [_thread_blocked, id=7028, stack(0x00000082b4e00000,0x00000082b4f00000)]
  0x000001b8bc011250 JavaThread "Unconstrained build operations Thread 63" [_thread_blocked, id=5216, stack(0x00000082b4f00000,0x00000082b5000000)]
  0x000001b8bc00ebd0 JavaThread "Unconstrained build operations Thread 64" [_thread_blocked, id=3436, stack(0x00000082b5000000,0x00000082b5100000)]
  0x000001b8bc012f30 JavaThread "Unconstrained build operations Thread 65" [_thread_blocked, id=7964, stack(0x00000082b5100000,0x00000082b5200000)]
  0x000001b8bc00cef0 JavaThread "Unconstrained build operations Thread 66" [_thread_blocked, id=14268, stack(0x00000082b5200000,0x00000082b5300000)]
  0x000001b8bc00dd60 JavaThread "Unconstrained build operations Thread 67" [_thread_blocked, id=1832, stack(0x00000082b5300000,0x00000082b5400000)]
  0x000001b8bc00ff10 JavaThread "Unconstrained build operations Thread 68" [_thread_blocked, id=8116, stack(0x00000082b5400000,0x00000082b5500000)]
  0x000001b8bc00e230 JavaThread "Unconstrained build operations Thread 69" [_thread_blocked, id=11712, stack(0x00000082b5500000,0x00000082b5600000)]
  0x000001b8bc011720 JavaThread "Unconstrained build operations Thread 70" [_thread_blocked, id=14904, stack(0x00000082b5600000,0x00000082b5700000)]
  0x000001b8bc00d3c0 JavaThread "Unconstrained build operations Thread 71" [_thread_blocked, id=10376, stack(0x00000082b5700000,0x00000082b5800000)]
  0x000001b8bc0103e0 JavaThread "Unconstrained build operations Thread 72" [_thread_blocked, id=7308, stack(0x00000082b5800000,0x00000082b5900000)]
  0x000001b8bc0108b0 JavaThread "Unconstrained build operations Thread 73" [_thread_blocked, id=9164, stack(0x00000082b5900000,0x00000082b5a00000)]
  0x000001b8bc00f570 JavaThread "Unconstrained build operations Thread 74" [_thread_blocked, id=12772, stack(0x00000082b5a00000,0x00000082b5b00000)]
  0x000001b8bc00d890 JavaThread "Unconstrained build operations Thread 75" [_thread_blocked, id=13340, stack(0x00000082b5b00000,0x00000082b5c00000)]
  0x000001b8bc010d80 JavaThread "Unconstrained build operations Thread 76" [_thread_blocked, id=7680, stack(0x00000082b5c00000,0x00000082b5d00000)]
  0x000001b8bc012590 JavaThread "Unconstrained build operations Thread 77" [_thread_blocked, id=7616, stack(0x00000082b5d00000,0x00000082b5e00000)]
  0x000001b8bc012a60 JavaThread "Unconstrained build operations Thread 78" [_thread_blocked, id=7012, stack(0x00000082b5e00000,0x00000082b5f00000)]
  0x000001b8bc0138d0 JavaThread "Unconstrained build operations Thread 79" [_thread_blocked, id=11976, stack(0x00000082b5f00000,0x00000082b6000000)]
  0x000001b8bc013da0 JavaThread "Unconstrained build operations Thread 80" [_thread_blocked, id=6984, stack(0x00000082b6000000,0x00000082b6100000)]
  0x000001b8bf8f8be0 JavaThread "Memory manager" [_thread_blocked, id=5096, stack(0x00000082b6100000,0x00000082b6200000)]

Other Threads:
=>0x000001b8b9feb750 VMThread "VM Thread" [stack: 0x00000082ada00000,0x00000082adb00000] [id=9552]
  0x000001b89be1c0e0 WatcherThread [stack: 0x00000082ae600000,0x00000082ae700000] [id=10972]
  0x000001b89bdf9030 GCTaskThread "GC Thread#0" [stack: 0x00000082ad500000,0x00000082ad600000] [id=10996]
  0x000001b8bbb38ea0 GCTaskThread "GC Thread#1" [stack: 0x00000082ae900000,0x00000082aea00000] [id=14292]
  0x000001b8bbdc8a40 GCTaskThread "GC Thread#2" [stack: 0x00000082aea00000,0x00000082aeb00000] [id=9680]
  0x000001b8bb865060 GCTaskThread "GC Thread#3" [stack: 0x00000082aeb00000,0x00000082aec00000] [id=5868]
  0x000001b8baefff60 GCTaskThread "GC Thread#4" [stack: 0x00000082ae800000,0x00000082ae900000] [id=12280]
  0x000001b8be889f70 GCTaskThread "GC Thread#5" [stack: 0x00000082af900000,0x00000082afa00000] [id=15292]
  0x000001b8bc4d3e70 GCTaskThread "GC Thread#6" [stack: 0x00000082afa00000,0x00000082afb00000] [id=2720]
  0x000001b8bd421f70 GCTaskThread "GC Thread#7" [stack: 0x00000082afb00000,0x00000082afc00000] [id=3384]
  0x000001b89be0af80 ConcurrentGCThread "G1 Main Marker" [stack: 0x00000082ad600000,0x00000082ad700000] [id=3496]
  0x000001b89be0c130 ConcurrentGCThread "G1 Conc#0" [stack: 0x00000082ad700000,0x00000082ad800000] [id=8028]
  0x000001b8bd422f90 ConcurrentGCThread "G1 Conc#1" [stack: 0x00000082b0700000,0x00000082b0800000] [id=13052]
  0x000001b89be6e4a0 ConcurrentGCThread "G1 Refine#0" [stack: 0x00000082ad800000,0x00000082ad900000] [id=13144]
  0x000001b8b9ea70e0 ConcurrentGCThread "G1 Service" [stack: 0x00000082ad900000,0x00000082ada00000] [id=13480]

Threads with active compile tasks:
C2 CompilerThread0    11495 6616       4       java.lang.String::toLowerCase (8 bytes)
C2 CompilerThread1    11495 6518       4       com.google.common.reflect.TypeResolver$TypeVariableKey::equalsTypeVariable (48 bytes)
C2 CompilerThread2    11495 6658   !   4       java.util.jar.Attributes::read (494 bytes)

VM state: at safepoint (normal execution)

VM Mutex/Monitor currently owned by a thread:  ([mutex/lock_event])
[0x000001b89bd96ed0] Threads_lock - owner thread: 0x000001b8b9feb750
[0x000001b89bd978f0] Heap_lock - owner thread: 0x000001b8bc8e8020

Heap address: 0x0000000080000000, size: 2048 MB, Compressed Oops mode: 32-bit

CDS archive(s) mapped at: [0x0000000800000000-0x0000000800bd0000-0x0000000800bd0000), size 12386304, SharedBaseAddress: 0x0000000800000000, ArchiveRelocationMode: 0.
Compressed class space mapped at: 0x0000000800c00000-0x0000000840c00000, reserved size: 1073741824
Narrow klass base: 0x0000000800000000, Narrow klass shift: 0, Narrow klass range: 0x100000000

GC Precious Log:
 CPUs: 8 total, 8 available
 Memory: 8074M
 Large Page Support: Disabled
 NUMA Support: Disabled
 Compressed Oops: Enabled (32-bit)
 Heap Region Size: 1M
 Heap Min Capacity: 8M
 Heap Initial Capacity: 128M
 Heap Max Capacity: 2G
 Pre-touch: Disabled
 Parallel Workers: 8
 Concurrent Workers: 2
 Concurrent Refinement Workers: 8
 Periodic GC: Disabled

Heap:
 garbage-first heap   total 131072K, used 81982K [0x0000000080000000, 0x0000000100000000)
  region size 1024K, 3 young (3072K), 3 survivors (3072K)
 Metaspace       used 54513K, committed 55168K, reserved 1097728K
  class space    used 7506K, committed 7808K, reserved 1048576K

Heap Regions: E=young(eden), S=young(survivor), O=old, HS=humongous(starts), HC=humongous(continues), CS=collection set, F=free, OA=open archive, CA=closed archive, TAMS=top-at-mark-start (previous, next)
|   0|0x0000000080000000, 0x0000000080100000, 0x0000000080100000|100%|HS|  |TAMS 0x0000000080100000, 0x0000000080100000| Complete 
|   1|0x0000000080100000, 0x0000000080200000, 0x0000000080200000|100%|HC|  |TAMS 0x0000000080200000, 0x0000000080200000| Complete 
|   2|0x0000000080200000, 0x0000000080300000, 0x0000000080300000|100%|HC|  |TAMS 0x0000000080300000, 0x0000000080300000| Complete 
|   3|0x0000000080300000, 0x0000000080400000, 0x0000000080400000|100%|HC|  |TAMS 0x0000000080400000, 0x0000000080400000| Complete 
|   4|0x0000000080400000, 0x0000000080500000, 0x0000000080500000|100%| O|  |TAMS 0x0000000080500000, 0x0000000080500000| Untracked 
|   5|0x0000000080500000, 0x0000000080600000, 0x0000000080600000|100%| O|  |TAMS 0x0000000080600000, 0x0000000080600000| Untracked 
|   6|0x0000000080600000, 0x0000000080700000, 0x0000000080700000|100%| O|  |TAMS 0x0000000080700000, 0x0000000080700000| Untracked 
|   7|0x0000000080700000, 0x0000000080800000, 0x0000000080800000|100%| O|  |TAMS 0x0000000080800000, 0x0000000080800000| Untracked 
|   8|0x0000000080800000, 0x0000000080900000, 0x0000000080900000|100%| O|  |TAMS 0x0000000080900000, 0x0000000080900000| Untracked 
|   9|0x0000000080900000, 0x0000000080a00000, 0x0000000080a00000|100%| O|  |TAMS 0x0000000080a00000, 0x0000000080a00000| Untracked 
|  10|0x0000000080a00000, 0x0000000080b00000, 0x0000000080b00000|100%| O|  |TAMS 0x0000000080b00000, 0x0000000080b00000| Untracked 
|  11|0x0000000080b00000, 0x0000000080c00000, 0x0000000080c00000|100%|HS|  |TAMS 0x0000000080c00000, 0x0000000080c00000| Complete 
|  12|0x0000000080c00000, 0x0000000080d00000, 0x0000000080d00000|100%|HC|  |TAMS 0x0000000080d00000, 0x0000000080d00000| Complete 
|  13|0x0000000080d00000, 0x0000000080e00000, 0x0000000080e00000|100%|HS|  |TAMS 0x0000000080e00000, 0x0000000080e00000| Complete 
|  14|0x0000000080e00000, 0x0000000080f00000, 0x0000000080f00000|100%|HC|  |TAMS 0x0000000080f00000, 0x0000000080f00000| Complete 
|  15|0x0000000080f00000, 0x0000000081000000, 0x0000000081000000|100%|HC|  |TAMS 0x0000000081000000, 0x0000000081000000| Complete 
|  16|0x0000000081000000, 0x0000000081100000, 0x0000000081100000|100%|HS|  |TAMS 0x0000000081100000, 0x0000000081100000| Complete 
|  17|0x0000000081100000, 0x0000000081200000, 0x0000000081200000|100%|HC|  |TAMS 0x0000000081200000, 0x0000000081200000| Complete 
|  18|0x0000000081200000, 0x0000000081300000, 0x0000000081300000|100%|HC|  |TAMS 0x0000000081300000, 0x0000000081300000| Complete 
|  19|0x0000000081300000, 0x0000000081400000, 0x0000000081400000|100%|HS|  |TAMS 0x0000000081400000, 0x0000000081400000| Complete 
|  20|0x0000000081400000, 0x0000000081500000, 0x0000000081500000|100%|HC|  |TAMS 0x0000000081500000, 0x0000000081500000| Complete 
|  21|0x0000000081500000, 0x0000000081600000, 0x0000000081600000|100%|HC|  |TAMS 0x0000000081600000, 0x0000000081600000| Complete 
|  22|0x0000000081600000, 0x0000000081700000, 0x0000000081700000|100%| O|  |TAMS 0x0000000081700000, 0x0000000081700000| Untracked 
|  23|0x0000000081700000, 0x0000000081800000, 0x0000000081800000|100%| O|  |TAMS 0x0000000081800000, 0x0000000081800000| Untracked 
|  24|0x0000000081800000, 0x0000000081900000, 0x0000000081900000|100%| O|  |TAMS 0x0000000081900000, 0x0000000081900000| Untracked 
|  25|0x0000000081900000, 0x0000000081a00000, 0x0000000081a00000|100%| O|  |TAMS 0x0000000081a00000, 0x0000000081a00000| Untracked 
|  26|0x0000000081a00000, 0x0000000081b00000, 0x0000000081b00000|100%| O|  |TAMS 0x0000000081b00000, 0x0000000081b00000| Untracked 
|  27|0x0000000081b00000, 0x0000000081c00000, 0x0000000081c00000|100%| O|  |TAMS 0x0000000081c00000, 0x0000000081c00000| Untracked 
|  28|0x0000000081c00000, 0x0000000081d00000, 0x0000000081d00000|100%| O|  |TAMS 0x0000000081d00000, 0x0000000081d00000| Untracked 
|  29|0x0000000081d00000, 0x0000000081e00000, 0x0000000081e00000|100%| O|  |TAMS 0x0000000081e00000, 0x0000000081e00000| Untracked 
|  30|0x0000000081e00000, 0x0000000081f00000, 0x0000000081f00000|100%| O|  |TAMS 0x0000000081f00000, 0x0000000081f00000| Untracked 
|  31|0x0000000081f00000, 0x0000000082000000, 0x0000000082000000|100%| O|  |TAMS 0x0000000082000000, 0x0000000082000000| Untracked 
|  32|0x0000000082000000, 0x0000000082100000, 0x0000000082100000|100%| O|  |TAMS 0x0000000082100000, 0x0000000082100000| Untracked 
|  33|0x0000000082100000, 0x0000000082200000, 0x0000000082200000|100%| O|  |TAMS 0x0000000082200000, 0x0000000082200000| Untracked 
|  34|0x0000000082200000, 0x0000000082300000, 0x0000000082300000|100%| O|  |TAMS 0x0000000082300000, 0x0000000082300000| Untracked 
|  35|0x0000000082300000, 0x0000000082400000, 0x0000000082400000|100%| O|  |TAMS 0x0000000082400000, 0x0000000082400000| Untracked 
|  36|0x0000000082400000, 0x0000000082500000, 0x0000000082500000|100%| O|  |TAMS 0x0000000082500000, 0x0000000082500000| Untracked 
|  37|0x0000000082500000, 0x0000000082600000, 0x0000000082600000|100%| O|  |TAMS 0x0000000082600000, 0x0000000082600000| Untracked 
|  38|0x0000000082600000, 0x0000000082700000, 0x0000000082700000|100%| O|  |TAMS 0x0000000082700000, 0x0000000082700000| Untracked 
|  39|0x0000000082700000, 0x0000000082800000, 0x0000000082800000|100%| O|  |TAMS 0x0000000082800000, 0x0000000082800000| Untracked 
|  40|0x0000000082800000, 0x0000000082900000, 0x0000000082900000|100%| O|  |TAMS 0x0000000082900000, 0x0000000082900000| Untracked 
|  41|0x0000000082900000, 0x0000000082a00000, 0x0000000082a00000|100%| O|  |TAMS 0x0000000082a00000, 0x0000000082a00000| Untracked 
|  42|0x0000000082a00000, 0x0000000082b00000, 0x0000000082b00000|100%| O|  |TAMS 0x0000000082b00000, 0x0000000082b00000| Untracked 
|  43|0x0000000082b00000, 0x0000000082c00000, 0x0000000082c00000|100%| O|  |TAMS 0x0000000082c00000, 0x0000000082c00000| Untracked 
|  44|0x0000000082c00000, 0x0000000082d00000, 0x0000000082d00000|100%|HS|  |TAMS 0x0000000082d00000, 0x0000000082d00000| Complete 
|  45|0x0000000082d00000, 0x0000000082e00000, 0x0000000082e00000|100%|HC|  |TAMS 0x0000000082e00000, 0x0000000082e00000| Complete 
|  46|0x0000000082e00000, 0x0000000082f00000, 0x0000000082f00000|100%|HC|  |TAMS 0x0000000082f00000, 0x0000000082f00000| Complete 
|  47|0x0000000082f00000, 0x0000000083000000, 0x0000000083000000|100%|HS|  |TAMS 0x0000000083000000, 0x0000000083000000| Complete 
|  48|0x0000000083000000, 0x0000000083100000, 0x0000000083100000|100%|HC|  |TAMS 0x0000000083100000, 0x0000000083100000| Complete 
|  49|0x0000000083100000, 0x0000000083200000, 0x0000000083200000|100%|HC|  |TAMS 0x0000000083200000, 0x0000000083200000| Complete 
|  50|0x0000000083200000, 0x0000000083300000, 0x0000000083300000|100%|HC|  |TAMS 0x0000000083300000, 0x0000000083300000| Complete 
|  51|0x0000000083300000, 0x0000000083400000, 0x0000000083400000|100%| O|  |TAMS 0x0000000083400000, 0x0000000083400000| Untracked 
|  52|0x0000000083400000, 0x0000000083500000, 0x0000000083500000|100%| O|  |TAMS 0x0000000083500000, 0x0000000083500000| Untracked 
|  53|0x0000000083500000, 0x0000000083600000, 0x0000000083600000|100%| O|  |TAMS 0x0000000083600000, 0x0000000083600000| Untracked 
|  54|0x0000000083600000, 0x0000000083600000, 0x0000000083700000|  0%| F|  |TAMS 0x0000000083600000, 0x0000000083600000| Untracked 
|  55|0x0000000083700000, 0x0000000083800000, 0x0000000083800000|100%| O|  |TAMS 0x0000000083800000, 0x0000000083800000| Untracked 
|  56|0x0000000083800000, 0x0000000083900000, 0x0000000083900000|100%| O|  |TAMS 0x0000000083900000, 0x0000000083900000| Untracked 
|  57|0x0000000083900000, 0x0000000083a00000, 0x0000000083a00000|100%| O|  |TAMS 0x000000008398dc00, 0x0000000083a00000| Untracked 
|  58|0x0000000083a00000, 0x0000000083b00000, 0x0000000083b00000|100%|HS|  |TAMS 0x0000000083a00000, 0x0000000083b00000| Complete 
|  59|0x0000000083b00000, 0x0000000083c00000, 0x0000000083c00000|100%|HS|  |TAMS 0x0000000083b00000, 0x0000000083c00000| Complete 
|  60|0x0000000083c00000, 0x0000000083d00000, 0x0000000083d00000|100%|HC|  |TAMS 0x0000000083c00000, 0x0000000083d00000| Complete 
|  61|0x0000000083d00000, 0x0000000083e00000, 0x0000000083e00000|100%|HS|  |TAMS 0x0000000083d00000, 0x0000000083e00000| Complete 
|  62|0x0000000083e00000, 0x0000000083f00000, 0x0000000083f00000|100%|HS|  |TAMS 0x0000000083e00000, 0x0000000083f00000| Complete 
|  63|0x0000000083f00000, 0x0000000084000000, 0x0000000084000000|100%|HC|  |TAMS 0x0000000083f00000, 0x0000000084000000| Complete 
|  64|0x0000000084000000, 0x0000000084100000, 0x0000000084100000|100%|HC|  |TAMS 0x0000000084000000, 0x0000000084100000| Complete 
|  65|0x0000000084100000, 0x0000000084200000, 0x0000000084200000|100%|HC|  |TAMS 0x0000000084100000, 0x0000000084200000| Complete 
|  66|0x0000000084200000, 0x0000000084300000, 0x0000000084300000|100%| O|  |TAMS 0x0000000084200000, 0x0000000084300000| Untracked 
|  67|0x0000000084300000, 0x0000000084400000, 0x0000000084400000|100%| O|  |TAMS 0x0000000084300000, 0x0000000084400000| Untracked 
|  68|0x0000000084400000, 0x0000000084500000, 0x0000000084500000|100%| O|  |TAMS 0x0000000084400000, 0x0000000084500000| Untracked 
|  69|0x0000000084500000, 0x0000000084600000, 0x0000000084600000|100%| O|  |TAMS 0x0000000084500000, 0x0000000084600000| Untracked 
|  70|0x0000000084600000, 0x0000000084700000, 0x0000000084700000|100%| O|  |TAMS 0x0000000084600000, 0x0000000084700000| Untracked 
|  71|0x0000000084700000, 0x0000000084800000, 0x0000000084800000|100%| O|  |TAMS 0x0000000084700000, 0x0000000084800000| Untracked 
|  72|0x0000000084800000, 0x0000000084900000, 0x0000000084900000|100%| O|  |TAMS 0x0000000084800000, 0x0000000084900000| Untracked 
|  73|0x0000000084900000, 0x0000000084a00000, 0x0000000084a00000|100%| O|  |TAMS 0x0000000084900000, 0x0000000084a00000| Untracked 
|  74|0x0000000084a00000, 0x0000000084b00000, 0x0000000084b00000|100%| O|  |TAMS 0x0000000084a00000, 0x0000000084b00000| Untracked 
|  75|0x0000000084b00000, 0x0000000084c00000, 0x0000000084c00000|100%| O|  |TAMS 0x0000000084b00000, 0x0000000084c00000| Untracked 
|  76|0x0000000084c00000, 0x0000000084d00000, 0x0000000084d00000|100%| O|  |TAMS 0x0000000084c00000, 0x0000000084d00000| Untracked 
|  77|0x0000000084d00000, 0x0000000084d00000, 0x0000000084e00000|  0%| F|  |TAMS 0x0000000084d00000, 0x0000000084d00000| Untracked 
|  78|0x0000000084e00000, 0x0000000084e00000, 0x0000000084f00000|  0%| F|  |TAMS 0x0000000084e00000, 0x0000000084e00000| Untracked 
|  79|0x0000000084f00000, 0x0000000084f00000, 0x0000000085000000|  0%| F|  |TAMS 0x0000000084f00000, 0x0000000084f00000| Untracked 
|  80|0x0000000085000000, 0x0000000085000000, 0x0000000085100000|  0%| F|  |TAMS 0x0000000085000000, 0x0000000085000000| Untracked 
|  81|0x0000000085100000, 0x0000000085100000, 0x0000000085200000|  0%| F|  |TAMS 0x0000000085100000, 0x0000000085100000| Untracked 
|  82|0x0000000085200000, 0x0000000085200000, 0x0000000085300000|  0%| F|  |TAMS 0x0000000085200000, 0x0000000085200000| Untracked 
|  83|0x0000000085300000, 0x0000000085400000, 0x0000000085400000|100%| O|  |TAMS 0x0000000085300000, 0x0000000085400000| Untracked 
|  84|0x0000000085400000, 0x00000000854c0a00, 0x0000000085500000| 75%| O|  |TAMS 0x0000000085400000, 0x00000000854c0a00| Untracked 
|  85|0x0000000085500000, 0x0000000085500000, 0x0000000085600000|  0%| F|  |TAMS 0x0000000085500000, 0x0000000085500000| Untracked 
|  86|0x0000000085600000, 0x0000000085600000, 0x0000000085700000|  0%| F|  |TAMS 0x0000000085600000, 0x0000000085600000| Untracked 
|  87|0x0000000085700000, 0x0000000085700000, 0x0000000085800000|  0%| F|  |TAMS 0x0000000085700000, 0x0000000085700000| Untracked 
|  88|0x0000000085800000, 0x0000000085800000, 0x0000000085900000|  0%| F|  |TAMS 0x0000000085800000, 0x0000000085800000| Untracked 
|  89|0x0000000085900000, 0x0000000085900000, 0x0000000085a00000|  0%| F|  |TAMS 0x0000000085900000, 0x0000000085900000| Untracked 
|  90|0x0000000085a00000, 0x0000000085a00000, 0x0000000085b00000|  0%| F|  |TAMS 0x0000000085a00000, 0x0000000085a00000| Untracked 
|  91|0x0000000085b00000, 0x0000000085b00000, 0x0000000085c00000|  0%| F|  |TAMS 0x0000000085b00000, 0x0000000085b00000| Untracked 
|  92|0x0000000085c00000, 0x0000000085c00000, 0x0000000085d00000|  0%| F|  |TAMS 0x0000000085c00000, 0x0000000085c00000| Untracked 
|  93|0x0000000085d00000, 0x0000000085d00000, 0x0000000085e00000|  0%| F|  |TAMS 0x0000000085d00000, 0x0000000085d00000| Untracked 
|  94|0x0000000085e00000, 0x0000000085e00000, 0x0000000085f00000|  0%| F|  |TAMS 0x0000000085e00000, 0x0000000085e00000| Untracked 
|  95|0x0000000085f00000, 0x0000000085f00000, 0x0000000086000000|  0%| F|  |TAMS 0x0000000085f00000, 0x0000000085f00000| Untracked 
|  96|0x0000000086000000, 0x000000008604ee50, 0x0000000086100000| 30%| S|CS|TAMS 0x0000000086000000, 0x0000000086000000| Complete 
|  97|0x0000000086100000, 0x0000000086200000, 0x0000000086200000|100%| S|CS|TAMS 0x0000000086100000, 0x0000000086100000| Complete 
|  98|0x0000000086200000, 0x0000000086300000, 0x0000000086300000|100%| S|CS|TAMS 0x0000000086200000, 0x0000000086200000| Complete 
|  99|0x0000000086300000, 0x0000000086300000, 0x0000000086400000|  0%| F|  |TAMS 0x0000000086300000, 0x0000000086300000| Untracked 
| 100|0x0000000086400000, 0x0000000086400000, 0x0000000086500000|  0%| F|  |TAMS 0x0000000086400000, 0x0000000086400000| Untracked 
| 101|0x0000000086500000, 0x0000000086500000, 0x0000000086600000|  0%| F|  |TAMS 0x0000000086500000, 0x0000000086500000| Untracked 
| 102|0x0000000086600000, 0x0000000086600000, 0x0000000086700000|  0%| F|  |TAMS 0x0000000086600000, 0x0000000086600000| Untracked 
| 103|0x0000000086700000, 0x0000000086700000, 0x0000000086800000|  0%| F|  |TAMS 0x0000000086700000, 0x0000000086700000| Untracked 
| 104|0x0000000086800000, 0x0000000086800000, 0x0000000086900000|  0%| F|  |TAMS 0x0000000086800000, 0x0000000086800000| Untracked 
| 105|0x0000000086900000, 0x0000000086900000, 0x0000000086a00000|  0%| F|  |TAMS 0x0000000086900000, 0x0000000086900000| Untracked 
| 106|0x0000000086a00000, 0x0000000086a00000, 0x0000000086b00000|  0%| F|  |TAMS 0x0000000086a00000, 0x0000000086a00000| Untracked 
| 107|0x0000000086b00000, 0x0000000086b00000, 0x0000000086c00000|  0%| F|  |TAMS 0x0000000086b00000, 0x0000000086b00000| Untracked 
| 108|0x0000000086c00000, 0x0000000086c00000, 0x0000000086d00000|  0%| F|  |TAMS 0x0000000086c00000, 0x0000000086c00000| Untracked 
| 109|0x0000000086d00000, 0x0000000086d00000, 0x0000000086e00000|  0%| F|  |TAMS 0x0000000086d00000, 0x0000000086d00000| Untracked 
| 110|0x0000000086e00000, 0x0000000086e00000, 0x0000000086f00000|  0%| F|  |TAMS 0x0000000086e00000, 0x0000000086e00000| Untracked 
| 111|0x0000000086f00000, 0x0000000086f00000, 0x0000000087000000|  0%| F|  |TAMS 0x0000000086f00000, 0x0000000086f00000| Untracked 
| 112|0x0000000087000000, 0x0000000087000000, 0x0000000087100000|  0%| F|  |TAMS 0x0000000087000000, 0x0000000087000000| Untracked 
| 113|0x0000000087100000, 0x0000000087100000, 0x0000000087200000|  0%| F|  |TAMS 0x0000000087100000, 0x0000000087100000| Untracked 
| 114|0x0000000087200000, 0x0000000087200000, 0x0000000087300000|  0%| F|  |TAMS 0x0000000087200000, 0x0000000087200000| Untracked 
| 115|0x0000000087300000, 0x0000000087300000, 0x0000000087400000|  0%| F|  |TAMS 0x0000000087300000, 0x0000000087300000| Untracked 
| 116|0x0000000087400000, 0x0000000087400000, 0x0000000087500000|  0%| F|  |TAMS 0x0000000087400000, 0x0000000087400000| Untracked 
| 117|0x0000000087500000, 0x0000000087500000, 0x0000000087600000|  0%| F|  |TAMS 0x0000000087500000, 0x0000000087500000| Untracked 
| 118|0x0000000087600000, 0x0000000087600000, 0x0000000087700000|  0%| F|  |TAMS 0x0000000087600000, 0x0000000087600000| Untracked 
| 119|0x0000000087700000, 0x0000000087700000, 0x0000000087800000|  0%| F|  |TAMS 0x0000000087700000, 0x0000000087700000| Untracked 
| 120|0x0000000087800000, 0x0000000087800000, 0x0000000087900000|  0%| F|  |TAMS 0x0000000087800000, 0x0000000087800000| Untracked 
| 121|0x0000000087900000, 0x0000000087900000, 0x0000000087a00000|  0%| F|  |TAMS 0x0000000087900000, 0x0000000087900000| Untracked 
| 122|0x0000000087a00000, 0x0000000087a00000, 0x0000000087b00000|  0%| F|  |TAMS 0x0000000087a00000, 0x0000000087a00000| Untracked 
| 123|0x0000000087b00000, 0x0000000087b00000, 0x0000000087c00000|  0%| F|  |TAMS 0x0000000087b00000, 0x0000000087b00000| Untracked 
| 124|0x0000000087c00000, 0x0000000087c00000, 0x0000000087d00000|  0%| F|  |TAMS 0x0000000087c00000, 0x0000000087c00000| Untracked 
| 125|0x0000000087d00000, 0x0000000087d00000, 0x0000000087e00000|  0%| F|  |TAMS 0x0000000087d00000, 0x0000000087d00000| Untracked 
| 126|0x0000000087e00000, 0x0000000087e00000, 0x0000000087f00000|  0%| F|  |TAMS 0x0000000087e00000, 0x0000000087e00000| Untracked 
| 127|0x0000000087f00000, 0x0000000087f00000, 0x0000000088000000|  0%| F|  |TAMS 0x0000000087f00000, 0x0000000087f00000| Untracked 

Card table byte_map: [0x000001b8b2d60000,0x000001b8b3160000] _byte_map_base: 0x000001b8b2960000

Marking Bits (Prev, Next): (CMBitMap*) 0x000001b89bdfa690, (CMBitMap*) 0x000001b89bdfa650
 Prev Bits: [0x000001b8b5560000, 0x000001b8b7560000)
 Next Bits: [0x000001b8b3560000, 0x000001b8b5560000)

Polling page: 0x000001b89b570000

Metaspace:

Usage:
  Non-class:     45.90 MB used.
      Class:      7.33 MB used.
       Both:     53.24 MB used.

Virtual space:
  Non-class space:       48.00 MB reserved,      46.25 MB ( 96%) committed,  6 nodes.
      Class space:        1.00 GB reserved,       7.62 MB ( <1%) committed,  1 nodes.
             Both:        1.05 GB reserved,      53.88 MB (  5%) committed. 

Chunk freelists:
   Non-Class:  912.00 KB
       Class:  224.00 KB
        Both:  1.11 MB

MaxMetaspaceSize: unlimited
CompressedClassSpaceSize: 1.00 GB
Initial GC threshold: 21.00 MB
Current GC threshold: 74.69 MB
CDS: on
MetaspaceReclaimPolicy: balanced
 - commit_granule_bytes: 65536.
 - commit_granule_words: 8192.
 - virtual_space_node_default_size: 1048576.
 - enlarge_chunks_in_place: 1.
 - new_chunks_are_fully_committed: 0.
 - uncommit_free_chunks: 1.
 - use_allocation_guard: 0.
 - handle_deallocations: 1.


Internal statistics:

num_allocs_failed_limit: 6.
num_arena_births: 788.
num_arena_deaths: 0.
num_vsnodes_births: 7.
num_vsnodes_deaths: 0.
num_space_committed: 862.
num_space_uncommitted: 0.
num_chunks_returned_to_freelist: 6.
num_chunks_taken_from_freelist: 2928.
num_chunk_merges: 6.
num_chunk_splits: 1933.
num_chunks_enlarged: 1264.
num_purges: 0.
num_inconsistent_stats: 0.

CodeHeap 'non-profiled nmethods': size=120000Kb used=3391Kb max_used=3543Kb free=116608Kb
 bounds [0x000001b8ab0f0000, 0x000001b8ab470000, 0x000001b8b2620000]
CodeHeap 'profiled nmethods': size=120000Kb used=11347Kb max_used=11398Kb free=108652Kb
 bounds [0x000001b8a3620000, 0x000001b8a4160000, 0x000001b8aab50000]
CodeHeap 'non-nmethods': size=5760Kb used=2351Kb max_used=2444Kb free=3408Kb
 bounds [0x000001b8aab50000, 0x000001b8aade0000, 0x000001b8ab0f0000]
 total_blobs=6758 nmethods=5885 adapters=785
 compilation: enabled
              stopped_count=0, restarted_count=0
 full_count=0

Compilation events (20 events):
Event: 11.420 Thread 0x000001b8ba014860 6689       3       java.math.MutableBigInteger::unsignedLongCompare (20 bytes)
Event: 11.420 Thread 0x000001b8ba014860 nmethod 6689 0x000001b8a36d5290 code [0x000001b8a36d5420, 0x000001b8a36d5598]
Event: 11.421 Thread 0x000001b8bc9aafe0 nmethod 6670% 0x000001b8ab35bc10 code [0x000001b8ab35bda0, 0x000001b8ab35c518]
Event: 11.421 Thread 0x000001b8bc9aafe0 6679       4       java.math.BigInteger::addOne (77 bytes)
Event: 11.422 Thread 0x000001b8ba013dc0 nmethod 6677 0x000001b8ab35b810 code [0x000001b8ab35b9a0, 0x000001b8ab35bab8]
Event: 11.422 Thread 0x000001b8ba013dc0 6613       4       java.lang.reflect.Modifier::isPublic (12 bytes)
Event: 11.422 Thread 0x000001b8ba013dc0 nmethod 6613 0x000001b8ab234c10 code [0x000001b8ab234d80, 0x000001b8ab234dd8]
Event: 11.422 Thread 0x000001b8ba013dc0 6591       4       sun.reflect.misc.ReflectUtil::checkPackageAccess (14 bytes)
Event: 11.423 Thread 0x000001b8ba013dc0 nmethod 6591 0x000001b8ab35b510 code [0x000001b8ab35b680, 0x000001b8ab35b718]
Event: 11.424 Thread 0x000001b8ba013dc0 6616       4       java.lang.String::toLowerCase (8 bytes)
Event: 11.424 Thread 0x000001b8bc9aafe0 nmethod 6679 0x000001b8ab35b110 code [0x000001b8ab35b280, 0x000001b8ab35b3d8]
Event: 11.425 Thread 0x000001b8bc9aafe0 6518       4       com.google.common.reflect.TypeResolver$TypeVariableKey::equalsTypeVariable (48 bytes)
Event: 11.425 Thread 0x000001b8ba014860 6691       1       sun.util.calendar.CalendarDate::getDayOfMonth (5 bytes)
Event: 11.426 Thread 0x000001b8ba014860 nmethod 6691 0x000001b8ab35ae10 code [0x000001b8ab35afa0, 0x000001b8ab35b078]
Event: 11.427 Thread 0x000001b8ba014860 6692       1       sun.util.calendar.BaseCalendar$Date::getCachedJan1 (5 bytes)
Event: 11.427 Thread 0x000001b8ba014860 nmethod 6692 0x000001b8ab35ab10 code [0x000001b8ab35aca0, 0x000001b8ab35ad78]
Event: 11.427 Thread 0x000001b8ba014860 6693  s    1       java.io.ByteArrayOutputStream::size (5 bytes)
Event: 11.427 Thread 0x000001b8ba014860 nmethod 6693 0x000001b8ab35a790 code [0x000001b8ab35a920, 0x000001b8ab35aa98]
Event: 11.427 Thread 0x000001b8ba014860 6694       1       sun.security.util.DerOutputStream::buf (5 bytes)
Event: 11.428 Thread 0x000001b8ba014860 nmethod 6694 0x000001b8ab35a490 code [0x000001b8ab35a620, 0x000001b8ab35a6f8]

GC Heap History (20 events):
Event: 4.122 GC heap after
{Heap after GC invocations=3 (full 0):
 garbage-first heap   total 131072K, used 21004K [0x0000000080000000, 0x0000000100000000)
  region size 1024K, 10 young (10240K), 10 survivors (10240K)
 Metaspace       used 17436K, committed 17792K, reserved 1064960K
  class space    used 2562K, committed 2752K, reserved 1048576K
}
Event: 4.827 GC heap before
{Heap before GC invocations=3 (full 0):
 garbage-first heap   total 131072K, used 60940K [0x0000000080000000, 0x0000000100000000)
  region size 1024K, 39 young (39936K), 10 survivors (10240K)
 Metaspace       used 21114K, committed 21504K, reserved 1073152K
  class space    used 3153K, committed 3328K, reserved 1048576K
}
Event: 4.836 GC heap after
{Heap after GC invocations=4 (full 0):
 garbage-first heap   total 131072K, used 36800K [0x0000000080000000, 0x0000000100000000)
  region size 1024K, 5 young (5120K), 5 survivors (5120K)
 Metaspace       used 21114K, committed 21504K, reserved 1073152K
  class space    used 3153K, committed 3328K, reserved 1048576K
}
Event: 6.135 GC heap before
{Heap before GC invocations=5 (full 0):
 garbage-first heap   total 130048K, used 93120K [0x0000000080000000, 0x0000000100000000)
  region size 1024K, 61 young (62464K), 5 survivors (5120K)
 Metaspace       used 31249K, committed 31744K, reserved 1081344K
  class space    used 4456K, committed 4672K, reserved 1048576K
}
Event: 6.143 GC heap after
{Heap after GC invocations=6 (full 0):
 garbage-first heap   total 130048K, used 42852K [0x0000000080000000, 0x0000000100000000)
  region size 1024K, 6 young (6144K), 6 survivors (6144K)
 Metaspace       used 31249K, committed 31744K, reserved 1081344K
  class space    used 4456K, committed 4672K, reserved 1048576K
}
Event: 6.155 GC heap before
{Heap before GC invocations=6 (full 0):
 garbage-first heap   total 130048K, used 43876K [0x0000000080000000, 0x0000000100000000)
  region size 1024K, 7 young (7168K), 6 survivors (6144K)
 Metaspace       used 31265K, committed 31744K, reserved 1081344K
  class space    used 4456K, committed 4672K, reserved 1048576K
}
Event: 6.161 GC heap after
{Heap after GC invocations=7 (full 0):
 garbage-first heap   total 130048K, used 42571K [0x0000000080000000, 0x0000000100000000)
  region size 1024K, 1 young (1024K), 1 survivors (1024K)
 Metaspace       used 31265K, committed 31744K, reserved 1081344K
  class space    used 4456K, committed 4672K, reserved 1048576K
}
Event: 7.054 GC heap before
{Heap before GC invocations=7 (full 0):
 garbage-first heap   total 130048K, used 102987K [0x0000000080000000, 0x0000000100000000)
  region size 1024K, 52 young (53248K), 1 survivors (1024K)
 Metaspace       used 35663K, committed 36096K, reserved 1081344K
  class space    used 4985K, committed 5184K, reserved 1048576K
}
Event: 7.064 GC heap after
{Heap after GC invocations=8 (full 0):
 garbage-first heap   total 130048K, used 55565K [0x0000000080000000, 0x0000000100000000)
  region size 1024K, 7 young (7168K), 7 survivors (7168K)
 Metaspace       used 35663K, committed 36096K, reserved 1081344K
  class space    used 4985K, committed 5184K, reserved 1048576K
}
Event: 7.939 GC heap before
{Heap before GC invocations=9 (full 0):
 garbage-first heap   total 130048K, used 99597K [0x0000000080000000, 0x0000000100000000)
  region size 1024K, 50 young (51200K), 7 survivors (7168K)
 Metaspace       used 39515K, committed 40128K, reserved 1089536K
  class space    used 5458K, committed 5760K, reserved 1048576K
}
Event: 7.946 GC heap after
{Heap after GC invocations=10 (full 0):
 garbage-first heap   total 130048K, used 59007K [0x0000000080000000, 0x0000000100000000)
  region size 1024K, 4 young (4096K), 4 survivors (4096K)
 Metaspace       used 39515K, committed 40128K, reserved 1089536K
  class space    used 5458K, committed 5760K, reserved 1048576K
}
Event: 8.874 GC heap before
{Heap before GC invocations=10 (full 0):
 garbage-first heap   total 130048K, used 100991K [0x0000000080000000, 0x0000000100000000)
  region size 1024K, 45 young (46080K), 4 survivors (4096K)
 Metaspace       used 44276K, committed 44928K, reserved 1089536K
  class space    used 6238K, committed 6528K, reserved 1048576K
}
Event: 8.882 GC heap after
{Heap after GC invocations=11 (full 0):
 garbage-first heap   total 130048K, used 62007K [0x0000000080000000, 0x0000000100000000)
  region size 1024K, 3 young (3072K), 3 survivors (3072K)
 Metaspace       used 44276K, committed 44928K, reserved 1089536K
  class space    used 6238K, committed 6528K, reserved 1048576K
}
Event: 9.412 GC heap before
{Heap before GC invocations=11 (full 0):
 garbage-first heap   total 130048K, used 91703K [0x0000000080000000, 0x0000000100000000)
  region size 1024K, 34 young (34816K), 3 survivors (3072K)
 Metaspace       used 45095K, committed 45824K, reserved 1089536K
  class space    used 6306K, committed 6656K, reserved 1048576K
}
Event: 9.418 GC heap after
{Heap after GC invocations=12 (full 0):
 garbage-first heap   total 130048K, used 64275K [0x0000000080000000, 0x0000000100000000)
  region size 1024K, 6 young (6144K), 6 survivors (6144K)
 Metaspace       used 45095K, committed 45824K, reserved 1089536K
  class space    used 6306K, committed 6656K, reserved 1048576K
}
Event: 10.215 GC heap before
{Heap before GC invocations=13 (full 0):
 garbage-first heap   total 130048K, used 111379K [0x0000000080000000, 0x0000000100000000)
  region size 1024K, 44 young (45056K), 6 survivors (6144K)
 Metaspace       used 49238K, committed 49920K, reserved 1097728K
  class space    used 6825K, committed 7104K, reserved 1048576K
}
Event: 10.226 GC heap after
{Heap after GC invocations=14 (full 0):
 garbage-first heap   total 130048K, used 80191K [0x0000000080000000, 0x0000000100000000)
  region size 1024K, 6 young (6144K), 6 survivors (6144K)
 Metaspace       used 49238K, committed 49920K, reserved 1097728K
  class space    used 6825K, committed 7104K, reserved 1048576K
}
Event: 10.259 GC heap before
{Heap before GC invocations=14 (full 0):
 garbage-first heap   total 130048K, used 81215K [0x0000000080000000, 0x0000000100000000)
  region size 1024K, 7 young (7168K), 6 survivors (6144K)
 Metaspace       used 49448K, committed 50176K, reserved 1097728K
  class space    used 6845K, committed 7168K, reserved 1048576K
}
Event: 10.264 GC heap after
{Heap after GC invocations=15 (full 0):
 garbage-first heap   total 130048K, used 79998K [0x0000000080000000, 0x0000000100000000)
  region size 1024K, 1 young (1024K), 1 survivors (1024K)
 Metaspace       used 49448K, committed 50176K, reserved 1097728K
  class space    used 6845K, committed 7168K, reserved 1048576K
}
Event: 11.428 GC heap before
{Heap before GC invocations=15 (full 0):
 garbage-first heap   total 130048K, used 106622K [0x0000000080000000, 0x0000000100000000)
  region size 1024K, 28 young (28672K), 1 survivors (1024K)
 Metaspace       used 54513K, committed 55168K, reserved 1097728K
  class space    used 7506K, committed 7808K, reserved 1048576K
}

Deoptimization events (20 events):
Event: 11.388 Thread 0x000001b8bc8e8020 DEOPT PACKING pc=0x000001b8a3934859 sp=0x00000082af3f1d00
Event: 11.388 Thread 0x000001b8bc8e8020 DEOPT UNPACKING pc=0x000001b8aaba2b43 sp=0x00000082af3f1178 mode 0
Event: 11.389 Thread 0x000001b8bc8e8020 DEOPT PACKING pc=0x000001b8a3934892 sp=0x00000082af3f1d00
Event: 11.389 Thread 0x000001b8bc8e8020 DEOPT UNPACKING pc=0x000001b8aaba2b43 sp=0x00000082af3f1178 mode 0
Event: 11.390 Thread 0x000001b8bc8e8020 DEOPT PACKING pc=0x000001b8a3934859 sp=0x00000082af3f1d00
Event: 11.390 Thread 0x000001b8bc8e8020 DEOPT UNPACKING pc=0x000001b8aaba2b43 sp=0x00000082af3f1178 mode 0
Event: 11.390 Thread 0x000001b8bc8e8020 DEOPT PACKING pc=0x000001b8a3934859 sp=0x00000082af3f1d00
Event: 11.390 Thread 0x000001b8bc8e8020 DEOPT UNPACKING pc=0x000001b8aaba2b43 sp=0x00000082af3f1178 mode 0
Event: 11.391 Thread 0x000001b8bc8e8020 DEOPT PACKING pc=0x000001b8a3934892 sp=0x00000082af3f1d00
Event: 11.391 Thread 0x000001b8bc8e8020 DEOPT UNPACKING pc=0x000001b8aaba2b43 sp=0x00000082af3f1178 mode 0
Event: 11.391 Thread 0x000001b8bc8e8020 DEOPT PACKING pc=0x000001b8a3934859 sp=0x00000082af3f1d00
Event: 11.391 Thread 0x000001b8bc8e8020 DEOPT UNPACKING pc=0x000001b8aaba2b43 sp=0x00000082af3f1178 mode 0
Event: 11.421 Thread 0x000001b8bc8e8020 Uncommon trap: trap_request=0xffffffc6 fr.pc=0x000001b8ab2f9534 relative=0x0000000000000934
Event: 11.421 Thread 0x000001b8bc8e8020 Uncommon trap: reason=bimorphic_or_optimized_type_check action=maybe_recompile pc=0x000001b8ab2f9534 method=java.util.regex.Pattern$Start.match(Ljava/util/regex/Matcher;ILjava/lang/CharSequence;)Z @ 44 c2
Event: 11.421 Thread 0x000001b8bc8e8020 DEOPT PACKING pc=0x000001b8ab2f9534 sp=0x00000082af3f1c80
Event: 11.421 Thread 0x000001b8bc8e8020 DEOPT UNPACKING pc=0x000001b8aaba23a3 sp=0x00000082af3f1b60 mode 2
Event: 11.421 Thread 0x000001b8bc8e8020 Uncommon trap: trap_request=0xffffffc6 fr.pc=0x000001b8ab2f9534 relative=0x0000000000000934
Event: 11.421 Thread 0x000001b8bc8e8020 Uncommon trap: reason=bimorphic_or_optimized_type_check action=maybe_recompile pc=0x000001b8ab2f9534 method=java.util.regex.Pattern$Start.match(Ljava/util/regex/Matcher;ILjava/lang/CharSequence;)Z @ 44 c2
Event: 11.421 Thread 0x000001b8bc8e8020 DEOPT PACKING pc=0x000001b8ab2f9534 sp=0x00000082af3f1c80
Event: 11.421 Thread 0x000001b8bc8e8020 DEOPT UNPACKING pc=0x000001b8aaba23a3 sp=0x00000082af3f1b60 mode 2

Classes unloaded (0 events):
No events

Classes redefined (0 events):
No events

Internal exceptions (20 events):
Event: 8.094 Thread 0x000001b8bc8e8020 Exception <a 'java/lang/ClassNotFoundException'{0x00000000878c6bb8}: org/jetbrains/plugins/gradle/model/DependencyAccessorsModelBeanInfo> (0x00000000878c6bb8) 
thrown [s\open\src\hotspot\share\classfile\systemDictionary.cpp, line 256]
Event: 8.094 Thread 0x000001b8bc8e8020 Exception <a 'java/lang/ClassNotFoundException'{0x00000000878cef68}: org/jetbrains/plugins/gradle/model/DependencyAccessorsModelCustomizer> (0x00000000878cef68) 
thrown [s\open\src\hotspot\share\classfile\systemDictionary.cpp, line 256]
Event: 8.235 Thread 0x000001b8bc8e8020 Exception <a 'java/lang/ClassNotFoundException'{0x000000008704c138}: org/gradle/api/internal/project/DefaultProject_DecoratedBeanInfo> (0x000000008704c138) 
thrown [s\open\src\hotspot\share\classfile\systemDictionary.cpp, line 256]
Event: 8.235 Thread 0x000001b8bc8e8020 Exception <a 'java/lang/ClassNotFoundException'{0x0000000087058c90}: org/gradle/api/internal/project/DefaultProjectBeanInfo> (0x0000000087058c90) 
thrown [s\open\src\hotspot\share\classfile\systemDictionary.cpp, line 256]
Event: 8.236 Thread 0x000001b8bc8e8020 Exception <a 'java/lang/ClassNotFoundException'{0x00000000870657f0}: org/gradle/api/internal/project/DefaultProjectCustomizer> (0x00000000870657f0) 
thrown [s\open\src\hotspot\share\classfile\systemDictionary.cpp, line 256]
Event: 8.239 Thread 0x000001b8bc8e8020 Exception <a 'java/lang/ClassNotFoundException'{0x0000000086f0efb8}: org/gradle/api/internal/project/DefaultProject_DecoratedCustomizer> (0x0000000086f0efb8) 
thrown [s\open\src\hotspot\share\classfile\systemDictionary.cpp, line 256]
Event: 8.776 Thread 0x000001b8bc8e8020 Exception <a 'java/lang/NoSuchMethodError'{0x000000008583b698}: 'java.lang.Object java.lang.invoke.DirectMethodHandle$Holder.newInvokeSpecial(java.lang.Object, java.lang.Object, java.lang.Object, java.lang.Object, java.lang.Object, int)'> (0x000000008583b698) 
thrown [s\open\src\hotspot\share\interpreter\linkResolver.cpp, line 759]
Event: 8.776 Thread 0x000001b8bc8e8020 Exception <a 'java/lang/NoSuchMethodError'{0x0000000085840cf0}: 'java.lang.Object java.lang.invoke.DirectMethodHandle$Holder.invokeSpecial(java.lang.Object, java.lang.Object, java.lang.Object, java.lang.Object, java.lang.Object, java.lang.Object, int)'> (0x0000000085840cf0) 
thrown [s\open\src\hotspot\share\interpreter\linkResolver.cpp, line 759]
Event: 8.789 Thread 0x000001b8bc8e8020 Exception <a 'java/lang/NoSuchMethodError'{0x00000000858df2f0}: 'void java.lang.invoke.DirectMethodHandle$Holder.invokeStatic(java.lang.Object, java.lang.Object, java.lang.Object, int, java.lang.Object)'> (0x00000000858df2f0) 
thrown [s\open\src\hotspot\share\interpreter\linkResolver.cpp, line 759]
Event: 9.117 Thread 0x000001b8bc8e8020 Implicit null exception at 0x000001b8ab43f66f to 0x000001b8ab43f8cc
Event: 9.409 Thread 0x000001b8bc8e8020 Implicit null exception at 0x000001b8ab428a12 to 0x000001b8ab429134
Event: 9.409 Thread 0x000001b8bc8e8020 Implicit null exception at 0x000001b8ab429a14 to 0x000001b8ab42a114
Event: 9.681 Thread 0x000001b8bc8e8020 Exception <a 'java/lang/NoSuchMethodError'{0x0000000086ba4270}: 'java.lang.Object java.lang.invoke.DirectMethodHandle$Holder.newInvokeSpecial(java.lang.Object, java.lang.Object, java.lang.Object, java.lang.Object, int)'> (0x0000000086ba4270) 
thrown [s\open\src\hotspot\share\interpreter\linkResolver.cpp, line 759]
Event: 9.682 Thread 0x000001b8bc8e8020 Exception <a 'java/lang/NoSuchMethodError'{0x0000000086ba96b8}: 'java.lang.Object java.lang.invoke.DirectMethodHandle$Holder.invokeSpecial(java.lang.Object, java.lang.Object, java.lang.Object, java.lang.Object, java.lang.Object, int)'> (0x0000000086ba96b8) 
thrown [s\open\src\hotspot\share\interpreter\linkResolver.cpp, line 759]
Event: 9.682 Thread 0x000001b8bc8e8020 Exception <a 'java/lang/NoSuchMethodError'{0x0000000086bae438}: 'java.lang.Object java.lang.invoke.Invokers$Holder.linkToTargetMethod(java.lang.Object, java.lang.Object, java.lang.Object, int, java.lang.Object)'> (0x0000000086bae438) 
thrown [s\open\src\hotspot\share\interpreter\linkResolver.cpp, line 759]
Event: 10.096 Thread 0x000001b8bc8e8020 Exception <a 'java/lang/NoSuchMethodError'{0x00000000857f8ee8}: 'int java.lang.invoke.DirectMethodHandle$Holder.invokeInterface(java.lang.Object, java.lang.Object, java.lang.Object, java.lang.Object)'> (0x00000000857f8ee8) 
thrown [s\open\src\hotspot\share\interpreter\linkResolver.cpp, line 759]
Event: 10.760 Thread 0x000001b8bc8e8020 Exception <a 'java/lang/IncompatibleClassChangeError'{0x0000000086e9f430}: Found class java.lang.Object, but interface was expected> (0x0000000086e9f430) 
thrown [s\open\src\hotspot\share\interpreter\linkResolver.cpp, line 826]
Event: 10.923 Thread 0x000001b8bc8e8020 Implicit null exception at 0x000001b8ab1352d4 to 0x000001b8ab135480
Event: 10.923 Thread 0x000001b8bc8e8020 Implicit null exception at 0x000001b8ab3ab480 to 0x000001b8ab3ac388
Event: 11.325 Thread 0x000001b8bc8e8020 Implicit null exception at 0x000001b8ab2da08c to 0x000001b8ab2da1c2

VM Operations (20 events):
Event: 9.418 Executing VM operation: G1TryInitiateConcMark done
Event: 9.468 Executing VM operation: G1Concurrent
Event: 9.472 Executing VM operation: G1Concurrent done
Event: 9.496 Executing VM operation: G1Concurrent
Event: 9.496 Executing VM operation: G1Concurrent done
Event: 10.081 Executing VM operation: HandshakeAllThreads
Event: 10.082 Executing VM operation: HandshakeAllThreads done
Event: 10.094 Executing VM operation: HandshakeAllThreads
Event: 10.094 Executing VM operation: HandshakeAllThreads done
Event: 10.215 Executing VM operation: G1CollectForAllocation
Event: 10.226 Executing VM operation: G1CollectForAllocation done
Event: 10.259 Executing VM operation: G1CollectForAllocation
Event: 10.265 Executing VM operation: G1CollectForAllocation done
Event: 11.251 Executing VM operation: HandshakeAllThreads
Event: 11.252 Executing VM operation: HandshakeAllThreads done
Event: 11.350 Executing VM operation: HandshakeAllThreads
Event: 11.351 Executing VM operation: HandshakeAllThreads done
Event: 11.351 Executing VM operation: Cleanup
Event: 11.352 Executing VM operation: Cleanup done
Event: 11.428 Executing VM operation: G1CollectForAllocation

Events (20 events):
Event: 11.420 loading class sun/security/util/ConstraintsParameters done
Event: 11.420 loading class sun/security/util/JarConstraintsParameters done
Event: 11.421 loading class java/security/interfaces/ECKey
Event: 11.421 loading class java/security/interfaces/ECKey done
Event: 11.421 loading class java/security/interfaces/XECKey
Event: 11.421 loading class java/security/interfaces/XECKey done
Event: 11.421 loading class sun/security/util/KeyUtil
Event: 11.422 loading class sun/security/util/KeyUtil done
Event: 11.422 loading class sun/security/util/Length
Event: 11.422 loading class sun/security/util/Length done
Event: 11.422 loading class javax/crypto/SecretKey
Event: 11.422 loading class javax/crypto/SecretKey done
Event: 11.422 loading class java/security/cert/CertPathValidatorException
Event: 11.422 loading class java/security/cert/CertPathValidatorException done
Event: 11.423 loading class java/security/cert/CertPathValidatorException$BasicReason
Event: 11.423 loading class java/security/cert/CertPathValidatorException$Reason
Event: 11.423 loading class java/security/cert/CertPathValidatorException$Reason done
Event: 11.423 loading class java/security/cert/CertPathValidatorException$BasicReason done
Event: 11.423 loading class java/security/SignatureException
Event: 11.423 loading class java/security/SignatureException done


Dynamic libraries:
0x00007ff788290000 - 0x00007ff7882a0000 	C:\Program Files\Java\jdk-17\bin\java.exe
0x00007ffcf15f0000 - 0x00007ffcf1804000 	C:\WINDOWS\SYSTEM32\ntdll.dll
0x00007ffcf0180000 - 0x00007ffcf0244000 	C:\WINDOWS\System32\KERNEL32.DLL
0x00007ffceeab0000 - 0x00007ffceee54000 	C:\WINDOWS\System32\KERNELBASE.dll
0x00007ffcef140000 - 0x00007ffcef251000 	C:\WINDOWS\System32\ucrtbase.dll
0x00007ffcd8c80000 - 0x00007ffcd8c9b000 	C:\Program Files\Java\jdk-17\bin\VCRUNTIME140.dll
0x00007ffcd8c30000 - 0x00007ffcd8c48000 	C:\Program Files\Java\jdk-17\bin\jli.dll
0x00007ffcefd80000 - 0x00007ffcefe30000 	C:\WINDOWS\System32\ADVAPI32.dll
0x00007ffcef380000 - 0x00007ffcef427000 	C:\WINDOWS\System32\msvcrt.dll
0x00007ffcef510000 - 0x00007ffcef5b6000 	C:\WINDOWS\System32\sechost.dll
0x00007ffcef5d0000 - 0x00007ffcef6e7000 	C:\WINDOWS\System32\RPCRT4.dll
0x00007ffcf1400000 - 0x00007ffcf15ae000 	C:\WINDOWS\System32\USER32.dll
0x00007ffcd4c40000 - 0x00007ffcd4ed3000 	C:\WINDOWS\WinSxS\amd64_microsoft.windows.common-controls_6595b64144ccf1df_6.0.22621.2215_none_270d72677387dfc3\COMCTL32.dll
0x00007ffcef090000 - 0x00007ffcef0b6000 	C:\WINDOWS\System32\win32u.dll
0x00007ffcf1210000 - 0x00007ffcf1239000 	C:\WINDOWS\System32\GDI32.dll
0x00007ffcef260000 - 0x00007ffcef378000 	C:\WINDOWS\System32\gdi32full.dll
0x00007ffceea10000 - 0x00007ffceeaaa000 	C:\WINDOWS\System32\msvcp_win.dll
0x00007ffce80f0000 - 0x00007ffce80fa000 	C:\WINDOWS\SYSTEM32\VERSION.dll
0x00007ffcef8f0000 - 0x00007ffcef921000 	C:\WINDOWS\System32\IMM32.DLL
0x00007ffcdc410000 - 0x00007ffcdc41c000 	C:\Program Files\Java\jdk-17\bin\vcruntime140_1.dll
0x00007ffcd6b20000 - 0x00007ffcd6bae000 	C:\Program Files\Java\jdk-17\bin\msvcp140.dll
0x00007ffcaea40000 - 0x00007ffcaf617000 	C:\Program Files\Java\jdk-17\bin\server\jvm.dll
0x00007ffcef5c0000 - 0x00007ffcef5c8000 	C:\WINDOWS\System32\PSAPI.DLL
0x00007ffce80b0000 - 0x00007ffce80e4000 	C:\WINDOWS\SYSTEM32\WINMM.dll
0x00007ffce8d30000 - 0x00007ffce8d39000 	C:\WINDOWS\SYSTEM32\WSOCK32.dll
0x00007ffcf0900000 - 0x00007ffcf0971000 	C:\WINDOWS\System32\WS2_32.dll
0x00007ffced9a0000 - 0x00007ffced9b8000 	C:\WINDOWS\SYSTEM32\kernel.appcore.dll
0x00007ffcd9730000 - 0x00007ffcd973a000 	C:\Program Files\Java\jdk-17\bin\jimage.dll
0x00007ffcec360000 - 0x00007ffcec58e000 	C:\WINDOWS\SYSTEM32\DBGHELP.DLL
0x00007ffcef9a0000 - 0x00007ffcefd2a000 	C:\WINDOWS\System32\combase.dll
0x00007ffcef430000 - 0x00007ffcef507000 	C:\WINDOWS\System32\OLEAUT32.dll
0x00007ffcd0740000 - 0x00007ffcd0772000 	C:\WINDOWS\SYSTEM32\dbgcore.DLL
0x00007ffcef0c0000 - 0x00007ffcef13a000 	C:\WINDOWS\System32\bcryptPrimitives.dll
0x00007ffcd7200000 - 0x00007ffcd7225000 	C:\Program Files\Java\jdk-17\bin\java.dll
0x00007ffcb2660000 - 0x00007ffcb2737000 	C:\Program Files\Java\jdk-17\bin\jsvml.dll
0x00007ffcf09b0000 - 0x00007ffcf11d3000 	C:\WINDOWS\System32\SHELL32.dll
0x00007ffcec930000 - 0x00007ffced21a000 	C:\WINDOWS\SYSTEM32\windows.storage.dll
0x00007ffcec7f0000 - 0x00007ffcec92e000 	C:\WINDOWS\SYSTEM32\wintypes.dll
0x00007ffcefe30000 - 0x00007ffceff23000 	C:\WINDOWS\System32\SHCORE.dll
0x00007ffcef940000 - 0x00007ffcef99e000 	C:\WINDOWS\System32\shlwapi.dll
0x00007ffcee8d0000 - 0x00007ffcee8f6000 	C:\WINDOWS\SYSTEM32\profapi.dll
0x00007ffcd6e60000 - 0x00007ffcd6e79000 	C:\Program Files\Java\jdk-17\bin\net.dll
0x00007ffce7850000 - 0x00007ffce7987000 	C:\WINDOWS\SYSTEM32\WINHTTP.dll
0x00007ffcedf10000 - 0x00007ffcedf79000 	C:\WINDOWS\system32\mswsock.dll
0x00007ffcd6c00000 - 0x00007ffcd6c16000 	C:\Program Files\Java\jdk-17\bin\nio.dll
0x00007ffcd6a70000 - 0x00007ffcd6a88000 	C:\Program Files\Java\jdk-17\bin\zip.dll
0x00007ffcd8c20000 - 0x00007ffcd8c30000 	C:\Program Files\Java\jdk-17\bin\verify.dll
0x00007ffcd8200000 - 0x00007ffcd8227000 	C:\Users\ASUS\.gradle\native\68d5fa5c4cc2d200863cafc0d521ce42e7d3e7ee720ec0a83991735586a16f82\windows-amd64\native-platform.dll
0x00007ffcb0fd0000 - 0x00007ffcb1114000 	C:\Users\ASUS\.gradle\native\e376f236ea51e6404a007f0833ffe2c6e607c4080706a723a18a27aeea778392\windows-amd64\native-platform-file-events.dll
0x00007ffcd8740000 - 0x00007ffcd874a000 	C:\Program Files\Java\jdk-17\bin\management.dll
0x00007ffcd81d0000 - 0x00007ffcd81db000 	C:\Program Files\Java\jdk-17\bin\management_ext.dll
0x00007ffcee1c0000 - 0x00007ffcee1db000 	C:\WINDOWS\SYSTEM32\CRYPTSP.dll
0x00007ffced960000 - 0x00007ffced995000 	C:\WINDOWS\system32\rsaenh.dll
0x00007ffcee050000 - 0x00007ffcee07c000 	C:\WINDOWS\SYSTEM32\USERENV.dll
0x00007ffcee370000 - 0x00007ffcee398000 	C:\WINDOWS\SYSTEM32\bcrypt.dll
0x00007ffcee1b0000 - 0x00007ffcee1bc000 	C:\WINDOWS\SYSTEM32\CRYPTBASE.dll
0x00007ffced480000 - 0x00007ffced4ad000 	C:\WINDOWS\SYSTEM32\IPHLPAPI.DLL
0x00007ffcef930000 - 0x00007ffcef939000 	C:\WINDOWS\System32\NSI.dll
0x00007ffce8100000 - 0x00007ffce8119000 	C:\WINDOWS\SYSTEM32\dhcpcsvc6.DLL
0x00007ffce7c60000 - 0x00007ffce7c7f000 	C:\WINDOWS\SYSTEM32\dhcpcsvc.DLL
0x00007ffced4f0000 - 0x00007ffced5e2000 	C:\WINDOWS\SYSTEM32\DNSAPI.dll
0x00007ffcd71b0000 - 0x00007ffcd71bd000 	C:\Program Files\Java\jdk-17\bin\sunmscapi.dll
0x00007ffceef20000 - 0x00007ffcef086000 	C:\WINDOWS\System32\CRYPT32.dll
0x00007ffcee340000 - 0x00007ffcee36e000 	C:\WINDOWS\SYSTEM32\ncrypt.dll
0x00007ffcee300000 - 0x00007ffcee337000 	C:\WINDOWS\SYSTEM32\NTASN1.dll
0x00007ffce91c0000 - 0x00007ffce91c8000 	C:\WINDOWS\system32\wshunix.dll

dbghelp: loaded successfully - version: 4.0.5 - missing functions: none
symbol engine: initialized successfully - sym options: 0x614 - pdb path: .;C:\Program Files\Java\jdk-17\bin;C:\WINDOWS\SYSTEM32;C:\WINDOWS\WinSxS\amd64_microsoft.windows.common-controls_6595b64144ccf1df_6.0.22621.2215_none_270d72677387dfc3;C:\Program Files\Java\jdk-17\bin\server;C:\Users\ASUS\.gradle\native\68d5fa5c4cc2d200863cafc0d521ce42e7d3e7ee720ec0a83991735586a16f82\windows-amd64;C:\Users\ASUS\.gradle\native\e376f236ea51e6404a007f0833ffe2c6e607c4080706a723a18a27aeea778392\windows-amd64

VM Arguments:
jvm_args: --add-opens=java.base/java.util=ALL-UNNAMED --add-opens=java.base/java.lang=ALL-UNNAMED --add-opens=java.base/java.lang.invoke=ALL-UNNAMED --add-opens=java.prefs/java.util.prefs=ALL-UNNAMED --add-opens=java.base/java.nio.charset=ALL-UNNAMED --add-opens=java.base/java.net=ALL-UNNAMED --add-opens=java.base/java.util.concurrent.atomic=ALL-UNNAMED -Xmx2048m -Dfile.encoding=UTF-8 -Duser.country=US -Duser.language=en -Duser.variant 
java_command: org.gradle.launcher.daemon.bootstrap.GradleDaemon 8.0.2
java_class_path (initial): C:\Users\ASUS\.gradle\wrapper\dists\gradle-8.0.2-bin\25jlreiuz6u3xu2phlpa2vv4m\gradle-8.0.2\lib\gradle-launcher-8.0.2.jar
Launcher Type: SUN_STANDARD

[Global flags]
     intx CICompilerCount                          = 4                                         {product} {ergonomic}
     uint ConcGCThreads                            = 2                                         {product} {ergonomic}
     uint G1ConcRefinementThreads                  = 8                                         {product} {ergonomic}
   size_t G1HeapRegionSize                         = 1048576                                   {product} {ergonomic}
    uintx GCDrainStackTargetSize                   = 64                                        {product} {ergonomic}
   size_t InitialHeapSize                          = 134217728                                 {product} {ergonomic}
   size_t MarkStackSize                            = 4194304                                   {product} {ergonomic}
   size_t MaxHeapSize                              = 2147483648                                {product} {command line}
   size_t MaxNewSize                               = 1287651328                                {product} {ergonomic}
   size_t MinHeapDeltaBytes                        = 1048576                                   {product} {ergonomic}
   size_t MinHeapSize                              = 8388608                                   {product} {ergonomic}
    uintx NonNMethodCodeHeapSize                   = 5839372                                {pd product} {ergonomic}
    uintx NonProfiledCodeHeapSize                  = 122909434                              {pd product} {ergonomic}
    uintx ProfiledCodeHeapSize                     = 122909434                              {pd product} {ergonomic}
    uintx ReservedCodeCacheSize                    = 251658240                              {pd product} {ergonomic}
     bool SegmentedCodeCache                       = true                                      {product} {ergonomic}
   size_t SoftMaxHeapSize                          = 2147483648                             {manageable} {ergonomic}
     bool UseCompressedClassPointers               = true                           {product lp64_product} {ergonomic}
     bool UseCompressedOops                        = true                           {product lp64_product} {ergonomic}
     bool UseG1GC                                  = true                                      {product} {ergonomic}
     bool UseLargePagesIndividualAllocation        = false                                  {pd product} {ergonomic}

Logging:
Log output configuration:
 #0: stdout all=warning uptime,level,tags
 #1: stderr all=off uptime,level,tags

Environment Variables:
PATH=C:\Program Files\Common Files\Oracle\Java\javapath;C:\Python310\Scripts\;C:\Python310\;C:\Program Files (x86)\Common Files\Intel\Shared Files\cpp\bin\Intel64;C:\Program Files (x86)\Intel\iCLS Client\;C:\Program Files\Intel\iCLS Client\;C:\Windows\system32;C:\Windows;C:\Windows\System32\Wbem;C:\Windows\System32\WindowsPowerShell\v1.0\;C:\Windows\System32\OpenSSH\;C:\Program Files (x86)\Intel\Intel(R) Management Engine Components\DAL;C:\Program Files\Intel\Intel(R) Management Engine Components\DAL;C:\Program Files (x86)\Intel\Intel(R) Management Engine Components\IPT;C:\Program Files\Intel\Intel(R) Management Engine Components\IPT;C:\Program Files (x86)\NVIDIA Corporation\PhysX\Common;C:\Program Files\Microsoft VS Code\bin;C:\ProgramData\chocolatey\bin;C:\WINDOWS\system32;C:\WINDOWS;C:\WINDOWS\System32\Wbem;C:\WINDOWS\System32\WindowsPowerShell\v1.0\;C:\WINDOWS\System32\OpenSSH\;C:\xampp\php;C:\ProgramData\ComposerSetup\bin;D:\Git\cmd;C:\Users\ASUS\AppData\Roaming\nvm;C:\Program Files\nodejs;C:\Users\ASUS\AppData\Roaming\npm;C:\Users\ASUS\AppData\Roaming\nvm;C:\Program Files\nodejs\;C:\Program Files\dotnet\;C:\Users\ASUS\AppData\Local\Microsoft\WindowsApps;;D:\IntelliJ IDEA 2023.2\bin;
USERNAME=ASUS
OS=Windows_NT
PROCESSOR_IDENTIFIER=Intel64 Family 6 Model 142 Stepping 10, GenuineIntel



---------------  S Y S T E M  ---------------

OS:
 Windows 11 , 64 bit Build 22621 (10.0.22621.2215)
OS uptime: 0 days 3:40 hours

CPU: total 8 (initial active 8) (4 cores per cpu, 2 threads per core) family 6 model 142 stepping 10 microcode 0xe0, cx8, cmov, fxsr, ht, mmx, 3dnowpref, sse, sse2, sse3, ssse3, sse4.1, sse4.2, popcnt, lzcnt, tsc, tscinvbit, avx, avx2, aes, erms, clmul, bmi1, bmi2, adx, fma, vzeroupper, clflush, clflushopt

Memory: 4k page, system-wide physical 8074M (965M free)
TotalPageFile size 8521M (AvailPageFile size 24M)
current process WorkingSet (physical memory assigned to process): 315M, peak: 335M
current process commit charge ("private bytes"): 362M, peak: 387M

vm_info: Java HotSpot(TM) 64-Bit Server VM (17.0.6+9-LTS-190) for windows-amd64 JRE (17.0.6+9-LTS-190), built on Dec  6 2022 15:53:54 by "mach5one" with MS VC++ 17.1 (VS2022)

END.
