#
# There is insufficient memory for the Java Runtime Environment to continue.
# Native memory allocation (malloc) failed to allocate 361696 bytes for Chunk::new
# Possible reasons:
#   The system is out of physical RAM or swap space
#   The process is running with CompressedOops enabled, and the Java Heap may be blocking the growth of the native heap
# Possible solutions:
#   Reduce memory load on the system
#   Increase physical memory or swap space
#   Check if swap backing store is full
#   Decrease Java heap size (-Xmx/-Xms)
#   Decrease number of Java threads
#   Decrease Java thread stack sizes (-Xss)
#   Set larger code cache with -XX:ReservedCodeCacheSize=
#   JVM is running with Unscaled Compressed Oops mode in which the Java heap is
#     placed in the first 4GB address space. The Java Heap base address is the
#     maximum limit for the native heap growth. Please use -XX:HeapBaseMinAddress
#     to set the Java Heap base and to place the Java Heap above 4GB virtual address.
# This output file may be truncated or incomplete.
#
#  Out of Memory Error (arena.cpp:189), pid=17620, tid=27140
#
# JRE version: Java(TM) SE Runtime Environment (17.0.6+9) (build 17.0.6+9-LTS-190)
# Java VM: Java HotSpot(TM) 64-Bit Server VM (17.0.6+9-LTS-190, mixed mode, sharing, tiered, compressed oops, compressed class ptrs, g1 gc, windows-amd64)
# No core dump will be written. Minidumps are not enabled by default on client versions of Windows
#

---------------  S U M M A R Y ------------

Command Line: org.jetbrains.kotlin.cli.jvm.K2JVMCompiler @D:\Aplikasi_DBandeng\app\build\20231017_11354448779911918957.compiler.options

Host: Intel(R) Core(TM) i5-8250U CPU @ 1.60GHz, 8 cores, 7G,  Windows 11 , 64 bit Build 22621 (10.0.22621.2428)
Time: Tue Oct 17 14:02:58 2023 SE Asia Standard Time elapsed time: 3.115451 seconds (0d 0h 0m 3s)

---------------  T H R E A D  ---------------

Current thread (0x00000247c0f72770):  JavaThread "C2 CompilerThread0" daemon [_thread_in_native, id=27140, stack(0x000000a792b00000,0x000000a792c00000)]


Current CompileTask:
C2:   3115 3318   !   4       java.util.concurrent.ConcurrentHashMap::computeIfAbsent (576 bytes)

Stack: [0x000000a792b00000,0x000000a792c00000]
Native frames: (J=compiled Java code, j=interpreted, Vv=VM code, C=native code)
V  [jvm.dll+0x6734ea]
V  [jvm.dll+0x7d18f4]
V  [jvm.dll+0x7d309e]
V  [jvm.dll+0x7d3703]
V  [jvm.dll+0x2433c5]
V  [jvm.dll+0xaa46b]
V  [jvm.dll+0xaaa0c]
V  [jvm.dll+0x35eb2e]
V  [jvm.dll+0x329401]
V  [jvm.dll+0x32889a]
V  [jvm.dll+0x215ddf]
V  [jvm.dll+0x215211]
V  [jvm.dll+0x1a1730]
V  [jvm.dll+0x224b6e]
V  [jvm.dll+0x222f15]
V  [jvm.dll+0x78753c]
V  [jvm.dll+0x781a7a]
V  [jvm.dll+0x672375]
C  [ucrtbase.dll+0x29363]
C  [KERNEL32.DLL+0x1257d]
C  [ntdll.dll+0x5aa78]


---------------  P R O C E S S  ---------------

Threads class SMR info:
_java_thread_list=0x00000247c361f530, length=14, elements={
0x00000247a2e7de10, 0x00000247c0f56670, 0x00000247c0f574e0, 0x00000247c0f6d3b0,
0x00000247c0f6df60, 0x00000247c0f70a20, 0x00000247c0f713d0, 0x00000247c0f72770,
0x00000247c0f7fc50, 0x00000247c0f8b130, 0x00000247c19d7440, 0x00000247c19de970,
0x00000247c19f4bc0, 0x00000247c244c080
}

Java Threads: ( => current thread )
  0x00000247a2e7de10 JavaThread "main" [_thread_in_vm, id=27100, stack(0x000000a791e00000,0x000000a791f00000)]
  0x00000247c0f56670 JavaThread "Reference Handler" daemon [_thread_blocked, id=26980, stack(0x000000a792500000,0x000000a792600000)]
  0x00000247c0f574e0 JavaThread "Finalizer" daemon [_thread_blocked, id=25124, stack(0x000000a792600000,0x000000a792700000)]
  0x00000247c0f6d3b0 JavaThread "Signal Dispatcher" daemon [_thread_blocked, id=17904, stack(0x000000a792700000,0x000000a792800000)]
  0x00000247c0f6df60 JavaThread "Attach Listener" daemon [_thread_blocked, id=25108, stack(0x000000a792800000,0x000000a792900000)]
  0x00000247c0f70a20 JavaThread "Service Thread" daemon [_thread_blocked, id=5132, stack(0x000000a792900000,0x000000a792a00000)]
  0x00000247c0f713d0 JavaThread "Monitor Deflation Thread" daemon [_thread_blocked, id=21232, stack(0x000000a792a00000,0x000000a792b00000)]
=>0x00000247c0f72770 JavaThread "C2 CompilerThread0" daemon [_thread_in_native, id=27140, stack(0x000000a792b00000,0x000000a792c00000)]
  0x00000247c0f7fc50 JavaThread "C1 CompilerThread0" daemon [_thread_blocked, id=24720, stack(0x000000a792c00000,0x000000a792d00000)]
  0x00000247c0f8b130 JavaThread "Sweeper thread" daemon [_thread_blocked, id=24560, stack(0x000000a792d00000,0x000000a792e00000)]
  0x00000247c19d7440 JavaThread "Notification Thread" daemon [_thread_blocked, id=20260, stack(0x000000a792e00000,0x000000a792f00000)]
  0x00000247c19de970 JavaThread "Common-Cleaner" daemon [_thread_blocked, id=22488, stack(0x000000a793000000,0x000000a793100000)]
  0x00000247c19f4bc0 JavaThread "C2 CompilerThread1" daemon [_thread_in_native, id=18396, stack(0x000000a793100000,0x000000a793200000)]
  0x00000247c244c080 JavaThread "C2 CompilerThread2" daemon [_thread_in_native, id=26708, stack(0x000000a793900000,0x000000a793a00000)]

Other Threads:
  0x00000247c0f50a70 VMThread "VM Thread" [stack: 0x000000a792400000,0x000000a792500000] [id=9032]
  0x00000247a2f00ca0 WatcherThread [stack: 0x000000a792f00000,0x000000a793000000] [id=25588]
  0x00000247a2ed88a0 GCTaskThread "GC Thread#0" [stack: 0x000000a791f00000,0x000000a792000000] [id=27276]
  0x00000247c1e7e4c0 GCTaskThread "GC Thread#1" [stack: 0x000000a793200000,0x000000a793300000] [id=12556]
  0x00000247c1e17200 GCTaskThread "GC Thread#2" [stack: 0x000000a793300000,0x000000a793400000] [id=14356]
  0x00000247c1f184b0 GCTaskThread "GC Thread#3" [stack: 0x000000a793400000,0x000000a793500000] [id=29384]
  0x00000247c1f18760 GCTaskThread "GC Thread#4" [stack: 0x000000a793500000,0x000000a793600000] [id=26172]
  0x00000247c1f18a10 GCTaskThread "GC Thread#5" [stack: 0x000000a793600000,0x000000a793700000] [id=16340]
  0x00000247c24757e0 GCTaskThread "GC Thread#6" [stack: 0x000000a793700000,0x000000a793800000] [id=25448]
  0x00000247c2475d40 GCTaskThread "GC Thread#7" [stack: 0x000000a793800000,0x000000a793900000] [id=27040]
  0x00000247a2ee9460 ConcurrentGCThread "G1 Main Marker" [stack: 0x000000a792000000,0x000000a792100000] [id=21732]
  0x00000247a2eea610 ConcurrentGCThread "G1 Conc#0" [stack: 0x000000a792100000,0x000000a792200000] [id=16292]
  0x00000247c2474d20 ConcurrentGCThread "G1 Conc#1" [stack: 0x000000a793a00000,0x000000a793b00000] [id=8400]
  0x00000247c0e124c0 ConcurrentGCThread "G1 Refine#0" [stack: 0x000000a792200000,0x000000a792300000] [id=21768]
  0x00000247c31541a0 ConcurrentGCThread "G1 Refine#1" [stack: 0x000000a793b00000,0x000000a793c00000] [id=26880]
  0x00000247c3153620 ConcurrentGCThread "G1 Refine#2" [stack: 0x000000a793c00000,0x000000a793d00000] [id=27144]
  0x00000247c0e12ee0 ConcurrentGCThread "G1 Service" [stack: 0x000000a792300000,0x000000a792400000] [id=25176]

Threads with active compile tasks:
C2 CompilerThread0     3149 3318   !   4       java.util.concurrent.ConcurrentHashMap::computeIfAbsent (576 bytes)
C2 CompilerThread1     3149 2960       4       jdk.internal.loader.ClassLoaders$AppClassLoader::loadClass (40 bytes)
C2 CompilerThread2     3149 2925       4       java.lang.ClassLoader::loadClass (7 bytes)

VM state: not at safepoint (normal execution)

VM Mutex/Monitor currently owned by a thread: None

Heap address: 0x0000000081c00000, size: 2020 MB, Compressed Oops mode: 32-bit

CDS archive(s) mapped at: [0x0000000800000000-0x0000000800bd0000-0x0000000800bd0000), size 12386304, SharedBaseAddress: 0x0000000800000000, ArchiveRelocationMode: 0.
Compressed class space mapped at: 0x0000000800c00000-0x0000000840c00000, reserved size: 1073741824
Narrow klass base: 0x0000000800000000, Narrow klass shift: 0, Narrow klass range: 0x100000000

GC Precious Log:
 CPUs: 8 total, 8 available
 Memory: 8074M
 Large Page Support: Disabled
 NUMA Support: Disabled
 Compressed Oops: Enabled (32-bit)
 Heap Region Size: 1M
 Heap Min Capacity: 8M
 Heap Initial Capacity: 128M
 Heap Max Capacity: 2020M
 Pre-touch: Disabled
 Parallel Workers: 8
 Concurrent Workers: 2
 Concurrent Refinement Workers: 8
 Periodic GC: Disabled

Heap:
 garbage-first heap   total 99328K, used 31973K [0x0000000081c00000, 0x0000000100000000)
  region size 1024K, 11 young (11264K), 6 survivors (6144K)
 Metaspace       used 37018K, committed 37248K, reserved 1089536K
  class space    used 4628K, committed 4736K, reserved 1048576K

Heap Regions: E=young(eden), S=young(survivor), O=old, HS=humongous(starts), HC=humongous(continues), CS=collection set, F=free, OA=open archive, CA=closed archive, TAMS=top-at-mark-start (previous, next)
|   0|0x0000000081c00000, 0x0000000081d00000, 0x0000000081d00000|100%|HS|  |TAMS 0x0000000081d00000, 0x0000000081c00000| Complete 
|   1|0x0000000081d00000, 0x0000000081e00000, 0x0000000081e00000|100%|HC|  |TAMS 0x0000000081e00000, 0x0000000081d00000| Complete 
|   2|0x0000000081e00000, 0x0000000081f00000, 0x0000000081f00000|100%|HC|  |TAMS 0x0000000081f00000, 0x0000000081e00000| Complete 
|   3|0x0000000081f00000, 0x0000000082000000, 0x0000000082000000|100%|HC|  |TAMS 0x0000000082000000, 0x0000000081f00000| Complete 
|   4|0x0000000082000000, 0x0000000082100000, 0x0000000082100000|100%| O|  |TAMS 0x0000000082100000, 0x0000000082000000| Untracked 
|   5|0x0000000082100000, 0x0000000082200000, 0x0000000082200000|100%| O|  |TAMS 0x0000000082200000, 0x0000000082100000| Untracked 
|   6|0x0000000082200000, 0x0000000082200000, 0x0000000082300000|  0%| F|  |TAMS 0x0000000082200000, 0x0000000082200000| Untracked 
|   7|0x0000000082300000, 0x0000000082400000, 0x0000000082400000|100%|HS|  |TAMS 0x0000000082400000, 0x0000000082300000| Complete 
|   8|0x0000000082400000, 0x0000000082500000, 0x0000000082500000|100%|HC|  |TAMS 0x0000000082500000, 0x0000000082400000| Complete 
|   9|0x0000000082500000, 0x0000000082600000, 0x0000000082600000|100%|HC|  |TAMS 0x0000000082600000, 0x0000000082500000| Complete 
|  10|0x0000000082600000, 0x0000000082700000, 0x0000000082700000|100%|HC|  |TAMS 0x0000000082700000, 0x0000000082600000| Complete 
|  11|0x0000000082700000, 0x0000000082700000, 0x0000000082800000|  0%| F|  |TAMS 0x0000000082700000, 0x0000000082700000| Untracked 
|  12|0x0000000082800000, 0x0000000082800000, 0x0000000082900000|  0%| F|  |TAMS 0x0000000082800000, 0x0000000082800000| Untracked 
|  13|0x0000000082900000, 0x0000000082a00000, 0x0000000082a00000|100%| O|  |TAMS 0x0000000082a00000, 0x0000000082900000| Untracked 
|  14|0x0000000082a00000, 0x0000000082b00000, 0x0000000082b00000|100%| O|  |TAMS 0x0000000082b00000, 0x0000000082a00000| Untracked 
|  15|0x0000000082b00000, 0x0000000082c00000, 0x0000000082c00000|100%| O|  |TAMS 0x0000000082c00000, 0x0000000082b00000| Untracked 
|  16|0x0000000082c00000, 0x0000000082d00000, 0x0000000082d00000|100%| O|  |TAMS 0x0000000082d00000, 0x0000000082c00000| Untracked 
|  17|0x0000000082d00000, 0x0000000082e00000, 0x0000000082e00000|100%| O|  |TAMS 0x0000000082e00000, 0x0000000082d00000| Untracked 
|  18|0x0000000082e00000, 0x0000000082f00000, 0x0000000082f00000|100%| O|  |TAMS 0x0000000082f00000, 0x0000000082e00000| Untracked 
|  19|0x0000000082f00000, 0x0000000082f00000, 0x0000000083000000|  0%| F|  |TAMS 0x0000000082f00000, 0x0000000082f00000| Untracked 
|  20|0x0000000083000000, 0x0000000083000000, 0x0000000083100000|  0%| F|  |TAMS 0x0000000083000000, 0x0000000083000000| Untracked 
|  21|0x0000000083100000, 0x0000000083100000, 0x0000000083200000|  0%| F|  |TAMS 0x0000000083100000, 0x0000000083100000| Untracked 
|  22|0x0000000083200000, 0x0000000083200000, 0x0000000083300000|  0%| F|  |TAMS 0x0000000083200000, 0x0000000083200000| Untracked 
|  23|0x0000000083300000, 0x0000000083300000, 0x0000000083400000|  0%| F|  |TAMS 0x0000000083300000, 0x0000000083300000| Untracked 
|  24|0x0000000083400000, 0x0000000083500000, 0x0000000083500000|100%| O|  |TAMS 0x0000000083500000, 0x0000000083400000| Untracked 
|  25|0x0000000083500000, 0x0000000083600000, 0x0000000083600000|100%| O|  |TAMS 0x0000000083600000, 0x0000000083500000| Untracked 
|  26|0x0000000083600000, 0x0000000083700000, 0x0000000083700000|100%| O|  |TAMS 0x0000000083700000, 0x0000000083600000| Untracked 
|  27|0x0000000083700000, 0x0000000083800000, 0x0000000083800000|100%| O|  |TAMS 0x0000000083800000, 0x0000000083700000| Untracked 
|  28|0x0000000083800000, 0x0000000083900000, 0x0000000083900000|100%| O|  |TAMS 0x0000000083900000, 0x0000000083800000| Untracked 
|  29|0x0000000083900000, 0x0000000083a00000, 0x0000000083a00000|100%| O|  |TAMS 0x0000000083a00000, 0x0000000083900000| Untracked 
|  30|0x0000000083a00000, 0x0000000083a00000, 0x0000000083b00000|  0%| F|  |TAMS 0x0000000083a00000, 0x0000000083a00000| Untracked 
|  31|0x0000000083b00000, 0x0000000083b00000, 0x0000000083c00000|  0%| F|  |TAMS 0x0000000083b00000, 0x0000000083b00000| Untracked 
|  32|0x0000000083c00000, 0x0000000083c00000, 0x0000000083d00000|  0%| F|  |TAMS 0x0000000083c00000, 0x0000000083c00000| Untracked 
|  33|0x0000000083d00000, 0x0000000083d00000, 0x0000000083e00000|  0%| F|  |TAMS 0x0000000083d00000, 0x0000000083d00000| Untracked 
|  34|0x0000000083e00000, 0x0000000083e00000, 0x0000000083f00000|  0%| F|  |TAMS 0x0000000083e00000, 0x0000000083e00000| Untracked 
|  35|0x0000000083f00000, 0x0000000083f00000, 0x0000000084000000|  0%| F|  |TAMS 0x0000000083f00000, 0x0000000083f00000| Untracked 
|  36|0x0000000084000000, 0x0000000084000000, 0x0000000084100000|  0%| F|  |TAMS 0x0000000084000000, 0x0000000084000000| Untracked 
|  37|0x0000000084100000, 0x0000000084100000, 0x0000000084200000|  0%| F|  |TAMS 0x0000000084100000, 0x0000000084100000| Untracked 
|  38|0x0000000084200000, 0x0000000084200000, 0x0000000084300000|  0%| F|  |TAMS 0x0000000084200000, 0x0000000084200000| Untracked 
|  39|0x0000000084300000, 0x0000000084300000, 0x0000000084400000|  0%| F|  |TAMS 0x0000000084300000, 0x0000000084300000| Untracked 
|  40|0x0000000084400000, 0x0000000084400000, 0x0000000084500000|  0%| F|  |TAMS 0x0000000084400000, 0x0000000084400000| Untracked 
|  41|0x0000000084500000, 0x0000000084500000, 0x0000000084600000|  0%| F|  |TAMS 0x0000000084500000, 0x0000000084500000| Untracked 
|  42|0x0000000084600000, 0x0000000084600000, 0x0000000084700000|  0%| F|  |TAMS 0x0000000084600000, 0x0000000084600000| Untracked 
|  43|0x0000000084700000, 0x0000000084700000, 0x0000000084800000|  0%| F|  |TAMS 0x0000000084700000, 0x0000000084700000| Untracked 
|  44|0x0000000084800000, 0x0000000084800000, 0x0000000084900000|  0%| F|  |TAMS 0x0000000084800000, 0x0000000084800000| Untracked 
|  45|0x0000000084900000, 0x0000000084900000, 0x0000000084a00000|  0%| F|  |TAMS 0x0000000084900000, 0x0000000084900000| Untracked 
|  46|0x0000000084a00000, 0x0000000084a00000, 0x0000000084b00000|  0%| F|  |TAMS 0x0000000084a00000, 0x0000000084a00000| Untracked 
|  47|0x0000000084b00000, 0x0000000084b00000, 0x0000000084c00000|  0%| F|  |TAMS 0x0000000084b00000, 0x0000000084b00000| Untracked 
|  48|0x0000000084c00000, 0x0000000084c00000, 0x0000000084d00000|  0%| F|  |TAMS 0x0000000084c00000, 0x0000000084c00000| Untracked 
|  49|0x0000000084d00000, 0x0000000084d00000, 0x0000000084e00000|  0%| F|  |TAMS 0x0000000084d00000, 0x0000000084d00000| Untracked 
|  50|0x0000000084e00000, 0x0000000084e00000, 0x0000000084f00000|  0%| F|  |TAMS 0x0000000084e00000, 0x0000000084e00000| Untracked 
|  51|0x0000000084f00000, 0x0000000084f00000, 0x0000000085000000|  0%| F|  |TAMS 0x0000000084f00000, 0x0000000084f00000| Untracked 
|  52|0x0000000085000000, 0x0000000085000000, 0x0000000085100000|  0%| F|  |TAMS 0x0000000085000000, 0x0000000085000000| Untracked 
|  53|0x0000000085100000, 0x0000000085100000, 0x0000000085200000|  0%| F|  |TAMS 0x0000000085100000, 0x0000000085100000| Untracked 
|  54|0x0000000085200000, 0x0000000085200000, 0x0000000085300000|  0%| F|  |TAMS 0x0000000085200000, 0x0000000085200000| Untracked 
|  55|0x0000000085300000, 0x0000000085300000, 0x0000000085400000|  0%| F|  |TAMS 0x0000000085300000, 0x0000000085300000| Untracked 
|  56|0x0000000085400000, 0x0000000085400000, 0x0000000085500000|  0%| F|  |TAMS 0x0000000085400000, 0x0000000085400000| Untracked 
|  57|0x0000000085500000, 0x0000000085500000, 0x0000000085600000|  0%| F|  |TAMS 0x0000000085500000, 0x0000000085500000| Untracked 
|  58|0x0000000085600000, 0x0000000085600000, 0x0000000085700000|  0%| F|  |TAMS 0x0000000085600000, 0x0000000085600000| Untracked 
|  59|0x0000000085700000, 0x0000000085700000, 0x0000000085800000|  0%| F|  |TAMS 0x0000000085700000, 0x0000000085700000| Untracked 
|  60|0x0000000085800000, 0x0000000085800000, 0x0000000085900000|  0%| F|  |TAMS 0x0000000085800000, 0x0000000085800000| Untracked 
|  61|0x0000000085900000, 0x0000000085900000, 0x0000000085a00000|  0%| F|  |TAMS 0x0000000085900000, 0x0000000085900000| Untracked 
|  62|0x0000000085a00000, 0x0000000085a00000, 0x0000000085b00000|  0%| F|  |TAMS 0x0000000085a00000, 0x0000000085a00000| Untracked 
|  63|0x0000000085b00000, 0x0000000085b00000, 0x0000000085c00000|  0%| F|  |TAMS 0x0000000085b00000, 0x0000000085b00000| Untracked 
|  64|0x0000000085c00000, 0x0000000085c00000, 0x0000000085d00000|  0%| F|  |TAMS 0x0000000085c00000, 0x0000000085c00000| Untracked 
|  65|0x0000000085d00000, 0x0000000085d00000, 0x0000000085e00000|  0%| F|  |TAMS 0x0000000085d00000, 0x0000000085d00000| Untracked 
|  66|0x0000000085e00000, 0x0000000085e00000, 0x0000000085f00000|  0%| F|  |TAMS 0x0000000085e00000, 0x0000000085e00000| Untracked 
|  67|0x0000000085f00000, 0x0000000085f00000, 0x0000000086000000|  0%| F|  |TAMS 0x0000000085f00000, 0x0000000085f00000| Untracked 
|  68|0x0000000086000000, 0x0000000086000000, 0x0000000086100000|  0%| F|  |TAMS 0x0000000086000000, 0x0000000086000000| Untracked 
|  69|0x0000000086100000, 0x0000000086100000, 0x0000000086200000|  0%| F|  |TAMS 0x0000000086100000, 0x0000000086100000| Untracked 
|  70|0x0000000086200000, 0x0000000086200000, 0x0000000086300000|  0%| F|  |TAMS 0x0000000086200000, 0x0000000086200000| Untracked 
|  71|0x0000000086300000, 0x0000000086300000, 0x0000000086400000|  0%| F|  |TAMS 0x0000000086300000, 0x0000000086300000| Untracked 
|  72|0x0000000086400000, 0x0000000086400000, 0x0000000086500000|  0%| F|  |TAMS 0x0000000086400000, 0x0000000086400000| Untracked 
|  73|0x0000000086500000, 0x0000000086500000, 0x0000000086600000|  0%| F|  |TAMS 0x0000000086500000, 0x0000000086500000| Untracked 
|  74|0x0000000086600000, 0x0000000086600000, 0x0000000086700000|  0%| F|  |TAMS 0x0000000086600000, 0x0000000086600000| Untracked 
|  75|0x0000000086700000, 0x0000000086700000, 0x0000000086800000|  0%| F|  |TAMS 0x0000000086700000, 0x0000000086700000| Untracked 
|  76|0x0000000086800000, 0x0000000086800000, 0x0000000086900000|  0%| F|  |TAMS 0x0000000086800000, 0x0000000086800000| Untracked 
|  77|0x0000000086900000, 0x0000000086900000, 0x0000000086a00000|  0%| F|  |TAMS 0x0000000086900000, 0x0000000086900000| Untracked 
|  78|0x0000000086a00000, 0x0000000086a00000, 0x0000000086b00000|  0%| F|  |TAMS 0x0000000086a00000, 0x0000000086a00000| Untracked 
|  79|0x0000000086b00000, 0x0000000086b00000, 0x0000000086c00000|  0%| F|  |TAMS 0x0000000086b00000, 0x0000000086b00000| Untracked 
|  80|0x0000000086c00000, 0x0000000086c00000, 0x0000000086d00000|  0%| F|  |TAMS 0x0000000086c00000, 0x0000000086c00000| Untracked 
|  81|0x0000000086d00000, 0x0000000086d00000, 0x0000000086e00000|  0%| F|  |TAMS 0x0000000086d00000, 0x0000000086d00000| Untracked 
|  82|0x0000000086e00000, 0x0000000086e00000, 0x0000000086f00000|  0%| F|  |TAMS 0x0000000086e00000, 0x0000000086e00000| Untracked 
|  83|0x0000000086f00000, 0x0000000086f00000, 0x0000000087000000|  0%| F|  |TAMS 0x0000000086f00000, 0x0000000086f00000| Untracked 
|  84|0x0000000087000000, 0x0000000087000000, 0x0000000087100000|  0%| F|  |TAMS 0x0000000087000000, 0x0000000087000000| Untracked 
|  85|0x0000000087100000, 0x0000000087100000, 0x0000000087200000|  0%| F|  |TAMS 0x0000000087100000, 0x0000000087100000| Untracked 
|  86|0x0000000087200000, 0x0000000087300000, 0x0000000087300000|100%| E|  |TAMS 0x0000000087200000, 0x0000000087200000| Complete 
|  87|0x0000000087300000, 0x0000000087400000, 0x0000000087400000|100%| E|CS|TAMS 0x0000000087300000, 0x0000000087300000| Complete 
|  88|0x0000000087400000, 0x00000000874394f8, 0x0000000087500000| 22%| S|CS|TAMS 0x0000000087400000, 0x0000000087400000| Complete 
|  89|0x0000000087500000, 0x0000000087600000, 0x0000000087600000|100%| S|CS|TAMS 0x0000000087500000, 0x0000000087500000| Complete 
|  90|0x0000000087600000, 0x0000000087700000, 0x0000000087700000|100%| S|CS|TAMS 0x0000000087600000, 0x0000000087600000| Complete 
|  91|0x0000000087700000, 0x0000000087800000, 0x0000000087800000|100%| S|CS|TAMS 0x0000000087700000, 0x0000000087700000| Complete 
|  92|0x0000000087800000, 0x0000000087900000, 0x0000000087900000|100%| S|CS|TAMS 0x0000000087800000, 0x0000000087800000| Complete 
|  93|0x0000000087900000, 0x0000000087a00000, 0x0000000087a00000|100%| S|CS|TAMS 0x0000000087900000, 0x0000000087900000| Complete 
|  94|0x0000000087a00000, 0x0000000087b00000, 0x0000000087b00000|100%| E|CS|TAMS 0x0000000087a00000, 0x0000000087a00000| Complete 
|  95|0x0000000087b00000, 0x0000000087c00000, 0x0000000087c00000|100%| E|CS|TAMS 0x0000000087b00000, 0x0000000087b00000| Complete 
| 127|0x0000000089b00000, 0x0000000089c00000, 0x0000000089c00000|100%| E|CS|TAMS 0x0000000089b00000, 0x0000000089b00000| Complete 

Card table byte_map: [0x00000247b9e40000,0x00000247ba240000] _byte_map_base: 0x00000247b9a32000

Marking Bits (Prev, Next): (CMBitMap*) 0x00000247a2ed8eb0, (CMBitMap*) 0x00000247a2ed8ef0
 Prev Bits: [0x00000247ba640000, 0x00000247bc5d0000)
 Next Bits: [0x00000247bc5d0000, 0x00000247be560000)

Polling page: 0x00000247a0ff0000

Metaspace:

Usage:
  Non-class:     31.66 MB used.
      Class:      4.52 MB used.
       Both:     36.18 MB used.

Virtual space:
  Non-class space:       40.00 MB reserved,      31.81 MB ( 80%) committed,  5 nodes.
      Class space:        1.00 GB reserved,       4.62 MB ( <1%) committed,  1 nodes.
             Both:        1.04 GB reserved,      36.44 MB (  3%) committed. 

Chunk freelists:
   Non-Class:  3.55 MB
       Class:  3.41 MB
        Both:  6.95 MB

MaxMetaspaceSize: unlimited
CompressedClassSpaceSize: 1.00 GB
Initial GC threshold: 21.00 MB
Current GC threshold: 58.88 MB
CDS: on
MetaspaceReclaimPolicy: balanced
 - commit_granule_bytes: 65536.
 - commit_granule_words: 8192.
 - virtual_space_node_default_size: 1048576.
 - enlarge_chunks_in_place: 1.
 - new_chunks_are_fully_committed: 0.
 - uncommit_free_chunks: 1.
 - use_allocation_guard: 0.
 - handle_deallocations: 1.


Internal statistics:

num_allocs_failed_limit: 6.
num_arena_births: 210.
num_arena_deaths: 0.
num_vsnodes_births: 6.
num_vsnodes_deaths: 0.
num_space_committed: 581.
num_space_uncommitted: 0.
num_chunks_returned_to_freelist: 6.
num_chunks_taken_from_freelist: 1454.
num_chunk_merges: 6.
num_chunk_splits: 1185.
num_chunks_enlarged: 1048.
num_purges: 0.
num_inconsistent_stats: 0.

CodeHeap 'non-profiled nmethods': size=120000Kb used=1517Kb max_used=1517Kb free=118482Kb
 bounds [0x00000247b21d0000, 0x00000247b2440000, 0x00000247b9700000]
CodeHeap 'profiled nmethods': size=120000Kb used=6293Kb max_used=6293Kb free=113706Kb
 bounds [0x00000247aa700000, 0x00000247aad30000, 0x00000247b1c30000]
CodeHeap 'non-nmethods': size=5760Kb used=1278Kb max_used=1325Kb free=4481Kb
 bounds [0x00000247b1c30000, 0x00000247b1ea0000, 0x00000247b21d0000]
 total_blobs=3930 nmethods=3340 adapters=501
 compilation: enabled
              stopped_count=0, restarted_count=0
 full_count=0

Compilation events (20 events):
Event: 3.069 Thread 0x00000247c0f7fc50 nmethod 3315 0x00000247aad16290 code [0x00000247aad16440, 0x00000247aad166b8]
Event: 3.069 Thread 0x00000247c0f7fc50 3316       3       java.util.concurrent.locks.ReentrantLock::tryLock (13 bytes)
Event: 3.069 Thread 0x00000247c0f7fc50 nmethod 3316 0x00000247aad16790 code [0x00000247aad16940, 0x00000247aad16ad8]
Event: 3.081 Thread 0x00000247c0f72770 3317       4       java.util.ArrayDeque::poll (5 bytes)
Event: 3.082 Thread 0x00000247c0f7fc50 3319       3       org.jetbrains.kotlin.com.intellij.util.containers.ConcurrentIntObjectHashMap$Node::<init> (26 bytes)
Event: 3.083 Thread 0x00000247c0f7fc50 nmethod 3319 0x00000247aad16c10 code [0x00000247aad16dc0, 0x00000247aad16ff8]
Event: 3.083 Thread 0x00000247c0f72770 nmethod 3317 0x00000247b234a610 code [0x00000247b234a780, 0x00000247b234a898]
Event: 3.083 Thread 0x00000247c0f72770 3318   !   4       java.util.concurrent.ConcurrentHashMap::computeIfAbsent (576 bytes)
Event: 3.091 Thread 0x00000247c0f7fc50 3320       1       org.jetbrains.kotlin.resolve.ImportPath::isAllUnder (5 bytes)
Event: 3.091 Thread 0x00000247c0f7fc50 nmethod 3320 0x00000247b234a990 code [0x00000247b234ab20, 0x00000247b234abf8]
Event: 3.091 Thread 0x00000247c0f7fc50 3321       3       org.jetbrains.kotlin.storage.DefaultSimpleLock::unlock (10 bytes)
Event: 3.091 Thread 0x00000247c0f7fc50 nmethod 3321 0x00000247aad17110 code [0x00000247aad172c0, 0x00000247aad17488]
Event: 3.101 Thread 0x00000247c0f7fc50 3323       3       org.jetbrains.kotlin.psi.KtDotQualifiedExpression::getSelectorExpression (37 bytes)
Event: 3.102 Thread 0x00000247c0f7fc50 nmethod 3323 0x00000247aad17590 code [0x00000247aad17760, 0x00000247aad17c18]
Event: 3.102 Thread 0x00000247c0f7fc50 3324       3       org.jetbrains.kotlin.psi.KtQualifiedExpression::getSelectorExpression (6 bytes)
Event: 3.102 Thread 0x00000247c0f7fc50 nmethod 3324 0x00000247aad17e10 code [0x00000247aad17fc0, 0x00000247aad18168]
Event: 3.107 Thread 0x00000247c0f7fc50 3325   !   3       org.jetbrains.kotlin.storage.LockBasedStorageManager$MapBasedMemoizedFunction::invoke (356 bytes)
Event: 3.110 Thread 0x00000247c0f7fc50 nmethod 3325 0x00000247aad18290 code [0x00000247aad18740, 0x00000247aad1a548]
Event: 3.112 Thread 0x00000247c0f7fc50 3326       3       kotlin.collections.CollectionsKt__CollectionsKt::getLastIndex (15 bytes)
Event: 3.112 Thread 0x00000247c0f7fc50 nmethod 3326 0x00000247aad1b490 code [0x00000247aad1b6a0, 0x00000247aad1bce8]

GC Heap History (14 events):
Event: 0.489 GC heap before
{Heap before GC invocations=0 (full 0):
 garbage-first heap   total 131072K, used 27648K [0x0000000081c00000, 0x0000000100000000)
  region size 1024K, 23 young (23552K), 0 survivors (0K)
 Metaspace       used 6558K, committed 6720K, reserved 1064960K
  class space    used 660K, committed 768K, reserved 1048576K
}
Event: 0.492 GC heap after
{Heap after GC invocations=1 (full 0):
 garbage-first heap   total 131072K, used 6994K [0x0000000081c00000, 0x0000000100000000)
  region size 1024K, 3 young (3072K), 3 survivors (3072K)
 Metaspace       used 6558K, committed 6720K, reserved 1064960K
  class space    used 660K, committed 768K, reserved 1048576K
}
Event: 1.010 GC heap before
{Heap before GC invocations=1 (full 0):
 garbage-first heap   total 131072K, used 40786K [0x0000000081c00000, 0x0000000100000000)
  region size 1024K, 36 young (36864K), 3 survivors (3072K)
 Metaspace       used 13512K, committed 13696K, reserved 1064960K
  class space    used 1557K, committed 1664K, reserved 1048576K
}
Event: 1.018 GC heap after
{Heap after GC invocations=2 (full 0):
 garbage-first heap   total 131072K, used 10421K [0x0000000081c00000, 0x0000000100000000)
  region size 1024K, 4 young (4096K), 4 survivors (4096K)
 Metaspace       used 13512K, committed 13696K, reserved 1064960K
  class space    used 1557K, committed 1664K, reserved 1048576K
}
Event: 1.504 GC heap before
{Heap before GC invocations=2 (full 0):
 garbage-first heap   total 131072K, used 41141K [0x0000000081c00000, 0x0000000100000000)
  region size 1024K, 31 young (31744K), 4 survivors (4096K)
 Metaspace       used 21290K, committed 21504K, reserved 1073152K
  class space    used 2793K, committed 2880K, reserved 1048576K
}
Event: 1.511 GC heap after
{Heap after GC invocations=3 (full 0):
 garbage-first heap   total 131072K, used 16856K [0x0000000081c00000, 0x0000000100000000)
  region size 1024K, 6 young (6144K), 6 survivors (6144K)
 Metaspace       used 21290K, committed 21504K, reserved 1073152K
  class space    used 2793K, committed 2880K, reserved 1048576K
}
Event: 2.056 GC heap before
{Heap before GC invocations=4 (full 0):
 garbage-first heap   total 61440K, used 49624K [0x0000000081c00000, 0x0000000100000000)
  region size 1024K, 36 young (36864K), 6 survivors (6144K)
 Metaspace       used 25795K, committed 26048K, reserved 1073152K
  class space    used 3479K, committed 3584K, reserved 1048576K
}
Event: 2.074 GC heap after
{Heap after GC invocations=5 (full 0):
 garbage-first heap   total 61440K, used 24013K [0x0000000081c00000, 0x0000000100000000)
  region size 1024K, 5 young (5120K), 5 survivors (5120K)
 Metaspace       used 25795K, committed 26048K, reserved 1073152K
  class space    used 3479K, committed 3584K, reserved 1048576K
}
Event: 2.092 GC heap before
{Heap before GC invocations=5 (full 0):
 garbage-first heap   total 61440K, used 24013K [0x0000000081c00000, 0x0000000100000000)
  region size 1024K, 6 young (6144K), 5 survivors (5120K)
 Metaspace       used 26037K, committed 26240K, reserved 1073152K
  class space    used 3506K, committed 3584K, reserved 1048576K
}
Event: 2.100 GC heap after
{Heap after GC invocations=6 (full 0):
 garbage-first heap   total 61440K, used 25584K [0x0000000081c00000, 0x0000000100000000)
  region size 1024K, 1 young (1024K), 1 survivors (1024K)
 Metaspace       used 26037K, committed 26240K, reserved 1073152K
  class space    used 3506K, committed 3584K, reserved 1048576K
}
Event: 2.437 GC heap before
{Heap before GC invocations=6 (full 0):
 garbage-first heap   total 61440K, used 46064K [0x0000000081c00000, 0x0000000100000000)
  region size 1024K, 22 young (22528K), 1 survivors (1024K)
 Metaspace       used 29910K, committed 30144K, reserved 1081344K
  class space    used 3916K, committed 4032K, reserved 1048576K
}
Event: 2.444 GC heap after
{Heap after GC invocations=7 (full 0):
 garbage-first heap   total 122880K, used 25351K [0x0000000081c00000, 0x0000000100000000)
  region size 1024K, 3 young (3072K), 3 survivors (3072K)
 Metaspace       used 29910K, committed 30144K, reserved 1081344K
  class space    used 3916K, committed 4032K, reserved 1048576K
}
Event: 2.991 GC heap before
{Heap before GC invocations=7 (full 0):
 garbage-first heap   total 122880K, used 50951K [0x0000000081c00000, 0x0000000100000000)
  region size 1024K, 29 young (29696K), 3 survivors (3072K)
 Metaspace       used 35769K, committed 35968K, reserved 1081344K
  class space    used 4443K, committed 4544K, reserved 1048576K
}
Event: 3.001 GC heap after
{Heap after GC invocations=8 (full 0):
 garbage-first heap   total 122880K, used 27877K [0x0000000081c00000, 0x0000000100000000)
  region size 1024K, 6 young (6144K), 6 survivors (6144K)
 Metaspace       used 35769K, committed 35968K, reserved 1081344K
  class space    used 4443K, committed 4544K, reserved 1048576K
}

Deoptimization events (20 events):
Event: 2.844 Thread 0x00000247a2e7de10 Uncommon trap: trap_request=0xffffffde fr.pc=0x00000247b2302ee0 relative=0x0000000000000ee0
Event: 2.844 Thread 0x00000247a2e7de10 Uncommon trap: reason=class_check action=maybe_recompile pc=0x00000247b2302ee0 method=java.util.HashMap.putVal(ILjava/lang/Object;Ljava/lang/Object;ZZ)Ljava/lang/Object; @ 203 c2
Event: 2.844 Thread 0x00000247a2e7de10 DEOPT PACKING pc=0x00000247b2302ee0 sp=0x000000a791efcf60
Event: 2.844 Thread 0x00000247a2e7de10 DEOPT UNPACKING pc=0x00000247b1c823a3 sp=0x000000a791efcef0 mode 2
Event: 2.848 Thread 0x00000247a2e7de10 Uncommon trap: trap_request=0xffffffde fr.pc=0x00000247b2302ee0 relative=0x0000000000000ee0
Event: 2.848 Thread 0x00000247a2e7de10 Uncommon trap: reason=class_check action=maybe_recompile pc=0x00000247b2302ee0 method=java.util.HashMap.putVal(ILjava/lang/Object;Ljava/lang/Object;ZZ)Ljava/lang/Object; @ 203 c2
Event: 2.848 Thread 0x00000247a2e7de10 DEOPT PACKING pc=0x00000247b2302ee0 sp=0x000000a791efcf60
Event: 2.848 Thread 0x00000247a2e7de10 DEOPT UNPACKING pc=0x00000247b1c823a3 sp=0x000000a791efcef0 mode 2
Event: 2.865 Thread 0x00000247a2e7de10 Uncommon trap: trap_request=0xffffffde fr.pc=0x00000247b2302ee0 relative=0x0000000000000ee0
Event: 2.865 Thread 0x00000247a2e7de10 Uncommon trap: reason=class_check action=maybe_recompile pc=0x00000247b2302ee0 method=java.util.HashMap.putVal(ILjava/lang/Object;Ljava/lang/Object;ZZ)Ljava/lang/Object; @ 203 c2
Event: 2.865 Thread 0x00000247a2e7de10 DEOPT PACKING pc=0x00000247b2302ee0 sp=0x000000a791efcf60
Event: 2.865 Thread 0x00000247a2e7de10 DEOPT UNPACKING pc=0x00000247b1c823a3 sp=0x000000a791efcef0 mode 2
Event: 2.881 Thread 0x00000247a2e7de10 Uncommon trap: trap_request=0xffffffde fr.pc=0x00000247b2302ee0 relative=0x0000000000000ee0
Event: 2.881 Thread 0x00000247a2e7de10 Uncommon trap: reason=class_check action=maybe_recompile pc=0x00000247b2302ee0 method=java.util.HashMap.putVal(ILjava/lang/Object;Ljava/lang/Object;ZZ)Ljava/lang/Object; @ 203 c2
Event: 2.881 Thread 0x00000247a2e7de10 DEOPT PACKING pc=0x00000247b2302ee0 sp=0x000000a791efcf60
Event: 2.881 Thread 0x00000247a2e7de10 DEOPT UNPACKING pc=0x00000247b1c823a3 sp=0x000000a791efcef0 mode 2
Event: 2.937 Thread 0x00000247a2e7de10 Uncommon trap: trap_request=0xffffff45 fr.pc=0x00000247b233c570 relative=0x0000000000000ef0
Event: 2.937 Thread 0x00000247a2e7de10 Uncommon trap: reason=unstable_if action=reinterpret pc=0x00000247b233c570 method=org.jetbrains.kotlin.lexer._JetLexer.advance()Lorg/jetbrains/kotlin/com/intellij/psi/tree/IElementType; @ 403 c2
Event: 2.937 Thread 0x00000247a2e7de10 DEOPT PACKING pc=0x00000247b233c570 sp=0x000000a791efc8b0
Event: 2.937 Thread 0x00000247a2e7de10 DEOPT UNPACKING pc=0x00000247b1c823a3 sp=0x000000a791efc840 mode 2

Classes unloaded (0 events):
No events

Classes redefined (0 events):
No events

Internal exceptions (20 events):
Event: 0.803 Thread 0x00000247a2e7de10 Exception <a 'java/lang/NoSuchMethodError'{0x0000000088721d80}: 'int java.lang.invoke.DelegatingMethodHandle$Holder.reinvoke_L(java.lang.Object, java.lang.Object, java.lang.Object, long, int)'> (0x0000000088721d80) 
thrown [s\open\src\hotspot\share\interpreter\linkResolver.cpp, line 759]
Event: 0.876 Thread 0x00000247a2e7de10 Exception <a 'java/lang/NoSuchMethodError'{0x000000008817f968}: 'java.lang.Object java.lang.invoke.DirectMethodHandle$Holder.invokeStaticInit(java.lang.Object)'> (0x000000008817f968) 
thrown [s\open\src\hotspot\share\interpreter\linkResolver.cpp, line 759]
Event: 0.975 Thread 0x00000247a2e7de10 Exception <a 'java/lang/NoSuchMethodError'{0x0000000087a4e458}: 'java.lang.Object java.lang.invoke.DirectMethodHandle$Holder.invokeStaticInit(java.lang.Object, int)'> (0x0000000087a4e458) 
thrown [s\open\src\hotspot\share\interpreter\linkResolver.cpp, line 759]
Event: 0.982 Thread 0x00000247a2e7de10 Exception <a 'java/lang/NoSuchMethodError'{0x0000000087ad79d8}: 'void java.lang.invoke.DirectMethodHandle$Holder.invokeStatic(java.lang.Object, java.lang.Object)'> (0x0000000087ad79d8) 
thrown [s\open\src\hotspot\share\interpreter\linkResolver.cpp, line 759]
Event: 0.999 Thread 0x00000247a2e7de10 Exception <a 'java/lang/NoSuchMethodError'{0x0000000087812670}: 'long java.lang.invoke.DirectMethodHandle$Holder.invokeStatic(java.lang.Object)'> (0x0000000087812670) 
thrown [s\open\src\hotspot\share\interpreter\linkResolver.cpp, line 759]
Event: 0.999 Thread 0x00000247a2e7de10 Exception <a 'java/lang/NoSuchMethodError'{0x0000000087815dc8}: 'long java.lang.invoke.DirectMethodHandle$Holder.invokeStaticInit(java.lang.Object)'> (0x0000000087815dc8) 
thrown [s\open\src\hotspot\share\interpreter\linkResolver.cpp, line 759]
Event: 1.056 Thread 0x00000247a2e7de10 Exception <a 'java/lang/NoSuchMethodError'{0x00000000898103d8}: 'int java.lang.invoke.DirectMethodHandle$Holder.invokeStaticInit(java.lang.Object, java.lang.Object, java.lang.Object)'> (0x00000000898103d8) 
thrown [s\open\src\hotspot\share\interpreter\linkResolver.cpp, line 759]
Event: 1.059 Thread 0x00000247a2e7de10 Exception <a 'java/lang/NoSuchMethodError'{0x0000000089838aa0}: 'int java.lang.invoke.DirectMethodHandle$Holder.invokeStaticInit(java.lang.Object, java.lang.Object)'> (0x0000000089838aa0) 
thrown [s\open\src\hotspot\share\interpreter\linkResolver.cpp, line 759]
Event: 1.074 Thread 0x00000247a2e7de10 Exception <a 'java/lang/NoSuchMethodError'{0x0000000089713ff0}: 'void java.lang.invoke.DirectMethodHandle$Holder.invokeSpecial(java.lang.Object, java.lang.Object, java.lang.Object)'> (0x0000000089713ff0) 
thrown [s\open\src\hotspot\share\interpreter\linkResolver.cpp, line 759]
Event: 1.159 Thread 0x00000247a2e7de10 Exception <a 'java/lang/NoSuchMethodError'{0x0000000089458358}: 'java.lang.Object java.lang.invoke.DirectMethodHandle$Holder.invokeInterface(java.lang.Object, java.lang.Object)'> (0x0000000089458358) 
thrown [s\open\src\hotspot\share\interpreter\linkResolver.cpp, line 759]
Event: 1.285 Thread 0x00000247a2e7de10 Exception <a 'java/lang/NoSuchMethodError'{0x0000000088df70f0}: 'void java.lang.invoke.DirectMethodHandle$Holder.invokeStatic(java.lang.Object, java.lang.Object, java.lang.Object, java.lang.Object)'> (0x0000000088df70f0) 
thrown [s\open\src\hotspot\share\interpreter\linkResolver.cpp, line 759]
Event: 1.342 Thread 0x00000247a2e7de10 Exception <a 'java/lang/NoSuchMethodError'{0x00000000889a1f90}: 'void java.lang.invoke.DirectMethodHandle$Holder.invokeStaticInit(java.lang.Object, java.lang.Object)'> (0x00000000889a1f90) 
thrown [s\open\src\hotspot\share\interpreter\linkResolver.cpp, line 759]
Event: 1.407 Thread 0x00000247a2e7de10 Exception <a 'java/lang/NoSuchMethodError'{0x00000000885c2b80}: 'void java.lang.invoke.DirectMethodHandle$Holder.invokeVirtual(java.lang.Object, java.lang.Object)'> (0x00000000885c2b80) 
thrown [s\open\src\hotspot\share\interpreter\linkResolver.cpp, line 759]
Event: 1.416 Thread 0x00000247a2e7de10 Exception <a 'java/lang/NoSuchMethodError'{0x000000008844c760}: 'int java.lang.invoke.DirectMethodHandle$Holder.invokeVirtual(java.lang.Object, java.lang.Object)'> (0x000000008844c760) 
thrown [s\open\src\hotspot\share\interpreter\linkResolver.cpp, line 759]
Event: 1.434 Thread 0x00000247a2e7de10 Exception <a 'java/lang/NoSuchMethodError'{0x00000000884f2028}: 'java.lang.Object java.lang.invoke.Invokers$Holder.invokeExact_MT(java.lang.Object, java.lang.Object, java.lang.Object, java.lang.Object, java.lang.Object, java.lang.Object)'> (0x00000000884f2028) 
thrown [s\open\src\hotspot\share\interpreter\linkResolver.cpp, line 759]
Event: 2.146 Thread 0x00000247a2e7de10 Exception <a 'java/lang/NoSuchMethodError'{0x0000000087d4b680}: 'java.lang.Object java.lang.invoke.DirectMethodHandle$Holder.invokeVirtual(java.lang.Object, java.lang.Object, java.lang.Object)'> (0x0000000087d4b680) 
thrown [s\open\src\hotspot\share\interpreter\linkResolver.cpp, line 759]
Event: 2.869 Thread 0x00000247a2e7de10 Exception <a 'java/lang/NoSuchMethodError'{0x0000000087d850c8}: 'java.lang.Object java.lang.invoke.DirectMethodHandle$Holder.newInvokeSpecial(java.lang.Object, java.lang.Object, int)'> (0x0000000087d850c8) 
thrown [s\open\src\hotspot\share\interpreter\linkResolver.cpp, line 759]
Event: 3.025 Thread 0x00000247a2e7de10 Exception <a 'java/lang/NoSuchMethodError'{0x0000000089b74608}: 'java.lang.Object java.lang.invoke.DirectMethodHandle$Holder.newInvokeSpecial(java.lang.Object, java.lang.Object, java.lang.Object, int)'> (0x0000000089b74608) 
thrown [s\open\src\hotspot\share\interpreter\linkResolver.cpp, line 759]
Event: 3.026 Thread 0x00000247a2e7de10 Exception <a 'java/lang/NoSuchMethodError'{0x0000000089b78c90}: 'java.lang.Object java.lang.invoke.DirectMethodHandle$Holder.invokeSpecial(java.lang.Object, java.lang.Object, java.lang.Object, java.lang.Object, int)'> (0x0000000089b78c90) 
thrown [s\open\src\hotspot\share\interpreter\linkResolver.cpp, line 759]
Event: 3.026 Thread 0x00000247a2e7de10 Exception <a 'java/lang/NoSuchMethodError'{0x0000000089b7cb00}: 'java.lang.Object java.lang.invoke.Invokers$Holder.linkToTargetMethod(java.lang.Object, java.lang.Object, int, java.lang.Object)'> (0x0000000089b7cb00) 
thrown [s\open\src\hotspot\share\interpreter\linkResolver.cpp, line 759]

VM Operations (20 events):
Event: 2.056 Executing VM operation: G1CollectForAllocation
Event: 2.074 Executing VM operation: G1CollectForAllocation done
Event: 2.092 Executing VM operation: G1CollectForAllocation
Event: 2.100 Executing VM operation: G1CollectForAllocation done
Event: 2.437 Executing VM operation: G1CollectForAllocation
Event: 2.444 Executing VM operation: G1CollectForAllocation done
Event: 2.451 Executing VM operation: HandshakeAllThreads
Event: 2.451 Executing VM operation: HandshakeAllThreads done
Event: 2.983 Executing VM operation: HandshakeAllThreads
Event: 2.983 Executing VM operation: HandshakeAllThreads done
Event: 2.990 Executing VM operation: CollectForMetadataAllocation
Event: 3.002 Executing VM operation: CollectForMetadataAllocation done
Event: 3.020 Executing VM operation: HandshakeAllThreads
Event: 3.020 Executing VM operation: HandshakeAllThreads done
Event: 3.029 Executing VM operation: G1Concurrent
Event: 3.032 Executing VM operation: G1Concurrent done
Event: 3.043 Executing VM operation: G1Concurrent
Event: 3.043 Executing VM operation: G1Concurrent done
Event: 3.111 Executing VM operation: HandshakeAllThreads
Event: 3.111 Executing VM operation: HandshakeAllThreads done

Events (20 events):
Event: 2.451 loading class sun/reflect/generics/scope/MethodScope
Event: 2.451 loading class sun/reflect/generics/scope/MethodScope done
Event: 2.451 loading class sun/reflect/generics/repository/MethodRepository
Event: 2.451 loading class sun/reflect/generics/repository/MethodRepository done
Event: 2.778 loading class java/util/EmptyStackException
Event: 2.778 loading class java/util/EmptyStackException done
Event: 2.785 loading class java/util/BitSet
Event: 2.785 loading class java/util/BitSet done
Event: 2.787 loading class java/util/PrimitiveIterator$OfInt
Event: 2.787 loading class java/util/PrimitiveIterator
Event: 2.787 loading class java/util/PrimitiveIterator done
Event: 2.787 loading class java/util/PrimitiveIterator$OfInt done
Event: 2.868 loading class java/util/function/IntUnaryOperator
Event: 2.868 loading class java/util/function/IntUnaryOperator done
Event: 2.982 loading class java/util/ArrayList$ListItr
Event: 2.982 loading class java/util/ArrayList$ListItr done
Event: 3.111 loading class java/util/AbstractList$SubList$1
Event: 3.111 loading class java/util/AbstractList$SubList$1 done
Event: 3.111 loading class java/util/AbstractList$ListItr
Event: 3.111 loading class java/util/AbstractList$ListItr done


Dynamic libraries:
0x00007ff6b9930000 - 0x00007ff6b9940000 	C:\Program Files\Java\jdk-17\bin\java.exe
0x00007fff1e7f0000 - 0x00007fff1ea07000 	C:\WINDOWS\SYSTEM32\ntdll.dll
0x00007fff1d690000 - 0x00007fff1d754000 	C:\WINDOWS\System32\KERNEL32.DLL
0x00007fff1be20000 - 0x00007fff1c1c6000 	C:\WINDOWS\System32\KERNELBASE.dll
0x00007fff1bd00000 - 0x00007fff1be11000 	C:\WINDOWS\System32\ucrtbase.dll
0x00007ffefc2a0000 - 0x00007ffefc2b8000 	C:\Program Files\Java\jdk-17\bin\jli.dll
0x00007ffefc280000 - 0x00007ffefc29b000 	C:\Program Files\Java\jdk-17\bin\VCRUNTIME140.dll
0x00007fff1c990000 - 0x00007fff1ca40000 	C:\WINDOWS\System32\ADVAPI32.dll
0x00007fff1e190000 - 0x00007fff1e237000 	C:\WINDOWS\System32\msvcrt.dll
0x00007fff1de50000 - 0x00007fff1def6000 	C:\WINDOWS\System32\sechost.dll
0x00007fff1d760000 - 0x00007fff1d877000 	C:\WINDOWS\System32\RPCRT4.dll
0x00007fff1d8b0000 - 0x00007fff1da5d000 	C:\WINDOWS\System32\USER32.dll
0x00007fff1c1d0000 - 0x00007fff1c1f6000 	C:\WINDOWS\System32\win32u.dll
0x00007fff06f00000 - 0x00007fff07193000 	C:\WINDOWS\WinSxS\amd64_microsoft.windows.common-controls_6595b64144ccf1df_6.0.22621.2361_none_2712ced57382f843\COMCTL32.dll
0x00007fff1d880000 - 0x00007fff1d8a9000 	C:\WINDOWS\System32\GDI32.dll
0x00007fff1bbe0000 - 0x00007fff1bcf8000 	C:\WINDOWS\System32\gdi32full.dll
0x00007fff1c280000 - 0x00007fff1c31a000 	C:\WINDOWS\System32\msvcp_win.dll
0x00007fff155c0000 - 0x00007fff155ca000 	C:\WINDOWS\SYSTEM32\VERSION.dll
0x00007fff1da60000 - 0x00007fff1da91000 	C:\WINDOWS\System32\IMM32.DLL
0x00007fff09290000 - 0x00007fff0929c000 	C:\Program Files\Java\jdk-17\bin\vcruntime140_1.dll
0x00007ffedd370000 - 0x00007ffedd3fe000 	C:\Program Files\Java\jdk-17\bin\msvcp140.dll
0x00007ffed8690000 - 0x00007ffed9267000 	C:\Program Files\Java\jdk-17\bin\server\jvm.dll
0x00007fff1c550000 - 0x00007fff1c558000 	C:\WINDOWS\System32\PSAPI.DLL
0x00007fff15b00000 - 0x00007fff15b34000 	C:\WINDOWS\SYSTEM32\WINMM.dll
0x00007ffef6880000 - 0x00007ffef6889000 	C:\WINDOWS\SYSTEM32\WSOCK32.dll
0x00007fff1e110000 - 0x00007fff1e181000 	C:\WINDOWS\System32\WS2_32.dll
0x00007fff1ac40000 - 0x00007fff1ac58000 	C:\WINDOWS\SYSTEM32\kernel.appcore.dll
0x00007fff08750000 - 0x00007fff0875a000 	C:\Program Files\Java\jdk-17\bin\jimage.dll
0x00007fff19510000 - 0x00007fff1973e000 	C:\WINDOWS\SYSTEM32\DBGHELP.DLL
0x00007fff1dac0000 - 0x00007fff1de4a000 	C:\WINDOWS\System32\combase.dll
0x00007fff1c560000 - 0x00007fff1c637000 	C:\WINDOWS\System32\OLEAUT32.dll
0x00007fff14b80000 - 0x00007fff14bb2000 	C:\WINDOWS\SYSTEM32\dbgcore.DLL
0x00007fff1c200000 - 0x00007fff1c27a000 	C:\WINDOWS\System32\bcryptPrimitives.dll
0x00007ffefc1d0000 - 0x00007ffefc1f5000 	C:\Program Files\Java\jdk-17\bin\java.dll
0x00007ffedcad0000 - 0x00007ffedcba7000 	C:\Program Files\Java\jdk-17\bin\jsvml.dll
0x00007fff1ce30000 - 0x00007fff1d688000 	C:\WINDOWS\System32\SHELL32.dll
0x00007fff19ae0000 - 0x00007fff1a3d2000 	C:\WINDOWS\SYSTEM32\windows.storage.dll
0x00007fff199a0000 - 0x00007fff19ade000 	C:\WINDOWS\SYSTEM32\wintypes.dll
0x00007fff1cb00000 - 0x00007fff1cbf3000 	C:\WINDOWS\System32\SHCORE.dll
0x00007fff1df00000 - 0x00007fff1df5e000 	C:\WINDOWS\System32\shlwapi.dll
0x00007fff1baa0000 - 0x00007fff1bac6000 	C:\WINDOWS\SYSTEM32\profapi.dll
0x00007ffee11c0000 - 0x00007ffee11d9000 	C:\Program Files\Java\jdk-17\bin\net.dll
0x00007fff158f0000 - 0x00007fff15a27000 	C:\WINDOWS\SYSTEM32\WINHTTP.dll
0x00007fff1b120000 - 0x00007fff1b189000 	C:\WINDOWS\system32\mswsock.dll
0x00007ffedeec0000 - 0x00007ffedeed6000 	C:\Program Files\Java\jdk-17\bin\nio.dll
0x00007ffedd4d0000 - 0x00007ffedd4e8000 	C:\Program Files\Java\jdk-17\bin\zip.dll
0x00007fff08590000 - 0x00007fff085a0000 	C:\Program Files\Java\jdk-17\bin\verify.dll

dbghelp: loaded successfully - version: 4.0.5 - missing functions: none
symbol engine: initialized successfully - sym options: 0x614 - pdb path: .;C:\Program Files\Java\jdk-17\bin;C:\WINDOWS\SYSTEM32;C:\WINDOWS\WinSxS\amd64_microsoft.windows.common-controls_6595b64144ccf1df_6.0.22621.2361_none_2712ced57382f843;C:\Program Files\Java\jdk-17\bin\server

VM Arguments:
java_command: org.jetbrains.kotlin.cli.jvm.K2JVMCompiler @D:\Aplikasi_DBandeng\app\build\20231017_11354448779911918957.compiler.options
java_class_path (initial): C:\Users\ASUS\.gradle\caches\modules-2\files-2.1\org.jetbrains.kotlin\kotlin-compiler-embeddable\1.8.0\eb9118d4bcceaa2a94b2ae2a33a4ddba7c9a947f\kotlin-compiler-embeddable-1.8.0.jar;C:\Users\ASUS\.gradle\caches\modules-2\files-2.1\org.jetbrains.kotlin\kotlin-stdlib\1.8.0\1796921c7a3e2e2665a83e6c8d33399336cd39bc\kotlin-stdlib-1.8.0.jar;C:\Users\ASUS\.gradle\caches\modules-2\files-2.1\org.jetbrains.kotlin\kotlin-script-runtime\1.8.0\b2f7e760d283cb339974851c222a4c1d48f2d3d\kotlin-script-runtime-1.8.0.jar;C:\Users\ASUS\.gradle\caches\modules-2\files-2.1\org.jetbrains.kotlin\kotlin-reflect\1.6.10\1cbe9c92c12a94eea200d23c2bbaedaf3daf5132\kotlin-reflect-1.6.10.jar;C:\Users\ASUS\.gradle\caches\modules-2\files-2.1\org.jetbrains.kotlin\kotlin-daemon-embeddable\1.8.0\d255216c551685dc3a7e852b53617f5f01aaaa5c\kotlin-daemon-embeddable-1.8.0.jar;C:\Users\ASUS\.gradle\caches\modules-2\files-2.1\org.jetbrains.intellij.deps\trove4j\1.0.20200330\3afb14d5f9ceb459d724e907a21145e8ff394f02\trove4j-1.0.20200330.jar;C:\Users\ASUS\.gradle\caches\modules-2\files-2.1\net.java.dev.jna\jna\5.6.0\330f2244e9030119ab3030fc3fededc86713d9cc\jna-5.6.0.jar;C:\Users\ASUS\.gradle\caches\modules-2\files-2.1\org.jetbrains.kotlin\kotlin-stdlib-common\1.8.0\f7197e7cc76453ac59f8b0f8d5137cc600becd36\kotlin-stdlib-common-1.8.0.jar;C:\Users\ASUS\.gradle\caches\modules-2\files-2.1\org.jetbrains\annotations\13.0\919f0dfe192fb4e063e7dacadee7f8bb9a2672a9\annotations-13.0.jar
Launcher Type: SUN_STANDARD

[Global flags]
     intx CICompilerCount                          = 4                                         {product} {ergonomic}
     uint ConcGCThreads                            = 2                                         {product} {ergonomic}
     uint G1ConcRefinementThreads                  = 8                                         {product} {ergonomic}
   size_t G1HeapRegionSize                         = 1048576                                   {product} {ergonomic}
    uintx GCDrainStackTargetSize                   = 64                                        {product} {ergonomic}
   size_t InitialHeapSize                          = 134217728                                 {product} {ergonomic}
   size_t MarkStackSize                            = 4194304                                   {product} {ergonomic}
   size_t MaxHeapSize                              = 2118123520                                {product} {ergonomic}
   size_t MaxNewSize                               = 1270874112                                {product} {ergonomic}
   size_t MinHeapDeltaBytes                        = 1048576                                   {product} {ergonomic}
   size_t MinHeapSize                              = 8388608                                   {product} {ergonomic}
    uintx NonNMethodCodeHeapSize                   = 5839372                                {pd product} {ergonomic}
    uintx NonProfiledCodeHeapSize                  = 122909434                              {pd product} {ergonomic}
    uintx ProfiledCodeHeapSize                     = 122909434                              {pd product} {ergonomic}
    uintx ReservedCodeCacheSize                    = 251658240                              {pd product} {ergonomic}
     bool SegmentedCodeCache                       = true                                      {product} {ergonomic}
   size_t SoftMaxHeapSize                          = 2118123520                             {manageable} {ergonomic}
     bool UseCompressedClassPointers               = true                           {product lp64_product} {ergonomic}
     bool UseCompressedOops                        = true                           {product lp64_product} {ergonomic}
     bool UseG1GC                                  = true                                      {product} {ergonomic}
     bool UseLargePagesIndividualAllocation        = false                                  {pd product} {ergonomic}

Logging:
Log output configuration:
 #0: stdout all=warning uptime,level,tags
 #1: stderr all=off uptime,level,tags

Environment Variables:
PATH=C:\Program Files\Common Files\Oracle\Java\javapath;C:\Python310\Scripts\;C:\Python310\;C:\Program Files (x86)\Common Files\Intel\Shared Files\cpp\bin\Intel64;C:\Program Files (x86)\Intel\iCLS Client\;C:\Program Files\Intel\iCLS Client\;C:\Windows\system32;C:\Windows;C:\Windows\System32\Wbem;C:\Windows\System32\WindowsPowerShell\v1.0\;C:\Windows\System32\OpenSSH\;C:\Program Files (x86)\Intel\Intel(R) Management Engine Components\DAL;C:\Program Files\Intel\Intel(R) Management Engine Components\DAL;C:\Program Files (x86)\Intel\Intel(R) Management Engine Components\IPT;C:\Program Files\Intel\Intel(R) Management Engine Components\IPT;C:\Program Files (x86)\NVIDIA Corporation\PhysX\Common;C:\Program Files\Microsoft VS Code\bin;C:\ProgramData\chocolatey\bin;C:\WINDOWS\system32;C:\WINDOWS;C:\WINDOWS\System32\Wbem;C:\WINDOWS\System32\WindowsPowerShell\v1.0\;C:\WINDOWS\System32\OpenSSH\;C:\xampp\php;C:\ProgramData\ComposerSetup\bin;D:\Git\cmd;C:\Users\ASUS\AppData\Roaming\nvm;C:\Program Files\nodejs;C:\Users\ASUS\AppData\Roaming\npm;C:\Users\ASUS\AppData\Roaming\nvm;C:\Program Files\nodejs\;C:\Program Files\dotnet\;C:\Users\ASUS\AppData\Local\Microsoft\WindowsApps;;D:\IntelliJ IDEA 2023.2\bin;
USERNAME=ASUS
OS=Windows_NT
PROCESSOR_IDENTIFIER=Intel64 Family 6 Model 142 Stepping 10, GenuineIntel



---------------  S Y S T E M  ---------------

OS:
 Windows 11 , 64 bit Build 22621 (10.0.22621.2428)
OS uptime: 1 days 17:10 hours

CPU: total 8 (initial active 8) (4 cores per cpu, 2 threads per core) family 6 model 142 stepping 10 microcode 0xe0, cx8, cmov, fxsr, ht, mmx, 3dnowpref, sse, sse2, sse3, ssse3, sse4.1, sse4.2, popcnt, lzcnt, tsc, tscinvbit, avx, avx2, aes, erms, clmul, bmi1, bmi2, adx, fma, vzeroupper, clflush, clflushopt

Memory: 4k page, system-wide physical 8074M (610M free)
TotalPageFile size 15699M (AvailPageFile size 28M)
current process WorkingSet (physical memory assigned to process): 203M, peak: 228M
current process commit charge ("private bytes"): 284M, peak: 309M

vm_info: Java HotSpot(TM) 64-Bit Server VM (17.0.6+9-LTS-190) for windows-amd64 JRE (17.0.6+9-LTS-190), built on Dec  6 2022 15:53:54 by "mach5one" with MS VC++ 17.1 (VS2022)

END.
